Log file open, 10/29/19 15:25:55
LogWindows: Failed to load 'aqProf.dll' (GetLastError=126)
LogWindows: File 'aqProf.dll' does not exist
LogWindows: Failed to load 'VtuneApi.dll' (GetLastError=126)
LogWindows: File 'VtuneApi.dll' does not exist
LogWindows: Failed to load 'VtuneApi32e.dll' (GetLastError=126)
LogWindows: File 'VtuneApi32e.dll' does not exist
LogConsoleResponse: Display: Failed to find resolution value strings in scalability ini. Falling back to default.
LogInit: Display: Running engine for game: FLIGHT
LogPakFile: Registered encryption key '00000000000000000000000000000000': 0 pak files mounted, 0 remain pending
LogPlatformFile: Not using cached read wrapper
LogTaskGraph: Started task graph with 5 named threads and 23 total threads with 3 sets of task threads.
LogStats: Stats thread started at 0.285399
LogD3D11RHI: Loaded GFSDK_Aftermath_Lib.x64.dll
LogWindows: Failed to load '../../../Engine/Binaries/ThirdParty/libsndfile/Win64/libsndfile-1.dll' (GetLastError=126)
LogWindows: File '../../../Engine/Binaries/ThirdParty/libsndfile/Win64/libsndfile-1.dll' does not exist
LogAudioMixer: Display: Failed to load Sound File dll
LogAudioEditor: Display: LibSoundFile failed to load. Importing audio will not work correctly.
LogICUInternationalization: ICU TimeZone Detection - Raw Offset: -5:00, Platform Override: ''
LogPluginManager: Mounting plugin Paper2D
LogPluginManager: Mounting plugin AISupport
LogPluginManager: Mounting plugin LightPropagationVolume
LogPluginManager: Mounting plugin ActorLayerUtilities
LogPluginManager: Mounting plugin AnimationSharing
LogPluginManager: Mounting plugin CLionSourceCodeAccess
LogPluginManager: Mounting plugin CodeLiteSourceCodeAccess
LogPluginManager: Mounting plugin ConcertFrontend
LogPluginManager: Mounting plugin ConcertMain
LogPluginManager: Mounting plugin ConcertSyncClient
LogPluginManager: Mounting plugin ConcertSyncCore
LogPluginManager: Found config from plugin[ConcertSyncCore] E:/AstroSourceGames/F.L.I.G.H.T/FLIGHT/Saved/Config/Windows/Engine.ini
LogPluginManager: Mounting plugin GitSourceControl
LogPluginManager: Mounting plugin KDevelopSourceCodeAccess
LogPluginManager: Mounting plugin NullSourceCodeAccess
LogPluginManager: Mounting plugin PerforceSourceControl
LogPluginManager: Mounting plugin SubversionSourceControl
LogPluginManager: Mounting plugin UObjectPlugin
LogPluginManager: Mounting plugin VisualStudioCodeSourceCodeAccess
LogPluginManager: Mounting plugin VisualStudioSourceCodeAccess
LogPluginManager: Mounting plugin XCodeSourceCodeAccess
LogPluginManager: Mounting plugin AssetManagerEditor
LogPluginManager: Mounting plugin CryptoKeys
LogPluginManager: Mounting plugin DataValidation
LogPluginManager: Mounting plugin EditorScriptingUtilities
LogPluginManager: Mounting plugin FacialAnimation
LogPluginManager: Mounting plugin GameplayTagsEditor
LogPluginManager: Mounting plugin MacGraphicsSwitching
LogPluginManager: Mounting plugin MaterialAnalyzer
LogPluginManager: Mounting plugin MobileLauncherProfileWizard
LogPluginManager: Mounting plugin PluginBrowser
LogPluginManager: Mounting plugin SpeedTreeImporter
LogPluginManager: Mounting plugin DatasmithContent
LogPluginManager: Mounting plugin VariantManagerContent
LogPluginManager: Mounting plugin AlembicImporter
LogPluginManager: Mounting plugin AppleImageUtils
LogPluginManager: Mounting plugin AppleVision
LogPluginManager: Mounting plugin BackChannel
LogPluginManager: Mounting plugin CharacterAI
LogPluginManager: Mounting plugin GeometryCache
LogPluginManager: Mounting plugin HTML5Networking
LogPluginManager: Mounting plugin ProxyLODPlugin
LogPluginManager: Mounting plugin PythonScriptPlugin
LogPluginManager: Mounting plugin SkeletalReduction
LogPluginManager: Mounting plugin MagicLeap
LogPluginManager: Mounting plugin MagicLeapMedia
LogPluginManager: Mounting plugin AndroidMedia
LogPluginManager: Mounting plugin AvfMedia
LogPluginManager: Mounting plugin ImgMedia
LogPluginManager: Mounting plugin LinearTimecode
LogPluginManager: Mounting plugin MediaCompositing
LogPluginManager: Mounting plugin MediaPlayerEditor
LogPluginManager: Mounting plugin WebMMedia
LogPluginManager: Mounting plugin WmfMedia
LogPluginManager: Mounting plugin TcpMessaging
LogPluginManager: Mounting plugin UdpMessaging
LogPluginManager: Mounting plugin ActorSequence
LogPluginManager: Mounting plugin LevelSequenceEditor
LogPluginManager: Mounting plugin MatineeToLevelSequence
LogPluginManager: Mounting plugin NetcodeUnitTest
LogPluginManager: Mounting plugin NUTUnrealEngine4
LogPluginManager: Mounting plugin OnlineSubsystemGooglePlay
LogPluginManager: Mounting plugin OnlineSubsystemIOS
LogPluginManager: Mounting plugin OnlineSubsystem
LogPluginManager: Mounting plugin OnlineSubsystemNull
LogPluginManager: Mounting plugin OnlineSubsystemUtils
LogPluginManager: Mounting plugin LauncherChunkInstaller
LogPluginManager: Mounting plugin AndroidDeviceProfileSelector
LogPluginManager: Mounting plugin AndroidMoviePlayer
LogPluginManager: Mounting plugin AndroidPermission
LogPluginManager: Mounting plugin AppleMoviePlayer
LogPluginManager: Mounting plugin ArchVisCharacter
LogPluginManager: Mounting plugin AudioCapture
LogPluginManager: Mounting plugin CableComponent
LogPluginManager: Mounting plugin CustomMeshComponent
LogPluginManager: Mounting plugin EditableMesh
LogPluginManager: Mounting plugin ExampleDeviceProfileSelector
LogPluginManager: Mounting plugin Firebase
LogPluginManager: Mounting plugin GoogleCloudMessaging
LogPluginManager: Mounting plugin IOSDeviceProfileSelector
LogPluginManager: Mounting plugin LinuxDeviceProfileSelector
LogPluginManager: Mounting plugin LocationServicesBPLibrary
LogPluginManager: Mounting plugin MobilePatchingUtils
LogPluginManager: Mounting plugin OculusVR
LogPluginManager: Mounting plugin PhysXVehicles
LogPluginManager: Mounting plugin ProceduralMeshComponent
LogPluginManager: Mounting plugin RuntimePhysXCooking
LogPluginManager: Mounting plugin SignificanceManager
LogPluginManager: Mounting plugin SteamVR
LogPluginManager: Mounting plugin WebMMoviePlayer
LogPluginManager: Mounting plugin WindowsMoviePlayer
LogInit: Using libcurl 7.55.1-DEV
LogInit:  - built for x86_64-pc-win32
LogInit:  - supports SSL with OpenSSL/1.1.1
LogInit:  - supports HTTP deflate (compression) using libz 1.2.8
LogInit:  - other features:
LogInit:      CURL_VERSION_SSL
LogInit:      CURL_VERSION_LIBZ
LogInit:      CURL_VERSION_IPV6
LogInit:      CURL_VERSION_ASYNCHDNS
LogInit:      CURL_VERSION_LARGEFILE
LogInit:      CURL_VERSION_IDN
LogInit:  CurlRequestOptions (configurable via config and command line):
LogInit:  - bVerifyPeer = true  - Libcurl will verify peer certificate
LogInit:  - bUseHttpProxy = false  - Libcurl will NOT use HTTP proxy
LogInit:  - bDontReuseConnections = false  - Libcurl will reuse connections
LogInit:  - MaxHostConnections = 16  - Libcurl will limit the number of connections to a host
LogInit:  - LocalHostAddr = Default
LogInit:  - BufferSize = 65536
LogInit: WinSock: version 1.1 (2.2), MaxSocks=32767, MaxUdp=65467
LogInit: Build: ++UE4+Release-4.22-CL-5660361
LogInit: Engine Version: 4.22.0-5660361+++UE4+Release-4.22
LogInit: Compatible Engine Version: 4.22.0-5660361+++UE4+Release-4.22
LogInit: Net CL: 5660361
LogInit: OS: Windows 10 (Release 1903) (), CPU: Intel(R) Core(TM) i7-6700HQ CPU @ 2.60GHz, GPU: Intel(R) HD Graphics 530
LogInit: Compiled (64-bit): Mar 31 2019 02:05:09
LogInit: Compiled with Visual C++: 19.16.27025.01
LogInit: Build Configuration: Development
LogInit: Branch Name: ++UE4+Release-4.22
LogInit: Command Line: 
LogInit: Base Directory: C:/Program Files/Epic Games/UE_4.22/Engine/Binaries/Win64/
LogInit: Installed Engine Build: 1
LogDevObjectVersion: Number of dev versions registered: 23
LogDevObjectVersion:   Dev-Blueprints (B0D832E4-1F89-4F0D-ACCF-7EB736FD4AA2): 10
LogDevObjectVersion:   Dev-Build (E1C64328-A22C-4D53-A36C-8E866417BD8C): 0
LogDevObjectVersion:   Dev-Core (375EC13C-06E4-48FB-B500-84F0262A717E): 3
LogDevObjectVersion:   Dev-Editor (E4B068ED-F494-42E9-A231-DA0B2E46BB41): 30
LogDevObjectVersion:   Dev-Framework (CFFC743F-43B0-4480-9391-14DF171D2073): 35
LogDevObjectVersion:   Dev-Mobile (B02B49B5-BB20-44E9-A304-32B752E40360): 2
LogDevObjectVersion:   Dev-Networking (A4E4105C-59A1-49B5-A7C5-40C4547EDFEE): 0
LogDevObjectVersion:   Dev-Online (39C831C9-5AE6-47DC-9A44-9C173E1C8E7C): 0
LogDevObjectVersion:   Dev-Physics (78F01B33-EBEA-4F98-B9B4-84EACCB95AA2): 0
LogDevObjectVersion:   Dev-Platform (6631380F-2D4D-43E0-8009-CF276956A95A): 0
LogDevObjectVersion:   Dev-Rendering (12F88B9F-8875-4AFC-A67C-D90C383ABD29): 28
LogDevObjectVersion:   Dev-Sequencer (7B5AE74C-D270-4C10-A958-57980B212A5A): 11
LogDevObjectVersion:   Dev-VR (D7296918-1DD6-4BDD-9DE2-64A83CC13884): 2
LogDevObjectVersion:   Dev-LoadTimes (C2A15278-BFE7-4AFE-6C17-90FF531DF755): 1
LogDevObjectVersion:   Private-Geometry (6EACA3D4-40EC-4CC1-B786-8BED09428FC5): 3
LogDevObjectVersion:   Dev-AnimPhys (29E575DD-E0A3-4627-9D10-D276232CDCEA): 17
LogDevObjectVersion:   Dev-Anim (AF43A65D-7FD3-4947-9873-3E8ED9C1BB05): 2
LogDevObjectVersion:   Dev-ReflectionCapture (6B266CEC-1EC7-4B8F-A30B-E4D90942FC07): 1
LogDevObjectVersion:   Dev-Automation (0DF73D61-A23F-47EA-B727-89E90C41499A): 1
LogDevObjectVersion:   FortniteMain (601D1886-AC64-4F84-AA16-D3DE0DEAC7D6): 25
LogDevObjectVersion:   Dev-Enterprise (9DFFBCD6-494F-0158-E221-12823C92A888): 6
LogDevObjectVersion:   Dev-Niagara (F2AED0AC-9AFE-416F-8664-AA7FFA26D6FC): 1
LogDevObjectVersion:   Dev-Destruction (174F1F0B-B4C6-45A5-B13F-2EE8D0FB917D): 2
LogInit: Presizing for max 16777216 objects, including 0 objects not considered by GC, pre-allocating 0 bytes for permanent pool.
LogInit: Object subsystem initialized
LogConfig: Setting CVar [[con.DebugEarlyDefault:1]]
LogConfig: Setting CVar [[r.setres:1280x720]]
[2019.10.29-19.25.55:554][  0]LogConfig: Setting CVar [[r.VSync:0]]
[2019.10.29-19.25.55:554][  0]LogConfig: Setting CVar [[r.RHICmdBypass:0]]
[2019.10.29-19.25.55:554][  0]LogConfig: Applying CVar settings from Section [/Script/Engine.RendererSettings] File [E:/AstroSourceGames/F.L.I.G.H.T/FLIGHT/Saved/Config/Windows/Engine.ini]
[2019.10.29-19.25.55:554][  0]LogConfig: Setting CVar [[r.GPUCrashDebugging:0]]
[2019.10.29-19.25.55:554][  0]LogConfig: Setting CVar [[r.DefaultFeature.AutoExposure.ExtendDefaultLuminanceRange:1]]
[2019.10.29-19.25.55:554][  0]LogConfig: Applying CVar settings from Section [/Script/Engine.RendererOverrideSettings] File [E:/AstroSourceGames/F.L.I.G.H.T/FLIGHT/Saved/Config/Windows/Engine.ini]
[2019.10.29-19.25.55:554][  0]LogConfig: Applying CVar settings from Section [/Script/Engine.StreamingSettings] File [E:/AstroSourceGames/F.L.I.G.H.T/FLIGHT/Saved/Config/Windows/Engine.ini]
[2019.10.29-19.25.55:554][  0]LogConfig: Setting CVar [[s.MinBulkDataSizeForAsyncLoading:131072]]
[2019.10.29-19.25.55:554][  0]LogConfig: Setting CVar [[s.AsyncLoadingThreadEnabled:0]]
[2019.10.29-19.25.55:554][  0]LogConfig: Setting CVar [[s.EventDrivenLoaderEnabled:1]]
[2019.10.29-19.25.55:554][  0]LogConfig: Setting CVar [[s.WarnIfTimeLimitExceeded:0]]
[2019.10.29-19.25.55:554][  0]LogConfig: Setting CVar [[s.TimeLimitExceededMultiplier:1.5]]
[2019.10.29-19.25.55:554][  0]LogConfig: Setting CVar [[s.TimeLimitExceededMinTime:0.005]]
[2019.10.29-19.25.55:554][  0]LogConfig: Setting CVar [[s.UseBackgroundLevelStreaming:1]]
[2019.10.29-19.25.55:554][  0]LogConfig: Setting CVar [[s.PriorityAsyncLoadingExtraTime:15.0]]
[2019.10.29-19.25.55:554][  0]LogConfig: Setting CVar [[s.LevelStreamingActorsUpdateTimeLimit:5.0]]
[2019.10.29-19.25.55:554][  0]LogConfig: Setting CVar [[s.PriorityLevelStreamingActorsUpdateExtraTime:5.0]]
[2019.10.29-19.25.55:554][  0]LogConfig: Setting CVar [[s.LevelStreamingComponentsRegistrationGranularity:10]]
[2019.10.29-19.25.55:554][  0]LogConfig: Setting CVar [[s.UnregisterComponentsTimeLimit:1.0]]
[2019.10.29-19.25.55:554][  0]LogConfig: Setting CVar [[s.LevelStreamingComponentsUnregistrationGranularity:5]]
[2019.10.29-19.25.55:554][  0]LogConfig: Applying CVar settings from Section [/Script/Engine.GarbageCollectionSettings] File [E:/AstroSourceGames/F.L.I.G.H.T/FLIGHT/Saved/Config/Windows/Engine.ini]
[2019.10.29-19.25.55:554][  0]LogConfig: Setting CVar [[gc.MaxObjectsNotConsideredByGC:1]]
[2019.10.29-19.25.55:554][  0]LogConfig: Setting CVar [[gc.SizeOfPermanentObjectPool:0]]
[2019.10.29-19.25.55:554][  0]LogConfig: Setting CVar [[gc.FlushStreamingOnGC:0]]
[2019.10.29-19.25.55:554][  0]LogConfig: Setting CVar [[gc.NumRetriesBeforeForcingGC:10]]
[2019.10.29-19.25.55:554][  0]LogConfig: Setting CVar [[gc.AllowParallelGC:1]]
[2019.10.29-19.25.55:554][  0]LogConfig: Setting CVar [[gc.TimeBetweenPurgingPendingKillObjects:61.1]]
[2019.10.29-19.25.55:554][  0]LogConfig: Setting CVar [[gc.MaxObjectsInEditor:16777216]]
[2019.10.29-19.25.55:554][  0]LogConfig: Setting CVar [[gc.IncrementalBeginDestroyEnabled:1]]
[2019.10.29-19.25.55:554][  0]LogConfig: Setting CVar [[gc.CreateGCClusters:1]]
[2019.10.29-19.25.55:554][  0]LogConfig: Setting CVar [[gc.MinGCClusterSize:5]]
[2019.10.29-19.25.55:554][  0]LogConfig: Setting CVar [[gc.ActorClusteringEnabled:0]]
[2019.10.29-19.25.55:554][  0]LogConfig: Setting CVar [[gc.BlueprintClusteringEnabled:0]]
[2019.10.29-19.25.55:554][  0]LogConfig: Setting CVar [[gc.UseDisregardForGCOnDedicatedServers:0]]
[2019.10.29-19.25.55:554][  0]LogConfig: Applying CVar settings from Section [/Script/Engine.NetworkSettings] File [E:/AstroSourceGames/F.L.I.G.H.T/FLIGHT/Saved/Config/Windows/Engine.ini]
[2019.10.29-19.25.55:554][  0]LogConfig: Applying CVar settings from Section [/Script/UnrealEd.CookerSettings] File [E:/AstroSourceGames/F.L.I.G.H.T/FLIGHT/Saved/Config/Windows/Engine.ini]
[2019.10.29-19.25.55:558][  0]LogConfig: Applying CVar settings from Section [ViewDistanceQuality@3] File [E:/AstroSourceGames/F.L.I.G.H.T/FLIGHT/Saved/Config/Windows/Scalability.ini]
[2019.10.29-19.25.55:558][  0]LogConfig: Setting CVar [[r.SkeletalMeshLODBias:0]]
[2019.10.29-19.25.55:558][  0]LogConfig: Setting CVar [[r.ViewDistanceScale:1.0]]
[2019.10.29-19.25.55:558][  0]LogConfig: Applying CVar settings from Section [AntiAliasingQuality@3] File [E:/AstroSourceGames/F.L.I.G.H.T/FLIGHT/Saved/Config/Windows/Scalability.ini]
[2019.10.29-19.25.55:558][  0]LogConfig: Setting CVar [[r.PostProcessAAQuality:4]]
[2019.10.29-19.25.55:558][  0]LogConfig: Applying CVar settings from Section [ShadowQuality@3] File [E:/AstroSourceGames/F.L.I.G.H.T/FLIGHT/Saved/Config/Windows/Scalability.ini]
[2019.10.29-19.25.55:558][  0]LogConfig: Setting CVar [[r.LightFunctionQuality:1]]
[2019.10.29-19.25.55:558][  0]LogConfig: Setting CVar [[r.ShadowQuality:5]]
[2019.10.29-19.25.55:558][  0]LogConfig: Setting CVar [[r.Shadow.CSM.MaxCascades:10]]
[2019.10.29-19.25.55:558][  0]LogConfig: Setting CVar [[r.Shadow.MaxResolution:2048]]
[2019.10.29-19.25.55:558][  0]LogConfig: Setting CVar [[r.Shadow.MaxCSMResolution:2048]]
[2019.10.29-19.25.55:558][  0]LogConfig: Setting CVar [[r.Shadow.RadiusThreshold:0.01]]
[2019.10.29-19.25.55:558][  0]LogConfig: Setting CVar [[r.Shadow.DistanceScale:1.0]]
[2019.10.29-19.25.55:558][  0]LogConfig: Setting CVar [[r.Shadow.CSM.TransitionScale:1.0]]
[2019.10.29-19.25.55:558][  0]LogConfig: Setting CVar [[r.Shadow.PreShadowResolutionFactor:1.0]]
[2019.10.29-19.25.55:558][  0]LogConfig: Setting CVar [[r.DistanceFieldShadowing:1]]
[2019.10.29-19.25.55:558][  0]LogConfig: Setting CVar [[r.DistanceFieldAO:1]]
[2019.10.29-19.25.55:558][  0]LogConfig: Setting CVar [[r.AOQuality:2]]
[2019.10.29-19.25.55:558][  0]LogConfig: Setting CVar [[r.VolumetricFog:1]]
[2019.10.29-19.25.55:558][  0]LogConfig: Setting CVar [[r.VolumetricFog.GridPixelSize:8]]
[2019.10.29-19.25.55:558][  0]LogConfig: Setting CVar [[r.VolumetricFog.GridSizeZ:128]]
[2019.10.29-19.25.55:558][  0]LogConfig: Setting CVar [[r.VolumetricFog.HistoryMissSupersampleCount:4]]
[2019.10.29-19.25.55:558][  0]LogConfig: Setting CVar [[r.LightMaxDrawDistanceScale:1]]
[2019.10.29-19.25.55:558][  0]LogConfig: Setting CVar [[r.CapsuleShadows:1]]
[2019.10.29-19.25.55:558][  0]LogConfig: Applying CVar settings from Section [PostProcessQuality@3] File [E:/AstroSourceGames/F.L.I.G.H.T/FLIGHT/Saved/Config/Windows/Scalability.ini]
[2019.10.29-19.25.55:558][  0]LogConfig: Setting CVar [[r.MotionBlurQuality:4]]
[2019.10.29-19.25.55:558][  0]LogConfig: Setting CVar [[r.AmbientOcclusionMipLevelFactor:0.4]]
[2019.10.29-19.25.55:558][  0]LogConfig: Setting CVar [[r.AmbientOcclusionMaxQuality:100]]
[2019.10.29-19.25.55:558][  0]LogConfig: Setting CVar [[r.AmbientOcclusionLevels:-1]]
[2019.10.29-19.25.55:559][  0]LogConfig: Setting CVar [[r.AmbientOcclusionRadiusScale:1.0]]
[2019.10.29-19.25.55:559][  0]LogConfig: Setting CVar [[r.DepthOfFieldQuality:2]]
[2019.10.29-19.25.55:559][  0]LogConfig: Setting CVar [[r.RenderTargetPoolMin:400]]
[2019.10.29-19.25.55:559][  0]LogConfig: Setting CVar [[r.LensFlareQuality:2]]
[2019.10.29-19.25.55:559][  0]LogConfig: Setting CVar [[r.SceneColorFringeQuality:1]]
[2019.10.29-19.25.55:559][  0]LogConfig: Setting CVar [[r.EyeAdaptationQuality:2]]
[2019.10.29-19.25.55:559][  0]LogConfig: Setting CVar [[r.BloomQuality:5]]
[2019.10.29-19.25.55:559][  0]LogConfig: Setting CVar [[r.FastBlurThreshold:100]]
[2019.10.29-19.25.55:559][  0]LogConfig: Setting CVar [[r.Upscale.Quality:3]]
[2019.10.29-19.25.55:559][  0]LogConfig: Setting CVar [[r.Tonemapper.GrainQuantization:1]]
[2019.10.29-19.25.55:559][  0]LogConfig: Setting CVar [[r.LightShaftQuality:1]]
[2019.10.29-19.25.55:559][  0]LogConfig: Setting CVar [[r.Filter.SizeScale:1]]
[2019.10.29-19.25.55:559][  0]LogConfig: Setting CVar [[r.Tonemapper.Quality:5]]
[2019.10.29-19.25.55:559][  0]LogConfig: Setting CVar [[r.DOF.Gather.AccumulatorQuality:1        ; higher gathering accumulator quality]]
[2019.10.29-19.25.55:559][  0]LogConfig: Setting CVar [[r.DOF.Gather.PostfilterMethod:1          ; Median3x3 postfilering method]]
[2019.10.29-19.25.55:559][  0]LogConfig: Setting CVar [[r.DOF.Gather.EnableBokehSettings:0       ; no bokeh simulation when gathering]]
[2019.10.29-19.25.55:559][  0]LogConfig: Setting CVar [[r.DOF.Gather.RingCount:4                 ; medium number of samples when gathering]]
[2019.10.29-19.25.55:559][  0]LogConfig: Setting CVar [[r.DOF.Scatter.ForegroundCompositing:1    ; additive foreground scattering]]
[2019.10.29-19.25.55:559][  0]LogConfig: Setting CVar [[r.DOF.Scatter.BackgroundCompositing:2    ; additive background scattering]]
[2019.10.29-19.25.55:559][  0]LogConfig: Setting CVar [[r.DOF.Scatter.EnableBokehSettings:1      ; bokeh simulation when scattering]]
[2019.10.29-19.25.55:559][  0]LogConfig: Setting CVar [[r.DOF.Scatter.MaxSpriteRatio:0.1         ; only a maximum of 10% of scattered bokeh]]
[2019.10.29-19.25.55:559][  0]LogConfig: Setting CVar [[r.DOF.Recombine.Quality:1                ; cheap slight out of focus]]
[2019.10.29-19.25.55:559][  0]LogConfig: Setting CVar [[r.DOF.Recombine.EnableBokehSettings:0    ; no bokeh simulation on slight out of focus]]
[2019.10.29-19.25.55:559][  0]LogConfig: Setting CVar [[r.DOF.TemporalAAQuality:1                ; more stable temporal accumulation]]
[2019.10.29-19.25.55:559][  0]LogConfig: Setting CVar [[r.DOF.Kernel.MaxForegroundRadius:0.025]]
[2019.10.29-19.25.55:559][  0]LogConfig: Setting CVar [[r.DOF.Kernel.MaxBackgroundRadius:0.025]]
[2019.10.29-19.25.55:559][  0]LogConfig: Applying CVar settings from Section [TextureQuality@3] File [E:/AstroSourceGames/F.L.I.G.H.T/FLIGHT/Saved/Config/Windows/Scalability.ini]
[2019.10.29-19.25.55:559][  0]LogConfig: Setting CVar [[r.Streaming.MipBias:0]]
[2019.10.29-19.25.55:559][  0]LogConfig: Setting CVar [[r.Streaming.AmortizeCPUToGPUCopy:0]]
[2019.10.29-19.25.55:559][  0]LogConfig: Setting CVar [[r.Streaming.MaxNumTexturesToStreamPerFrame:0]]
[2019.10.29-19.25.55:559][  0]LogConfig: Setting CVar [[r.Streaming.Boost:1]]
[2019.10.29-19.25.55:559][  0]LogConfig: Setting CVar [[r.MaxAnisotropy:8]]
[2019.10.29-19.25.55:559][  0]LogConfig: Setting CVar [[r.Streaming.LimitPoolSizeToVRAM:0]]
[2019.10.29-19.25.55:559][  0]LogConfig: Setting CVar [[r.Streaming.PoolSize:1000]]
[2019.10.29-19.25.55:559][  0]LogConfig: Setting CVar [[r.Streaming.MaxEffectiveScreenSize:0]]
[2019.10.29-19.25.55:559][  0]LogConfig: Applying CVar settings from Section [EffectsQuality@3] File [E:/AstroSourceGames/F.L.I.G.H.T/FLIGHT/Saved/Config/Windows/Scalability.ini]
[2019.10.29-19.25.55:559][  0]LogConfig: Setting CVar [[r.TranslucencyLightingVolumeDim:64]]
[2019.10.29-19.25.55:559][  0]LogConfig: Setting CVar [[r.RefractionQuality:2]]
[2019.10.29-19.25.55:559][  0]LogConfig: Setting CVar [[r.SSR.Quality:3]]
[2019.10.29-19.25.55:559][  0]LogConfig: Setting CVar [[r.SceneColorFormat:4]]
[2019.10.29-19.25.55:559][  0]LogConfig: Setting CVar [[r.DetailMode:2]]
[2019.10.29-19.25.55:559][  0]LogConfig: Setting CVar [[r.TranslucencyVolumeBlur:1]]
[2019.10.29-19.25.55:559][  0]LogConfig: Setting CVar [[r.MaterialQualityLevel:1 ; High quality]]
[2019.10.29-19.25.55:559][  0]LogConfig: Setting CVar [[r.SSS.Scale:1]]
[2019.10.29-19.25.55:559][  0]LogConfig: Setting CVar [[r.SSS.SampleSet:2]]
[2019.10.29-19.25.55:559][  0]LogConfig: Setting CVar [[r.SSS.Quality:1]]
[2019.10.29-19.25.55:559][  0]LogConfig: Setting CVar [[r.SSS.HalfRes:1]]
[2019.10.29-19.25.55:559][  0]LogConfig: Setting CVar [[r.EmitterSpawnRateScale:1.0]]
[2019.10.29-19.25.55:559][  0]LogConfig: Setting CVar [[r.ParticleLightQuality:2]]
[2019.10.29-19.25.55:559][  0]LogConfig: Applying CVar settings from Section [FoliageQuality@3] File [E:/AstroSourceGames/F.L.I.G.H.T/FLIGHT/Saved/Config/Windows/Scalability.ini]
[2019.10.29-19.25.55:559][  0]LogConfig: Setting CVar [[foliage.DensityScale:1.0]]
[2019.10.29-19.25.55:559][  0]LogConfig: Setting CVar [[grass.DensityScale:1.0]]
[2019.10.29-19.25.55:559][  0]LogInit: Selected Device Profile: [Windows]
[2019.10.29-19.25.55:559][  0]LogInit: Applying CVar settings loaded from the selected device profile: [Windows]
[2019.10.29-19.25.55:605][  0]LogHAL: Display: Platform has ~ 16 GB [17073459200 / 17179869184 / 16], which maps to Larger [LargestMinGB=32, LargerMinGB=12, DefaultMinGB=8, SmallerMinGB=6, SmallestMinGB=0)
[2019.10.29-19.25.55:605][  0]LogConfig: Setting CVar [[r.Vulkan.UseRealUBs:0		; Required until we fix HLR fall-out]]
[2019.10.29-19.25.55:605][  0]LogInit: Going up to parent DeviceProfile []
[2019.10.29-19.25.55:605][  0]LogConfig: Applying CVar settings from Section [ViewDistanceQuality@3] File [E:/AstroSourceGames/F.L.I.G.H.T/FLIGHT/Saved/Config/Windows/Scalability.ini]
[2019.10.29-19.25.55:605][  0]LogConfig: Setting CVar [[r.SkeletalMeshLODBias:0]]
[2019.10.29-19.25.55:605][  0]LogConfig: Setting CVar [[r.ViewDistanceScale:1.0]]
[2019.10.29-19.25.55:605][  0]LogConfig: Applying CVar settings from Section [AntiAliasingQuality@3] File [E:/AstroSourceGames/F.L.I.G.H.T/FLIGHT/Saved/Config/Windows/Scalability.ini]
[2019.10.29-19.25.55:605][  0]LogConfig: Setting CVar [[r.PostProcessAAQuality:4]]
[2019.10.29-19.25.55:605][  0]LogConfig: Applying CVar settings from Section [ShadowQuality@3] File [E:/AstroSourceGames/F.L.I.G.H.T/FLIGHT/Saved/Config/Windows/Scalability.ini]
[2019.10.29-19.25.55:606][  0]LogConfig: Setting CVar [[r.LightFunctionQuality:1]]
[2019.10.29-19.25.55:606][  0]LogConfig: Setting CVar [[r.ShadowQuality:5]]
[2019.10.29-19.25.55:606][  0]LogConfig: Setting CVar [[r.Shadow.CSM.MaxCascades:10]]
[2019.10.29-19.25.55:606][  0]LogConfig: Setting CVar [[r.Shadow.MaxResolution:2048]]
[2019.10.29-19.25.55:606][  0]LogConfig: Setting CVar [[r.Shadow.MaxCSMResolution:2048]]
[2019.10.29-19.25.55:606][  0]LogConfig: Setting CVar [[r.Shadow.RadiusThreshold:0.01]]
[2019.10.29-19.25.55:606][  0]LogConfig: Setting CVar [[r.Shadow.DistanceScale:1.0]]
[2019.10.29-19.25.55:606][  0]LogConfig: Setting CVar [[r.Shadow.CSM.TransitionScale:1.0]]
[2019.10.29-19.25.55:606][  0]LogConfig: Setting CVar [[r.Shadow.PreShadowResolutionFactor:1.0]]
[2019.10.29-19.25.55:606][  0]LogConfig: Setting CVar [[r.DistanceFieldShadowing:1]]
[2019.10.29-19.25.55:606][  0]LogConfig: Setting CVar [[r.DistanceFieldAO:1]]
[2019.10.29-19.25.55:606][  0]LogConfig: Setting CVar [[r.AOQuality:2]]
[2019.10.29-19.25.55:606][  0]LogConfig: Setting CVar [[r.VolumetricFog:1]]
[2019.10.29-19.25.55:606][  0]LogConfig: Setting CVar [[r.VolumetricFog.GridPixelSize:8]]
[2019.10.29-19.25.55:606][  0]LogConfig: Setting CVar [[r.VolumetricFog.GridSizeZ:128]]
[2019.10.29-19.25.55:606][  0]LogConfig: Setting CVar [[r.VolumetricFog.HistoryMissSupersampleCount:4]]
[2019.10.29-19.25.55:606][  0]LogConfig: Setting CVar [[r.LightMaxDrawDistanceScale:1]]
[2019.10.29-19.25.55:606][  0]LogConfig: Setting CVar [[r.CapsuleShadows:1]]
[2019.10.29-19.25.55:606][  0]LogConfig: Applying CVar settings from Section [PostProcessQuality@3] File [E:/AstroSourceGames/F.L.I.G.H.T/FLIGHT/Saved/Config/Windows/Scalability.ini]
[2019.10.29-19.25.55:606][  0]LogConfig: Setting CVar [[r.MotionBlurQuality:4]]
[2019.10.29-19.25.55:606][  0]LogConfig: Setting CVar [[r.AmbientOcclusionMipLevelFactor:0.4]]
[2019.10.29-19.25.55:606][  0]LogConfig: Setting CVar [[r.AmbientOcclusionMaxQuality:100]]
[2019.10.29-19.25.55:606][  0]LogConfig: Setting CVar [[r.AmbientOcclusionLevels:-1]]
[2019.10.29-19.25.55:606][  0]LogConfig: Setting CVar [[r.AmbientOcclusionRadiusScale:1.0]]
[2019.10.29-19.25.55:606][  0]LogConfig: Setting CVar [[r.DepthOfFieldQuality:2]]
[2019.10.29-19.25.55:606][  0]LogConfig: Setting CVar [[r.RenderTargetPoolMin:400]]
[2019.10.29-19.25.55:606][  0]LogConfig: Setting CVar [[r.LensFlareQuality:2]]
[2019.10.29-19.25.55:606][  0]LogConfig: Setting CVar [[r.SceneColorFringeQuality:1]]
[2019.10.29-19.25.55:606][  0]LogConfig: Setting CVar [[r.EyeAdaptationQuality:2]]
[2019.10.29-19.25.55:606][  0]LogConfig: Setting CVar [[r.BloomQuality:5]]
[2019.10.29-19.25.55:606][  0]LogConfig: Setting CVar [[r.FastBlurThreshold:100]]
[2019.10.29-19.25.55:606][  0]LogConfig: Setting CVar [[r.Upscale.Quality:3]]
[2019.10.29-19.25.55:606][  0]LogConfig: Setting CVar [[r.Tonemapper.GrainQuantization:1]]
[2019.10.29-19.25.55:606][  0]LogConfig: Setting CVar [[r.LightShaftQuality:1]]
[2019.10.29-19.25.55:606][  0]LogConfig: Setting CVar [[r.Filter.SizeScale:1]]
[2019.10.29-19.25.55:606][  0]LogConfig: Setting CVar [[r.Tonemapper.Quality:5]]
[2019.10.29-19.25.55:606][  0]LogConfig: Setting CVar [[r.DOF.Gather.AccumulatorQuality:1        ; higher gathering accumulator quality]]
[2019.10.29-19.25.55:606][  0]LogConfig: Setting CVar [[r.DOF.Gather.PostfilterMethod:1          ; Median3x3 postfilering method]]
[2019.10.29-19.25.55:606][  0]LogConfig: Setting CVar [[r.DOF.Gather.EnableBokehSettings:0       ; no bokeh simulation when gathering]]
[2019.10.29-19.25.55:606][  0]LogConfig: Setting CVar [[r.DOF.Gather.RingCount:4                 ; medium number of samples when gathering]]
[2019.10.29-19.25.55:606][  0]LogConfig: Setting CVar [[r.DOF.Scatter.ForegroundCompositing:1    ; additive foreground scattering]]
[2019.10.29-19.25.55:606][  0]LogConfig: Setting CVar [[r.DOF.Scatter.BackgroundCompositing:2    ; additive background scattering]]
[2019.10.29-19.25.55:606][  0]LogConfig: Setting CVar [[r.DOF.Scatter.EnableBokehSettings:1      ; bokeh simulation when scattering]]
[2019.10.29-19.25.55:606][  0]LogConfig: Setting CVar [[r.DOF.Scatter.MaxSpriteRatio:0.1         ; only a maximum of 10% of scattered bokeh]]
[2019.10.29-19.25.55:606][  0]LogConfig: Setting CVar [[r.DOF.Recombine.Quality:1                ; cheap slight out of focus]]
[2019.10.29-19.25.55:606][  0]LogConfig: Setting CVar [[r.DOF.Recombine.EnableBokehSettings:0    ; no bokeh simulation on slight out of focus]]
[2019.10.29-19.25.55:606][  0]LogConfig: Setting CVar [[r.DOF.TemporalAAQuality:1                ; more stable temporal accumulation]]
[2019.10.29-19.25.55:606][  0]LogConfig: Setting CVar [[r.DOF.Kernel.MaxForegroundRadius:0.025]]
[2019.10.29-19.25.55:606][  0]LogConfig: Setting CVar [[r.DOF.Kernel.MaxBackgroundRadius:0.025]]
[2019.10.29-19.25.55:606][  0]LogConfig: Applying CVar settings from Section [TextureQuality@3] File [E:/AstroSourceGames/F.L.I.G.H.T/FLIGHT/Saved/Config/Windows/Scalability.ini]
[2019.10.29-19.25.55:606][  0]LogConfig: Setting CVar [[r.Streaming.MipBias:0]]
[2019.10.29-19.25.55:606][  0]LogConfig: Setting CVar [[r.Streaming.AmortizeCPUToGPUCopy:0]]
[2019.10.29-19.25.55:606][  0]LogConfig: Setting CVar [[r.Streaming.MaxNumTexturesToStreamPerFrame:0]]
[2019.10.29-19.25.55:606][  0]LogConfig: Setting CVar [[r.Streaming.Boost:1]]
[2019.10.29-19.25.55:606][  0]LogConfig: Setting CVar [[r.MaxAnisotropy:8]]
[2019.10.29-19.25.55:606][  0]LogConfig: Setting CVar [[r.Streaming.LimitPoolSizeToVRAM:0]]
[2019.10.29-19.25.55:606][  0]LogConfig: Setting CVar [[r.Streaming.PoolSize:1000]]
[2019.10.29-19.25.55:606][  0]LogConfig: Setting CVar [[r.Streaming.MaxEffectiveScreenSize:0]]
[2019.10.29-19.25.55:606][  0]LogConfig: Applying CVar settings from Section [EffectsQuality@3] File [E:/AstroSourceGames/F.L.I.G.H.T/FLIGHT/Saved/Config/Windows/Scalability.ini]
[2019.10.29-19.25.55:606][  0]LogConfig: Setting CVar [[r.TranslucencyLightingVolumeDim:64]]
[2019.10.29-19.25.55:606][  0]LogConfig: Setting CVar [[r.RefractionQuality:2]]
[2019.10.29-19.25.55:606][  0]LogConfig: Setting CVar [[r.SSR.Quality:3]]
[2019.10.29-19.25.55:606][  0]LogConfig: Setting CVar [[r.SceneColorFormat:4]]
[2019.10.29-19.25.55:606][  0]LogConfig: Setting CVar [[r.DetailMode:2]]
[2019.10.29-19.25.55:606][  0]LogConfig: Setting CVar [[r.TranslucencyVolumeBlur:1]]
[2019.10.29-19.25.55:606][  0]LogConfig: Setting CVar [[r.MaterialQualityLevel:1 ; High quality]]
[2019.10.29-19.25.55:606][  0]LogConfig: Setting CVar [[r.SSS.Scale:1]]
[2019.10.29-19.25.55:606][  0]LogConfig: Setting CVar [[r.SSS.SampleSet:2]]
[2019.10.29-19.25.55:606][  0]LogConfig: Setting CVar [[r.SSS.Quality:1]]
[2019.10.29-19.25.55:606][  0]LogConfig: Setting CVar [[r.SSS.HalfRes:1]]
[2019.10.29-19.25.55:606][  0]LogConfig: Setting CVar [[r.EmitterSpawnRateScale:1.0]]
[2019.10.29-19.25.55:607][  0]LogConfig: Setting CVar [[r.ParticleLightQuality:2]]
[2019.10.29-19.25.55:607][  0]LogConfig: Applying CVar settings from Section [FoliageQuality@3] File [E:/AstroSourceGames/F.L.I.G.H.T/FLIGHT/Saved/Config/Windows/Scalability.ini]
[2019.10.29-19.25.55:607][  0]LogConfig: Setting CVar [[foliage.DensityScale:1.0]]
[2019.10.29-19.25.55:607][  0]LogConfig: Setting CVar [[grass.DensityScale:1.0]]
[2019.10.29-19.25.55:607][  0]LogConfig: Applying CVar settings from Section [Startup] File [../../../Engine/Config/ConsoleVariables.ini]
[2019.10.29-19.25.55:607][  0]LogConfig: Setting CVar [[net.UseAdaptiveNetUpdateFrequency:0]]
[2019.10.29-19.25.55:607][  0]LogConfig: Setting CVar [[p.chaos.AllowCreatePhysxBodies:1]]
[2019.10.29-19.25.55:607][  0]LogConfig: Applying CVar settings from Section [ConsoleVariables] File [E:/AstroSourceGames/F.L.I.G.H.T/FLIGHT/Saved/Config/Windows/Engine.ini]
[2019.10.29-19.25.55:607][  0]LogInit: Computer: SCOTTS_PC
[2019.10.29-19.25.55:607][  0]LogInit: User: scott
[2019.10.29-19.25.55:607][  0]LogInit: CPU Page size=4096, Cores=4
[2019.10.29-19.25.55:607][  0]LogInit: High frequency timer resolution =10.000000 MHz
[2019.10.29-19.25.55:607][  0]LogMemory: Memory total: Physical=15.9GB (16GB approx)
[2019.10.29-19.25.55:607][  0]LogMemory: Platform Memory Stats for Windows
[2019.10.29-19.25.55:607][  0]LogMemory: Process Physical Memory: 99.48 MB used, 99.49 MB peak
[2019.10.29-19.25.55:607][  0]LogMemory: Process Virtual Memory: 96.20 MB used, 96.20 MB peak
[2019.10.29-19.25.55:607][  0]LogMemory: Physical Memory: 6170.71 MB used,  10111.81 MB free, 16282.52 MB total
[2019.10.29-19.25.55:607][  0]LogMemory: Virtual Memory: 4647.47 MB used,  134213080.00 MB free, 134217728.00 MB total
[2019.10.29-19.25.55:641][  0]LogInit: Using OS detected language (en-US).
[2019.10.29-19.25.55:641][  0]LogInit: Using OS detected locale (en-CA).
[2019.10.29-19.25.55:642][  0]LogTextLocalizationManager: No specific localization for 'en-US' exists, so the 'en' localization will be used.
[2019.10.29-19.25.55:889][  0]LogSlate: New Slate User Created.  User Index 0, Is Virtual User: 0
[2019.10.29-19.25.55:889][  0]LogSlate: Slate User Registered.  User Index 0, Is Virtual User: 0
[2019.10.29-19.25.56:104][  0]LogHMD: Failed to initialize OpenVR with code 100
[2019.10.29-19.25.56:105][  0]LogD3D11RHI: D3D11 adapters:
[2019.10.29-19.25.56:679][  0]LogD3D11RHI:    0. 'NVIDIA GeForce GTX 960M' (Feature Level 11_0)
[2019.10.29-19.25.56:679][  0]LogD3D11RHI:       2010/0/8141 MB DedicatedVideo/DedicatedSystem/SharedSystem, Outputs:1, VendorId:0x10de
[2019.10.29-19.25.56:687][  0]LogD3D11RHI:    1. 'Intel(R) HD Graphics 530' (Feature Level 11_0)
[2019.10.29-19.25.56:687][  0]LogD3D11RHI:       128/0/8141 MB DedicatedVideo/DedicatedSystem/SharedSystem, Outputs:0, VendorId:0x8086
[2019.10.29-19.25.56:690][  0]LogD3D11RHI:    2. 'Microsoft Basic Render Driver' (Feature Level 11_0)
[2019.10.29-19.25.56:690][  0]LogD3D11RHI:       0/0/8141 MB DedicatedVideo/DedicatedSystem/SharedSystem, Outputs:0, VendorId:0x1414
[2019.10.29-19.25.56:690][  0]LogD3D11RHI: Chosen D3D11 Adapter: 0
[2019.10.29-19.25.56:738][  0]LogD3D11RHI: Creating new Direct3DDevice
[2019.10.29-19.25.56:738][  0]LogD3D11RHI:     GPU DeviceId: 0x139b (for the marketing name, search the web for "GPU Device Id")
[2019.10.29-19.25.56:738][  0]LogWindows: EnumDisplayDevices:
[2019.10.29-19.25.56:738][  0]LogWindows:    0. 'Intel(R) HD Graphics 530' (P:1 D:1)
[2019.10.29-19.25.56:738][  0]LogWindows:    1. 'Intel(R) HD Graphics 530' (P:0 D:0)
[2019.10.29-19.25.56:738][  0]LogWindows:    2. 'Intel(R) HD Graphics 530' (P:0 D:0)
[2019.10.29-19.25.56:739][  0]LogWindows: DebugString: PrimaryIsNotTheChoosenAdapter PrimaryIsNotTheChoosenAdapter PrimaryIsNotTheChoosenAdapter FoundDriverCount:0 
[2019.10.29-19.25.56:739][  0]LogD3D11RHI:     Adapter Name: NVIDIA GeForce GTX 960M
[2019.10.29-19.25.56:739][  0]LogD3D11RHI:   Driver Version: Unknown (internal:Unknown, unified:Unknown)
[2019.10.29-19.25.56:739][  0]LogD3D11RHI:      Driver Date: Unknown
[2019.10.29-19.25.56:739][  0]LogRHI: Texture pool is 1407 MB (70% of 2010 MB)
[2019.10.29-19.25.56:789][  0]LogD3D11RHI: Async texture creation enabled
[2019.10.29-19.25.56:816][  0]LogRendererCore: FGlobalReadBuffer::InitRHI
[2019.10.29-19.25.56:816][  0]LogRendererCore: FGlobalReadBuffer::InitRHI
[2019.10.29-19.25.56:816][  0]LogRendererCore: FGlobalReadBuffer::InitRHI
[2019.10.29-19.25.56:825][  0]LogD3D11RHI: GPU Timing Frequency: 1000.000000 (Debug: 2 1)
[2019.10.29-19.25.57:175][  0]LogTemp: Display: Module 'AllDesktopTargetPlatform' loaded TargetPlatform 'AllDesktop'
[2019.10.29-19.25.57:191][  0]LogTemp: Display: Module 'MacClientTargetPlatform' loaded TargetPlatform 'MacClient'
[2019.10.29-19.25.57:208][  0]LogTemp: Display: Module 'MacNoEditorTargetPlatform' loaded TargetPlatform 'MacNoEditor'
[2019.10.29-19.25.57:225][  0]LogTemp: Display: Module 'MacServerTargetPlatform' loaded TargetPlatform 'MacServer'
[2019.10.29-19.25.57:243][  0]LogTemp: Display: Module 'MacTargetPlatform' loaded TargetPlatform 'Mac'
[2019.10.29-19.25.57:260][  0]LogTemp: Display: Module 'WindowsClientTargetPlatform' loaded TargetPlatform 'WindowsClient'
[2019.10.29-19.25.57:277][  0]LogTemp: Display: Module 'WindowsNoEditorTargetPlatform' loaded TargetPlatform 'WindowsNoEditor'
[2019.10.29-19.25.57:293][  0]LogTemp: Display: Module 'WindowsServerTargetPlatform' loaded TargetPlatform 'WindowsServer'
[2019.10.29-19.25.57:302][  0]LogTemp: Display: Module 'WindowsTargetPlatform' loaded TargetPlatform 'Windows'
[2019.10.29-19.25.57:395][  0]LogTemp: Display: Module 'AndroidTargetPlatform' loaded TargetPlatform 'Android'
[2019.10.29-19.25.57:395][  0]LogTemp: Display: Module 'AndroidTargetPlatform' loaded TargetPlatform 'Android_ASTC'
[2019.10.29-19.25.57:395][  0]LogTemp: Display: Module 'AndroidTargetPlatform' loaded TargetPlatform 'Android_ATC'
[2019.10.29-19.25.57:395][  0]LogTemp: Display: Module 'AndroidTargetPlatform' loaded TargetPlatform 'Android_DXT'
[2019.10.29-19.25.57:395][  0]LogTemp: Display: Module 'AndroidTargetPlatform' loaded TargetPlatform 'Android_ETC1'
[2019.10.29-19.25.57:395][  0]LogTemp: Display: Module 'AndroidTargetPlatform' loaded TargetPlatform 'Android_ETC1a'
[2019.10.29-19.25.57:395][  0]LogTemp: Display: Module 'AndroidTargetPlatform' loaded TargetPlatform 'Android_ETC2'
[2019.10.29-19.25.57:395][  0]LogTemp: Display: Module 'AndroidTargetPlatform' loaded TargetPlatform 'Android_PVRTC'
[2019.10.29-19.25.57:395][  0]LogTemp: Display: Module 'AndroidTargetPlatform' loaded TargetPlatform 'AndroidClient'
[2019.10.29-19.25.57:395][  0]LogTemp: Display: Module 'AndroidTargetPlatform' loaded TargetPlatform 'Android_ASTCClient'
[2019.10.29-19.25.57:395][  0]LogTemp: Display: Module 'AndroidTargetPlatform' loaded TargetPlatform 'Android_ATCClient'
[2019.10.29-19.25.57:395][  0]LogTemp: Display: Module 'AndroidTargetPlatform' loaded TargetPlatform 'Android_DXTClient'
[2019.10.29-19.25.57:395][  0]LogTemp: Display: Module 'AndroidTargetPlatform' loaded TargetPlatform 'Android_ETC1Client'
[2019.10.29-19.25.57:395][  0]LogTemp: Display: Module 'AndroidTargetPlatform' loaded TargetPlatform 'Android_ETC1aClient'
[2019.10.29-19.25.57:396][  0]LogTemp: Display: Module 'AndroidTargetPlatform' loaded TargetPlatform 'Android_ETC2Client'
[2019.10.29-19.25.57:396][  0]LogTemp: Display: Module 'AndroidTargetPlatform' loaded TargetPlatform 'Android_PVRTCClient'
[2019.10.29-19.25.57:396][  0]LogTemp: Display: Module 'AndroidTargetPlatform' loaded TargetPlatform 'Android_Multi'
[2019.10.29-19.25.57:396][  0]LogTemp: Display: Module 'AndroidTargetPlatform' loaded TargetPlatform 'Android_MultiClient'
[2019.10.29-19.25.57:397][  0]LogTemp: Display: Module 'HTML5TargetPlatform' loaded TargetPlatform 'HTML5'
[2019.10.29-19.25.57:452][  0]LogTemp: Display: Module 'IOSTargetPlatform' loaded TargetPlatform 'IOSClient'
[2019.10.29-19.25.57:452][  0]LogTemp: Display: Module 'IOSTargetPlatform' loaded TargetPlatform 'IOS'
[2019.10.29-19.25.57:478][  0]LogTemp: Display: Module 'TVOSTargetPlatform' loaded TargetPlatform 'TVOSClient'
[2019.10.29-19.25.57:478][  0]LogTemp: Display: Module 'TVOSTargetPlatform' loaded TargetPlatform 'TVOS'
[2019.10.29-19.25.57:493][  0]LogTemp: Display: Module 'LinuxClientTargetPlatform' loaded TargetPlatform 'LinuxClient'
[2019.10.29-19.25.57:508][  0]LogTemp: Display: Module 'LinuxNoEditorTargetPlatform' loaded TargetPlatform 'LinuxNoEditor'
[2019.10.29-19.25.57:523][  0]LogTemp: Display: Module 'LinuxServerTargetPlatform' loaded TargetPlatform 'LinuxServer'
[2019.10.29-19.25.57:538][  0]LogTemp: Display: Module 'LinuxTargetPlatform' loaded TargetPlatform 'Linux'
[2019.10.29-19.25.57:590][  0]LogTemp: Display: Module 'LuminTargetPlatform' loaded TargetPlatform 'Lumin'
[2019.10.29-19.25.57:590][  0]LogTemp: Display: Module 'LuminTargetPlatform' loaded TargetPlatform 'LuminClient'
[2019.10.29-19.25.57:590][  0]LogTargetPlatformManager: Display: Building Assets For Windows
[2019.10.29-19.25.57:600][  0]LogAudioDebug: Display: Lib vorbis DLL was dynamically loaded.
[2019.10.29-19.25.57:657][  0]LogShaderCompilers: Guid format shader working directory is 7 characters bigger than the processId version (E:/AstroSourceGames/F.L.I.G.H.T/FLIGHT/Intermediate/Shaders/WorkingDirectory/19424/).
[2019.10.29-19.25.57:657][  0]LogShaderCompilers: Cleaned the shader compiler working directory 'C:/Users/scott/AppData/Local/Temp/UnrealShaderWorkingDir/5422AD8B44E27247675412BAF5FBDE3A/'.
[2019.10.29-19.25.57:660][  0]LogXGEController: Cleaning working directory: C:/Users/scott/AppData/Local/Temp/UnrealXGEWorkingDir/
[2019.10.29-19.25.57:660][  0]LogXGEController: Cannot use XGE Controller as Incredibuild is not installed on this machine.
[2019.10.29-19.25.57:660][  0]LogShaderCompilers: Cannot use XGE Shader Compiler as Incredibuild is not installed on this machine.
[2019.10.29-19.25.57:660][  0]LogShaderCompilers: Display: Using Local Shader Compiler.
[2019.10.29-19.25.58:304][  0]LogDerivedDataCache: Display: Max Cache Size: 512 MB
[2019.10.29-19.25.58:358][  0]LogDerivedDataCache: Loaded boot cache 0.05s 71MB C:/Users/scott/AppData/Local/UnrealEngine/4.22/DerivedDataCache/Boot.ddc.
[2019.10.29-19.25.58:358][  0]LogDerivedDataCache: Display: Loaded Boot cache: C:/Users/scott/AppData/Local/UnrealEngine/4.22/DerivedDataCache/Boot.ddc
[2019.10.29-19.25.58:358][  0]LogDerivedDataCache: FDerivedDataBackendGraph:  Pak pak cache file E:/AstroSourceGames/F.L.I.G.H.T/FLIGHT/DerivedDataCache/DDC.ddp not found, will not use a pak cache.
[2019.10.29-19.25.58:358][  0]LogDerivedDataCache: Unable to find inner node Pak for hierarchical cache Hierarchy.
[2019.10.29-19.25.58:358][  0]LogDerivedDataCache: FDerivedDataBackendGraph:  CompressedPak pak cache file E:/AstroSourceGames/F.L.I.G.H.T/FLIGHT/DerivedDataCache/Compressed.ddp not found, will not use a pak cache.
[2019.10.29-19.25.58:358][  0]LogDerivedDataCache: Unable to find inner node CompressedPak for hierarchical cache Hierarchy.
[2019.10.29-19.25.58:373][  0]LogDerivedDataCache: Display: Pak cache opened for reading ../../../Engine/DerivedDataCache/Compressed.ddp.
[2019.10.29-19.25.58:373][  0]LogDerivedDataCache: FDerivedDataBackendGraph:  EnterprisePak pak cache file ../../../Enterprise/DerivedDataCache/Compressed.ddp not found, will not use a pak cache.
[2019.10.29-19.25.58:373][  0]LogDerivedDataCache: Unable to find inner node EnterprisePak for hierarchical cache Hierarchy.
[2019.10.29-19.25.58:385][  0]LogDerivedDataCache: Using Local data cache path C:/Users/scott/AppData/Local/UnrealEngine/Common/DerivedDataCache: Writable
[2019.10.29-19.25.58:385][  0]LogDerivedDataCache: Shared data cache path not found in *engine.ini, will not use an Shared cache.
[2019.10.29-19.25.58:385][  0]LogDerivedDataCache: Unable to find inner node Shared for hierarchical cache Hierarchy.
[2019.10.29-19.25.58:412][  0]LogMaterial: Verifying Global Shaders for PCD3D_SM5
[2019.10.29-19.25.58:413][  0]LogSlate: Using FreeType 2.6.0
[2019.10.29-19.25.58:414][  0]LogSlate: SlateFontServices - WITH_FREETYPE: 1, WITH_HARFBUZZ: 1
[2019.10.29-19.25.58:503][  0]LogAssetRegistry: FAssetRegistry took 0.0351 seconds to start up
[2019.10.29-19.25.58:867][  0]LogInit: Selected Device Profile: [Windows]
[2019.10.29-19.25.59:028][  0]LogMeshReduction: Using QuadricMeshReduction for automatic static mesh reduction
[2019.10.29-19.25.59:028][  0]LogMeshReduction: Using SimplygonMeshReduction for automatic skeletal mesh reduction
[2019.10.29-19.25.59:028][  0]LogMeshReduction: Using ProxyLODMeshReduction for automatic mesh merging
[2019.10.29-19.25.59:028][  0]LogMeshReduction: No distributed automatic mesh merging module available
[2019.10.29-19.25.59:028][  0]LogMeshMerging: No distributed automatic mesh merging module available
[2019.10.29-19.25.59:040][  0]LogNetVersion: FLIGHT 1.0.0, NetCL: 5660361, EngineNetVer: 10, GameNetVer: 0 (Checksum: 3036253622)
[2019.10.29-19.25.59:682][  0]LogPackageLocalizationCache: Processed 12 localized package path(s) for 1 prioritized culture(s) in 0.219919 seconds
[2019.10.29-19.25.59:689][  0]LogUObjectArray: 42205 objects as part of root set at end of initial load.
[2019.10.29-19.25.59:689][  0]LogUObjectAllocator: 7325032 out of 0 bytes used by permanent object pool.
[2019.10.29-19.25.59:689][  0]LogUObjectArray: CloseDisregardForGC: 0/0 objects in disregard for GC pool
[2019.10.29-19.26.01:857][  0]LogTcpMessaging: Initializing TcpMessaging bridge
[2019.10.29-19.26.01:872][  0]LogUdpMessaging: Initializing bridge on interface 0.0.0.0:0 to multicast group 230.0.0.1:6666.
[2019.10.29-19.26.01:872][  0]FUdpSocketBuilder: Failed to bind UdpMessageMulticastSocket to 0.0.0.0:6666
[2019.10.29-19.26.01:872][  0]FUdpSocketBuilder: Failed to configure multicast for UdpMessageMulticastSocket (loopback: 1, ttl: 1)
[2019.10.29-19.26.01:872][  0]FUdpSocketBuilder: Failed to create and initialize socket UdpMessageMulticastSocket (last error: 0)
[2019.10.29-19.26.01:872][  0]LogUdpMessaging: Warning: StartTransport failed to create multicast socket on 0.0.0.0:0, joined to 230.0.0.1:6666 with TTL 1
[2019.10.29-19.26.02:158][  0]SourceControl: Source control is disabled
[2019.10.29-19.26.02:851][  0]LogAndroidPermission: UAndroidPermissionCallbackProxy::GetInstance
[2019.10.29-19.26.03:149][  0]LogOcInput: OculusInput pre-init called
[2019.10.29-19.26.03:875][  0]LogEngine: Initializing Engine...
[2019.10.29-19.26.03:876][  0]LogHMD: Failed to initialize OpenVR with code 100
[2019.10.29-19.26.03:877][  0]LogStats: UGameplayTagsManager::InitializeManager -  0.000 s
[2019.10.29-19.26.04:107][  0]LogInit: Initializing FReadOnlyCVARCache
[2019.10.29-19.26.04:125][  0]LogAIModule: Creating AISystem for world Untitled
[2019.10.29-19.26.04:210][  0]LogInit: XAudio2 using 'Headphones (2- Arctis 7 Game)' : 2 channels at 48 kHz using 16 bits per sample (channel mask 0x3)
[2019.10.29-19.26.04:265][  0]LogInit: FAudioDevice initialized.
[2019.10.29-19.26.04:265][  0]LogNetVersion: Set ProjectVersion to 1.0.0.0. Version Checksum will be recalculated on next use.
[2019.10.29-19.26.04:357][  0]LogDerivedDataCache: Saved boot cache 0.09s 71MB C:/Users/scott/AppData/Local/UnrealEngine/4.22/DerivedDataCache/Boot.ddc.
[2019.10.29-19.26.04:373][  0]LogInit: Texture streaming: Enabled
[2019.10.29-19.26.04:398][  0]LogEngineSessionManager: EngineSessionManager initialized
[2019.10.29-19.26.04:428][  0]LogInit: Transaction tracking system initialized
[2019.10.29-19.26.04:461][  0]BlueprintLog: New page: Editor Load
[2019.10.29-19.26.04:557][  0]LocalizationService: Localization service is disabled
[2019.10.29-19.26.04:993][  0]LogCook: Display: Max memory allowance for cook 16384mb min free memory 0mb
[2019.10.29-19.26.04:993][  0]LogCook: Display: Mobile HDR setting 1
[2019.10.29-19.26.05:235][  0]LogFileCache: Scanning file cache for directory 'E:/AstroSourceGames/F.L.I.G.H.T/FLIGHT/Content/' took 0.03s
[2019.10.29-19.26.05:235][  0]Cmd: MAP LOAD FILE="E:/AstroSourceGames/F.L.I.G.H.T/FLIGHT/Content/Maps/Menu.umap" TEMPLATE=0 SHOWPROGRESS=1 FEATURELEVEL=3
[2019.10.29-19.26.05:236][  0]LightingResults: New page: Lighting Build
[2019.10.29-19.26.05:239][  0]MapCheck: New page: Map Check
[2019.10.29-19.26.05:239][  0]LightingResults: New page: Lighting Build
[2019.10.29-19.26.05:271][  0]LogUObjectHash: Compacting FUObjectHashTables data took   2.37ms
[2019.10.29-19.26.15:693][  0]LoadErrors: Warning: Linear color curves now accurately handle RGB values > 1. If you were relying on HSV clamping, please update Curve_GoodSky_DomeColor
[2019.10.29-19.26.15:693][  0]LoadErrors: Warning: Linear color curves now accurately handle RGB values > 1. If you were relying on HSV clamping, please update Curve_GoodSky_BaseCloudColor
[2019.10.29-19.26.15:693][  0]LoadErrors: Warning: Linear color curves now accurately handle RGB values > 1. If you were relying on HSV clamping, please update Curve_GoodSky_AllOverlayColor
[2019.10.29-19.26.15:769][  0]LoadErrors: Warning: Linear color curves now accurately handle RGB values > 1. If you were relying on HSV clamping, please update Curve_GoodSky_horizon_Color
[2019.10.29-19.26.16:582][  0]LogAIModule: Creating AISystem for world Menu
[2019.10.29-19.26.16:603][  0]LogEditorServer: Finished looking for orphan Actors (0.000 secs)
[2019.10.29-19.26.16:669][  0]LogUObjectHash: Compacting FUObjectHashTables data took   4.22ms
[2019.10.29-19.26.16:669][  0]Cmd: MAP CHECKDEP NOCLEARLOG
[2019.10.29-19.26.16:669][  0]MapCheck: Map check complete: 0 Error(s), 0 Warning(s), took 0.099ms to complete.
[2019.10.29-19.26.16:670][  0]LogFileHelpers: Loading map 'Menu' took 11.435
[2019.10.29-19.26.16:840][  0]LogSlate: Updating window title bar state: overlay mode, drag disabled, window buttons hidden, title bar hidden
[2019.10.29-19.26.16:853][  0]LogSlate: Updating window title bar state: overlay mode, drag disabled, window buttons hidden, title bar hidden
[2019.10.29-19.26.16:867][  0]LogSlate: Updating window title bar state: overlay mode, drag disabled, window buttons hidden, title bar hidden
[2019.10.29-19.26.16:883][  0]LogSlate: Updating window title bar state: overlay mode, drag disabled, window buttons hidden, title bar hidden
[2019.10.29-19.26.16:896][  0]LogCollectionManager: Loaded 0 collections in 0.003965 seconds
[2019.10.29-19.26.16:938][  0]LogFileCache: Scanning file cache for directory 'E:/AstroSourceGames/F.L.I.G.H.T/FLIGHT/Saved/Collections/' took 0.01s
[2019.10.29-19.26.16:938][  0]LogFileCache: Scanning file cache for directory 'E:/AstroSourceGames/F.L.I.G.H.T/FLIGHT/Content/Developers/scott/Collections/' took 0.01s
[2019.10.29-19.26.16:938][  0]LogFileCache: Scanning file cache for directory 'E:/AstroSourceGames/F.L.I.G.H.T/FLIGHT/Content/Collections/' took 0.01s
[2019.10.29-19.26.16:938][  0]LogCollectionManager: Rebuilt the GUID cache for 0 collections in 0.000001 seconds
[2019.10.29-19.26.16:955][  0]LogContentBrowser: Native class hierarchy populated in 0.0183 seconds. Added 2758 classes and 680 folders.
[2019.10.29-19.26.16:972][  0]LogContentBrowser: Native class hierarchy updated for 'WidgetCarousel' in 0.0005 seconds. Added 0 classes and 0 folders.
[2019.10.29-19.26.16:974][  0]LogPakFile: Registered encryption key '00000000000000000000000000000000': 0 pak files mounted, 0 remain pending
[2019.10.29-19.26.16:975][  0]LogPakFile: Registered encryption key '00000000000000000000000000000000': 0 pak files mounted, 0 remain pending
[2019.10.29-19.26.16:975][  0]LogPakFile: Registered encryption key '00000000000000000000000000000000': 0 pak files mounted, 0 remain pending
[2019.10.29-19.26.16:976][  0]LogPakFile: Registered encryption key '00000000000000000000000000000000': 0 pak files mounted, 0 remain pending
[2019.10.29-19.26.16:977][  0]LogPakFile: Registered encryption key '00000000000000000000000000000000': 0 pak files mounted, 0 remain pending
[2019.10.29-19.26.16:978][  0]LogPakFile: Registered encryption key '00000000000000000000000000000000': 0 pak files mounted, 0 remain pending
[2019.10.29-19.26.16:979][  0]LogPakFile: Registered encryption key '00000000000000000000000000000000': 0 pak files mounted, 0 remain pending
[2019.10.29-19.26.16:979][  0]LogPakFile: Registered encryption key '00000000000000000000000000000000': 0 pak files mounted, 0 remain pending
[2019.10.29-19.26.16:980][  0]LogPakFile: Registered encryption key '00000000000000000000000000000000': 0 pak files mounted, 0 remain pending
[2019.10.29-19.26.16:980][  0]LogPakFile: Registered encryption key '00000000000000000000000000000000': 0 pak files mounted, 0 remain pending
[2019.10.29-19.26.16:981][  0]LogPakFile: Registered encryption key '00000000000000000000000000000000': 0 pak files mounted, 0 remain pending
[2019.10.29-19.26.16:982][  0]LogPakFile: Registered encryption key '00000000000000000000000000000000': 0 pak files mounted, 0 remain pending
[2019.10.29-19.26.16:983][  0]LogPakFile: Registered encryption key '00000000000000000000000000000000': 0 pak files mounted, 0 remain pending
[2019.10.29-19.26.16:984][  0]LogPakFile: Registered encryption key '00000000000000000000000000000000': 0 pak files mounted, 0 remain pending
[2019.10.29-19.26.16:984][  0]LogPakFile: Registered encryption key '00000000000000000000000000000000': 0 pak files mounted, 0 remain pending
[2019.10.29-19.26.16:985][  0]LogPakFile: Registered encryption key '00000000000000000000000000000000': 0 pak files mounted, 0 remain pending
[2019.10.29-19.26.16:985][  0]LogPakFile: Registered encryption key '00000000000000000000000000000000': 0 pak files mounted, 0 remain pending
[2019.10.29-19.26.16:986][  0]LogPakFile: Registered encryption key '00000000000000000000000000000000': 0 pak files mounted, 0 remain pending
[2019.10.29-19.26.16:987][  0]LogPakFile: Registered encryption key '00000000000000000000000000000000': 0 pak files mounted, 0 remain pending
[2019.10.29-19.26.16:988][  0]LogPakFile: Registered encryption key '00000000000000000000000000000000': 0 pak files mounted, 0 remain pending
[2019.10.29-19.26.16:988][  0]LogPakFile: Registered encryption key '00000000000000000000000000000000': 0 pak files mounted, 0 remain pending
[2019.10.29-19.26.16:989][  0]LogPakFile: Registered encryption key '00000000000000000000000000000000': 0 pak files mounted, 0 remain pending
[2019.10.29-19.26.16:990][  0]LogPakFile: Registered encryption key '00000000000000000000000000000000': 0 pak files mounted, 0 remain pending
[2019.10.29-19.26.16:990][  0]LogPakFile: Registered encryption key '00000000000000000000000000000000': 0 pak files mounted, 0 remain pending
[2019.10.29-19.26.16:991][  0]LogPakFile: Registered encryption key '00000000000000000000000000000000': 0 pak files mounted, 0 remain pending
[2019.10.29-19.26.16:992][  0]LogPakFile: Registered encryption key '00000000000000000000000000000000': 0 pak files mounted, 0 remain pending
[2019.10.29-19.26.17:034][  0]LogContentBrowser: Native class hierarchy updated for 'AddContentDialog' in 0.0007 seconds. Added 0 classes and 0 folders.
[2019.10.29-19.26.17:160][  0]LogContentBrowser: Native class hierarchy updated for 'SceneOutliner' in 0.0005 seconds. Added 1 classes and 2 folders.
[2019.10.29-19.26.17:216][  0]LogContentBrowser: Native class hierarchy updated for 'HierarchicalLODOutliner' in 0.0006 seconds. Added 0 classes and 0 folders.
[2019.10.29-19.26.17:216][  0]LogLoad: (Engine Initialization) Total time: 24.10 seconds
[2019.10.29-19.26.17:216][  0]LogLoad: (Engine Initialization) Total Blueprint compile time: 0.00 seconds
[2019.10.29-19.26.17:293][  0]LogContentStreaming: Texture pool size now 1000 MB
[2019.10.29-19.26.17:298][  0]LogSlate: FSceneViewport::OnFocusLost() reason 2
[2019.10.29-19.26.17:401][  0]LogSlate: Took 0.000216 seconds to synchronously load lazily loaded font '../../../Engine/Content/Slate/Fonts/Roboto-Regular.ttf' (155K)
[2019.10.29-19.26.17:403][  0]LogSlate: Took 0.000164 seconds to synchronously load lazily loaded font '../../../Engine/Content/Slate/Fonts/Roboto-Bold.ttf' (160K)
[2019.10.29-19.26.17:408][  0]LogSlate: Took 0.000181 seconds to synchronously load lazily loaded font '../../../Engine/Content/Editor/Slate/Fonts/FontAwesome.ttf' (139K)
[2019.10.29-19.26.17:536][  0]LogRenderer: Reallocating scene render targets to support 716x300 Format 10 NumSamples 1 (Frame:1).
[2019.10.29-19.26.17:536][  0]LogSlate: Took 0.000218 seconds to synchronously load lazily loaded font '../../../Engine/Content/Slate/Fonts/Roboto-Light.ttf' (167K)
[2019.10.29-19.26.17:897][  1]LogAssetRegistry: Asset discovery search completed in 19.4166 seconds
[2019.10.29-19.26.17:903][  1]LogCollectionManager: Rebuilt the object cache for 0 collections in 0.000000 seconds (found 0 objects)
[2019.10.29-19.26.17:903][  1]LogCollectionManager: Fixed up redirectors for 0 collections in 0.000086 seconds (updated 0 objects)
[2019.10.29-19.26.18:299][ 12]LogSlate: Took 0.000377 seconds to synchronously load lazily loaded font '../../../Engine/Content/Slate/Fonts/Roboto-Light.ttf' (167K)
[2019.10.29-19.26.20:211][126]LogSlate: Window 'Message Log' being destroyed
[2019.10.29-19.26.20:222][126]LogSlate: Window 'Message Log' being destroyed
[2019.10.29-19.26.21:756][171]LogRenderer: Reallocating scene render targets to support 1076x472 Format 10 NumSamples 1 (Frame:108).
[2019.10.29-19.26.25:938][411]LogSlate: FSceneViewport::OnFocusLost() reason 0
[2019.10.29-19.26.28:119][542]LogSlate: FSceneViewport::OnFocusLost() reason 0
[2019.10.29-19.26.40:252][235]LogAssetEditorManager: Opening Asset editor for Blueprint /Game/In_Map_Objects/CapitalShip/The_Iris_MK1.The_Iris_MK1
[2019.10.29-19.26.40:710][235]LogClass: Warning: Enum '/Game/Explosions/DemoRoom/BluePrints/BP_DemoDisplay_Enum.BP_DemoDisplay_Enum' was upgraded to use FText to store its display name data. Please re-save this asset to avoid issues with localization and determinstic cooking.
[2019.10.29-19.26.40:818][235]LogContentBrowser: Native class hierarchy updated for 'BlueprintGraph' in 0.0009 seconds. Added 121 classes and 0 folders.
[2019.10.29-19.26.42:109][235]LogSlate: Took 0.006809 seconds to synchronously load lazily loaded font '../../../Engine/Content/Slate/Fonts/Roboto-BoldCondensed.ttf' (158K)
[2019.10.29-19.26.42:318][236]LogSlate: Took 0.000250 seconds to synchronously load lazily loaded font '../../../Engine/Content/Slate/Fonts/Roboto-Italic.ttf' (157K)
[2019.10.29-19.27.06:323][301]LogAssetEditorManager: Opening Asset editor for Blueprint /Game/In_Map_Objects/CapitalShip/The_Iris_MK1.The_Iris_MK1
[2019.10.29-19.27.09:810][471]LogRenderer: Reallocating scene render targets to support 1188x584 Format 10 NumSamples 1 (Frame:1).
[2019.10.29-19.27.14:740][766]LogSlate: FSceneViewport::OnFocusLost() reason 0
[2019.10.29-19.27.17:687][930]SourceControl: fatal: C:/Program Files/Epic Games/UE_4.22/Engine/Content/Functions/Engine_MaterialFunctions02/SupportFiles/1x1x1_Box_Pivot_-XYZ.uasset: 'C:/Program Files/Epic Games/UE_4.22/Engine/Content/Functions/Engine_MaterialFunctions02/SupportFiles/1x1x1_Box_Pivot_-XYZ.uasset' is outside repository
[2019.10.29-19.27.17:687][930]SourceControl: fatal: C:/Program Files/Epic Games/UE_4.22/Engine/Content/EditorMeshes: 'C:/Program Files/Epic Games/UE_4.22/Engine/Content/EditorMeshes' is outside repository
[2019.10.29-19.27.17:687][930]SourceControl: fatal: C:/Program Files/Epic Games/UE_4.22/Engine/Content/EditorMeshes/Cascade/BackgroundCube.uasset: 'C:/Program Files/Epic Games/UE_4.22/Engine/Content/EditorMeshes/Cascade/BackgroundCube.uasset' is outside repository
[2019.10.29-19.27.17:687][930]SourceControl: fatal: C:/Program Files/Epic Games/UE_4.22/Engine/Content/EngineMeshes/BackgroundCube.uasset: 'C:/Program Files/Epic Games/UE_4.22/Engine/Content/EngineMeshes/BackgroundCube.uasset' is outside repository
[2019.10.29-19.27.17:687][930]SourceControl: fatal: C:/Program Files/Epic Games/UE_4.22/Engine/Content/VREditor/TransformGizmo: 'C:/Program Files/Epic Games/UE_4.22/Engine/Content/VREditor/TransformGizmo' is outside repository
[2019.10.29-19.28.19:864][309]SourceControl: fatal: C:/Program Files/Epic Games/UE_4.22/Engine/Content/Functions/Engine_MaterialFunctions02/SupportFiles/1x1x1_Box_Pivot_-XYZ.uasset: 'C:/Program Files/Epic Games/UE_4.22/Engine/Content/Functions/Engine_MaterialFunctions02/SupportFiles/1x1x1_Box_Pivot_-XYZ.uasset' is outside repository
[2019.10.29-19.28.19:864][309]SourceControl: fatal: C:/Program Files/Epic Games/UE_4.22/Engine/Content/EditorMeshes: 'C:/Program Files/Epic Games/UE_4.22/Engine/Content/EditorMeshes' is outside repository
[2019.10.29-19.28.19:864][309]SourceControl: fatal: C:/Program Files/Epic Games/UE_4.22/Engine/Content/EditorMeshes/Cascade/BackgroundCube.uasset: 'C:/Program Files/Epic Games/UE_4.22/Engine/Content/EditorMeshes/Cascade/BackgroundCube.uasset' is outside repository
[2019.10.29-19.28.19:864][309]SourceControl: fatal: C:/Program Files/Epic Games/UE_4.22/Engine/Content/EngineMeshes/BackgroundCube.uasset: 'C:/Program Files/Epic Games/UE_4.22/Engine/Content/EngineMeshes/BackgroundCube.uasset' is outside repository
[2019.10.29-19.28.19:864][309]SourceControl: fatal: C:/Program Files/Epic Games/UE_4.22/Engine/Content/VREditor/TransformGizmo: 'C:/Program Files/Epic Games/UE_4.22/Engine/Content/VREditor/TransformGizmo' is outside repository
[2019.10.29-19.28.21:397][400]SourceControl: fatal: C:/Program Files/Epic Games/UE_4.22/Engine/Content/EngineMeshes/Cylinder.uasset: 'C:/Program Files/Epic Games/UE_4.22/Engine/Content/EngineMeshes/Cylinder.uasset' is outside repository
[2019.10.29-19.28.21:397][400]SourceControl: fatal: C:/Program Files/Epic Games/UE_4.22/Engine/Content/BasicShapes/Cylinder.uasset: 'C:/Program Files/Epic Games/UE_4.22/Engine/Content/BasicShapes/Cylinder.uasset' is outside repository
[2019.10.29-19.28.21:397][400]SourceControl: fatal: C:/Program Files/Epic Games/UE_4.22/Engine/Plugins/Enterprise/DatasmithContent/Content/Meshes/cylinder.uasset: 'C:/Program Files/Epic Games/UE_4.22/Engine/Plugins/Enterprise/DatasmithContent/Content/Meshes/cylinder.uasset' is outside repository
[2019.10.29-19.28.21:397][400]SourceControl: fatal: C:/Program Files/Epic Games/UE_4.22/Engine/Content/EditorMeshes/EditorCylinder.uasset: 'C:/Program Files/Epic Games/UE_4.22/Engine/Content/EditorMeshes/EditorCylinder.uasset' is outside repository
[2019.10.29-19.28.21:397][400]SourceControl: fatal: C:/Program Files/Epic Games/UE_4.22/Engine/Content/VREditor/FloatingText/LineSegmentCylinder.uasset: 'C:/Program Files/Epic Games/UE_4.22/Engine/Content/VREditor/FloatingText/LineSegmentCylinder.uasset' is outside repository
[2019.10.29-19.28.22:821][483]SourceControl: fatal: C:/Program Files/Epic Games/UE_4.22/Engine/Content/EngineVolumetrics/FogEnvironment/Mesh/S_EV_FogVolume_Cylinder_01.uasset: 'C:/Program Files/Epic Games/UE_4.22/Engine/Content/EngineVolumetrics/FogEnvironment/Mesh/S_EV_FogVolume_Cylinder_01.uasset' is outside repository
[2019.10.29-19.28.55:885][431]LogSlate: FSceneViewport::OnFocusLost() reason 2
[2019.10.29-19.28.58:004][555]LogSlate: FSceneViewport::OnFocusLost() reason 2
[2019.10.29-19.29.04:130][917]LogSlate: FSceneViewport::OnFocusLost() reason 2
[2019.10.29-19.29.05:513][996]SourceControl: fatal: C:/Program Files/Epic Games/UE_4.22/Engine/Content/Functions/Engine_MaterialFunctions02/SupportFiles/1x1x1_Box_Pivot_-XYZ.uasset: 'C:/Program Files/Epic Games/UE_4.22/Engine/Content/Functions/Engine_MaterialFunctions02/SupportFiles/1x1x1_Box_Pivot_-XYZ.uasset' is outside repository
[2019.10.29-19.29.05:513][996]SourceControl: fatal: C:/Program Files/Epic Games/UE_4.22/Engine/Content/EditorMeshes: 'C:/Program Files/Epic Games/UE_4.22/Engine/Content/EditorMeshes' is outside repository
[2019.10.29-19.29.05:513][996]SourceControl: fatal: C:/Program Files/Epic Games/UE_4.22/Engine/Content/EditorMeshes/Cascade/BackgroundCube.uasset: 'C:/Program Files/Epic Games/UE_4.22/Engine/Content/EditorMeshes/Cascade/BackgroundCube.uasset' is outside repository
[2019.10.29-19.29.05:513][996]SourceControl: fatal: C:/Program Files/Epic Games/UE_4.22/Engine/Content/EngineMeshes/BackgroundCube.uasset: 'C:/Program Files/Epic Games/UE_4.22/Engine/Content/EngineMeshes/BackgroundCube.uasset' is outside repository
[2019.10.29-19.29.05:513][996]SourceControl: fatal: C:/Program Files/Epic Games/UE_4.22/Engine/Content/VREditor/TransformGizmo: 'C:/Program Files/Epic Games/UE_4.22/Engine/Content/VREditor/TransformGizmo' is outside repository
[2019.10.29-19.29.20:118][860]LogSlate: FSceneViewport::OnFocusLost() reason 0
[2019.10.29-19.29.34:225][656]LogSlate: FSceneViewport::OnFocusLost() reason 0
[2019.10.29-19.29.54:444][853]LogSlate: FSceneViewport::OnFocusLost() reason 0
[2019.10.29-19.30.15:771][106]LogSlate: FSceneViewport::OnFocusLost() reason 0
[2019.10.29-19.30.25:844][697]SourceControl: fatal: C:/Program Files/Epic Games/UE_4.22/Engine/Content/BasicShapes/Cylinder.uasset: 'C:/Program Files/Epic Games/UE_4.22/Engine/Content/BasicShapes/Cylinder.uasset' is outside repository
[2019.10.29-19.30.25:844][697]SourceControl: fatal: C:/Program Files/Epic Games/UE_4.22/Engine/Plugins/Enterprise/DatasmithContent/Content/Meshes/cylinder.uasset: 'C:/Program Files/Epic Games/UE_4.22/Engine/Plugins/Enterprise/DatasmithContent/Content/Meshes/cylinder.uasset' is outside repository
[2019.10.29-19.30.25:844][697]SourceControl: fatal: C:/Program Files/Epic Games/UE_4.22/Engine/Content/EngineMeshes/Cylinder.uasset: 'C:/Program Files/Epic Games/UE_4.22/Engine/Content/EngineMeshes/Cylinder.uasset' is outside repository
[2019.10.29-19.30.25:844][697]SourceControl: fatal: C:/Program Files/Epic Games/UE_4.22/Engine/Content/EditorMeshes/EditorCylinder.uasset: 'C:/Program Files/Epic Games/UE_4.22/Engine/Content/EditorMeshes/EditorCylinder.uasset' is outside repository
[2019.10.29-19.30.25:844][697]SourceControl: fatal: C:/Program Files/Epic Games/UE_4.22/Engine/Content/VREditor/FloatingText/LineSegmentCylinder.uasset: 'C:/Program Files/Epic Games/UE_4.22/Engine/Content/VREditor/FloatingText/LineSegmentCylinder.uasset' is outside repository
[2019.10.29-19.30.40:285][550]SourceControl: fatal: C:/Program Files/Epic Games/UE_4.22/Engine/Content/EngineVolumetrics/FogEnvironment/Mesh/S_EV_FogVolume_Cylinder_01.uasset: 'C:/Program Files/Epic Games/UE_4.22/Engine/Content/EngineVolumetrics/FogEnvironment/Mesh/S_EV_FogVolume_Cylinder_01.uasset' is outside repository
[2019.10.29-19.31.08:269][191]LogSlate: FSceneViewport::OnFocusLost() reason 0
[2019.10.29-19.31.35:816][829]LogSlate: FSceneViewport::OnFocusLost() reason 0
[2019.10.29-19.31.41:414][159]LogSlate: FSceneViewport::OnFocusLost() reason 2
[2019.10.29-19.31.43:266][252]SourceControl: fatal: C:/Program Files/Epic Games/UE_4.22/Engine/Content/EngineMaterials/AntiAliasedTextMaterialTranslucent.uasset: 'C:/Program Files/Epic Games/UE_4.22/Engine/Content/EngineMaterials/AntiAliasedTextMaterialTranslucent.uasset' is outside repository
[2019.10.29-19.31.43:266][252]SourceControl: fatal: C:/Program Files/Epic Games/UE_4.22/Engine/Plugins/Enterprise/DatasmithContent/Content/Materials/Arealight.uasset: 'C:/Program Files/Epic Games/UE_4.22/Engine/Plugins/Enterprise/DatasmithContent/Content/Materials/Arealight.uasset' is outside repository
[2019.10.29-19.31.43:266][252]SourceControl: fatal: C:/Program Files/Epic Games/UE_4.22/Engine/Content/VREditor/UI/ArrowMaterial.uasset: 'C:/Program Files/Epic Games/UE_4.22/Engine/Content/VREditor/UI/ArrowMaterial.uasset' is outside repository
[2019.10.29-19.31.45:943][409]SourceControl: fatal: C:/Program Files/Epic Games/UE_4.22/Engine/Content/BufferVisualization/Metallic.uasset: 'C:/Program Files/Epic Games/UE_4.22/Engine/Content/BufferVisualization/Metallic.uasset' is outside repository
[2019.10.29-19.31.49:464][612]LogSlate: FSceneViewport::OnFocusLost() reason 2
[2019.10.29-19.31.50:776][685]SourceControl: fatal: C:/Program Files/Epic Games/UE_4.22/Engine/Content/VREditor/BasicMeshes/MI_Cube_03.uasset: 'C:/Program Files/Epic Games/UE_4.22/Engine/Content/VREditor/BasicMeshes/MI_Cube_03.uasset' is outside repository
[2019.10.29-19.31.50:776][685]SourceControl: fatal: C:/Program Files/Epic Games/UE_4.22/Engine/Content/EngineVolumetrics/Fogsheet/Mesh/MI_Fogsheet_HideClose.uasset: 'C:/Program Files/Epic Games/UE_4.22/Engine/Content/EngineVolumetrics/Fogsheet/Mesh/MI_Fogsheet_HideClose.uasset' is outside repository
[2019.10.29-19.32.00:933][290]LogSlate: FSceneViewport::OnFocusLost() reason 0
[2019.10.29-19.32.11:257][893]SourceControl: fatal: C:/Program Files/Epic Games/UE_4.22/Engine/Plugins/Enterprise/DatasmithContent/Content/Meshes/cylinder.uasset: 'C:/Program Files/Epic Games/UE_4.22/Engine/Plugins/Enterprise/DatasmithContent/Content/Meshes/cylinder.uasset' is outside repository
[2019.10.29-19.32.11:257][893]SourceControl: fatal: C:/Program Files/Epic Games/UE_4.22/Engine/Content/EngineMeshes/Cylinder.uasset: 'C:/Program Files/Epic Games/UE_4.22/Engine/Content/EngineMeshes/Cylinder.uasset' is outside repository
[2019.10.29-19.32.11:257][893]SourceControl: fatal: C:/Program Files/Epic Games/UE_4.22/Engine/Content/BasicShapes/Cylinder.uasset: 'C:/Program Files/Epic Games/UE_4.22/Engine/Content/BasicShapes/Cylinder.uasset' is outside repository
[2019.10.29-19.32.11:257][893]SourceControl: fatal: C:/Program Files/Epic Games/UE_4.22/Engine/Content/EditorMeshes/EditorCylinder.uasset: 'C:/Program Files/Epic Games/UE_4.22/Engine/Content/EditorMeshes/EditorCylinder.uasset' is outside repository
[2019.10.29-19.32.11:257][893]SourceControl: fatal: C:/Program Files/Epic Games/UE_4.22/Engine/Content/VREditor/FloatingText/LineSegmentCylinder.uasset: 'C:/Program Files/Epic Games/UE_4.22/Engine/Content/VREditor/FloatingText/LineSegmentCylinder.uasset' is outside repository
[2019.10.29-19.32.15:607][153]SourceControl: fatal: C:/Program Files/Epic Games/UE_4.22/Engine/Plugins/Enterprise/DatasmithContent/Content/Meshes/cylinder.uasset: 'C:/Program Files/Epic Games/UE_4.22/Engine/Plugins/Enterprise/DatasmithContent/Content/Meshes/cylinder.uasset' is outside repository
[2019.10.29-19.32.15:607][153]SourceControl: fatal: C:/Program Files/Epic Games/UE_4.22/Engine/Content/EngineMeshes/Cylinder.uasset: 'C:/Program Files/Epic Games/UE_4.22/Engine/Content/EngineMeshes/Cylinder.uasset' is outside repository
[2019.10.29-19.32.15:607][153]SourceControl: fatal: C:/Program Files/Epic Games/UE_4.22/Engine/Content/BasicShapes/Cylinder.uasset: 'C:/Program Files/Epic Games/UE_4.22/Engine/Content/BasicShapes/Cylinder.uasset' is outside repository
[2019.10.29-19.32.15:607][153]SourceControl: fatal: C:/Program Files/Epic Games/UE_4.22/Engine/Content/EditorMeshes/EditorCylinder.uasset: 'C:/Program Files/Epic Games/UE_4.22/Engine/Content/EditorMeshes/EditorCylinder.uasset' is outside repository
[2019.10.29-19.32.15:607][153]SourceControl: fatal: C:/Program Files/Epic Games/UE_4.22/Engine/Content/VREditor/FloatingText/LineSegmentCylinder.uasset: 'C:/Program Files/Epic Games/UE_4.22/Engine/Content/VREditor/FloatingText/LineSegmentCylinder.uasset' is outside repository
[2019.10.29-19.32.27:997][882]SourceControl: fatal: C:/Program Files/Epic Games/UE_4.22/Engine/Content/EngineVolumetrics/FogEnvironment/Mesh/S_EV_FogVolume_Cylinder_01.uasset: 'C:/Program Files/Epic Games/UE_4.22/Engine/Content/EngineVolumetrics/FogEnvironment/Mesh/S_EV_FogVolume_Cylinder_01.uasset' is outside repository
[2019.10.29-19.32.37:536][445]SourceControl: fatal: C:/Program Files/Epic Games/UE_4.22/Engine/Content/VREditor/FloatingText/LineSegmentCylinder.uasset: 'C:/Program Files/Epic Games/UE_4.22/Engine/Content/VREditor/FloatingText/LineSegmentCylinder.uasset' is outside repository
[2019.10.29-19.32.38:453][500]SourceControl: fatal: C:/Program Files/Epic Games/UE_4.22/Engine/Content/EditorMeshes/EditorCylinder.uasset: 'C:/Program Files/Epic Games/UE_4.22/Engine/Content/EditorMeshes/EditorCylinder.uasset' is outside repository
[2019.10.29-19.32.39:753][578]SourceControl: fatal: C:/Program Files/Epic Games/UE_4.22/Engine/Content/BasicShapes/Cylinder.uasset: 'C:/Program Files/Epic Games/UE_4.22/Engine/Content/BasicShapes/Cylinder.uasset' is outside repository
[2019.10.29-19.32.39:986][592]SourceControl: fatal: C:/Program Files/Epic Games/UE_4.22/Engine/Content/EngineMeshes/Cylinder.uasset: 'C:/Program Files/Epic Games/UE_4.22/Engine/Content/EngineMeshes/Cylinder.uasset' is outside repository
[2019.10.29-19.32.41:271][668]SourceControl: fatal: C:/Program Files/Epic Games/UE_4.22/Engine/Plugins/Enterprise/DatasmithContent/Content/Meshes/cylinder.uasset: 'C:/Program Files/Epic Games/UE_4.22/Engine/Plugins/Enterprise/DatasmithContent/Content/Meshes/cylinder.uasset' is outside repository
[2019.10.29-19.32.43:241][785]SourceControl: fatal: C:/Program Files/Epic Games/UE_4.22/Engine/Content/Functions/Engine_MaterialFunctions02/SupportFiles/1x1x1_Box_Pivot_-XYZ.uasset: 'C:/Program Files/Epic Games/UE_4.22/Engine/Content/Functions/Engine_MaterialFunctions02/SupportFiles/1x1x1_Box_Pivot_-XYZ.uasset' is outside repository
[2019.10.29-19.32.43:241][785]SourceControl: fatal: C:/Program Files/Epic Games/UE_4.22/Engine/Content/EditorMeshes: 'C:/Program Files/Epic Games/UE_4.22/Engine/Content/EditorMeshes' is outside repository
[2019.10.29-19.32.43:242][785]SourceControl: fatal: C:/Program Files/Epic Games/UE_4.22/Engine/Content/EngineMeshes/BackgroundCube.uasset: 'C:/Program Files/Epic Games/UE_4.22/Engine/Content/EngineMeshes/BackgroundCube.uasset' is outside repository
[2019.10.29-19.32.43:242][785]SourceControl: fatal: C:/Program Files/Epic Games/UE_4.22/Engine/Content/EditorMeshes/Cascade/BackgroundCube.uasset: 'C:/Program Files/Epic Games/UE_4.22/Engine/Content/EditorMeshes/Cascade/BackgroundCube.uasset' is outside repository
[2019.10.29-19.32.43:242][785]SourceControl: fatal: C:/Program Files/Epic Games/UE_4.22/Engine/Content/VREditor/TransformGizmo: 'C:/Program Files/Epic Games/UE_4.22/Engine/Content/VREditor/TransformGizmo' is outside repository
[2019.10.29-19.32.53:488][394]LogSlate: FSceneViewport::OnFocusLost() reason 0
[2019.10.29-19.33.54:687][  0]LogEditorTransaction: Undo Edit Static Mesh
[2019.10.29-19.34.41:826][771]SourceControl: fatal: C:/Program Files/Epic Games/UE_4.22/Engine/Content/Functions/Engine_MaterialFunctions02/SupportFiles/1x1x1_Box_Pivot_-XYZ.uasset: 'C:/Program Files/Epic Games/UE_4.22/Engine/Content/Functions/Engine_MaterialFunctions02/SupportFiles/1x1x1_Box_Pivot_-XYZ.uasset' is outside repository
[2019.10.29-19.34.51:692][357]LogSlate: FSceneViewport::OnFocusLost() reason 0
[2019.10.29-19.35.06:979][252]SourceControl: fatal: C:/Program Files/Epic Games/UE_4.22/Engine/Content/EditorMeshes/Camera/SM_CraneRig_Arm.uasset: 'C:/Program Files/Epic Games/UE_4.22/Engine/Content/EditorMeshes/Camera/SM_CraneRig_Arm.uasset' is outside repository
[2019.10.29-19.35.23:556][183]LogSlate: FSceneViewport::OnFocusLost() reason 0
[2019.10.29-19.37.08:890][386]LogSlate: FSceneViewport::OnFocusLost() reason 0
[2019.10.29-19.37.39:521][213]LogUObjectHash: Compacting FUObjectHashTables data took  10.36ms
[2019.10.29-19.37.39:521][213]LogFileHelpers: Editor autosave (incl. sublevels) for '/Game/Maps/Menu' took 0.123
[2019.10.29-19.37.39:562][213]OBJ SavePackage: Generating thumbnails for [1] asset(s) in package [/Game/In_Map_Objects/CapitalShip/The_Iris_MK1] ([1] browsable assets)...
[2019.10.29-19.37.39:595][213]OBJ SavePackage:     Rendered thumbnail for [Blueprint /Game/In_Map_Objects/CapitalShip/The_Iris_MK1.The_Iris_MK1]
[2019.10.29-19.37.39:595][213]OBJ SavePackage: Finished generating thumbnails for package [/Game/In_Map_Objects/CapitalShip/The_Iris_MK1]
[2019.10.29-19.37.39:746][213]LogSavePackage: Moving 'E:/AstroSourceGames/F.L.I.G.H.T/FLIGHT/Saved/The_Iris_MK1_Auto1AD1265924BA60645993F76A7BB0E984F.tmp' to 'E:/AstroSourceGames/F.L.I.G.H.T/FLIGHT/Saved/Autosaves/Game/In_Map_Objects/CapitalShip/The_Iris_MK1_Auto1.uasset'
[2019.10.29-19.37.39:747][213]LogFileHelpers: Auto-saving content packages took 0.226
[2019.10.29-19.38.10:239][ 31]LogSlate: FSceneViewport::OnFocusLost() reason 0
[2019.10.29-19.38.18:757][534]LogOutputDevice: Warning: 

Script Stack (0 frames):

[2019.10.29-19.38.18:757][534]LogWindows: Windows GetLastError: The operation completed successfully. (0)
[2019.10.29-19.38.21:355][534]LogWindows: Error: === Critical error: ===
[2019.10.29-19.38.21:355][534]LogWindows: Error: 
[2019.10.29-19.38.21:355][534]LogWindows: Error: Assertion failed: !DeferredOngoingCreateTransaction.IsValid() [File:D:\Build\++UE4\Sync\Engine\Source\Editor\Kismet\Private\SSCSEditor.cpp] [Line: 5120] 
[2019.10.29-19.38.21:355][534]LogWindows: Error: 
[2019.10.29-19.38.21:355][534]LogWindows: Error: 
[2019.10.29-19.38.21:355][534]LogWindows: Error: 
[2019.10.29-19.38.21:355][534]LogWindows: Error: [Callstack] 0x00007ffbfa20a839 KERNELBASE.dll!UnknownFunction []
[2019.10.29-19.38.21:355][534]LogWindows: Error: [Callstack] 0x00007ffba4401f07 UE4Editor-Core.dll!UnknownFunction []
[2019.10.29-19.38.21:355][534]LogWindows: Error: [Callstack] 0x00007ffba44046b7 UE4Editor-Core.dll!UnknownFunction []
[2019.10.29-19.38.21:355][534]LogWindows: Error: [Callstack] 0x00007ffba4217cea UE4Editor-Core.dll!UnknownFunction []
[2019.10.29-19.38.21:355][534]LogWindows: Error: [Callstack] 0x00007ffba419fe07 UE4Editor-Core.dll!UnknownFunction []
[2019.10.29-19.38.21:355][534]LogWindows: Error: [Callstack] 0x00007ffba41a0499 UE4Editor-Core.dll!UnknownFunction []
[2019.10.29-19.38.21:355][534]LogWindows: Error: [Callstack] 0x00007ffb9ddf2eca UE4Editor-Kismet.dll!UnknownFunction []
[2019.10.29-19.38.21:355][534]LogWindows: Error: [Callstack] 0x00007ffb9de6b87f UE4Editor-Kismet.dll!UnknownFunction []
[2019.10.29-19.38.21:355][534]LogWindows: Error: [Callstack] 0x00007ffb9de31c18 UE4Editor-Kismet.dll!UnknownFunction []
[2019.10.29-19.38.21:355][534]LogWindows: Error: [Callstack] 0x00007ffba3ad71ea UE4Editor-Slate.dll!UnknownFunction []
[2019.10.29-19.38.21:355][534]LogWindows: Error: [Callstack] 0x00007ffba3b073fe UE4Editor-Slate.dll!UnknownFunction []
[2019.10.29-19.38.21:355][534]LogWindows: Error: [Callstack] 0x00007ffb9de716fb UE4Editor-Kismet.dll!UnknownFunction []
[2019.10.29-19.38.21:355][534]LogWindows: Error: [Callstack] 0x00007ffba3aa1e66 UE4Editor-Slate.dll!UnknownFunction []
[2019.10.29-19.38.21:355][534]LogWindows: Error: [Callstack] 0x00007ffba3b08d8d UE4Editor-Slate.dll!UnknownFunction []
[2019.10.29-19.38.21:355][534]LogWindows: Error: [Callstack] 0x00007ffba3aff18e UE4Editor-Slate.dll!UnknownFunction []
[2019.10.29-19.38.21:355][534]LogWindows: Error: [Callstack] 0x00007ffbe7a3b55a UE4Editor-ApplicationCore.dll!UnknownFunction []
[2019.10.29-19.38.21:355][534]LogWindows: Error: [Callstack] 0x00007ffbe7a2ef9f UE4Editor-ApplicationCore.dll!UnknownFunction []
[2019.10.29-19.38.21:355][534]LogWindows: Error: [Callstack] 0x00007ffbe7a3d77f UE4Editor-ApplicationCore.dll!UnknownFunction []
[2019.10.29-19.38.21:355][534]LogWindows: Error: [Callstack] 0x00007ffbe7a2c090 UE4Editor-ApplicationCore.dll!UnknownFunction []
[2019.10.29-19.38.21:355][534]LogWindows: Error: [Callstack] 0x00007ffbfc8163ed USER32.dll!UnknownFunction []
[2019.10.29-19.38.21:355][534]LogWindows: Error: [Callstack] 0x00007ffbfc815de2 USER32.dll!UnknownFunction []
[2019.10.29-19.38.21:355][534]LogWindows: Error: [Callstack] 0x00007ffbe7a3e946 UE4Editor-ApplicationCore.dll!UnknownFunction []
[2019.10.29-19.38.21:355][534]LogWindows: Error: [Callstack] 0x00007ff7d1d85d3e UE4Editor.exe!UnknownFunction []
[2019.10.29-19.38.21:355][534]LogWindows: Error: [Callstack] 0x00007ff7d1d9554c UE4Editor.exe!UnknownFunction []
[2019.10.29-19.38.21:355][534]LogWindows: Error: [Callstack] 0x00007ff7d1d955ca UE4Editor.exe!UnknownFunction []
[2019.10.29-19.38.21:355][534]LogWindows: Error: [Callstack] 0x00007ff7d1da315c UE4Editor.exe!UnknownFunction []
[2019.10.29-19.38.21:355][534]LogWindows: Error: [Callstack] 0x00007ff7d1da5b7e UE4Editor.exe!UnknownFunction []
[2019.10.29-19.38.21:355][534]LogWindows: Error: [Callstack] 0x00007ffbfc9b7bd4 KERNEL32.DLL!UnknownFunction []
[2019.10.29-19.38.21:355][534]LogWindows: Error: [Callstack] 0x00007ffbfd2aced1 ntdll.dll!UnknownFunction []
[2019.10.29-19.38.21:355][534]LogWindows: Error: 
[2019.10.29-19.38.21:415][534]LogExit: Executing StaticShutdownAfterError
[2019.10.29-19.38.21:422][534]LogWindows: FPlatformMisc::RequestExit(1)
[2019.10.29-19.38.21:456][534]Log file closed, 10/29/19 15:38:21
