Log file open, 10/26/19 18:53:53
LogWindows: Failed to load 'aqProf.dll' (GetLastError=126)
LogWindows: File 'aqProf.dll' does not exist
LogWindows: Failed to load 'VtuneApi.dll' (GetLastError=126)
LogWindows: File 'VtuneApi.dll' does not exist
LogWindows: Failed to load 'VtuneApi32e.dll' (GetLastError=126)
LogWindows: File 'VtuneApi32e.dll' does not exist
LogConsoleResponse: Display: Failed to find resolution value strings in scalability ini. Falling back to default.
LogInit: Display: Running engine for game: FLIGHT
LogPakFile: Registered encryption key '00000000000000000000000000000000': 0 pak files mounted, 0 remain pending
LogPlatformFile: Not using cached read wrapper
LogTaskGraph: Started task graph with 5 named threads and 23 total threads with 3 sets of task threads.
LogStats: Stats thread started at 0.360682
LogD3D11RHI: Loaded GFSDK_Aftermath_Lib.x64.dll
LogWindows: Failed to load '../../../Engine/Binaries/ThirdParty/libsndfile/Win64/libsndfile-1.dll' (GetLastError=126)
LogWindows: File '../../../Engine/Binaries/ThirdParty/libsndfile/Win64/libsndfile-1.dll' does not exist
LogAudioMixer: Display: Failed to load Sound File dll
LogAudioEditor: Display: LibSoundFile failed to load. Importing audio will not work correctly.
LogICUInternationalization: ICU TimeZone Detection - Raw Offset: -5:00, Platform Override: ''
LogPluginManager: Mounting plugin Paper2D
LogPluginManager: Mounting plugin AISupport
LogPluginManager: Mounting plugin LightPropagationVolume
LogPluginManager: Mounting plugin ActorLayerUtilities
LogPluginManager: Mounting plugin AnimationSharing
LogPluginManager: Mounting plugin CLionSourceCodeAccess
LogPluginManager: Mounting plugin CodeLiteSourceCodeAccess
LogPluginManager: Mounting plugin ConcertFrontend
LogPluginManager: Mounting plugin ConcertMain
LogPluginManager: Mounting plugin ConcertSyncClient
LogPluginManager: Mounting plugin ConcertSyncCore
LogPluginManager: Found config from plugin[ConcertSyncCore] E:/AstroSourceGames/F.L.I.G.H.T/FLIGHT/Saved/Config/Windows/Engine.ini
LogPluginManager: Mounting plugin GitSourceControl
LogPluginManager: Mounting plugin KDevelopSourceCodeAccess
LogPluginManager: Mounting plugin NullSourceCodeAccess
LogPluginManager: Mounting plugin PerforceSourceControl
LogPluginManager: Mounting plugin SubversionSourceControl
LogPluginManager: Mounting plugin UObjectPlugin
LogPluginManager: Mounting plugin VisualStudioCodeSourceCodeAccess
LogPluginManager: Mounting plugin VisualStudioSourceCodeAccess
LogPluginManager: Mounting plugin XCodeSourceCodeAccess
LogPluginManager: Mounting plugin AssetManagerEditor
LogPluginManager: Mounting plugin CryptoKeys
LogPluginManager: Mounting plugin DataValidation
LogPluginManager: Mounting plugin EditorScriptingUtilities
LogPluginManager: Mounting plugin FacialAnimation
LogPluginManager: Mounting plugin GameplayTagsEditor
LogPluginManager: Mounting plugin MacGraphicsSwitching
LogPluginManager: Mounting plugin MaterialAnalyzer
LogPluginManager: Mounting plugin MobileLauncherProfileWizard
LogPluginManager: Mounting plugin PluginBrowser
LogPluginManager: Mounting plugin SpeedTreeImporter
LogPluginManager: Mounting plugin DatasmithContent
LogPluginManager: Mounting plugin VariantManagerContent
LogPluginManager: Mounting plugin AlembicImporter
LogPluginManager: Mounting plugin AppleImageUtils
LogPluginManager: Mounting plugin AppleVision
LogPluginManager: Mounting plugin BackChannel
LogPluginManager: Mounting plugin CharacterAI
LogPluginManager: Mounting plugin GeometryCache
LogPluginManager: Mounting plugin HTML5Networking
LogPluginManager: Mounting plugin ProxyLODPlugin
LogPluginManager: Mounting plugin PythonScriptPlugin
LogPluginManager: Mounting plugin SkeletalReduction
LogPluginManager: Mounting plugin MagicLeap
LogPluginManager: Mounting plugin MagicLeapMedia
LogPluginManager: Mounting plugin AndroidMedia
LogPluginManager: Mounting plugin AvfMedia
LogPluginManager: Mounting plugin ImgMedia
LogPluginManager: Mounting plugin LinearTimecode
LogPluginManager: Mounting plugin MediaCompositing
LogPluginManager: Mounting plugin MediaPlayerEditor
LogPluginManager: Mounting plugin WebMMedia
LogPluginManager: Mounting plugin WmfMedia
LogPluginManager: Mounting plugin TcpMessaging
LogPluginManager: Mounting plugin UdpMessaging
LogPluginManager: Mounting plugin ActorSequence
LogPluginManager: Mounting plugin LevelSequenceEditor
LogPluginManager: Mounting plugin MatineeToLevelSequence
LogPluginManager: Mounting plugin NetcodeUnitTest
LogPluginManager: Mounting plugin NUTUnrealEngine4
LogPluginManager: Mounting plugin OnlineSubsystemGooglePlay
LogPluginManager: Mounting plugin OnlineSubsystemIOS
LogPluginManager: Mounting plugin OnlineSubsystem
LogPluginManager: Mounting plugin OnlineSubsystemNull
LogPluginManager: Mounting plugin OnlineSubsystemUtils
LogPluginManager: Mounting plugin LauncherChunkInstaller
LogPluginManager: Mounting plugin AndroidDeviceProfileSelector
LogPluginManager: Mounting plugin AndroidMoviePlayer
LogPluginManager: Mounting plugin AndroidPermission
LogPluginManager: Mounting plugin AppleMoviePlayer
LogPluginManager: Mounting plugin ArchVisCharacter
LogPluginManager: Mounting plugin AudioCapture
LogPluginManager: Mounting plugin CableComponent
LogPluginManager: Mounting plugin CustomMeshComponent
LogPluginManager: Mounting plugin EditableMesh
LogPluginManager: Mounting plugin ExampleDeviceProfileSelector
LogPluginManager: Mounting plugin Firebase
LogPluginManager: Mounting plugin GoogleCloudMessaging
LogPluginManager: Mounting plugin IOSDeviceProfileSelector
LogPluginManager: Mounting plugin LinuxDeviceProfileSelector
LogPluginManager: Mounting plugin LocationServicesBPLibrary
LogPluginManager: Mounting plugin MobilePatchingUtils
LogPluginManager: Mounting plugin OculusVR
LogPluginManager: Mounting plugin PhysXVehicles
LogPluginManager: Mounting plugin ProceduralMeshComponent
LogPluginManager: Mounting plugin RuntimePhysXCooking
LogPluginManager: Mounting plugin SignificanceManager
LogPluginManager: Mounting plugin SteamVR
LogPluginManager: Mounting plugin WebMMoviePlayer
LogPluginManager: Mounting plugin WindowsMoviePlayer
LogInit: Using libcurl 7.55.1-DEV
LogInit:  - built for x86_64-pc-win32
LogInit:  - supports SSL with OpenSSL/1.1.1
LogInit:  - supports HTTP deflate (compression) using libz 1.2.8
LogInit:  - other features:
LogInit:      CURL_VERSION_SSL
LogInit:      CURL_VERSION_LIBZ
LogInit:      CURL_VERSION_IPV6
LogInit:      CURL_VERSION_ASYNCHDNS
LogInit:      CURL_VERSION_LARGEFILE
LogInit:      CURL_VERSION_IDN
LogInit:  CurlRequestOptions (configurable via config and command line):
LogInit:  - bVerifyPeer = true  - Libcurl will verify peer certificate
LogInit:  - bUseHttpProxy = false  - Libcurl will NOT use HTTP proxy
LogInit:  - bDontReuseConnections = false  - Libcurl will reuse connections
LogInit:  - MaxHostConnections = 16  - Libcurl will limit the number of connections to a host
LogInit:  - LocalHostAddr = Default
LogInit:  - BufferSize = 65536
LogInit: WinSock: version 1.1 (2.2), MaxSocks=32767, MaxUdp=65467
LogInit: Build: ++UE4+Release-4.22-CL-5660361
LogInit: Engine Version: 4.22.0-5660361+++UE4+Release-4.22
LogInit: Compatible Engine Version: 4.22.0-5660361+++UE4+Release-4.22
LogInit: Net CL: 5660361
LogInit: OS: Windows 10 (Release 1903) (), CPU: Intel(R) Core(TM) i7-6700HQ CPU @ 2.60GHz, GPU: Intel(R) HD Graphics 530
LogInit: Compiled (64-bit): Mar 31 2019 02:05:09
LogInit: Compiled with Visual C++: 19.16.27025.01
LogInit: Build Configuration: Development
LogInit: Branch Name: ++UE4+Release-4.22
LogInit: Command Line:  /Game/Maps/ScottsTestLevel -game -PIEVIACONSOLE -ResX=1920 -ResY=1080 -Multiprocess -messaging -SessionName="Play in Standalone Game" -windowed
LogInit: Base Directory: C:/Program Files/Epic Games/UE_4.22/Engine/Binaries/Win64/
LogInit: Installed Engine Build: 1
LogDevObjectVersion: Number of dev versions registered: 23
LogDevObjectVersion:   Dev-Blueprints (B0D832E4-1F89-4F0D-ACCF-7EB736FD4AA2): 10
LogDevObjectVersion:   Dev-Build (E1C64328-A22C-4D53-A36C-8E866417BD8C): 0
LogDevObjectVersion:   Dev-Core (375EC13C-06E4-48FB-B500-84F0262A717E): 3
LogDevObjectVersion:   Dev-Editor (E4B068ED-F494-42E9-A231-DA0B2E46BB41): 30
LogDevObjectVersion:   Dev-Framework (CFFC743F-43B0-4480-9391-14DF171D2073): 35
LogDevObjectVersion:   Dev-Mobile (B02B49B5-BB20-44E9-A304-32B752E40360): 2
LogDevObjectVersion:   Dev-Networking (A4E4105C-59A1-49B5-A7C5-40C4547EDFEE): 0
LogDevObjectVersion:   Dev-Online (39C831C9-5AE6-47DC-9A44-9C173E1C8E7C): 0
LogDevObjectVersion:   Dev-Physics (78F01B33-EBEA-4F98-B9B4-84EACCB95AA2): 0
LogDevObjectVersion:   Dev-Platform (6631380F-2D4D-43E0-8009-CF276956A95A): 0
LogDevObjectVersion:   Dev-Rendering (12F88B9F-8875-4AFC-A67C-D90C383ABD29): 28
LogDevObjectVersion:   Dev-Sequencer (7B5AE74C-D270-4C10-A958-57980B212A5A): 11
LogDevObjectVersion:   Dev-VR (D7296918-1DD6-4BDD-9DE2-64A83CC13884): 2
LogDevObjectVersion:   Dev-LoadTimes (C2A15278-BFE7-4AFE-6C17-90FF531DF755): 1
LogDevObjectVersion:   Private-Geometry (6EACA3D4-40EC-4CC1-B786-8BED09428FC5): 3
LogDevObjectVersion:   Dev-AnimPhys (29E575DD-E0A3-4627-9D10-D276232CDCEA): 17
LogDevObjectVersion:   Dev-Anim (AF43A65D-7FD3-4947-9873-3E8ED9C1BB05): 2
LogDevObjectVersion:   Dev-ReflectionCapture (6B266CEC-1EC7-4B8F-A30B-E4D90942FC07): 1
LogDevObjectVersion:   Dev-Automation (0DF73D61-A23F-47EA-B727-89E90C41499A): 1
LogDevObjectVersion:   FortniteMain (601D1886-AC64-4F84-AA16-D3DE0DEAC7D6): 25
LogDevObjectVersion:   Dev-Enterprise (9DFFBCD6-494F-0158-E221-12823C92A888): 6
LogDevObjectVersion:   Dev-Niagara (F2AED0AC-9AFE-416F-8664-AA7FFA26D6FC): 1
LogDevObjectVersion:   Dev-Destruction (174F1F0B-B4C6-45A5-B13F-2EE8D0FB917D): 2
LogInit: Presizing for max 16777216 objects, including 0 objects not considered by GC, pre-allocating 0 bytes for permanent pool.
LogInit: Object subsystem initialized
LogConfig: Setting CVar [[con.DebugEarlyDefault:1]]
LogConfig: Setting CVar [[r.setres:1280x720]]
[2019.10.26-22.53.54:344][  0]LogConfig: Setting CVar [[con.DebugEarlyDefault:1]]
[2019.10.26-22.53.54:344][  0]LogConfig: Setting CVar [[r.setres:1280x720]]
[2019.10.26-22.53.54:344][  0]LogConfig: Applying CVar settings from Section [/Script/Engine.RendererSettings] File [E:/AstroSourceGames/F.L.I.G.H.T/FLIGHT/Saved/Config/Windows/Engine.ini]
[2019.10.26-22.53.54:344][  0]LogConfig: Setting CVar [[r.GPUCrashDebugging:0]]
[2019.10.26-22.53.54:344][  0]LogConfig: Setting CVar [[r.DefaultFeature.AutoExposure.ExtendDefaultLuminanceRange:1]]
[2019.10.26-22.53.54:344][  0]LogConfig: Applying CVar settings from Section [/Script/Engine.RendererOverrideSettings] File [E:/AstroSourceGames/F.L.I.G.H.T/FLIGHT/Saved/Config/Windows/Engine.ini]
[2019.10.26-22.53.54:344][  0]LogConfig: Applying CVar settings from Section [/Script/Engine.StreamingSettings] File [E:/AstroSourceGames/F.L.I.G.H.T/FLIGHT/Saved/Config/Windows/Engine.ini]
[2019.10.26-22.53.54:344][  0]LogConfig: Setting CVar [[s.MinBulkDataSizeForAsyncLoading:131072]]
[2019.10.26-22.53.54:344][  0]LogConfig: Setting CVar [[s.AsyncLoadingThreadEnabled:0]]
[2019.10.26-22.53.54:344][  0]LogConfig: Setting CVar [[s.EventDrivenLoaderEnabled:1]]
[2019.10.26-22.53.54:344][  0]LogConfig: Setting CVar [[s.WarnIfTimeLimitExceeded:0]]
[2019.10.26-22.53.54:344][  0]LogConfig: Setting CVar [[s.TimeLimitExceededMultiplier:1.5]]
[2019.10.26-22.53.54:344][  0]LogConfig: Setting CVar [[s.TimeLimitExceededMinTime:0.005]]
[2019.10.26-22.53.54:344][  0]LogConfig: Setting CVar [[s.UseBackgroundLevelStreaming:1]]
[2019.10.26-22.53.54:344][  0]LogConfig: Setting CVar [[s.PriorityAsyncLoadingExtraTime:15.0]]
[2019.10.26-22.53.54:344][  0]LogConfig: Setting CVar [[s.LevelStreamingActorsUpdateTimeLimit:5.0]]
[2019.10.26-22.53.54:344][  0]LogConfig: Setting CVar [[s.PriorityLevelStreamingActorsUpdateExtraTime:5.0]]
[2019.10.26-22.53.54:344][  0]LogConfig: Setting CVar [[s.LevelStreamingComponentsRegistrationGranularity:10]]
[2019.10.26-22.53.54:344][  0]LogConfig: Setting CVar [[s.UnregisterComponentsTimeLimit:1.0]]
[2019.10.26-22.53.54:344][  0]LogConfig: Setting CVar [[s.LevelStreamingComponentsUnregistrationGranularity:5]]
[2019.10.26-22.53.54:344][  0]LogConfig: Applying CVar settings from Section [/Script/Engine.GarbageCollectionSettings] File [E:/AstroSourceGames/F.L.I.G.H.T/FLIGHT/Saved/Config/Windows/Engine.ini]
[2019.10.26-22.53.54:344][  0]LogConfig: Setting CVar [[gc.MaxObjectsNotConsideredByGC:1]]
[2019.10.26-22.53.54:345][  0]LogConfig: Setting CVar [[gc.SizeOfPermanentObjectPool:0]]
[2019.10.26-22.53.54:345][  0]LogConfig: Setting CVar [[gc.FlushStreamingOnGC:0]]
[2019.10.26-22.53.54:345][  0]LogConfig: Setting CVar [[gc.NumRetriesBeforeForcingGC:10]]
[2019.10.26-22.53.54:345][  0]LogConfig: Setting CVar [[gc.AllowParallelGC:1]]
[2019.10.26-22.53.54:345][  0]LogConfig: Setting CVar [[gc.TimeBetweenPurgingPendingKillObjects:61.1]]
[2019.10.26-22.53.54:345][  0]LogConfig: Setting CVar [[gc.MaxObjectsInEditor:16777216]]
[2019.10.26-22.53.54:345][  0]LogConfig: Setting CVar [[gc.IncrementalBeginDestroyEnabled:1]]
[2019.10.26-22.53.54:345][  0]LogConfig: Setting CVar [[gc.CreateGCClusters:1]]
[2019.10.26-22.53.54:345][  0]LogConfig: Setting CVar [[gc.MinGCClusterSize:5]]
[2019.10.26-22.53.54:345][  0]LogConfig: Setting CVar [[gc.ActorClusteringEnabled:0]]
[2019.10.26-22.53.54:345][  0]LogConfig: Setting CVar [[gc.BlueprintClusteringEnabled:0]]
[2019.10.26-22.53.54:345][  0]LogConfig: Setting CVar [[gc.UseDisregardForGCOnDedicatedServers:0]]
[2019.10.26-22.53.54:345][  0]LogConfig: Applying CVar settings from Section [/Script/Engine.NetworkSettings] File [E:/AstroSourceGames/F.L.I.G.H.T/FLIGHT/Saved/Config/Windows/Engine.ini]
[2019.10.26-22.53.54:345][  0]LogConfig: Applying CVar settings from Section [/Script/UnrealEd.CookerSettings] File [E:/AstroSourceGames/F.L.I.G.H.T/FLIGHT/Saved/Config/Windows/Engine.ini]
[2019.10.26-22.53.54:352][  0]LogConfig: Applying CVar settings from Section [ViewDistanceQuality@3] File [E:/AstroSourceGames/F.L.I.G.H.T/FLIGHT/Saved/Config/Windows/Scalability.ini]
[2019.10.26-22.53.54:352][  0]LogConfig: Setting CVar [[r.SkeletalMeshLODBias:0]]
[2019.10.26-22.53.54:352][  0]LogConfig: Setting CVar [[r.ViewDistanceScale:1.0]]
[2019.10.26-22.53.54:352][  0]LogConfig: Applying CVar settings from Section [AntiAliasingQuality@3] File [E:/AstroSourceGames/F.L.I.G.H.T/FLIGHT/Saved/Config/Windows/Scalability.ini]
[2019.10.26-22.53.54:352][  0]LogConfig: Setting CVar [[r.PostProcessAAQuality:4]]
[2019.10.26-22.53.54:352][  0]LogConfig: Applying CVar settings from Section [ShadowQuality@3] File [E:/AstroSourceGames/F.L.I.G.H.T/FLIGHT/Saved/Config/Windows/Scalability.ini]
[2019.10.26-22.53.54:352][  0]LogConfig: Setting CVar [[r.LightFunctionQuality:1]]
[2019.10.26-22.53.54:352][  0]LogConfig: Setting CVar [[r.ShadowQuality:5]]
[2019.10.26-22.53.54:352][  0]LogConfig: Setting CVar [[r.Shadow.CSM.MaxCascades:10]]
[2019.10.26-22.53.54:352][  0]LogConfig: Setting CVar [[r.Shadow.MaxResolution:2048]]
[2019.10.26-22.53.54:352][  0]LogConfig: Setting CVar [[r.Shadow.MaxCSMResolution:2048]]
[2019.10.26-22.53.54:352][  0]LogConfig: Setting CVar [[r.Shadow.RadiusThreshold:0.01]]
[2019.10.26-22.53.54:352][  0]LogConfig: Setting CVar [[r.Shadow.DistanceScale:1.0]]
[2019.10.26-22.53.54:352][  0]LogConfig: Setting CVar [[r.Shadow.CSM.TransitionScale:1.0]]
[2019.10.26-22.53.54:352][  0]LogConfig: Setting CVar [[r.Shadow.PreShadowResolutionFactor:1.0]]
[2019.10.26-22.53.54:352][  0]LogConfig: Setting CVar [[r.DistanceFieldShadowing:1]]
[2019.10.26-22.53.54:352][  0]LogConfig: Setting CVar [[r.DistanceFieldAO:1]]
[2019.10.26-22.53.54:352][  0]LogConfig: Setting CVar [[r.AOQuality:2]]
[2019.10.26-22.53.54:352][  0]LogConfig: Setting CVar [[r.VolumetricFog:1]]
[2019.10.26-22.53.54:352][  0]LogConfig: Setting CVar [[r.VolumetricFog.GridPixelSize:8]]
[2019.10.26-22.53.54:352][  0]LogConfig: Setting CVar [[r.VolumetricFog.GridSizeZ:128]]
[2019.10.26-22.53.54:352][  0]LogConfig: Setting CVar [[r.VolumetricFog.HistoryMissSupersampleCount:4]]
[2019.10.26-22.53.54:352][  0]LogConfig: Setting CVar [[r.LightMaxDrawDistanceScale:1]]
[2019.10.26-22.53.54:352][  0]LogConfig: Setting CVar [[r.CapsuleShadows:1]]
[2019.10.26-22.53.54:352][  0]LogConfig: Applying CVar settings from Section [PostProcessQuality@3] File [E:/AstroSourceGames/F.L.I.G.H.T/FLIGHT/Saved/Config/Windows/Scalability.ini]
[2019.10.26-22.53.54:352][  0]LogConfig: Setting CVar [[r.MotionBlurQuality:4]]
[2019.10.26-22.53.54:352][  0]LogConfig: Setting CVar [[r.AmbientOcclusionMipLevelFactor:0.4]]
[2019.10.26-22.53.54:352][  0]LogConfig: Setting CVar [[r.AmbientOcclusionMaxQuality:100]]
[2019.10.26-22.53.54:352][  0]LogConfig: Setting CVar [[r.AmbientOcclusionLevels:-1]]
[2019.10.26-22.53.54:352][  0]LogConfig: Setting CVar [[r.AmbientOcclusionRadiusScale:1.0]]
[2019.10.26-22.53.54:352][  0]LogConfig: Setting CVar [[r.DepthOfFieldQuality:2]]
[2019.10.26-22.53.54:352][  0]LogConfig: Setting CVar [[r.RenderTargetPoolMin:400]]
[2019.10.26-22.53.54:352][  0]LogConfig: Setting CVar [[r.LensFlareQuality:2]]
[2019.10.26-22.53.54:352][  0]LogConfig: Setting CVar [[r.SceneColorFringeQuality:1]]
[2019.10.26-22.53.54:352][  0]LogConfig: Setting CVar [[r.EyeAdaptationQuality:2]]
[2019.10.26-22.53.54:352][  0]LogConfig: Setting CVar [[r.BloomQuality:5]]
[2019.10.26-22.53.54:352][  0]LogConfig: Setting CVar [[r.FastBlurThreshold:100]]
[2019.10.26-22.53.54:353][  0]LogConfig: Setting CVar [[r.Upscale.Quality:3]]
[2019.10.26-22.53.54:353][  0]LogConfig: Setting CVar [[r.Tonemapper.GrainQuantization:1]]
[2019.10.26-22.53.54:353][  0]LogConfig: Setting CVar [[r.LightShaftQuality:1]]
[2019.10.26-22.53.54:353][  0]LogConfig: Setting CVar [[r.Filter.SizeScale:1]]
[2019.10.26-22.53.54:353][  0]LogConfig: Setting CVar [[r.Tonemapper.Quality:5]]
[2019.10.26-22.53.54:353][  0]LogConfig: Setting CVar [[r.DOF.Gather.AccumulatorQuality:1        ; higher gathering accumulator quality]]
[2019.10.26-22.53.54:353][  0]LogConfig: Setting CVar [[r.DOF.Gather.PostfilterMethod:1          ; Median3x3 postfilering method]]
[2019.10.26-22.53.54:353][  0]LogConfig: Setting CVar [[r.DOF.Gather.EnableBokehSettings:0       ; no bokeh simulation when gathering]]
[2019.10.26-22.53.54:353][  0]LogConfig: Setting CVar [[r.DOF.Gather.RingCount:4                 ; medium number of samples when gathering]]
[2019.10.26-22.53.54:353][  0]LogConfig: Setting CVar [[r.DOF.Scatter.ForegroundCompositing:1    ; additive foreground scattering]]
[2019.10.26-22.53.54:353][  0]LogConfig: Setting CVar [[r.DOF.Scatter.BackgroundCompositing:2    ; additive background scattering]]
[2019.10.26-22.53.54:353][  0]LogConfig: Setting CVar [[r.DOF.Scatter.EnableBokehSettings:1      ; bokeh simulation when scattering]]
[2019.10.26-22.53.54:353][  0]LogConfig: Setting CVar [[r.DOF.Scatter.MaxSpriteRatio:0.1         ; only a maximum of 10% of scattered bokeh]]
[2019.10.26-22.53.54:353][  0]LogConfig: Setting CVar [[r.DOF.Recombine.Quality:1                ; cheap slight out of focus]]
[2019.10.26-22.53.54:353][  0]LogConfig: Setting CVar [[r.DOF.Recombine.EnableBokehSettings:0    ; no bokeh simulation on slight out of focus]]
[2019.10.26-22.53.54:353][  0]LogConfig: Setting CVar [[r.DOF.TemporalAAQuality:1                ; more stable temporal accumulation]]
[2019.10.26-22.53.54:353][  0]LogConfig: Setting CVar [[r.DOF.Kernel.MaxForegroundRadius:0.025]]
[2019.10.26-22.53.54:353][  0]LogConfig: Setting CVar [[r.DOF.Kernel.MaxBackgroundRadius:0.025]]
[2019.10.26-22.53.54:353][  0]LogConfig: Applying CVar settings from Section [TextureQuality@3] File [E:/AstroSourceGames/F.L.I.G.H.T/FLIGHT/Saved/Config/Windows/Scalability.ini]
[2019.10.26-22.53.54:353][  0]LogConfig: Setting CVar [[r.Streaming.MipBias:0]]
[2019.10.26-22.53.54:353][  0]LogConfig: Setting CVar [[r.Streaming.AmortizeCPUToGPUCopy:0]]
[2019.10.26-22.53.54:353][  0]LogConfig: Setting CVar [[r.Streaming.MaxNumTexturesToStreamPerFrame:0]]
[2019.10.26-22.53.54:353][  0]LogConfig: Setting CVar [[r.Streaming.Boost:1]]
[2019.10.26-22.53.54:353][  0]LogConfig: Setting CVar [[r.MaxAnisotropy:8]]
[2019.10.26-22.53.54:353][  0]LogConfig: Setting CVar [[r.Streaming.LimitPoolSizeToVRAM:0]]
[2019.10.26-22.53.54:353][  0]LogConfig: Setting CVar [[r.Streaming.PoolSize:1000]]
[2019.10.26-22.53.54:353][  0]LogConfig: Setting CVar [[r.Streaming.MaxEffectiveScreenSize:0]]
[2019.10.26-22.53.54:353][  0]LogConfig: Applying CVar settings from Section [EffectsQuality@3] File [E:/AstroSourceGames/F.L.I.G.H.T/FLIGHT/Saved/Config/Windows/Scalability.ini]
[2019.10.26-22.53.54:353][  0]LogConfig: Setting CVar [[r.TranslucencyLightingVolumeDim:64]]
[2019.10.26-22.53.54:353][  0]LogConfig: Setting CVar [[r.RefractionQuality:2]]
[2019.10.26-22.53.54:353][  0]LogConfig: Setting CVar [[r.SSR.Quality:3]]
[2019.10.26-22.53.54:353][  0]LogConfig: Setting CVar [[r.SceneColorFormat:4]]
[2019.10.26-22.53.54:353][  0]LogConfig: Setting CVar [[r.DetailMode:2]]
[2019.10.26-22.53.54:353][  0]LogConfig: Setting CVar [[r.TranslucencyVolumeBlur:1]]
[2019.10.26-22.53.54:353][  0]LogConfig: Setting CVar [[r.MaterialQualityLevel:1 ; High quality]]
[2019.10.26-22.53.54:353][  0]LogConfig: Setting CVar [[r.SSS.Scale:1]]
[2019.10.26-22.53.54:353][  0]LogConfig: Setting CVar [[r.SSS.SampleSet:2]]
[2019.10.26-22.53.54:353][  0]LogConfig: Setting CVar [[r.SSS.Quality:1]]
[2019.10.26-22.53.54:353][  0]LogConfig: Setting CVar [[r.SSS.HalfRes:1]]
[2019.10.26-22.53.54:353][  0]LogConfig: Setting CVar [[r.EmitterSpawnRateScale:1.0]]
[2019.10.26-22.53.54:353][  0]LogConfig: Setting CVar [[r.ParticleLightQuality:2]]
[2019.10.26-22.53.54:353][  0]LogConfig: Applying CVar settings from Section [FoliageQuality@3] File [E:/AstroSourceGames/F.L.I.G.H.T/FLIGHT/Saved/Config/Windows/Scalability.ini]
[2019.10.26-22.53.54:353][  0]LogConfig: Setting CVar [[foliage.DensityScale:1.0]]
[2019.10.26-22.53.54:353][  0]LogConfig: Setting CVar [[grass.DensityScale:1.0]]
[2019.10.26-22.53.54:354][  0]LogInit: Selected Device Profile: [Windows]
[2019.10.26-22.53.54:354][  0]LogInit: Applying CVar settings loaded from the selected device profile: [Windows]
[2019.10.26-22.53.54:361][  0]LogHAL: Display: Platform has ~ 16 GB [17073459200 / 17179869184 / 16], which maps to Larger [LargestMinGB=32, LargerMinGB=12, DefaultMinGB=8, SmallerMinGB=6, SmallestMinGB=0)
[2019.10.26-22.53.54:361][  0]LogConfig: Setting CVar [[r.Vulkan.UseRealUBs:0		; Required until we fix HLR fall-out]]
[2019.10.26-22.53.54:361][  0]LogInit: Going up to parent DeviceProfile []
[2019.10.26-22.53.54:361][  0]LogConfig: Applying CVar settings from Section [ViewDistanceQuality@3] File [E:/AstroSourceGames/F.L.I.G.H.T/FLIGHT/Saved/Config/Windows/Scalability.ini]
[2019.10.26-22.53.54:361][  0]LogConfig: Setting CVar [[r.SkeletalMeshLODBias:0]]
[2019.10.26-22.53.54:361][  0]LogConfig: Setting CVar [[r.ViewDistanceScale:1.0]]
[2019.10.26-22.53.54:361][  0]LogConfig: Applying CVar settings from Section [AntiAliasingQuality@3] File [E:/AstroSourceGames/F.L.I.G.H.T/FLIGHT/Saved/Config/Windows/Scalability.ini]
[2019.10.26-22.53.54:361][  0]LogConfig: Setting CVar [[r.PostProcessAAQuality:4]]
[2019.10.26-22.53.54:361][  0]LogConfig: Applying CVar settings from Section [ShadowQuality@3] File [E:/AstroSourceGames/F.L.I.G.H.T/FLIGHT/Saved/Config/Windows/Scalability.ini]
[2019.10.26-22.53.54:361][  0]LogConfig: Setting CVar [[r.LightFunctionQuality:1]]
[2019.10.26-22.53.54:361][  0]LogConfig: Setting CVar [[r.ShadowQuality:5]]
[2019.10.26-22.53.54:361][  0]LogConfig: Setting CVar [[r.Shadow.CSM.MaxCascades:10]]
[2019.10.26-22.53.54:361][  0]LogConfig: Setting CVar [[r.Shadow.MaxResolution:2048]]
[2019.10.26-22.53.54:361][  0]LogConfig: Setting CVar [[r.Shadow.MaxCSMResolution:2048]]
[2019.10.26-22.53.54:361][  0]LogConfig: Setting CVar [[r.Shadow.RadiusThreshold:0.01]]
[2019.10.26-22.53.54:361][  0]LogConfig: Setting CVar [[r.Shadow.DistanceScale:1.0]]
[2019.10.26-22.53.54:361][  0]LogConfig: Setting CVar [[r.Shadow.CSM.TransitionScale:1.0]]
[2019.10.26-22.53.54:361][  0]LogConfig: Setting CVar [[r.Shadow.PreShadowResolutionFactor:1.0]]
[2019.10.26-22.53.54:361][  0]LogConfig: Setting CVar [[r.DistanceFieldShadowing:1]]
[2019.10.26-22.53.54:361][  0]LogConfig: Setting CVar [[r.DistanceFieldAO:1]]
[2019.10.26-22.53.54:361][  0]LogConfig: Setting CVar [[r.AOQuality:2]]
[2019.10.26-22.53.54:361][  0]LogConfig: Setting CVar [[r.VolumetricFog:1]]
[2019.10.26-22.53.54:361][  0]LogConfig: Setting CVar [[r.VolumetricFog.GridPixelSize:8]]
[2019.10.26-22.53.54:361][  0]LogConfig: Setting CVar [[r.VolumetricFog.GridSizeZ:128]]
[2019.10.26-22.53.54:361][  0]LogConfig: Setting CVar [[r.VolumetricFog.HistoryMissSupersampleCount:4]]
[2019.10.26-22.53.54:361][  0]LogConfig: Setting CVar [[r.LightMaxDrawDistanceScale:1]]
[2019.10.26-22.53.54:361][  0]LogConfig: Setting CVar [[r.CapsuleShadows:1]]
[2019.10.26-22.53.54:361][  0]LogConfig: Applying CVar settings from Section [PostProcessQuality@3] File [E:/AstroSourceGames/F.L.I.G.H.T/FLIGHT/Saved/Config/Windows/Scalability.ini]
[2019.10.26-22.53.54:361][  0]LogConfig: Setting CVar [[r.MotionBlurQuality:4]]
[2019.10.26-22.53.54:361][  0]LogConfig: Setting CVar [[r.AmbientOcclusionMipLevelFactor:0.4]]
[2019.10.26-22.53.54:362][  0]LogConfig: Setting CVar [[r.AmbientOcclusionMaxQuality:100]]
[2019.10.26-22.53.54:362][  0]LogConfig: Setting CVar [[r.AmbientOcclusionLevels:-1]]
[2019.10.26-22.53.54:362][  0]LogConfig: Setting CVar [[r.AmbientOcclusionRadiusScale:1.0]]
[2019.10.26-22.53.54:362][  0]LogConfig: Setting CVar [[r.DepthOfFieldQuality:2]]
[2019.10.26-22.53.54:362][  0]LogConfig: Setting CVar [[r.RenderTargetPoolMin:400]]
[2019.10.26-22.53.54:362][  0]LogConfig: Setting CVar [[r.LensFlareQuality:2]]
[2019.10.26-22.53.54:362][  0]LogConfig: Setting CVar [[r.SceneColorFringeQuality:1]]
[2019.10.26-22.53.54:362][  0]LogConfig: Setting CVar [[r.EyeAdaptationQuality:2]]
[2019.10.26-22.53.54:362][  0]LogConfig: Setting CVar [[r.BloomQuality:5]]
[2019.10.26-22.53.54:362][  0]LogConfig: Setting CVar [[r.FastBlurThreshold:100]]
[2019.10.26-22.53.54:362][  0]LogConfig: Setting CVar [[r.Upscale.Quality:3]]
[2019.10.26-22.53.54:362][  0]LogConfig: Setting CVar [[r.Tonemapper.GrainQuantization:1]]
[2019.10.26-22.53.54:362][  0]LogConfig: Setting CVar [[r.LightShaftQuality:1]]
[2019.10.26-22.53.54:362][  0]LogConfig: Setting CVar [[r.Filter.SizeScale:1]]
[2019.10.26-22.53.54:362][  0]LogConfig: Setting CVar [[r.Tonemapper.Quality:5]]
[2019.10.26-22.53.54:362][  0]LogConfig: Setting CVar [[r.DOF.Gather.AccumulatorQuality:1        ; higher gathering accumulator quality]]
[2019.10.26-22.53.54:362][  0]LogConfig: Setting CVar [[r.DOF.Gather.PostfilterMethod:1          ; Median3x3 postfilering method]]
[2019.10.26-22.53.54:362][  0]LogConfig: Setting CVar [[r.DOF.Gather.EnableBokehSettings:0       ; no bokeh simulation when gathering]]
[2019.10.26-22.53.54:362][  0]LogConfig: Setting CVar [[r.DOF.Gather.RingCount:4                 ; medium number of samples when gathering]]
[2019.10.26-22.53.54:362][  0]LogConfig: Setting CVar [[r.DOF.Scatter.ForegroundCompositing:1    ; additive foreground scattering]]
[2019.10.26-22.53.54:362][  0]LogConfig: Setting CVar [[r.DOF.Scatter.BackgroundCompositing:2    ; additive background scattering]]
[2019.10.26-22.53.54:362][  0]LogConfig: Setting CVar [[r.DOF.Scatter.EnableBokehSettings:1      ; bokeh simulation when scattering]]
[2019.10.26-22.53.54:362][  0]LogConfig: Setting CVar [[r.DOF.Scatter.MaxSpriteRatio:0.1         ; only a maximum of 10% of scattered bokeh]]
[2019.10.26-22.53.54:362][  0]LogConfig: Setting CVar [[r.DOF.Recombine.Quality:1                ; cheap slight out of focus]]
[2019.10.26-22.53.54:362][  0]LogConfig: Setting CVar [[r.DOF.Recombine.EnableBokehSettings:0    ; no bokeh simulation on slight out of focus]]
[2019.10.26-22.53.54:362][  0]LogConfig: Setting CVar [[r.DOF.TemporalAAQuality:1                ; more stable temporal accumulation]]
[2019.10.26-22.53.54:362][  0]LogConfig: Setting CVar [[r.DOF.Kernel.MaxForegroundRadius:0.025]]
[2019.10.26-22.53.54:362][  0]LogConfig: Setting CVar [[r.DOF.Kernel.MaxBackgroundRadius:0.025]]
[2019.10.26-22.53.54:362][  0]LogConfig: Applying CVar settings from Section [TextureQuality@3] File [E:/AstroSourceGames/F.L.I.G.H.T/FLIGHT/Saved/Config/Windows/Scalability.ini]
[2019.10.26-22.53.54:362][  0]LogConfig: Setting CVar [[r.Streaming.MipBias:0]]
[2019.10.26-22.53.54:362][  0]LogConfig: Setting CVar [[r.Streaming.AmortizeCPUToGPUCopy:0]]
[2019.10.26-22.53.54:362][  0]LogConfig: Setting CVar [[r.Streaming.MaxNumTexturesToStreamPerFrame:0]]
[2019.10.26-22.53.54:362][  0]LogConfig: Setting CVar [[r.Streaming.Boost:1]]
[2019.10.26-22.53.54:362][  0]LogConfig: Setting CVar [[r.MaxAnisotropy:8]]
[2019.10.26-22.53.54:362][  0]LogConfig: Setting CVar [[r.Streaming.LimitPoolSizeToVRAM:0]]
[2019.10.26-22.53.54:362][  0]LogConfig: Setting CVar [[r.Streaming.PoolSize:1000]]
[2019.10.26-22.53.54:362][  0]LogConfig: Setting CVar [[r.Streaming.MaxEffectiveScreenSize:0]]
[2019.10.26-22.53.54:362][  0]LogConfig: Applying CVar settings from Section [EffectsQuality@3] File [E:/AstroSourceGames/F.L.I.G.H.T/FLIGHT/Saved/Config/Windows/Scalability.ini]
[2019.10.26-22.53.54:362][  0]LogConfig: Setting CVar [[r.TranslucencyLightingVolumeDim:64]]
[2019.10.26-22.53.54:362][  0]LogConfig: Setting CVar [[r.RefractionQuality:2]]
[2019.10.26-22.53.54:362][  0]LogConfig: Setting CVar [[r.SSR.Quality:3]]
[2019.10.26-22.53.54:362][  0]LogConfig: Setting CVar [[r.SceneColorFormat:4]]
[2019.10.26-22.53.54:362][  0]LogConfig: Setting CVar [[r.DetailMode:2]]
[2019.10.26-22.53.54:362][  0]LogConfig: Setting CVar [[r.TranslucencyVolumeBlur:1]]
[2019.10.26-22.53.54:363][  0]LogConfig: Setting CVar [[r.MaterialQualityLevel:1 ; High quality]]
[2019.10.26-22.53.54:363][  0]LogConfig: Setting CVar [[r.SSS.Scale:1]]
[2019.10.26-22.53.54:363][  0]LogConfig: Setting CVar [[r.SSS.SampleSet:2]]
[2019.10.26-22.53.54:363][  0]LogConfig: Setting CVar [[r.SSS.Quality:1]]
[2019.10.26-22.53.54:363][  0]LogConfig: Setting CVar [[r.SSS.HalfRes:1]]
[2019.10.26-22.53.54:363][  0]LogConfig: Setting CVar [[r.EmitterSpawnRateScale:1.0]]
[2019.10.26-22.53.54:363][  0]LogConfig: Setting CVar [[r.ParticleLightQuality:2]]
[2019.10.26-22.53.54:363][  0]LogConfig: Applying CVar settings from Section [FoliageQuality@3] File [E:/AstroSourceGames/F.L.I.G.H.T/FLIGHT/Saved/Config/Windows/Scalability.ini]
[2019.10.26-22.53.54:363][  0]LogConfig: Setting CVar [[foliage.DensityScale:1.0]]
[2019.10.26-22.53.54:363][  0]LogConfig: Setting CVar [[grass.DensityScale:1.0]]
[2019.10.26-22.53.54:363][  0]LogConfig: Applying CVar settings from Section [Startup] File [../../../Engine/Config/ConsoleVariables.ini]
[2019.10.26-22.53.54:363][  0]LogConfig: Setting CVar [[net.UseAdaptiveNetUpdateFrequency:0]]
[2019.10.26-22.53.54:363][  0]LogConfig: Setting CVar [[p.chaos.AllowCreatePhysxBodies:1]]
[2019.10.26-22.53.54:363][  0]LogConfig: Applying CVar settings from Section [ConsoleVariables] File [E:/AstroSourceGames/F.L.I.G.H.T/FLIGHT/Saved/Config/Windows/Engine.ini]
[2019.10.26-22.53.54:363][  0]LogInit: Computer: SCOTTS_PC
[2019.10.26-22.53.54:363][  0]LogInit: User: scott
[2019.10.26-22.53.54:363][  0]LogInit: CPU Page size=4096, Cores=4
[2019.10.26-22.53.54:364][  0]LogInit: High frequency timer resolution =10.000000 MHz
[2019.10.26-22.53.54:364][  0]LogMemory: Memory total: Physical=15.9GB (16GB approx)
[2019.10.26-22.53.54:364][  0]LogMemory: Platform Memory Stats for Windows
[2019.10.26-22.53.54:364][  0]LogMemory: Process Physical Memory: 99.13 MB used, 99.14 MB peak
[2019.10.26-22.53.54:364][  0]LogMemory: Process Virtual Memory: 96.32 MB used, 96.32 MB peak
[2019.10.26-22.53.54:364][  0]LogMemory: Physical Memory: 7966.68 MB used,  8315.84 MB free, 16282.52 MB total
[2019.10.26-22.53.54:364][  0]LogMemory: Virtual Memory: 4647.47 MB used,  134213080.00 MB free, 134217728.00 MB total
[2019.10.26-22.53.54:402][  0]LogInit: Using OS detected language (en-US).
[2019.10.26-22.53.54:402][  0]LogInit: Using OS detected locale (en-CA).
[2019.10.26-22.53.54:404][  0]LogTextLocalizationManager: No specific localization for 'en-US' exists, so the 'en' localization will be used.
[2019.10.26-22.53.54:760][  0]LogSlate: New Slate User Created.  User Index 0, Is Virtual User: 0
[2019.10.26-22.53.54:760][  0]LogSlate: Slate User Registered.  User Index 0, Is Virtual User: 0
[2019.10.26-22.53.54:835][  0]LogHMD: Failed to initialize OpenVR with code 100
[2019.10.26-22.53.54:835][  0]LogD3D11RHI: D3D11 adapters:
[2019.10.26-22.53.54:927][  0]LogD3D11RHI:    0. 'NVIDIA GeForce GTX 960M' (Feature Level 11_0)
[2019.10.26-22.53.54:927][  0]LogD3D11RHI:       2010/0/8141 MB DedicatedVideo/DedicatedSystem/SharedSystem, Outputs:1, VendorId:0x10de
[2019.10.26-22.53.54:937][  0]LogD3D11RHI:    1. 'Intel(R) HD Graphics 530' (Feature Level 11_0)
[2019.10.26-22.53.54:937][  0]LogD3D11RHI:       128/0/8141 MB DedicatedVideo/DedicatedSystem/SharedSystem, Outputs:0, VendorId:0x8086
[2019.10.26-22.53.54:941][  0]LogD3D11RHI:    2. 'Microsoft Basic Render Driver' (Feature Level 11_0)
[2019.10.26-22.53.54:941][  0]LogD3D11RHI:       0/0/8141 MB DedicatedVideo/DedicatedSystem/SharedSystem, Outputs:0, VendorId:0x1414
[2019.10.26-22.53.54:941][  0]LogD3D11RHI: Chosen D3D11 Adapter: 0
[2019.10.26-22.53.55:001][  0]LogD3D11RHI: Creating new Direct3DDevice
[2019.10.26-22.53.55:001][  0]LogD3D11RHI:     GPU DeviceId: 0x139b (for the marketing name, search the web for "GPU Device Id")
[2019.10.26-22.53.55:001][  0]LogWindows: EnumDisplayDevices:
[2019.10.26-22.53.55:001][  0]LogWindows:    0. 'Intel(R) HD Graphics 530' (P:1 D:1)
[2019.10.26-22.53.55:002][  0]LogWindows:    1. 'Intel(R) HD Graphics 530' (P:0 D:0)
[2019.10.26-22.53.55:002][  0]LogWindows:    2. 'Intel(R) HD Graphics 530' (P:0 D:0)
[2019.10.26-22.53.55:002][  0]LogWindows: DebugString: PrimaryIsNotTheChoosenAdapter PrimaryIsNotTheChoosenAdapter PrimaryIsNotTheChoosenAdapter FoundDriverCount:0 
[2019.10.26-22.53.55:002][  0]LogD3D11RHI:     Adapter Name: NVIDIA GeForce GTX 960M
[2019.10.26-22.53.55:002][  0]LogD3D11RHI:   Driver Version: Unknown (internal:Unknown, unified:Unknown)
[2019.10.26-22.53.55:002][  0]LogD3D11RHI:      Driver Date: Unknown
[2019.10.26-22.53.55:002][  0]LogRHI: Texture pool is 1407 MB (70% of 2010 MB)
[2019.10.26-22.53.55:056][  0]LogD3D11RHI: Async texture creation enabled
[2019.10.26-22.53.55:081][  0]LogRendererCore: FGlobalReadBuffer::InitRHI
[2019.10.26-22.53.55:081][  0]LogRendererCore: FGlobalReadBuffer::InitRHI
[2019.10.26-22.53.55:081][  0]LogRendererCore: FGlobalReadBuffer::InitRHI
[2019.10.26-22.53.55:090][  0]LogD3D11RHI: GPU Timing Frequency: 1000.000000 (Debug: 2 1)
[2019.10.26-22.53.55:500][  0]LogTemp: Display: Module 'WindowsClientTargetPlatform' loaded TargetPlatform 'WindowsClient'
[2019.10.26-22.53.55:517][  0]LogTemp: Display: Module 'WindowsNoEditorTargetPlatform' loaded TargetPlatform 'WindowsNoEditor'
[2019.10.26-22.53.55:533][  0]LogTemp: Display: Module 'WindowsServerTargetPlatform' loaded TargetPlatform 'WindowsServer'
[2019.10.26-22.53.55:540][  0]LogTemp: Display: Module 'WindowsTargetPlatform' loaded TargetPlatform 'Windows'
[2019.10.26-22.53.55:540][  0]LogTargetPlatformManager: Display: Building Assets For Windows
[2019.10.26-22.53.55:550][  0]LogAudioDebug: Display: Lib vorbis DLL was dynamically loaded.
[2019.10.26-22.53.55:610][  0]LogShaderCompilers: Guid format shader working directory is 7 characters bigger than the processId version (E:/AstroSourceGames/F.L.I.G.H.T/FLIGHT/Intermediate/Shaders/WorkingDirectory/15988/).
[2019.10.26-22.53.55:610][  0]LogShaderCompilers: Cleaned the shader compiler working directory 'C:/Users/scott/AppData/Local/Temp/UnrealShaderWorkingDir/1E5D9B464D45F884BC7B409CC095F408/'.
[2019.10.26-22.53.55:613][  0]LogXGEController: Cannot use XGE Controller as Incredibuild is not installed on this machine.
[2019.10.26-22.53.55:613][  0]LogShaderCompilers: Cannot use XGE Shader Compiler as Incredibuild is not installed on this machine.
[2019.10.26-22.53.55:613][  0]LogShaderCompilers: Display: Using Local Shader Compiler.
[2019.10.26-22.53.56:375][  0]LogDerivedDataCache: Display: Max Cache Size: 512 MB
[2019.10.26-22.53.56:436][  0]LogDerivedDataCache: Loaded boot cache 0.06s 71MB C:/Users/scott/AppData/Local/UnrealEngine/4.22/DerivedDataCache/Boot.ddc.
[2019.10.26-22.53.56:436][  0]LogDerivedDataCache: Display: Loaded Boot cache: C:/Users/scott/AppData/Local/UnrealEngine/4.22/DerivedDataCache/Boot.ddc
[2019.10.26-22.53.56:436][  0]LogDerivedDataCache: FDerivedDataBackendGraph:  Pak pak cache file E:/AstroSourceGames/F.L.I.G.H.T/FLIGHT/DerivedDataCache/DDC.ddp not found, will not use a pak cache.
[2019.10.26-22.53.56:436][  0]LogDerivedDataCache: Unable to find inner node Pak for hierarchical cache Hierarchy.
[2019.10.26-22.53.56:436][  0]LogDerivedDataCache: FDerivedDataBackendGraph:  CompressedPak pak cache file E:/AstroSourceGames/F.L.I.G.H.T/FLIGHT/DerivedDataCache/Compressed.ddp not found, will not use a pak cache.
[2019.10.26-22.53.56:436][  0]LogDerivedDataCache: Unable to find inner node CompressedPak for hierarchical cache Hierarchy.
[2019.10.26-22.53.56:454][  0]LogDerivedDataCache: Display: Pak cache opened for reading ../../../Engine/DerivedDataCache/Compressed.ddp.
[2019.10.26-22.53.56:454][  0]LogDerivedDataCache: FDerivedDataBackendGraph:  EnterprisePak pak cache file ../../../Enterprise/DerivedDataCache/Compressed.ddp not found, will not use a pak cache.
[2019.10.26-22.53.56:454][  0]LogDerivedDataCache: Unable to find inner node EnterprisePak for hierarchical cache Hierarchy.
[2019.10.26-22.53.56:466][  0]LogDerivedDataCache: Using Local data cache path C:/Users/scott/AppData/Local/UnrealEngine/Common/DerivedDataCache: Writable
[2019.10.26-22.53.56:466][  0]LogDerivedDataCache: Shared data cache path not found in *engine.ini, will not use an Shared cache.
[2019.10.26-22.53.56:466][  0]LogDerivedDataCache: Unable to find inner node Shared for hierarchical cache Hierarchy.
[2019.10.26-22.53.56:497][  0]LogMaterial: Verifying Global Shaders for PCD3D_SM5
[2019.10.26-22.53.56:499][  0]LogSlate: Using FreeType 2.6.0
[2019.10.26-22.53.56:500][  0]LogSlate: SlateFontServices - WITH_FREETYPE: 1, WITH_HARFBUZZ: 1
[2019.10.26-22.53.56:663][  0]LogInit: Using OS detected language (en-US).
[2019.10.26-22.53.56:663][  0]LogInit: Using OS detected locale (en-CA).
[2019.10.26-22.53.56:663][  0]LogTextLocalizationManager: No localization for 'en-US' exists, so 'en' will be used for the language.
[2019.10.26-22.53.56:663][  0]LogTextLocalizationManager: No localization for 'en-CA' exists, so 'en' will be used for the locale.
[2019.10.26-22.53.56:664][  0]LogSlate: FontCache flush requested. Reason: Culture for localization was changed
[2019.10.26-22.53.56:664][  0]LogSlate: FontCache flush requested. Reason: Culture for localization was changed
[2019.10.26-22.53.56:666][  0]LogTextLocalizationManager: Compacting localization data took   0.01ms
[2019.10.26-22.53.56:676][  0]LogAssetRegistry: FAssetRegistry took 0.0055 seconds to start up
[2019.10.26-22.53.56:942][  0]LogPackageLocalizationCache: Processed 12 localized package path(s) for 1 prioritized culture(s) in 0.000713 seconds
[2019.10.26-22.53.57:119][  0]LogInit: Selected Device Profile: [Windows]
[2019.10.26-22.53.57:312][  0]LogMeshReduction: Using QuadricMeshReduction for automatic static mesh reduction
[2019.10.26-22.53.57:312][  0]LogMeshReduction: Using SimplygonMeshReduction for automatic skeletal mesh reduction
[2019.10.26-22.53.57:312][  0]LogMeshReduction: Using ProxyLODMeshReduction for automatic mesh merging
[2019.10.26-22.53.57:312][  0]LogMeshReduction: No distributed automatic mesh merging module available
[2019.10.26-22.53.57:312][  0]LogMeshMerging: No distributed automatic mesh merging module available
[2019.10.26-22.53.57:331][  0]LogNetVersion: FLIGHT 1.0.0, NetCL: 5660361, EngineNetVer: 10, GameNetVer: 0 (Checksum: 3036253622)
[2019.10.26-22.53.57:972][  0]LogMoviePlayer: Initializing movie player
[2019.10.26-22.53.58:116][  0]LogTcpMessaging: Initializing TcpMessaging bridge
[2019.10.26-22.53.58:129][  0]LogUdpMessaging: Initializing bridge on interface 0.0.0.0:0 to multicast group 230.0.0.1:6666.
[2019.10.26-22.53.58:130][  0]FUdpSocketBuilder: Failed to bind UdpMessageMulticastSocket to 0.0.0.0:6666
[2019.10.26-22.53.58:130][  0]FUdpSocketBuilder: Failed to configure multicast for UdpMessageMulticastSocket (loopback: 1, ttl: 1)
[2019.10.26-22.53.58:130][  0]FUdpSocketBuilder: Failed to create and initialize socket UdpMessageMulticastSocket (last error: 0)
[2019.10.26-22.53.58:130][  0]LogUdpMessaging: Warning: StartTransport failed to create multicast socket on 0.0.0.0:0, joined to 230.0.0.1:6666 with TTL 1
[2019.10.26-22.53.58:230][  0]SourceControl: Source control is disabled
[2019.10.26-22.53.58:230][  0]SourceControl: Source control is disabled
[2019.10.26-22.53.58:231][  0]SourceControl: Source control is disabled
[2019.10.26-22.53.58:289][  0]LogAndroidPermission: UAndroidPermissionCallbackProxy::GetInstance
[2019.10.26-22.53.58:590][  0]LogOcInput: OculusInput pre-init called
[2019.10.26-22.53.58:603][  0]LogUObjectArray: 46962 objects as part of root set at end of initial load.
[2019.10.26-22.53.58:603][  0]LogUObjectAllocator: 8264408 out of 0 bytes used by permanent object pool.
[2019.10.26-22.53.58:603][  0]LogUObjectArray: CloseDisregardForGC: 0/0 objects in disregard for GC pool
[2019.10.26-22.53.58:755][  0]LogEngine: Initializing Engine...
[2019.10.26-22.53.58:756][  0]LogHMD: Failed to initialize OpenVR with code 100
[2019.10.26-22.53.58:769][  0]LogStats: UGameplayTagsManager::InitializeManager -  0.000 s
[2019.10.26-22.53.58:993][  0]LogInit: Initializing FReadOnlyCVARCache
[2019.10.26-22.53.59:094][  0]LogInit: XAudio2 using 'Headphones (2- Arctis 7 Game)' : 2 channels at 48 kHz using 16 bits per sample (channel mask 0x3)
[2019.10.26-22.53.59:160][  0]LogInit: FAudioDevice initialized.
[2019.10.26-22.53.59:172][  0]LogNetVersion: Set ProjectVersion to 1.0.0.0. Version Checksum will be recalculated on next use.
[2019.10.26-22.53.59:184][  0]LogInit: Texture streaming: Enabled
[2019.10.26-22.54.01:656][  0]LogSlate: Updating window title bar state: overlay mode, drag disabled, window buttons hidden, title bar hidden
[2019.10.26-22.54.01:657][  0]LogInit: Display: Game Engine Initialized.
[2019.10.26-22.54.01:746][  0]LogInit: Display: Starting Game.
[2019.10.26-22.54.01:746][  0]LogNet: Browse: /Game/Maps/ScottsTestLevel?Name=Player
[2019.10.26-22.54.01:746][  0]LogLoad: LoadMap: /Game/Maps/ScottsTestLevel?Name=Player
[2019.10.26-22.54.01:807][  0]LogUObjectHash: Compacting FUObjectHashTables data took   5.23ms
[2019.10.26-22.54.02:208][  0]LoadErrors: Warning: Linear color curves now accurately handle RGB values > 1. If you were relying on HSV clamping, please update Curve_GoodSky_DomeColor
[2019.10.26-22.54.02:208][  0]LoadErrors: Warning: Linear color curves now accurately handle RGB values > 1. If you were relying on HSV clamping, please update Curve_GoodSky_horizon_Color
[2019.10.26-22.54.02:208][  0]LoadErrors: Warning: Linear color curves now accurately handle RGB values > 1. If you were relying on HSV clamping, please update Curve_GoodSky_BaseCloudColor
[2019.10.26-22.54.02:208][  0]LoadErrors: Warning: Linear color curves now accurately handle RGB values > 1. If you were relying on HSV clamping, please update Curve_GoodSky_AllOverlayColor
[2019.10.26-22.54.02:260][  0]LogAIModule: Creating AISystem for world ScottsTestLevel
[2019.10.26-22.54.02:261][  0]LogLoad: Game class is 'Default_GM_C'
[2019.10.26-22.54.02:280][  0]LogWorld: Bringing World /Game/Maps/ScottsTestLevel.ScottsTestLevel up for play (max tick rate 0) at 2019.10.26-18.54.02
[2019.10.26-22.54.02:283][  0]LogWorld: Bringing up level for play took: 0.022428
[2019.10.26-22.54.02:285][  0]LogGameMode: FindPlayerStart: PATHS NOT DEFINED or NO PLAYERSTART with positive rating
[2019.10.26-22.54.02:292][  0]LogParticles: GameplayStatics::SpawnEmitterAttached spawned potentially immortal particle system! /Game/Maps/ScottsTestLevel.ScottsTestLevel:PersistentLevel.WeatherSystem_2.ParticleSystemComponent_0 (/Game/In_Map_Objects/Lightning.Lightning) may stay in world despite never spawning particles after burst spawning is over.
[2019.10.26-22.54.02:292][  0]LogBlueprintUserMessages: [WeatherSystem_2] Start:   X=290.000 Y=0.000 Z=4000.000      End:    X=287.542 Y=0.000 Z=0.000
[2019.10.26-22.54.02:295][  0]LogParticles: GameplayStatics::SpawnEmitterAttached spawned potentially immortal particle system! /Game/Maps/ScottsTestLevel.ScottsTestLevel:PersistentLevel.WeatherSystem_2.ParticleSystemComponent_1 (/Game/In_Map_Objects/Lightning.Lightning) may stay in world despite never spawning particles after burst spawning is over.
[2019.10.26-22.54.02:295][  0]LogBlueprintUserMessages: [WeatherSystem_2] Start:   X=-16.200 Y=-0.001 Z=1308.000      End:    X=-430.183 Y=-0.001 Z=1309.675
[2019.10.26-22.54.02:295][  0]LogParticles: GameplayStatics::SpawnEmitterAttached spawned potentially immortal particle system! /Game/Maps/ScottsTestLevel.ScottsTestLevel:PersistentLevel.WeatherSystem_2.ParticleSystemComponent_2 (/Game/In_Map_Objects/Lightning.Lightning) may stay in world despite never spawning particles after burst spawning is over.
[2019.10.26-22.54.02:295][  0]LogBlueprintUserMessages: [WeatherSystem_2] Start:   X=-385.001 Y=-0.001 Z=1248.350      End:    X=-685.183 Y=-0.001 Z=1290.672
[2019.10.26-22.54.02:295][  0]LogParticles: GameplayStatics::SpawnEmitterAttached spawned potentially immortal particle system! /Game/Maps/ScottsTestLevel.ScottsTestLevel:PersistentLevel.WeatherSystem_2.ParticleSystemComponent_3 (/Game/In_Map_Objects/Lightning.Lightning) may stay in world despite never spawning particles after burst spawning is over.
[2019.10.26-22.54.02:295][  0]LogBlueprintUserMessages: [WeatherSystem_2] Start:   X=-640.000 Y=-0.001 Z=1229.344      End:    X=-648.147 Y=0.000 Z=0.000
[2019.10.26-22.54.02:296][  0]LogBlueprintUserMessages: Warning: SetTimer passed a bad function (ShowID) or object (Lander_2)
[2019.10.26-22.54.02:296][  0]LogBlueprintUserMessages: Warning: SetTimer passed a bad function (ShowID) or object (Lander2_5)
[2019.10.26-22.54.02:296][  0]LogBlueprintUserMessages: Warning: SetTimer passed a bad function (ShowID) or object (Lander3_5)
[2019.10.26-22.54.02:296][  0]LogLoad: Took 0.550559 seconds to LoadMap(/Game/Maps/ScottsTestLevel)
[2019.10.26-22.54.02:379][  0]LogRenderer: Reallocating scene render targets to support 1920x1080 Format 10 NumSamples 1 (Frame:1).
[2019.10.26-22.54.02:379][  0]LogLoad: (Engine Initialization) Total time: 10.69 seconds
[2019.10.26-22.54.02:379][  0]LogLoad: (Engine Initialization) Total Blueprint compile time: 0.00 seconds
[2019.10.26-22.54.02:408][  0]LogSlate: New Slate User Created.  User Index 1, Is Virtual User: 0
[2019.10.26-22.54.02:409][  0]LogSlate: Slate User Registered.  User Index 1, Is Virtual User: 0
[2019.10.26-22.54.02:416][  0]LogContentStreaming: Texture pool size now 1000 MB
[2019.10.26-22.54.09:197][411]LogWindowsDesktop: Alt-F4 pressed!
[2019.10.26-22.54.09:226][411]LogSlate: Window 'FLIGHT (64-bit Development PCD3D_SM5) ' being destroyed
[2019.10.26-22.54.09:226][411]LogWindowsTextInputMethodSystem: Display: IME system now deactivated.
[2019.10.26-22.54.09:233][411]LogWindowsTextInputMethodSystem: Display: IME system now deactivated.
[2019.10.26-22.54.09:237][411]LogSlate: Updating window title bar state: overlay mode, drag disabled, window buttons hidden, title bar hidden
[2019.10.26-22.54.09:237][411]LogEngine: All Windows Closed
[2019.10.26-22.54.09:237][411]LogWindows: FPlatformMisc::RequestExit(0)
[2019.10.26-22.54.09:766][412]LogExit: Preparing to exit.
[2019.10.26-22.54.10:218][412]LogMoviePlayer: Shutting down movie player
[2019.10.26-22.54.11:177][412]LogSlate: Updating window title bar state: overlay mode, drag disabled, window buttons hidden, title bar hidden
[2019.10.26-22.54.11:186][412]LogExit: Game engine shut down
[2019.10.26-22.54.11:306][412]LogExit: Object subsystem successfully closed.
[2019.10.26-22.54.11:337][412]LogShaderCompilers: Display: Shaders left to compile 0
[2019.10.26-22.54.11:343][412]LogD3D11RHI: Shutdown
[2019.10.26-22.54.11:343][412]LogD3D11RHI: CleanupD3DDevice
[2019.10.26-22.54.11:343][412]LogRendererCore: FGlobalReadBuffer::ReleaseRHI
[2019.10.26-22.54.11:343][412]LogRendererCore: FGlobalDynamicReadBuffer::Cleanup()
[2019.10.26-22.54.11:343][412]LogRendererCore: FGlobalReadBuffer::ReleaseRHI
[2019.10.26-22.54.11:343][412]LogRendererCore: FGlobalDynamicReadBuffer::Cleanup()
[2019.10.26-22.54.11:343][412]LogRendererCore: FGlobalReadBuffer::ReleaseRHI
[2019.10.26-22.54.11:343][412]LogRendererCore: FGlobalDynamicReadBuffer::Cleanup()
[2019.10.26-22.54.11:456][412]LogD3D11RHI: ~FD3D11DynamicRHI
[2019.10.26-22.54.11:490][412]LogModuleManager: Shutting down and abandoning module SequenceRecorderSections (414)
[2019.10.26-22.54.11:490][412]LogModuleManager: Shutting down and abandoning module SequenceRecorder (412)
[2019.10.26-22.54.11:490][412]LogModuleManager: Shutting down and abandoning module AutomationController (410)
[2019.10.26-22.54.11:490][412]LogModuleManager: Shutting down and abandoning module AutomationWorker (408)
[2019.10.26-22.54.11:490][412]LogModuleManager: Shutting down and abandoning module Voice (406)
[2019.10.26-22.54.11:490][412]LogModuleManager: Shutting down and abandoning module AIModule (404)
[2019.10.26-22.54.11:490][412]LogModuleManager: Shutting down and abandoning module GameplayDebugger (403)
[2019.10.26-22.54.11:490][412]LogModuleManager: Shutting down and abandoning module AITestSuite (401)
[2019.10.26-22.54.11:490][412]LogModuleManager: Shutting down and abandoning module NavigationSystem (399)
[2019.10.26-22.54.11:490][412]LogModuleManager: Shutting down and abandoning module OculusMR (396)
[2019.10.26-22.54.11:490][412]LogModuleManager: Shutting down and abandoning module WmfMediaFactory (394)
[2019.10.26-22.54.11:490][412]LogModuleManager: Shutting down and abandoning module WebMMediaFactory (392)
[2019.10.26-22.54.11:490][412]LogModuleManager: Shutting down and abandoning module WebMMedia (390)
[2019.10.26-22.54.11:490][412]LogModuleManager: Shutting down and abandoning module OpenExrWrapper (388)
[2019.10.26-22.54.11:490][412]LogModuleManager: Shutting down and abandoning module ImgMediaFactory (386)
[2019.10.26-22.54.11:490][412]LogModuleManager: Shutting down and abandoning module AvfMediaFactory (384)
[2019.10.26-22.54.11:490][412]LogModuleManager: Shutting down and abandoning module MagicLeapCameraPreviewFactory (382)
[2019.10.26-22.54.11:490][412]LogModuleManager: Shutting down and abandoning module MagicLeapMediaCodecFactory (380)
[2019.10.26-22.54.11:490][412]LogModuleManager: Shutting down and abandoning module MagicLeapMediaFactory (378)
[2019.10.26-22.54.11:490][412]LogModuleManager: Shutting down and abandoning module CharacterAI (376)
[2019.10.26-22.54.11:490][412]LogModuleManager: Shutting down and abandoning module SessionServices (374)
[2019.10.26-22.54.11:491][412]LogModuleManager: Shutting down and abandoning module MovieSceneCapture (372)
[2019.10.26-22.54.11:491][412]LogModuleManager: Shutting down and abandoning module LiveCoding (370)
[2019.10.26-22.54.11:491][412]LogModuleManager: Shutting down and abandoning module LevelSequence (368)
[2019.10.26-22.54.11:491][412]LogModuleManager: Shutting down and abandoning module MovieSceneTracks (366)
[2019.10.26-22.54.11:491][412]LogModuleManager: Shutting down and abandoning module MovieScene (364)
[2019.10.26-22.54.11:491][412]LogModuleManager: Shutting down and abandoning module StreamingPauseRendering (362)
[2019.10.26-22.54.11:491][412]LogModuleManager: Shutting down and abandoning module PortalServices (360)
[2019.10.26-22.54.11:491][412]LogModuleManager: Shutting down and abandoning module PortalRpc (358)
[2019.10.26-22.54.11:491][412]LogModuleManager: Shutting down and abandoning module MessagingRpc (356)
[2019.10.26-22.54.11:491][412]LogModuleManager: Shutting down and abandoning module ImageWriteQueue (354)
[2019.10.26-22.54.11:493][412]LogModuleManager: Shutting down and abandoning module ProfilerService (352)
[2019.10.26-22.54.11:638][412]LogModuleManager: Shutting down and abandoning module TaskGraph (350)
[2019.10.26-22.54.11:638][412]LogModuleManager: Shutting down and abandoning module SteamVRController (348)
[2019.10.26-22.54.11:638][412]LogModuleManager: Shutting down and abandoning module ProceduralMeshComponent (346)
[2019.10.26-22.54.11:638][412]LogModuleManager: Shutting down and abandoning module OculusInput (344)
[2019.10.26-22.54.11:638][412]LogModuleManager: Shutting down and abandoning module MobilePatchingUtils (342)
[2019.10.26-22.54.11:638][412]LogModuleManager: Shutting down and abandoning module EditableMesh (340)
[2019.10.26-22.54.11:638][412]LogModuleManager: Shutting down and abandoning module CustomMeshComponent (338)
[2019.10.26-22.54.11:638][412]LogModuleManager: Shutting down and abandoning module CableComponent (336)
[2019.10.26-22.54.11:638][412]LogModuleManager: Shutting down and abandoning module AudioCapture (334)
[2019.10.26-22.54.11:638][412]LogModuleManager: Shutting down and abandoning module ArchVisCharacter (332)
[2019.10.26-22.54.11:638][412]LogModuleManager: Shutting down and abandoning module AndroidPermission (330)
[2019.10.26-22.54.11:638][412]LogModuleManager: Shutting down and abandoning module NUTUnrealEngine4 (328)
[2019.10.26-22.54.11:639][412]LogModuleManager: Shutting down and abandoning module NetcodeUnitTest (326)
[2019.10.26-22.54.11:639][412]LogModuleManager: Shutting down and abandoning module MediaCompositing (324)
[2019.10.26-22.54.11:639][412]LogModuleManager: Shutting down and abandoning module LinearTimecode (322)
[2019.10.26-22.54.11:639][412]LogModuleManager: Shutting down and abandoning module ImgMedia (320)
[2019.10.26-22.54.11:639][412]LogModuleManager: Shutting down and abandoning module MagicLeapHelperVulkan (318)
[2019.10.26-22.54.11:639][412]LogModuleManager: Shutting down and abandoning module MagicLeapHelperOpenGL (316)
[2019.10.26-22.54.11:639][412]LogModuleManager: Shutting down and abandoning module MagicLeapAudio (314)
[2019.10.26-22.54.11:639][412]LogModuleManager: Shutting down and abandoning module HTML5Networking (312)
[2019.10.26-22.54.11:639][412]LogModuleManager: Shutting down and abandoning module GeometryCacheTracks (310)
[2019.10.26-22.54.11:639][412]LogModuleManager: Shutting down and abandoning module GeometryCacheSequencer (309)
[2019.10.26-22.54.11:639][412]LogModuleManager: Shutting down and abandoning module GeometryCache (306)
[2019.10.26-22.54.11:639][412]LogModuleManager: Shutting down and abandoning module GeometryCacheEd (305)
[2019.10.26-22.54.11:639][412]LogModuleManager: Shutting down and abandoning module BackChannel (302)
[2019.10.26-22.54.11:639][412]LogModuleManager: Shutting down and abandoning module AppleVision (300)
[2019.10.26-22.54.11:639][412]LogModuleManager: Shutting down and abandoning module AppleImageUtilsBlueprintSupport (298)
[2019.10.26-22.54.11:639][412]LogModuleManager: Shutting down and abandoning module AppleImageUtils (296)
[2019.10.26-22.54.11:639][412]LogModuleManager: Shutting down and abandoning module VariantManagerContent (294)
[2019.10.26-22.54.11:639][412]LogModuleManager: Shutting down and abandoning module CryptoKeysOpenSSL (292)
[2019.10.26-22.54.11:639][412]LogModuleManager: Shutting down and abandoning module CryptoKeys (290)
[2019.10.26-22.54.11:639][412]LogModuleManager: Shutting down and abandoning module VisualStudioSourceCodeAccess (288)
[2019.10.26-22.54.11:639][412]LogModuleManager: Shutting down and abandoning module HotReload (287)
[2019.10.26-22.54.11:639][412]LogModuleManager: Shutting down and abandoning module DirectoryWatcher (286)
[2019.10.26-22.54.11:639][412]LogModuleManager: Shutting down and abandoning module VisualStudioCodeSourceCodeAccess (282)
[2019.10.26-22.54.11:639][412]LogModuleManager: Shutting down and abandoning module UObjectPlugin (280)
[2019.10.26-22.54.11:639][412]LogModuleManager: Shutting down and abandoning module SubversionSourceControl (278)
[2019.10.26-22.54.11:640][412]LogModuleManager: Shutting down and abandoning module PerforceSourceControl (276)
[2019.10.26-22.54.11:640][412]LogModuleManager: Shutting down and abandoning module SourceControl (275)
[2019.10.26-22.54.11:640][412]LogModuleManager: Shutting down and abandoning module ConcertSyncClientLibrary (272)
[2019.10.26-22.54.11:640][412]LogModuleManager: Shutting down and abandoning module ConcertUICore (270)
[2019.10.26-22.54.11:640][412]LogModuleManager: Shutting down and abandoning module ConcertSyncClient (268)
[2019.10.26-22.54.11:640][412]LogModuleManager: Shutting down and abandoning module ConcertFrontend (266)
[2019.10.26-22.54.11:640][412]LogModuleManager: Shutting down and abandoning module CLionSourceCodeAccess (264)
[2019.10.26-22.54.11:640][412]LogModuleManager: Shutting down and abandoning module ActorLayerUtilities (262)
[2019.10.26-22.54.11:640][412]LogModuleManager: Shutting down and abandoning module FLIGHT (260)
[2019.10.26-22.54.11:640][412]LogModuleManager: Shutting down and abandoning module SignificanceManager (258)
[2019.10.26-22.54.11:640][412]LogModuleManager: Shutting down and abandoning module RuntimePhysXCooking (256)
[2019.10.26-22.54.11:640][412]LogModuleManager: Shutting down and abandoning module PhysXVehiclesEditor (254)
[2019.10.26-22.54.11:640][412]LogModuleManager: Shutting down and abandoning module PhysXVehicles (252)
[2019.10.26-22.54.11:640][412]LogModuleManager: Shutting down and abandoning module LocationServicesBPLibrary (250)
[2019.10.26-22.54.11:640][412]LogModuleManager: Shutting down and abandoning module ActorSequence (248)
[2019.10.26-22.54.11:640][412]LogModuleManager: Shutting down and abandoning module UdpMessaging (246)
[2019.10.26-22.54.11:741][412]LogModuleManager: Shutting down and abandoning module TcpMessaging (244)
[2019.10.26-22.54.12:125][412]LogModuleManager: Shutting down and abandoning module MagicLeapIdentity (242)
[2019.10.26-22.54.12:125][412]LogModuleManager: Shutting down and abandoning module MagicLeapSecureStorage (240)
[2019.10.26-22.54.12:125][412]LogModuleManager: Shutting down and abandoning module MagicLeapHandTracking (238)
[2019.10.26-22.54.12:125][412]LogModuleManager: Shutting down and abandoning module MagicLeapEyeTracker (236)
[2019.10.26-22.54.12:125][412]LogModuleManager: Shutting down and abandoning module MagicLeapController (234)
[2019.10.26-22.54.12:125][412]LogSlate: Slate User Destroyed.  User Index 0, Is Virtual User: 0
[2019.10.26-22.54.12:125][412]LogSlate: Slate User Destroyed.  User Index 1, Is Virtual User: 0
[2019.10.26-22.54.12:125][412]LogModuleManager: Shutting down and abandoning module MagicLeapAR (232)
[2019.10.26-22.54.12:126][412]LogModuleManager: Shutting down and abandoning module AugmentedReality (231)
[2019.10.26-22.54.12:126][412]LogModuleManager: Shutting down and abandoning module GameplayTagsEditor (228)
[2019.10.26-22.54.12:126][412]LogModuleManager: Shutting down and abandoning module FacialAnimation (226)
[2019.10.26-22.54.12:126][412]LogModuleManager: Shutting down and abandoning module DataValidation (224)
[2019.10.26-22.54.12:126][412]LogModuleManager: Shutting down and abandoning module AssetManagerEditor (222)
[2019.10.26-22.54.12:126][412]LogModuleManager: Shutting down and abandoning module TreeMap (221)
[2019.10.26-22.54.12:126][412]LogModuleManager: Shutting down and abandoning module ConcertSyncCore (218)
[2019.10.26-22.54.12:126][412]LogModuleManager: Shutting down and abandoning module ConcertTransport (216)
[2019.10.26-22.54.12:126][412]LogModuleManager: Shutting down and abandoning module Concert (214)
[2019.10.26-22.54.12:126][412]LogModuleManager: Shutting down and abandoning module AnimationSharing (212)
[2019.10.26-22.54.12:126][412]LogModuleManager: Shutting down and abandoning module LightPropagationVolumeRuntime (210)
[2019.10.26-22.54.12:126][412]LogModuleManager: Shutting down and abandoning module AISupportModule (208)
[2019.10.26-22.54.12:126][412]LogModuleManager: Shutting down and abandoning module Paper2D (206)
[2019.10.26-22.54.12:126][412]LogModuleManager: Shutting down and abandoning module WindowsMoviePlayer (204)
[2019.10.26-22.54.12:126][412]LogModuleManager: Shutting down and abandoning module WebMMoviePlayer (202)
[2019.10.26-22.54.12:126][412]LogModuleManager: Shutting down and abandoning module PacketHandler (200)
[2019.10.26-22.54.12:126][412]LogModuleManager: Shutting down and abandoning module ClothingSystemEditor (198)
[2019.10.26-22.54.12:126][412]LogModuleManager: Shutting down and abandoning module ClothingSystemRuntime (196)
[2019.10.26-22.54.12:126][412]LogModuleManager: Shutting down and abandoning module MediaAssets (194)
[2019.10.26-22.54.12:126][412]LogModuleManager: Shutting down and abandoning module Overlay (192)
[2019.10.26-22.54.12:126][412]LogModuleManager: Shutting down and abandoning module OverlayEditor (191)
[2019.10.26-22.54.12:126][412]LogModuleManager: Shutting down and abandoning module VREditor (188)
[2019.10.26-22.54.12:126][412]LogModuleManager: Shutting down and abandoning module StringTableEditor (186)
[2019.10.26-22.54.12:126][412]LogModuleManager: Shutting down and abandoning module GameplayTasksEditor (184)
[2019.10.26-22.54.12:126][412]LogModuleManager: Shutting down and abandoning module BehaviorTreeEditor (182)
[2019.10.26-22.54.12:126][412]LogModuleManager: Shutting down and abandoning module FunctionalTesting (180)
[2019.10.26-22.54.12:126][412]LogModuleManager: Shutting down and abandoning module CollisionAnalyzer (178)
[2019.10.26-22.54.12:126][412]LogModuleManager: Shutting down and abandoning module WorkspaceMenuStructure (177)
[2019.10.26-22.54.12:126][412]LogModuleManager: Shutting down and abandoning module UMG (174)
[2019.10.26-22.54.12:127][412]LogModuleManager: Shutting down and abandoning module UMGEditor (173)
[2019.10.26-22.54.12:127][412]LogModuleManager: Shutting down and abandoning module Sequencer (172)
[2019.10.26-22.54.12:127][412]LogModuleManager: Shutting down and abandoning module MessageLog (169)
[2019.10.26-22.54.12:127][412]LogModuleManager: Shutting down and abandoning module SlateReflector (164)
[2019.10.26-22.54.12:127][412]LogModuleManager: Shutting down and abandoning module Slate (162)
[2019.10.26-22.54.12:127][412]LogModuleManager: Shutting down and abandoning module EditorStyle (160)
[2019.10.26-22.54.12:129][412]LogModuleManager: Shutting down and abandoning module UnrealEd (158)
[2019.10.26-22.54.12:129][412]LogModuleManager: Shutting down and abandoning module MRMesh (156)
[2019.10.26-22.54.12:129][412]LogModuleManager: Shutting down and abandoning module Messaging (154)
[2019.10.26-22.54.12:129][412]LogModuleManager: Shutting down and abandoning module SourceCodeAccess (152)
[2019.10.26-22.54.12:129][412]LogModuleManager: Shutting down and abandoning module HeadMountedDisplay (150)
[2019.10.26-22.54.12:129][412]LogModuleManager: Shutting down and abandoning module XAudio2 (148)
[2019.10.26-22.54.12:129][412]LogModuleManager: Shutting down and abandoning module Networking (146)
[2019.10.26-22.54.12:129][412]LogModuleManager: Shutting down and abandoning module Core (144)
[2019.10.26-22.54.12:129][412]LogModuleManager: Shutting down and abandoning module KismetCompiler (142)
[2019.10.26-22.54.12:129][412]LogModuleManager: Shutting down and abandoning module MeshUtilities (140)
[2019.10.26-22.54.12:129][412]LogModuleManager: Shutting down and abandoning module MeshMergeUtilities (139)
[2019.10.26-22.54.12:129][412]LogModuleManager: Shutting down and abandoning module MeshReductionInterface (138)
[2019.10.26-22.54.12:129][412]LogModuleManager: Shutting down and abandoning module SkeletalMeshReduction (137)
[2019.10.26-22.54.12:129][412]LogModuleManager: Shutting down and abandoning module ProxyLODMeshReduction (135)
[2019.10.26-22.54.12:129][412]LogModuleManager: Shutting down and abandoning module QuadricMeshReduction (133)
[2019.10.26-22.54.12:129][412]LogModuleManager: Shutting down and abandoning module MaterialBaking (129)
[2019.10.26-22.54.12:129][412]LogModuleManager: Shutting down and abandoning module PIEPreviewDeviceProfileSelector (124)
[2019.10.26-22.54.12:130][412]LogModuleManager: Shutting down and abandoning module DerivedDataCache (122)
[2019.10.26-22.54.12:477][412]LogDerivedDataCache: Shutdown
[2019.10.26-22.54.12:477][412]LogModuleManager: Shutting down and abandoning module XGEController (120)
[2019.10.26-22.54.12:477][412]LogModuleManager: Shutting down and abandoning module TargetPlatform (118)
[2019.10.26-22.54.12:477][412]LogModuleManager: Shutting down and abandoning module VulkanShaderFormat (117)
[2019.10.26-22.54.12:477][412]LogModuleManager: Shutting down and abandoning module ShaderFormatVectorVM (115)
[2019.10.26-22.54.12:477][412]LogModuleManager: Shutting down and abandoning module ShaderFormatOpenGL (113)
[2019.10.26-22.54.12:477][412]LogModuleManager: Shutting down and abandoning module ShaderFormatD3D (111)
[2019.10.26-22.54.12:477][412]LogModuleManager: Shutting down and abandoning module MetalShaderFormat (109)
[2019.10.26-22.54.12:477][412]LogModuleManager: Shutting down and abandoning module TextureFormatUncompressed (107)
[2019.10.26-22.54.12:477][412]LogModuleManager: Shutting down and abandoning module TextureFormatPVR (105)
[2019.10.26-22.54.12:477][412]LogModuleManager: Shutting down and abandoning module TextureFormatDXT (103)
[2019.10.26-22.54.12:477][412]LogModuleManager: Shutting down and abandoning module TextureFormatIntelISPCTexComp (101)
[2019.10.26-22.54.12:477][412]LogModuleManager: Shutting down and abandoning module TextureFormatASTC (99)
[2019.10.26-22.54.12:477][412]LogModuleManager: Shutting down and abandoning module ImageWrapper (98)
[2019.10.26-22.54.12:477][412]LogModuleManager: Shutting down and abandoning module TextureFormatAndroid (95)
[2019.10.26-22.54.12:477][412]LogModuleManager: Shutting down and abandoning module AudioFormatOpus (93)
[2019.10.26-22.54.12:477][412]LogModuleManager: Shutting down and abandoning module AudioFormatOgg (91)
[2019.10.26-22.54.12:477][412]LogModuleManager: Shutting down and abandoning module AudioFormatADPCM (89)
[2019.10.26-22.54.12:477][412]LogModuleManager: Shutting down and abandoning module WindowsTargetPlatform (87)
[2019.10.26-22.54.12:477][412]LogModuleManager: Shutting down and abandoning module WindowsServerTargetPlatform (85)
[2019.10.26-22.54.12:477][412]LogModuleManager: Shutting down and abandoning module WindowsNoEditorTargetPlatform (83)
[2019.10.26-22.54.12:478][412]LogModuleManager: Shutting down and abandoning module WindowsClientTargetPlatform (81)
[2019.10.26-22.54.12:478][412]LogModuleManager: Shutting down and abandoning module InputCore (78)
[2019.10.26-22.54.12:478][412]LogModuleManager: Shutting down and abandoning module Settings (76)
[2019.10.26-22.54.12:478][412]LogModuleManager: Shutting down and abandoning module PhysXCooking (74)
[2019.10.26-22.54.12:478][412]LogModuleManager: Shutting down and abandoning module SteamVR (72)
[2019.10.26-22.54.12:478][412]LogHMD: Freeing OpenVRDLLHandle.
[2019.10.26-22.54.12:478][412]LogModuleManager: Shutting down and abandoning module OculusHMD (70)
[2019.10.26-22.54.12:478][412]LogModuleManager: Shutting down and abandoning module ExampleDeviceProfileSelector (68)
[2019.10.26-22.54.12:478][412]LogModuleManager: Shutting down and abandoning module LauncherChunkInstaller (66)
[2019.10.26-22.54.12:478][412]LogModuleManager: Shutting down and abandoning module OnlineBlueprintSupport (64)
[2019.10.26-22.54.12:478][412]LogModuleManager: Shutting down and abandoning module OnlineSubsystem (60)
[2019.10.26-22.54.12:479][412]LogModuleManager: Shutting down and abandoning module XMPP (55)
[2019.10.26-22.54.12:479][412]LogModuleManager: Shutting down and abandoning module WebSockets (54)
[2019.10.26-22.54.12:482][412]LogModuleManager: Shutting down and abandoning module HTTP (51)
[2019.10.26-22.54.12:506][412]LogModuleManager: Shutting down and abandoning module SSL (50)
[2019.10.26-22.54.12:508][412]LogModuleManager: Shutting down and abandoning module WmfMedia (46)
[2019.10.26-22.54.12:510][412]LogModuleManager: Shutting down and abandoning module Media (45)
[2019.10.26-22.54.12:517][412]LogModuleManager: Shutting down and abandoning module MagicLeap (42)
[2019.10.26-22.54.12:517][412]LogModuleManager: Shutting down and abandoning module DatasmithContent (40)
[2019.10.26-22.54.12:518][412]LogModuleManager: Shutting down and abandoning module AnimationModifiers (38)
[2019.10.26-22.54.12:518][412]LogModuleManager: Shutting down and abandoning module PropertyEditor (37)
[2019.10.26-22.54.12:518][412]LogModuleManager: Shutting down and abandoning module AudioEditor (34)
[2019.10.26-22.54.12:518][412]LogModuleManager: Shutting down and abandoning module TextureCompressor (32)
[2019.10.26-22.54.12:518][412]LogModuleManager: Shutting down and abandoning module RenderCore (30)
[2019.10.26-22.54.12:518][412]LogModuleManager: Shutting down and abandoning module Landscape (28)
[2019.10.26-22.54.12:518][412]LogModuleManager: Shutting down and abandoning module SlateRHIRenderer (26)
[2019.10.26-22.54.12:518][412]LogModuleManager: Shutting down and abandoning module OpenGLDrv (24)
[2019.10.26-22.54.12:518][412]LogModuleManager: Shutting down and abandoning module D3D11RHI (22)
[2019.10.26-22.54.12:518][412]LogModuleManager: Shutting down and abandoning module AnimGraphRuntime (20)
[2019.10.26-22.54.12:518][412]LogModuleManager: Shutting down and abandoning module Renderer (18)
[2019.10.26-22.54.12:518][412]LogModuleManager: Shutting down and abandoning module Engine (16)
[2019.10.26-22.54.12:518][412]LogModuleManager: Shutting down and abandoning module CoreUObject (14)
[2019.10.26-22.54.12:518][412]LogModuleManager: Shutting down and abandoning module NetworkFile (12)
[2019.10.26-22.54.12:518][412]LogModuleManager: Shutting down and abandoning module CookedIterativeFile (10)
[2019.10.26-22.54.12:518][412]LogModuleManager: Shutting down and abandoning module StreamingFile (8)
[2019.10.26-22.54.12:518][412]LogModuleManager: Shutting down and abandoning module SandboxFile (6)
[2019.10.26-22.54.12:519][412]LogModuleManager: Shutting down and abandoning module PakFile (4)
[2019.10.26-22.54.12:519][412]LogModuleManager: Shutting down and abandoning module RSA (3)
[2019.10.26-22.54.12:526][412]LogExit: Exiting.
[2019.10.26-22.54.12:538][412]Log file closed, 10/26/19 18:54:12
