Log file open, 11/16/19 16:09:09
LogWindows: Failed to load 'aqProf.dll' (GetLastError=126)
LogWindows: File 'aqProf.dll' does not exist
LogWindows: Failed to load 'VtuneApi.dll' (GetLastError=126)
LogWindows: File 'VtuneApi.dll' does not exist
LogWindows: Failed to load 'VtuneApi32e.dll' (GetLastError=126)
LogWindows: File 'VtuneApi32e.dll' does not exist
LogConsoleResponse: Display: Failed to find resolution value strings in scalability ini. Falling back to default.
LogInit: Display: Running engine for game: FLIGHT
LogPakFile: Registered encryption key '00000000000000000000000000000000': 0 pak files mounted, 0 remain pending
LogPlatformFile: Not using cached read wrapper
LogTaskGraph: Started task graph with 5 named threads and 23 total threads with 3 sets of task threads.
LogStats: Stats thread started at 1.347100
LogD3D11RHI: Loaded GFSDK_Aftermath_Lib.x64.dll
LogWindows: Failed to load '../../../Engine/Binaries/ThirdParty/libsndfile/Win64/libsndfile-1.dll' (GetLastError=126)
LogWindows: File '../../../Engine/Binaries/ThirdParty/libsndfile/Win64/libsndfile-1.dll' does not exist
LogAudioMixer: Display: Failed to load Sound File dll
LogAudioEditor: Display: LibSoundFile failed to load. Importing audio will not work correctly.
LogICUInternationalization: ICU TimeZone Detection - Raw Offset: -5:00, Platform Override: ''
LogPluginManager: Mounting plugin Paper2D
LogPluginManager: Mounting plugin AISupport
LogPluginManager: Mounting plugin LightPropagationVolume
LogPluginManager: Mounting plugin ActorLayerUtilities
LogPluginManager: Mounting plugin AnimationSharing
LogPluginManager: Mounting plugin CLionSourceCodeAccess
LogPluginManager: Mounting plugin CodeLiteSourceCodeAccess
LogPluginManager: Mounting plugin ConcertFrontend
LogPluginManager: Mounting plugin ConcertMain
LogPluginManager: Mounting plugin ConcertSyncClient
LogPluginManager: Mounting plugin ConcertSyncCore
LogPluginManager: Found config from plugin[ConcertSyncCore] E:/AstroSourceGames/F.L.I.G.H.T/FLIGHT/Saved/Config/Windows/Engine.ini
LogPluginManager: Mounting plugin GitSourceControl
LogPluginManager: Mounting plugin KDevelopSourceCodeAccess
LogPluginManager: Mounting plugin NullSourceCodeAccess
LogPluginManager: Mounting plugin PerforceSourceControl
LogPluginManager: Mounting plugin SubversionSourceControl
LogPluginManager: Mounting plugin UObjectPlugin
LogPluginManager: Mounting plugin VisualStudioCodeSourceCodeAccess
LogPluginManager: Mounting plugin VisualStudioSourceCodeAccess
LogPluginManager: Mounting plugin XCodeSourceCodeAccess
LogPluginManager: Mounting plugin AssetManagerEditor
LogPluginManager: Mounting plugin CryptoKeys
LogPluginManager: Mounting plugin DataValidation
LogPluginManager: Mounting plugin EditorScriptingUtilities
LogPluginManager: Mounting plugin FacialAnimation
LogPluginManager: Mounting plugin GameplayTagsEditor
LogPluginManager: Mounting plugin MacGraphicsSwitching
LogPluginManager: Mounting plugin MaterialAnalyzer
LogPluginManager: Mounting plugin MobileLauncherProfileWizard
LogPluginManager: Mounting plugin PluginBrowser
LogPluginManager: Mounting plugin SpeedTreeImporter
LogPluginManager: Mounting plugin DatasmithContent
LogPluginManager: Mounting plugin VariantManagerContent
LogPluginManager: Mounting plugin AlembicImporter
LogPluginManager: Mounting plugin AppleImageUtils
LogPluginManager: Mounting plugin AppleVision
LogPluginManager: Mounting plugin BackChannel
LogPluginManager: Mounting plugin CharacterAI
LogPluginManager: Mounting plugin GeometryCache
LogPluginManager: Mounting plugin HTML5Networking
LogPluginManager: Mounting plugin ProxyLODPlugin
LogPluginManager: Mounting plugin PythonScriptPlugin
LogPluginManager: Mounting plugin SkeletalReduction
LogPluginManager: Mounting plugin MagicLeap
LogPluginManager: Mounting plugin MagicLeapMedia
LogPluginManager: Mounting plugin AndroidMedia
LogPluginManager: Mounting plugin AvfMedia
LogPluginManager: Mounting plugin ImgMedia
LogPluginManager: Mounting plugin LinearTimecode
LogPluginManager: Mounting plugin MediaCompositing
LogPluginManager: Mounting plugin MediaPlayerEditor
LogPluginManager: Mounting plugin WebMMedia
LogPluginManager: Mounting plugin WmfMedia
LogPluginManager: Mounting plugin TcpMessaging
LogPluginManager: Mounting plugin UdpMessaging
LogPluginManager: Mounting plugin ActorSequence
LogPluginManager: Mounting plugin LevelSequenceEditor
LogPluginManager: Mounting plugin MatineeToLevelSequence
LogPluginManager: Mounting plugin NetcodeUnitTest
LogPluginManager: Mounting plugin NUTUnrealEngine4
LogPluginManager: Mounting plugin OnlineSubsystemGooglePlay
LogPluginManager: Mounting plugin OnlineSubsystemIOS
LogPluginManager: Mounting plugin OnlineSubsystem
LogPluginManager: Mounting plugin OnlineSubsystemNull
LogPluginManager: Mounting plugin OnlineSubsystemUtils
LogPluginManager: Mounting plugin LauncherChunkInstaller
LogPluginManager: Mounting plugin AndroidDeviceProfileSelector
LogPluginManager: Mounting plugin AndroidMoviePlayer
LogPluginManager: Mounting plugin AndroidPermission
LogPluginManager: Mounting plugin AppleMoviePlayer
LogPluginManager: Mounting plugin ArchVisCharacter
LogPluginManager: Mounting plugin AudioCapture
LogPluginManager: Mounting plugin CableComponent
LogPluginManager: Mounting plugin CustomMeshComponent
LogPluginManager: Mounting plugin EditableMesh
LogPluginManager: Mounting plugin ExampleDeviceProfileSelector
LogPluginManager: Mounting plugin Firebase
LogPluginManager: Mounting plugin GoogleCloudMessaging
LogPluginManager: Mounting plugin IOSDeviceProfileSelector
LogPluginManager: Mounting plugin LinuxDeviceProfileSelector
LogPluginManager: Mounting plugin LocationServicesBPLibrary
LogPluginManager: Mounting plugin MobilePatchingUtils
LogPluginManager: Mounting plugin OculusVR
LogPluginManager: Mounting plugin PhysXVehicles
LogPluginManager: Mounting plugin ProceduralMeshComponent
LogPluginManager: Mounting plugin RuntimePhysXCooking
LogPluginManager: Mounting plugin SignificanceManager
LogPluginManager: Mounting plugin SteamVR
LogPluginManager: Mounting plugin WebMMoviePlayer
LogPluginManager: Mounting plugin WindowsMoviePlayer
LogInit: Using libcurl 7.55.1-DEV
LogInit:  - built for x86_64-pc-win32
LogInit:  - supports SSL with OpenSSL/1.1.1
LogInit:  - supports HTTP deflate (compression) using libz 1.2.8
LogInit:  - other features:
LogInit:      CURL_VERSION_SSL
LogInit:      CURL_VERSION_LIBZ
LogInit:      CURL_VERSION_IPV6
LogInit:      CURL_VERSION_ASYNCHDNS
LogInit:      CURL_VERSION_LARGEFILE
LogInit:      CURL_VERSION_IDN
LogInit:  CurlRequestOptions (configurable via config and command line):
LogInit:  - bVerifyPeer = true  - Libcurl will verify peer certificate
LogInit:  - bUseHttpProxy = false  - Libcurl will NOT use HTTP proxy
LogInit:  - bDontReuseConnections = false  - Libcurl will reuse connections
LogInit:  - MaxHostConnections = 16  - Libcurl will limit the number of connections to a host
LogInit:  - LocalHostAddr = Default
LogInit:  - BufferSize = 65536
LogModuleManager: Warning: ModuleManager: Unable to load module 'OnlineSubsystemSteam'  - 0 instances of that module name found.
LogInit: WinSock: version 1.1 (2.2), MaxSocks=32767, MaxUdp=65467
LogInit: Build: ++UE4+Release-4.22-CL-5660361
LogInit: Engine Version: 4.22.0-5660361+++UE4+Release-4.22
LogInit: Compatible Engine Version: 4.22.0-5660361+++UE4+Release-4.22
LogInit: Net CL: 5660361
LogInit: OS: Windows 10 (Release 1903) (), CPU: Intel(R) Core(TM) i7-6700HQ CPU @ 2.60GHz, GPU: Intel(R) HD Graphics 530
LogInit: Compiled (64-bit): Mar 31 2019 02:05:09
LogInit: Compiled with Visual C++: 19.16.27025.01
LogInit: Build Configuration: Development
LogInit: Branch Name: ++UE4+Release-4.22
LogInit: Command Line: 
LogInit: Base Directory: C:/Program Files/Epic Games/UE_4.22/Engine/Binaries/Win64/
LogInit: Installed Engine Build: 1
LogDevObjectVersion: Number of dev versions registered: 23
LogDevObjectVersion:   Dev-Blueprints (B0D832E4-1F89-4F0D-ACCF-7EB736FD4AA2): 10
LogDevObjectVersion:   Dev-Build (E1C64328-A22C-4D53-A36C-8E866417BD8C): 0
LogDevObjectVersion:   Dev-Core (375EC13C-06E4-48FB-B500-84F0262A717E): 3
LogDevObjectVersion:   Dev-Editor (E4B068ED-F494-42E9-A231-DA0B2E46BB41): 30
LogDevObjectVersion:   Dev-Framework (CFFC743F-43B0-4480-9391-14DF171D2073): 35
LogDevObjectVersion:   Dev-Mobile (B02B49B5-BB20-44E9-A304-32B752E40360): 2
LogDevObjectVersion:   Dev-Networking (A4E4105C-59A1-49B5-A7C5-40C4547EDFEE): 0
LogDevObjectVersion:   Dev-Online (39C831C9-5AE6-47DC-9A44-9C173E1C8E7C): 0
LogDevObjectVersion:   Dev-Physics (78F01B33-EBEA-4F98-B9B4-84EACCB95AA2): 0
LogDevObjectVersion:   Dev-Platform (6631380F-2D4D-43E0-8009-CF276956A95A): 0
LogDevObjectVersion:   Dev-Rendering (12F88B9F-8875-4AFC-A67C-D90C383ABD29): 28
LogDevObjectVersion:   Dev-Sequencer (7B5AE74C-D270-4C10-A958-57980B212A5A): 11
LogDevObjectVersion:   Dev-VR (D7296918-1DD6-4BDD-9DE2-64A83CC13884): 2
LogDevObjectVersion:   Dev-LoadTimes (C2A15278-BFE7-4AFE-6C17-90FF531DF755): 1
LogDevObjectVersion:   Private-Geometry (6EACA3D4-40EC-4CC1-B786-8BED09428FC5): 3
LogDevObjectVersion:   Dev-AnimPhys (29E575DD-E0A3-4627-9D10-D276232CDCEA): 17
LogDevObjectVersion:   Dev-Anim (AF43A65D-7FD3-4947-9873-3E8ED9C1BB05): 2
LogDevObjectVersion:   Dev-ReflectionCapture (6B266CEC-1EC7-4B8F-A30B-E4D90942FC07): 1
LogDevObjectVersion:   Dev-Automation (0DF73D61-A23F-47EA-B727-89E90C41499A): 1
LogDevObjectVersion:   FortniteMain (601D1886-AC64-4F84-AA16-D3DE0DEAC7D6): 25
LogDevObjectVersion:   Dev-Enterprise (9DFFBCD6-494F-0158-E221-12823C92A888): 6
LogDevObjectVersion:   Dev-Niagara (F2AED0AC-9AFE-416F-8664-AA7FFA26D6FC): 1
LogDevObjectVersion:   Dev-Destruction (174F1F0B-B4C6-45A5-B13F-2EE8D0FB917D): 2
LogInit: Presizing for max 16777216 objects, including 0 objects not considered by GC, pre-allocating 0 bytes for permanent pool.
LogInit: Object subsystem initialized
LogConfig: Setting CVar [[con.DebugEarlyDefault:1]]
LogConfig: Setting CVar [[r.setres:1280x720]]
[2019.11.16-21.09.11:055][  0]LogConfig: Setting CVar [[r.VSync:0]]
[2019.11.16-21.09.11:055][  0]LogConfig: Setting CVar [[r.RHICmdBypass:0]]
[2019.11.16-21.09.11:055][  0]LogConfig: Applying CVar settings from Section [/Script/Engine.RendererSettings] File [E:/AstroSourceGames/F.L.I.G.H.T/FLIGHT/Saved/Config/Windows/Engine.ini]
[2019.11.16-21.09.11:055][  0]LogConfig: Setting CVar [[r.GPUCrashDebugging:0]]
[2019.11.16-21.09.11:055][  0]LogConfig: Setting CVar [[r.DefaultFeature.AutoExposure.ExtendDefaultLuminanceRange:1]]
[2019.11.16-21.09.11:055][  0]LogConfig: Setting CVar [[r.DefaultFeature.AntiAliasing:0]]
[2019.11.16-21.09.11:055][  0]LogConfig: Applying CVar settings from Section [/Script/Engine.RendererOverrideSettings] File [E:/AstroSourceGames/F.L.I.G.H.T/FLIGHT/Saved/Config/Windows/Engine.ini]
[2019.11.16-21.09.11:055][  0]LogConfig: Applying CVar settings from Section [/Script/Engine.StreamingSettings] File [E:/AstroSourceGames/F.L.I.G.H.T/FLIGHT/Saved/Config/Windows/Engine.ini]
[2019.11.16-21.09.11:055][  0]LogConfig: Setting CVar [[s.MinBulkDataSizeForAsyncLoading:131072]]
[2019.11.16-21.09.11:055][  0]LogConfig: Setting CVar [[s.AsyncLoadingThreadEnabled:0]]
[2019.11.16-21.09.11:055][  0]LogConfig: Setting CVar [[s.EventDrivenLoaderEnabled:1]]
[2019.11.16-21.09.11:055][  0]LogConfig: Setting CVar [[s.WarnIfTimeLimitExceeded:0]]
[2019.11.16-21.09.11:055][  0]LogConfig: Setting CVar [[s.TimeLimitExceededMultiplier:1.5]]
[2019.11.16-21.09.11:055][  0]LogConfig: Setting CVar [[s.TimeLimitExceededMinTime:0.005]]
[2019.11.16-21.09.11:055][  0]LogConfig: Setting CVar [[s.UseBackgroundLevelStreaming:1]]
[2019.11.16-21.09.11:055][  0]LogConfig: Setting CVar [[s.PriorityAsyncLoadingExtraTime:15.0]]
[2019.11.16-21.09.11:055][  0]LogConfig: Setting CVar [[s.LevelStreamingActorsUpdateTimeLimit:5.0]]
[2019.11.16-21.09.11:055][  0]LogConfig: Setting CVar [[s.PriorityLevelStreamingActorsUpdateExtraTime:5.0]]
[2019.11.16-21.09.11:055][  0]LogConfig: Setting CVar [[s.LevelStreamingComponentsRegistrationGranularity:10]]
[2019.11.16-21.09.11:055][  0]LogConfig: Setting CVar [[s.UnregisterComponentsTimeLimit:1.0]]
[2019.11.16-21.09.11:055][  0]LogConfig: Setting CVar [[s.LevelStreamingComponentsUnregistrationGranularity:5]]
[2019.11.16-21.09.11:055][  0]LogConfig: Applying CVar settings from Section [/Script/Engine.GarbageCollectionSettings] File [E:/AstroSourceGames/F.L.I.G.H.T/FLIGHT/Saved/Config/Windows/Engine.ini]
[2019.11.16-21.09.11:055][  0]LogConfig: Setting CVar [[gc.MaxObjectsNotConsideredByGC:1]]
[2019.11.16-21.09.11:055][  0]LogConfig: Setting CVar [[gc.SizeOfPermanentObjectPool:0]]
[2019.11.16-21.09.11:055][  0]LogConfig: Setting CVar [[gc.FlushStreamingOnGC:0]]
[2019.11.16-21.09.11:055][  0]LogConfig: Setting CVar [[gc.NumRetriesBeforeForcingGC:10]]
[2019.11.16-21.09.11:055][  0]LogConfig: Setting CVar [[gc.AllowParallelGC:1]]
[2019.11.16-21.09.11:055][  0]LogConfig: Setting CVar [[gc.TimeBetweenPurgingPendingKillObjects:61.1]]
[2019.11.16-21.09.11:055][  0]LogConfig: Setting CVar [[gc.MaxObjectsInEditor:16777216]]
[2019.11.16-21.09.11:055][  0]LogConfig: Setting CVar [[gc.IncrementalBeginDestroyEnabled:1]]
[2019.11.16-21.09.11:055][  0]LogConfig: Setting CVar [[gc.CreateGCClusters:1]]
[2019.11.16-21.09.11:055][  0]LogConfig: Setting CVar [[gc.MinGCClusterSize:5]]
[2019.11.16-21.09.11:055][  0]LogConfig: Setting CVar [[gc.ActorClusteringEnabled:0]]
[2019.11.16-21.09.11:055][  0]LogConfig: Setting CVar [[gc.BlueprintClusteringEnabled:0]]
[2019.11.16-21.09.11:055][  0]LogConfig: Setting CVar [[gc.UseDisregardForGCOnDedicatedServers:0]]
[2019.11.16-21.09.11:055][  0]LogConfig: Applying CVar settings from Section [/Script/Engine.NetworkSettings] File [E:/AstroSourceGames/F.L.I.G.H.T/FLIGHT/Saved/Config/Windows/Engine.ini]
[2019.11.16-21.09.11:055][  0]LogConfig: Applying CVar settings from Section [/Script/UnrealEd.CookerSettings] File [E:/AstroSourceGames/F.L.I.G.H.T/FLIGHT/Saved/Config/Windows/Engine.ini]
[2019.11.16-21.09.11:069][  0]LogConfig: Applying CVar settings from Section [ViewDistanceQuality@3] File [E:/AstroSourceGames/F.L.I.G.H.T/FLIGHT/Saved/Config/Windows/Scalability.ini]
[2019.11.16-21.09.11:069][  0]LogConfig: Setting CVar [[r.SkeletalMeshLODBias:0]]
[2019.11.16-21.09.11:069][  0]LogConfig: Setting CVar [[r.ViewDistanceScale:1.0]]
[2019.11.16-21.09.11:069][  0]LogConfig: Applying CVar settings from Section [AntiAliasingQuality@3] File [E:/AstroSourceGames/F.L.I.G.H.T/FLIGHT/Saved/Config/Windows/Scalability.ini]
[2019.11.16-21.09.11:069][  0]LogConfig: Setting CVar [[r.PostProcessAAQuality:4]]
[2019.11.16-21.09.11:069][  0]LogConfig: Applying CVar settings from Section [ShadowQuality@3] File [E:/AstroSourceGames/F.L.I.G.H.T/FLIGHT/Saved/Config/Windows/Scalability.ini]
[2019.11.16-21.09.11:069][  0]LogConfig: Setting CVar [[r.LightFunctionQuality:1]]
[2019.11.16-21.09.11:069][  0]LogConfig: Setting CVar [[r.ShadowQuality:5]]
[2019.11.16-21.09.11:069][  0]LogConfig: Setting CVar [[r.Shadow.CSM.MaxCascades:10]]
[2019.11.16-21.09.11:069][  0]LogConfig: Setting CVar [[r.Shadow.MaxResolution:2048]]
[2019.11.16-21.09.11:069][  0]LogConfig: Setting CVar [[r.Shadow.MaxCSMResolution:2048]]
[2019.11.16-21.09.11:069][  0]LogConfig: Setting CVar [[r.Shadow.RadiusThreshold:0.01]]
[2019.11.16-21.09.11:069][  0]LogConfig: Setting CVar [[r.Shadow.DistanceScale:1.0]]
[2019.11.16-21.09.11:069][  0]LogConfig: Setting CVar [[r.Shadow.CSM.TransitionScale:1.0]]
[2019.11.16-21.09.11:069][  0]LogConfig: Setting CVar [[r.Shadow.PreShadowResolutionFactor:1.0]]
[2019.11.16-21.09.11:069][  0]LogConfig: Setting CVar [[r.DistanceFieldShadowing:1]]
[2019.11.16-21.09.11:069][  0]LogConfig: Setting CVar [[r.DistanceFieldAO:1]]
[2019.11.16-21.09.11:069][  0]LogConfig: Setting CVar [[r.AOQuality:2]]
[2019.11.16-21.09.11:069][  0]LogConfig: Setting CVar [[r.VolumetricFog:1]]
[2019.11.16-21.09.11:069][  0]LogConfig: Setting CVar [[r.VolumetricFog.GridPixelSize:8]]
[2019.11.16-21.09.11:069][  0]LogConfig: Setting CVar [[r.VolumetricFog.GridSizeZ:128]]
[2019.11.16-21.09.11:069][  0]LogConfig: Setting CVar [[r.VolumetricFog.HistoryMissSupersampleCount:4]]
[2019.11.16-21.09.11:069][  0]LogConfig: Setting CVar [[r.LightMaxDrawDistanceScale:1]]
[2019.11.16-21.09.11:069][  0]LogConfig: Setting CVar [[r.CapsuleShadows:1]]
[2019.11.16-21.09.11:069][  0]LogConfig: Applying CVar settings from Section [PostProcessQuality@3] File [E:/AstroSourceGames/F.L.I.G.H.T/FLIGHT/Saved/Config/Windows/Scalability.ini]
[2019.11.16-21.09.11:069][  0]LogConfig: Setting CVar [[r.MotionBlurQuality:4]]
[2019.11.16-21.09.11:069][  0]LogConfig: Setting CVar [[r.AmbientOcclusionMipLevelFactor:0.4]]
[2019.11.16-21.09.11:069][  0]LogConfig: Setting CVar [[r.AmbientOcclusionMaxQuality:100]]
[2019.11.16-21.09.11:069][  0]LogConfig: Setting CVar [[r.AmbientOcclusionLevels:-1]]
[2019.11.16-21.09.11:069][  0]LogConfig: Setting CVar [[r.AmbientOcclusionRadiusScale:1.0]]
[2019.11.16-21.09.11:069][  0]LogConfig: Setting CVar [[r.DepthOfFieldQuality:2]]
[2019.11.16-21.09.11:069][  0]LogConfig: Setting CVar [[r.RenderTargetPoolMin:400]]
[2019.11.16-21.09.11:069][  0]LogConfig: Setting CVar [[r.LensFlareQuality:2]]
[2019.11.16-21.09.11:069][  0]LogConfig: Setting CVar [[r.SceneColorFringeQuality:1]]
[2019.11.16-21.09.11:069][  0]LogConfig: Setting CVar [[r.EyeAdaptationQuality:2]]
[2019.11.16-21.09.11:069][  0]LogConfig: Setting CVar [[r.BloomQuality:5]]
[2019.11.16-21.09.11:069][  0]LogConfig: Setting CVar [[r.FastBlurThreshold:100]]
[2019.11.16-21.09.11:069][  0]LogConfig: Setting CVar [[r.Upscale.Quality:3]]
[2019.11.16-21.09.11:069][  0]LogConfig: Setting CVar [[r.Tonemapper.GrainQuantization:1]]
[2019.11.16-21.09.11:069][  0]LogConfig: Setting CVar [[r.LightShaftQuality:1]]
[2019.11.16-21.09.11:069][  0]LogConfig: Setting CVar [[r.Filter.SizeScale:1]]
[2019.11.16-21.09.11:069][  0]LogConfig: Setting CVar [[r.Tonemapper.Quality:5]]
[2019.11.16-21.09.11:069][  0]LogConfig: Setting CVar [[r.DOF.Gather.AccumulatorQuality:1        ; higher gathering accumulator quality]]
[2019.11.16-21.09.11:069][  0]LogConfig: Setting CVar [[r.DOF.Gather.PostfilterMethod:1          ; Median3x3 postfilering method]]
[2019.11.16-21.09.11:069][  0]LogConfig: Setting CVar [[r.DOF.Gather.EnableBokehSettings:0       ; no bokeh simulation when gathering]]
[2019.11.16-21.09.11:069][  0]LogConfig: Setting CVar [[r.DOF.Gather.RingCount:4                 ; medium number of samples when gathering]]
[2019.11.16-21.09.11:069][  0]LogConfig: Setting CVar [[r.DOF.Scatter.ForegroundCompositing:1    ; additive foreground scattering]]
[2019.11.16-21.09.11:069][  0]LogConfig: Setting CVar [[r.DOF.Scatter.BackgroundCompositing:2    ; additive background scattering]]
[2019.11.16-21.09.11:069][  0]LogConfig: Setting CVar [[r.DOF.Scatter.EnableBokehSettings:1      ; bokeh simulation when scattering]]
[2019.11.16-21.09.11:069][  0]LogConfig: Setting CVar [[r.DOF.Scatter.MaxSpriteRatio:0.1         ; only a maximum of 10% of scattered bokeh]]
[2019.11.16-21.09.11:069][  0]LogConfig: Setting CVar [[r.DOF.Recombine.Quality:1                ; cheap slight out of focus]]
[2019.11.16-21.09.11:069][  0]LogConfig: Setting CVar [[r.DOF.Recombine.EnableBokehSettings:0    ; no bokeh simulation on slight out of focus]]
[2019.11.16-21.09.11:069][  0]LogConfig: Setting CVar [[r.DOF.TemporalAAQuality:1                ; more stable temporal accumulation]]
[2019.11.16-21.09.11:069][  0]LogConfig: Setting CVar [[r.DOF.Kernel.MaxForegroundRadius:0.025]]
[2019.11.16-21.09.11:069][  0]LogConfig: Setting CVar [[r.DOF.Kernel.MaxBackgroundRadius:0.025]]
[2019.11.16-21.09.11:069][  0]LogConfig: Applying CVar settings from Section [TextureQuality@3] File [E:/AstroSourceGames/F.L.I.G.H.T/FLIGHT/Saved/Config/Windows/Scalability.ini]
[2019.11.16-21.09.11:069][  0]LogConfig: Setting CVar [[r.Streaming.MipBias:0]]
[2019.11.16-21.09.11:069][  0]LogConfig: Setting CVar [[r.Streaming.AmortizeCPUToGPUCopy:0]]
[2019.11.16-21.09.11:069][  0]LogConfig: Setting CVar [[r.Streaming.MaxNumTexturesToStreamPerFrame:0]]
[2019.11.16-21.09.11:069][  0]LogConfig: Setting CVar [[r.Streaming.Boost:1]]
[2019.11.16-21.09.11:069][  0]LogConfig: Setting CVar [[r.MaxAnisotropy:8]]
[2019.11.16-21.09.11:069][  0]LogConfig: Setting CVar [[r.Streaming.LimitPoolSizeToVRAM:0]]
[2019.11.16-21.09.11:069][  0]LogConfig: Setting CVar [[r.Streaming.PoolSize:1000]]
[2019.11.16-21.09.11:069][  0]LogConfig: Setting CVar [[r.Streaming.MaxEffectiveScreenSize:0]]
[2019.11.16-21.09.11:069][  0]LogConfig: Applying CVar settings from Section [EffectsQuality@3] File [E:/AstroSourceGames/F.L.I.G.H.T/FLIGHT/Saved/Config/Windows/Scalability.ini]
[2019.11.16-21.09.11:069][  0]LogConfig: Setting CVar [[r.TranslucencyLightingVolumeDim:64]]
[2019.11.16-21.09.11:069][  0]LogConfig: Setting CVar [[r.RefractionQuality:2]]
[2019.11.16-21.09.11:069][  0]LogConfig: Setting CVar [[r.SSR.Quality:3]]
[2019.11.16-21.09.11:069][  0]LogConfig: Setting CVar [[r.SceneColorFormat:4]]
[2019.11.16-21.09.11:069][  0]LogConfig: Setting CVar [[r.DetailMode:2]]
[2019.11.16-21.09.11:069][  0]LogConfig: Setting CVar [[r.TranslucencyVolumeBlur:1]]
[2019.11.16-21.09.11:069][  0]LogConfig: Setting CVar [[r.MaterialQualityLevel:1 ; High quality]]
[2019.11.16-21.09.11:069][  0]LogConfig: Setting CVar [[r.SSS.Scale:1]]
[2019.11.16-21.09.11:069][  0]LogConfig: Setting CVar [[r.SSS.SampleSet:2]]
[2019.11.16-21.09.11:069][  0]LogConfig: Setting CVar [[r.SSS.Quality:1]]
[2019.11.16-21.09.11:069][  0]LogConfig: Setting CVar [[r.SSS.HalfRes:1]]
[2019.11.16-21.09.11:069][  0]LogConfig: Setting CVar [[r.EmitterSpawnRateScale:1.0]]
[2019.11.16-21.09.11:069][  0]LogConfig: Setting CVar [[r.ParticleLightQuality:2]]
[2019.11.16-21.09.11:069][  0]LogConfig: Applying CVar settings from Section [FoliageQuality@3] File [E:/AstroSourceGames/F.L.I.G.H.T/FLIGHT/Saved/Config/Windows/Scalability.ini]
[2019.11.16-21.09.11:069][  0]LogConfig: Setting CVar [[foliage.DensityScale:1.0]]
[2019.11.16-21.09.11:069][  0]LogConfig: Setting CVar [[grass.DensityScale:1.0]]
[2019.11.16-21.09.11:072][  0]LogInit: Selected Device Profile: [Windows]
[2019.11.16-21.09.11:072][  0]LogInit: Applying CVar settings loaded from the selected device profile: [Windows]
[2019.11.16-21.09.11:107][  0]LogHAL: Display: Platform has ~ 16 GB [17073459200 / 17179869184 / 16], which maps to Larger [LargestMinGB=32, LargerMinGB=12, DefaultMinGB=8, SmallerMinGB=6, SmallestMinGB=0)
[2019.11.16-21.09.11:108][  0]LogConfig: Setting CVar [[r.Vulkan.UseRealUBs:0		; Required until we fix HLR fall-out]]
[2019.11.16-21.09.11:109][  0]LogInit: Going up to parent DeviceProfile []
[2019.11.16-21.09.11:110][  0]LogConfig: Applying CVar settings from Section [ViewDistanceQuality@3] File [E:/AstroSourceGames/F.L.I.G.H.T/FLIGHT/Saved/Config/Windows/Scalability.ini]
[2019.11.16-21.09.11:111][  0]LogConfig: Setting CVar [[r.SkeletalMeshLODBias:0]]
[2019.11.16-21.09.11:111][  0]LogConfig: Setting CVar [[r.ViewDistanceScale:1.0]]
[2019.11.16-21.09.11:111][  0]LogConfig: Applying CVar settings from Section [AntiAliasingQuality@3] File [E:/AstroSourceGames/F.L.I.G.H.T/FLIGHT/Saved/Config/Windows/Scalability.ini]
[2019.11.16-21.09.11:111][  0]LogConfig: Setting CVar [[r.PostProcessAAQuality:4]]
[2019.11.16-21.09.11:111][  0]LogConfig: Applying CVar settings from Section [ShadowQuality@3] File [E:/AstroSourceGames/F.L.I.G.H.T/FLIGHT/Saved/Config/Windows/Scalability.ini]
[2019.11.16-21.09.11:111][  0]LogConfig: Setting CVar [[r.LightFunctionQuality:1]]
[2019.11.16-21.09.11:111][  0]LogConfig: Setting CVar [[r.ShadowQuality:5]]
[2019.11.16-21.09.11:111][  0]LogConfig: Setting CVar [[r.Shadow.CSM.MaxCascades:10]]
[2019.11.16-21.09.11:111][  0]LogConfig: Setting CVar [[r.Shadow.MaxResolution:2048]]
[2019.11.16-21.09.11:111][  0]LogConfig: Setting CVar [[r.Shadow.MaxCSMResolution:2048]]
[2019.11.16-21.09.11:111][  0]LogConfig: Setting CVar [[r.Shadow.RadiusThreshold:0.01]]
[2019.11.16-21.09.11:111][  0]LogConfig: Setting CVar [[r.Shadow.DistanceScale:1.0]]
[2019.11.16-21.09.11:111][  0]LogConfig: Setting CVar [[r.Shadow.CSM.TransitionScale:1.0]]
[2019.11.16-21.09.11:111][  0]LogConfig: Setting CVar [[r.Shadow.PreShadowResolutionFactor:1.0]]
[2019.11.16-21.09.11:111][  0]LogConfig: Setting CVar [[r.DistanceFieldShadowing:1]]
[2019.11.16-21.09.11:111][  0]LogConfig: Setting CVar [[r.DistanceFieldAO:1]]
[2019.11.16-21.09.11:111][  0]LogConfig: Setting CVar [[r.AOQuality:2]]
[2019.11.16-21.09.11:111][  0]LogConfig: Setting CVar [[r.VolumetricFog:1]]
[2019.11.16-21.09.11:111][  0]LogConfig: Setting CVar [[r.VolumetricFog.GridPixelSize:8]]
[2019.11.16-21.09.11:111][  0]LogConfig: Setting CVar [[r.VolumetricFog.GridSizeZ:128]]
[2019.11.16-21.09.11:111][  0]LogConfig: Setting CVar [[r.VolumetricFog.HistoryMissSupersampleCount:4]]
[2019.11.16-21.09.11:111][  0]LogConfig: Setting CVar [[r.LightMaxDrawDistanceScale:1]]
[2019.11.16-21.09.11:111][  0]LogConfig: Setting CVar [[r.CapsuleShadows:1]]
[2019.11.16-21.09.11:111][  0]LogConfig: Applying CVar settings from Section [PostProcessQuality@3] File [E:/AstroSourceGames/F.L.I.G.H.T/FLIGHT/Saved/Config/Windows/Scalability.ini]
[2019.11.16-21.09.11:111][  0]LogConfig: Setting CVar [[r.MotionBlurQuality:4]]
[2019.11.16-21.09.11:111][  0]LogConfig: Setting CVar [[r.AmbientOcclusionMipLevelFactor:0.4]]
[2019.11.16-21.09.11:111][  0]LogConfig: Setting CVar [[r.AmbientOcclusionMaxQuality:100]]
[2019.11.16-21.09.11:111][  0]LogConfig: Setting CVar [[r.AmbientOcclusionLevels:-1]]
[2019.11.16-21.09.11:111][  0]LogConfig: Setting CVar [[r.AmbientOcclusionRadiusScale:1.0]]
[2019.11.16-21.09.11:111][  0]LogConfig: Setting CVar [[r.DepthOfFieldQuality:2]]
[2019.11.16-21.09.11:111][  0]LogConfig: Setting CVar [[r.RenderTargetPoolMin:400]]
[2019.11.16-21.09.11:111][  0]LogConfig: Setting CVar [[r.LensFlareQuality:2]]
[2019.11.16-21.09.11:111][  0]LogConfig: Setting CVar [[r.SceneColorFringeQuality:1]]
[2019.11.16-21.09.11:111][  0]LogConfig: Setting CVar [[r.EyeAdaptationQuality:2]]
[2019.11.16-21.09.11:111][  0]LogConfig: Setting CVar [[r.BloomQuality:5]]
[2019.11.16-21.09.11:111][  0]LogConfig: Setting CVar [[r.FastBlurThreshold:100]]
[2019.11.16-21.09.11:111][  0]LogConfig: Setting CVar [[r.Upscale.Quality:3]]
[2019.11.16-21.09.11:111][  0]LogConfig: Setting CVar [[r.Tonemapper.GrainQuantization:1]]
[2019.11.16-21.09.11:111][  0]LogConfig: Setting CVar [[r.LightShaftQuality:1]]
[2019.11.16-21.09.11:111][  0]LogConfig: Setting CVar [[r.Filter.SizeScale:1]]
[2019.11.16-21.09.11:111][  0]LogConfig: Setting CVar [[r.Tonemapper.Quality:5]]
[2019.11.16-21.09.11:111][  0]LogConfig: Setting CVar [[r.DOF.Gather.AccumulatorQuality:1        ; higher gathering accumulator quality]]
[2019.11.16-21.09.11:111][  0]LogConfig: Setting CVar [[r.DOF.Gather.PostfilterMethod:1          ; Median3x3 postfilering method]]
[2019.11.16-21.09.11:111][  0]LogConfig: Setting CVar [[r.DOF.Gather.EnableBokehSettings:0       ; no bokeh simulation when gathering]]
[2019.11.16-21.09.11:111][  0]LogConfig: Setting CVar [[r.DOF.Gather.RingCount:4                 ; medium number of samples when gathering]]
[2019.11.16-21.09.11:111][  0]LogConfig: Setting CVar [[r.DOF.Scatter.ForegroundCompositing:1    ; additive foreground scattering]]
[2019.11.16-21.09.11:111][  0]LogConfig: Setting CVar [[r.DOF.Scatter.BackgroundCompositing:2    ; additive background scattering]]
[2019.11.16-21.09.11:111][  0]LogConfig: Setting CVar [[r.DOF.Scatter.EnableBokehSettings:1      ; bokeh simulation when scattering]]
[2019.11.16-21.09.11:111][  0]LogConfig: Setting CVar [[r.DOF.Scatter.MaxSpriteRatio:0.1         ; only a maximum of 10% of scattered bokeh]]
[2019.11.16-21.09.11:111][  0]LogConfig: Setting CVar [[r.DOF.Recombine.Quality:1                ; cheap slight out of focus]]
[2019.11.16-21.09.11:111][  0]LogConfig: Setting CVar [[r.DOF.Recombine.EnableBokehSettings:0    ; no bokeh simulation on slight out of focus]]
[2019.11.16-21.09.11:111][  0]LogConfig: Setting CVar [[r.DOF.TemporalAAQuality:1                ; more stable temporal accumulation]]
[2019.11.16-21.09.11:111][  0]LogConfig: Setting CVar [[r.DOF.Kernel.MaxForegroundRadius:0.025]]
[2019.11.16-21.09.11:111][  0]LogConfig: Setting CVar [[r.DOF.Kernel.MaxBackgroundRadius:0.025]]
[2019.11.16-21.09.11:111][  0]LogConfig: Applying CVar settings from Section [TextureQuality@3] File [E:/AstroSourceGames/F.L.I.G.H.T/FLIGHT/Saved/Config/Windows/Scalability.ini]
[2019.11.16-21.09.11:111][  0]LogConfig: Setting CVar [[r.Streaming.MipBias:0]]
[2019.11.16-21.09.11:111][  0]LogConfig: Setting CVar [[r.Streaming.AmortizeCPUToGPUCopy:0]]
[2019.11.16-21.09.11:111][  0]LogConfig: Setting CVar [[r.Streaming.MaxNumTexturesToStreamPerFrame:0]]
[2019.11.16-21.09.11:111][  0]LogConfig: Setting CVar [[r.Streaming.Boost:1]]
[2019.11.16-21.09.11:111][  0]LogConfig: Setting CVar [[r.MaxAnisotropy:8]]
[2019.11.16-21.09.11:111][  0]LogConfig: Setting CVar [[r.Streaming.LimitPoolSizeToVRAM:0]]
[2019.11.16-21.09.11:111][  0]LogConfig: Setting CVar [[r.Streaming.PoolSize:1000]]
[2019.11.16-21.09.11:111][  0]LogConfig: Setting CVar [[r.Streaming.MaxEffectiveScreenSize:0]]
[2019.11.16-21.09.11:111][  0]LogConfig: Applying CVar settings from Section [EffectsQuality@3] File [E:/AstroSourceGames/F.L.I.G.H.T/FLIGHT/Saved/Config/Windows/Scalability.ini]
[2019.11.16-21.09.11:112][  0]LogConfig: Setting CVar [[r.TranslucencyLightingVolumeDim:64]]
[2019.11.16-21.09.11:112][  0]LogConfig: Setting CVar [[r.RefractionQuality:2]]
[2019.11.16-21.09.11:112][  0]LogConfig: Setting CVar [[r.SSR.Quality:3]]
[2019.11.16-21.09.11:112][  0]LogConfig: Setting CVar [[r.SceneColorFormat:4]]
[2019.11.16-21.09.11:112][  0]LogConfig: Setting CVar [[r.DetailMode:2]]
[2019.11.16-21.09.11:112][  0]LogConfig: Setting CVar [[r.TranslucencyVolumeBlur:1]]
[2019.11.16-21.09.11:112][  0]LogConfig: Setting CVar [[r.MaterialQualityLevel:1 ; High quality]]
[2019.11.16-21.09.11:112][  0]LogConfig: Setting CVar [[r.SSS.Scale:1]]
[2019.11.16-21.09.11:112][  0]LogConfig: Setting CVar [[r.SSS.SampleSet:2]]
[2019.11.16-21.09.11:112][  0]LogConfig: Setting CVar [[r.SSS.Quality:1]]
[2019.11.16-21.09.11:112][  0]LogConfig: Setting CVar [[r.SSS.HalfRes:1]]
[2019.11.16-21.09.11:112][  0]LogConfig: Setting CVar [[r.EmitterSpawnRateScale:1.0]]
[2019.11.16-21.09.11:112][  0]LogConfig: Setting CVar [[r.ParticleLightQuality:2]]
[2019.11.16-21.09.11:112][  0]LogConfig: Applying CVar settings from Section [FoliageQuality@3] File [E:/AstroSourceGames/F.L.I.G.H.T/FLIGHT/Saved/Config/Windows/Scalability.ini]
[2019.11.16-21.09.11:112][  0]LogConfig: Setting CVar [[foliage.DensityScale:1.0]]
[2019.11.16-21.09.11:112][  0]LogConfig: Setting CVar [[grass.DensityScale:1.0]]
[2019.11.16-21.09.11:112][  0]LogConfig: Applying CVar settings from Section [Startup] File [../../../Engine/Config/ConsoleVariables.ini]
[2019.11.16-21.09.11:117][  0]LogConfig: Setting CVar [[net.UseAdaptiveNetUpdateFrequency:0]]
[2019.11.16-21.09.11:117][  0]LogConfig: Setting CVar [[p.chaos.AllowCreatePhysxBodies:1]]
[2019.11.16-21.09.11:117][  0]LogConfig: Applying CVar settings from Section [ConsoleVariables] File [E:/AstroSourceGames/F.L.I.G.H.T/FLIGHT/Saved/Config/Windows/Engine.ini]
[2019.11.16-21.09.11:120][  0]LogInit: Computer: SCOTTS_PC
[2019.11.16-21.09.11:120][  0]LogInit: User: scott
[2019.11.16-21.09.11:120][  0]LogInit: CPU Page size=4096, Cores=4
[2019.11.16-21.09.11:120][  0]LogInit: High frequency timer resolution =10.000000 MHz
[2019.11.16-21.09.11:121][  0]LogMemory: Memory total: Physical=15.9GB (16GB approx)
[2019.11.16-21.09.11:121][  0]LogMemory: Platform Memory Stats for Windows
[2019.11.16-21.09.11:121][  0]LogMemory: Process Physical Memory: 99.18 MB used, 99.18 MB peak
[2019.11.16-21.09.11:121][  0]LogMemory: Process Virtual Memory: 102.71 MB used, 102.71 MB peak
[2019.11.16-21.09.11:121][  0]LogMemory: Physical Memory: 4549.14 MB used,  11733.38 MB free, 16282.52 MB total
[2019.11.16-21.09.11:121][  0]LogMemory: Virtual Memory: 4654.03 MB used,  134213072.00 MB free, 134217728.00 MB total
[2019.11.16-21.09.11:500][  0]LogInit: Using OS detected language (en-US).
[2019.11.16-21.09.11:500][  0]LogInit: Using OS detected locale (en-CA).
[2019.11.16-21.09.11:502][  0]LogTextLocalizationManager: No specific localization for 'en-US' exists, so the 'en' localization will be used.
[2019.11.16-21.09.12:060][  0]LogSlate: New Slate User Created.  User Index 0, Is Virtual User: 0
[2019.11.16-21.09.12:060][  0]LogSlate: Slate User Registered.  User Index 0, Is Virtual User: 0
[2019.11.16-21.09.14:526][  0]LogHMD: Failed to initialize OpenVR with code 100
[2019.11.16-21.09.14:526][  0]LogD3D11RHI: D3D11 adapters:
[2019.11.16-21.09.14:867][  0]LogD3D11RHI:    0. 'NVIDIA GeForce GTX 960M' (Feature Level 11_0)
[2019.11.16-21.09.14:868][  0]LogD3D11RHI:       2010/0/8141 MB DedicatedVideo/DedicatedSystem/SharedSystem, Outputs:1, VendorId:0x10de
[2019.11.16-21.09.14:876][  0]LogD3D11RHI:    1. 'Intel(R) HD Graphics 530' (Feature Level 11_0)
[2019.11.16-21.09.14:876][  0]LogD3D11RHI:       128/0/8141 MB DedicatedVideo/DedicatedSystem/SharedSystem, Outputs:0, VendorId:0x8086
[2019.11.16-21.09.14:878][  0]LogD3D11RHI:    2. 'Microsoft Basic Render Driver' (Feature Level 11_0)
[2019.11.16-21.09.14:878][  0]LogD3D11RHI:       0/0/8141 MB DedicatedVideo/DedicatedSystem/SharedSystem, Outputs:0, VendorId:0x1414
[2019.11.16-21.09.14:878][  0]LogD3D11RHI: Chosen D3D11 Adapter: 0
[2019.11.16-21.09.14:925][  0]LogD3D11RHI: Creating new Direct3DDevice
[2019.11.16-21.09.14:925][  0]LogD3D11RHI:     GPU DeviceId: 0x139b (for the marketing name, search the web for "GPU Device Id")
[2019.11.16-21.09.14:925][  0]LogWindows: EnumDisplayDevices:
[2019.11.16-21.09.14:925][  0]LogWindows:    0. 'Intel(R) HD Graphics 530' (P:1 D:1)
[2019.11.16-21.09.14:925][  0]LogWindows:    1. 'Intel(R) HD Graphics 530' (P:0 D:0)
[2019.11.16-21.09.14:925][  0]LogWindows:    2. 'Intel(R) HD Graphics 530' (P:0 D:0)
[2019.11.16-21.09.14:926][  0]LogWindows: DebugString: PrimaryIsNotTheChoosenAdapter PrimaryIsNotTheChoosenAdapter PrimaryIsNotTheChoosenAdapter FoundDriverCount:0 
[2019.11.16-21.09.14:926][  0]LogD3D11RHI:     Adapter Name: NVIDIA GeForce GTX 960M
[2019.11.16-21.09.14:926][  0]LogD3D11RHI:   Driver Version: Unknown (internal:Unknown, unified:Unknown)
[2019.11.16-21.09.14:926][  0]LogD3D11RHI:      Driver Date: Unknown
[2019.11.16-21.09.14:926][  0]LogRHI: Texture pool is 1407 MB (70% of 2010 MB)
[2019.11.16-21.09.14:978][  0]LogD3D11RHI: Async texture creation enabled
[2019.11.16-21.09.15:052][  0]LogRendererCore: FGlobalReadBuffer::InitRHI
[2019.11.16-21.09.15:054][  0]LogRendererCore: FGlobalReadBuffer::InitRHI
[2019.11.16-21.09.15:054][  0]LogRendererCore: FGlobalReadBuffer::InitRHI
[2019.11.16-21.09.15:066][  0]LogD3D11RHI: GPU Timing Frequency: 1000.000000 (Debug: 2 1)
[2019.11.16-21.09.15:671][  0]LogTemp: Display: Module 'AllDesktopTargetPlatform' loaded TargetPlatform 'AllDesktop'
[2019.11.16-21.09.15:687][  0]LogTemp: Display: Module 'MacClientTargetPlatform' loaded TargetPlatform 'MacClient'
[2019.11.16-21.09.15:704][  0]LogTemp: Display: Module 'MacNoEditorTargetPlatform' loaded TargetPlatform 'MacNoEditor'
[2019.11.16-21.09.15:721][  0]LogTemp: Display: Module 'MacServerTargetPlatform' loaded TargetPlatform 'MacServer'
[2019.11.16-21.09.15:744][  0]LogTemp: Display: Module 'MacTargetPlatform' loaded TargetPlatform 'Mac'
[2019.11.16-21.09.15:763][  0]LogTemp: Display: Module 'WindowsClientTargetPlatform' loaded TargetPlatform 'WindowsClient'
[2019.11.16-21.09.15:812][  0]LogTemp: Display: Module 'WindowsNoEditorTargetPlatform' loaded TargetPlatform 'WindowsNoEditor'
[2019.11.16-21.09.15:831][  0]LogTemp: Display: Module 'WindowsServerTargetPlatform' loaded TargetPlatform 'WindowsServer'
[2019.11.16-21.09.15:844][  0]LogTemp: Display: Module 'WindowsTargetPlatform' loaded TargetPlatform 'Windows'
[2019.11.16-21.09.15:939][  0]LogTemp: Display: Module 'AndroidTargetPlatform' loaded TargetPlatform 'Android'
[2019.11.16-21.09.15:939][  0]LogTemp: Display: Module 'AndroidTargetPlatform' loaded TargetPlatform 'Android_ASTC'
[2019.11.16-21.09.15:939][  0]LogTemp: Display: Module 'AndroidTargetPlatform' loaded TargetPlatform 'Android_ATC'
[2019.11.16-21.09.15:939][  0]LogTemp: Display: Module 'AndroidTargetPlatform' loaded TargetPlatform 'Android_DXT'
[2019.11.16-21.09.15:939][  0]LogTemp: Display: Module 'AndroidTargetPlatform' loaded TargetPlatform 'Android_ETC1'
[2019.11.16-21.09.15:939][  0]LogTemp: Display: Module 'AndroidTargetPlatform' loaded TargetPlatform 'Android_ETC1a'
[2019.11.16-21.09.15:939][  0]LogTemp: Display: Module 'AndroidTargetPlatform' loaded TargetPlatform 'Android_ETC2'
[2019.11.16-21.09.15:939][  0]LogTemp: Display: Module 'AndroidTargetPlatform' loaded TargetPlatform 'Android_PVRTC'
[2019.11.16-21.09.15:939][  0]LogTemp: Display: Module 'AndroidTargetPlatform' loaded TargetPlatform 'AndroidClient'
[2019.11.16-21.09.15:939][  0]LogTemp: Display: Module 'AndroidTargetPlatform' loaded TargetPlatform 'Android_ASTCClient'
[2019.11.16-21.09.15:939][  0]LogTemp: Display: Module 'AndroidTargetPlatform' loaded TargetPlatform 'Android_ATCClient'
[2019.11.16-21.09.15:939][  0]LogTemp: Display: Module 'AndroidTargetPlatform' loaded TargetPlatform 'Android_DXTClient'
[2019.11.16-21.09.15:939][  0]LogTemp: Display: Module 'AndroidTargetPlatform' loaded TargetPlatform 'Android_ETC1Client'
[2019.11.16-21.09.15:939][  0]LogTemp: Display: Module 'AndroidTargetPlatform' loaded TargetPlatform 'Android_ETC1aClient'
[2019.11.16-21.09.15:939][  0]LogTemp: Display: Module 'AndroidTargetPlatform' loaded TargetPlatform 'Android_ETC2Client'
[2019.11.16-21.09.15:939][  0]LogTemp: Display: Module 'AndroidTargetPlatform' loaded TargetPlatform 'Android_PVRTCClient'
[2019.11.16-21.09.15:939][  0]LogTemp: Display: Module 'AndroidTargetPlatform' loaded TargetPlatform 'Android_Multi'
[2019.11.16-21.09.15:939][  0]LogTemp: Display: Module 'AndroidTargetPlatform' loaded TargetPlatform 'Android_MultiClient'
[2019.11.16-21.09.15:946][  0]LogTemp: Display: Module 'HTML5TargetPlatform' loaded TargetPlatform 'HTML5'
[2019.11.16-21.09.16:025][  0]LogTemp: Display: Module 'IOSTargetPlatform' loaded TargetPlatform 'IOSClient'
[2019.11.16-21.09.16:025][  0]LogTemp: Display: Module 'IOSTargetPlatform' loaded TargetPlatform 'IOS'
[2019.11.16-21.09.16:052][  0]LogTemp: Display: Module 'TVOSTargetPlatform' loaded TargetPlatform 'TVOSClient'
[2019.11.16-21.09.16:052][  0]LogTemp: Display: Module 'TVOSTargetPlatform' loaded TargetPlatform 'TVOS'
[2019.11.16-21.09.16:069][  0]LogTemp: Display: Module 'LinuxClientTargetPlatform' loaded TargetPlatform 'LinuxClient'
[2019.11.16-21.09.16:086][  0]LogTemp: Display: Module 'LinuxNoEditorTargetPlatform' loaded TargetPlatform 'LinuxNoEditor'
[2019.11.16-21.09.16:103][  0]LogTemp: Display: Module 'LinuxServerTargetPlatform' loaded TargetPlatform 'LinuxServer'
[2019.11.16-21.09.16:130][  0]LogTemp: Display: Module 'LinuxTargetPlatform' loaded TargetPlatform 'Linux'
[2019.11.16-21.09.16:185][  0]LogTemp: Display: Module 'LuminTargetPlatform' loaded TargetPlatform 'Lumin'
[2019.11.16-21.09.16:185][  0]LogTemp: Display: Module 'LuminTargetPlatform' loaded TargetPlatform 'LuminClient'
[2019.11.16-21.09.16:185][  0]LogTargetPlatformManager: Display: Building Assets For Windows
[2019.11.16-21.09.16:234][  0]LogAudioDebug: Display: Lib vorbis DLL was dynamically loaded.
[2019.11.16-21.09.16:457][  0]LogShaderCompilers: Guid format shader working directory is 7 characters bigger than the processId version (E:/AstroSourceGames/F.L.I.G.H.T/FLIGHT/Intermediate/Shaders/WorkingDirectory/13592/).
[2019.11.16-21.09.16:457][  0]LogShaderCompilers: Cleaned the shader compiler working directory 'C:/Users/scott/AppData/Local/Temp/UnrealShaderWorkingDir/5F1A2B324589C66C0749BCA3577790ED/'.
[2019.11.16-21.09.16:463][  0]LogXGEController: Cleaning working directory: C:/Users/scott/AppData/Local/Temp/UnrealXGEWorkingDir/
[2019.11.16-21.09.16:463][  0]LogXGEController: Cannot use XGE Controller as Incredibuild is not installed on this machine.
[2019.11.16-21.09.16:464][  0]LogShaderCompilers: Cannot use XGE Shader Compiler as Incredibuild is not installed on this machine.
[2019.11.16-21.09.16:464][  0]LogShaderCompilers: Display: Using Local Shader Compiler.
[2019.11.16-21.09.19:066][  0]LogDerivedDataCache: Display: Max Cache Size: 512 MB
[2019.11.16-21.09.19:307][  0]LogDerivedDataCache: Loaded boot cache 0.24s 71MB C:/Users/scott/AppData/Local/UnrealEngine/4.22/DerivedDataCache/Boot.ddc.
[2019.11.16-21.09.19:307][  0]LogDerivedDataCache: Display: Loaded Boot cache: C:/Users/scott/AppData/Local/UnrealEngine/4.22/DerivedDataCache/Boot.ddc
[2019.11.16-21.09.19:307][  0]LogDerivedDataCache: FDerivedDataBackendGraph:  Pak pak cache file E:/AstroSourceGames/F.L.I.G.H.T/FLIGHT/DerivedDataCache/DDC.ddp not found, will not use a pak cache.
[2019.11.16-21.09.19:307][  0]LogDerivedDataCache: Unable to find inner node Pak for hierarchical cache Hierarchy.
[2019.11.16-21.09.19:307][  0]LogDerivedDataCache: FDerivedDataBackendGraph:  CompressedPak pak cache file E:/AstroSourceGames/F.L.I.G.H.T/FLIGHT/DerivedDataCache/Compressed.ddp not found, will not use a pak cache.
[2019.11.16-21.09.19:307][  0]LogDerivedDataCache: Unable to find inner node CompressedPak for hierarchical cache Hierarchy.
[2019.11.16-21.09.19:334][  0]LogDerivedDataCache: Display: Pak cache opened for reading ../../../Engine/DerivedDataCache/Compressed.ddp.
[2019.11.16-21.09.19:334][  0]LogDerivedDataCache: FDerivedDataBackendGraph:  EnterprisePak pak cache file ../../../Enterprise/DerivedDataCache/Compressed.ddp not found, will not use a pak cache.
[2019.11.16-21.09.19:334][  0]LogDerivedDataCache: Unable to find inner node EnterprisePak for hierarchical cache Hierarchy.
[2019.11.16-21.09.19:349][  0]LogDerivedDataCache: Using Local data cache path C:/Users/scott/AppData/Local/UnrealEngine/Common/DerivedDataCache: Writable
[2019.11.16-21.09.19:349][  0]LogDerivedDataCache: Shared data cache path not found in *engine.ini, will not use an Shared cache.
[2019.11.16-21.09.19:349][  0]LogDerivedDataCache: Unable to find inner node Shared for hierarchical cache Hierarchy.
[2019.11.16-21.09.19:381][  0]LogMaterial: Verifying Global Shaders for PCD3D_SM5
[2019.11.16-21.09.19:397][  0]LogSlate: Using FreeType 2.6.0
[2019.11.16-21.09.19:419][  0]LogSlate: SlateFontServices - WITH_FREETYPE: 1, WITH_HARFBUZZ: 1
[2019.11.16-21.09.19:858][  0]LogAssetRegistry: FAssetRegistry took 0.0408 seconds to start up
[2019.11.16-21.09.20:430][  0]LogInit: Selected Device Profile: [Windows]
[2019.11.16-21.09.20:881][  0]LogMeshReduction: Using QuadricMeshReduction for automatic static mesh reduction
[2019.11.16-21.09.20:881][  0]LogMeshReduction: Using SimplygonMeshReduction for automatic skeletal mesh reduction
[2019.11.16-21.09.20:881][  0]LogMeshReduction: Using ProxyLODMeshReduction for automatic mesh merging
[2019.11.16-21.09.20:881][  0]LogMeshReduction: No distributed automatic mesh merging module available
[2019.11.16-21.09.20:882][  0]LogMeshMerging: No distributed automatic mesh merging module available
[2019.11.16-21.09.20:924][  0]ImportText (NetDriverDefinitions): Bad quoted string at: 
[2019.11.16-21.09.20:968][  0]LogNetVersion: FLIGHT 1.0.0, NetCL: 5660361, EngineNetVer: 10, GameNetVer: 0 (Checksum: 3036253622)
[2019.11.16-21.09.21:080][  0]ImportText (NetDriverDefinitions): Bad quoted string at: 
[2019.11.16-21.09.22:292][  0]ImportText (NetDriverDefinitions): Bad quoted string at: 
[2019.11.16-21.09.22:431][  0]ImportText (NetDriverDefinitions): Bad quoted string at: 
[2019.11.16-21.09.22:757][  0]LogPackageLocalizationCache: Processed 12 localized package path(s) for 1 prioritized culture(s) in 0.188115 seconds
[2019.11.16-21.09.22:764][  0]LogUObjectArray: 42205 objects as part of root set at end of initial load.
[2019.11.16-21.09.22:764][  0]LogUObjectAllocator: 7325032 out of 0 bytes used by permanent object pool.
[2019.11.16-21.09.22:764][  0]LogUObjectArray: CloseDisregardForGC: 0/0 objects in disregard for GC pool
[2019.11.16-21.09.29:074][  0]LogTcpMessaging: Initializing TcpMessaging bridge
[2019.11.16-21.09.29:100][  0]LogUdpMessaging: Initializing bridge on interface 0.0.0.0:0 to multicast group 230.0.0.1:6666.
[2019.11.16-21.09.29:100][  0]FUdpSocketBuilder: Failed to bind UdpMessageMulticastSocket to 0.0.0.0:6666
[2019.11.16-21.09.29:100][  0]FUdpSocketBuilder: Failed to configure multicast for UdpMessageMulticastSocket (loopback: 1, ttl: 1)
[2019.11.16-21.09.29:100][  0]FUdpSocketBuilder: Failed to create and initialize socket UdpMessageMulticastSocket (last error: 0)
[2019.11.16-21.09.29:100][  0]LogUdpMessaging: Warning: StartTransport failed to create multicast socket on 0.0.0.0:0, joined to 230.0.0.1:6666 with TTL 1
[2019.11.16-21.09.29:584][  0]SourceControl: Source control is disabled
[2019.11.16-21.09.31:244][  0]LogAndroidPermission: UAndroidPermissionCallbackProxy::GetInstance
[2019.11.16-21.09.31:612][  0]LogOcInput: OculusInput pre-init called
[2019.11.16-21.09.32:669][  0]LogEngine: Initializing Engine...
[2019.11.16-21.09.32:671][  0]LogHMD: Failed to initialize OpenVR with code 100
[2019.11.16-21.09.32:674][  0]LogStats: UGameplayTagsManager::InitializeManager -  0.001 s
[2019.11.16-21.09.33:134][  0]LogInit: Initializing FReadOnlyCVARCache
[2019.11.16-21.09.33:211][  0]LogAIModule: Creating AISystem for world Untitled
[2019.11.16-21.09.33:293][  0]LogInit: XAudio2 using 'Headphones (2- Arctis 7 Game)' : 2 channels at 48 kHz using 16 bits per sample (channel mask 0x3)
[2019.11.16-21.09.33:530][  0]LogInit: FAudioDevice initialized.
[2019.11.16-21.09.33:531][  0]LogNetVersion: Set ProjectVersion to 0.0.1. Version Checksum will be recalculated on next use.
[2019.11.16-21.09.33:608][  0]LogDerivedDataCache: Saved boot cache 0.08s 71MB C:/Users/scott/AppData/Local/UnrealEngine/4.22/DerivedDataCache/Boot.ddc.
[2019.11.16-21.09.33:616][  0]LogInit: Texture streaming: Enabled
[2019.11.16-21.09.33:650][  0]LogEngineSessionManager: EngineSessionManager initialized
[2019.11.16-21.09.33:887][  0]LogInit: Transaction tracking system initialized
[2019.11.16-21.09.34:014][  0]BlueprintLog: New page: Editor Load
[2019.11.16-21.09.34:365][  0]LocalizationService: Localization service is disabled
[2019.11.16-21.09.34:811][  0]LogLinker: Warning: Can't find file '/Game/Maps/LevelInteraface'
[2019.11.16-21.09.34:811][  0]LogLinker: Warning: Can't find file '/Game/Maps/LevelInteraface'
[2019.11.16-21.09.34:811][  0]LogUObjectGlobals: Warning: Failed to find object 'Class /Game/Maps/LevelInteraface.LevelInteraface_C'
[2019.11.16-21.09.35:528][  0]LogCook: Display: Max memory allowance for cook 16384mb min free memory 0mb
[2019.11.16-21.09.35:529][  0]LogCook: Display: Mobile HDR setting 1
[2019.11.16-21.09.36:188][  0]LogFileCache: Scanning file cache for directory 'E:/AstroSourceGames/F.L.I.G.H.T/FLIGHT/Content/' took 0.05s
[2019.11.16-21.09.36:231][  0]Cmd: MAP LOAD FILE="E:/AstroSourceGames/F.L.I.G.H.T/FLIGHT/Content/Maps/Menu.umap" TEMPLATE=0 SHOWPROGRESS=1 FEATURELEVEL=3
[2019.11.16-21.09.36:244][  0]LightingResults: New page: Lighting Build
[2019.11.16-21.09.36:257][  0]MapCheck: New page: Map Check
[2019.11.16-21.09.36:257][  0]LightingResults: New page: Lighting Build
[2019.11.16-21.09.36:298][  0]LogUObjectHash: Compacting FUObjectHashTables data took   2.69ms
[2019.11.16-21.09.50:381][  0]LogAIModule: Creating AISystem for world Menu
[2019.11.16-21.09.50:442][  0]LogEditorServer: Finished looking for orphan Actors (0.000 secs)
[2019.11.16-21.09.50:533][  0]LogUObjectHash: Compacting FUObjectHashTables data took   6.09ms
[2019.11.16-21.09.50:533][  0]Cmd: MAP CHECKDEP NOCLEARLOG
[2019.11.16-21.09.50:533][  0]MapCheck: Map check complete: 0 Error(s), 0 Warning(s), took 0.109ms to complete.
[2019.11.16-21.09.50:533][  0]LogFileHelpers: Loading map 'Menu' took 14.303
[2019.11.16-21.09.50:883][  0]LogSlate: Updating window title bar state: overlay mode, drag disabled, window buttons hidden, title bar hidden
[2019.11.16-21.09.50:900][  0]LogSlate: Updating window title bar state: overlay mode, drag disabled, window buttons hidden, title bar hidden
[2019.11.16-21.09.50:918][  0]LogSlate: Updating window title bar state: overlay mode, drag disabled, window buttons hidden, title bar hidden
[2019.11.16-21.09.50:934][  0]LogSlate: Updating window title bar state: overlay mode, drag disabled, window buttons hidden, title bar hidden
[2019.11.16-21.09.50:979][  0]LogCollectionManager: Loaded 0 collections in 0.017460 seconds
[2019.11.16-21.09.51:051][  0]LogFileCache: Scanning file cache for directory 'E:/AstroSourceGames/F.L.I.G.H.T/FLIGHT/Saved/Collections/' took 0.01s
[2019.11.16-21.09.51:051][  0]LogFileCache: Scanning file cache for directory 'E:/AstroSourceGames/F.L.I.G.H.T/FLIGHT/Content/Developers/scott/Collections/' took 0.01s
[2019.11.16-21.09.51:051][  0]LogFileCache: Scanning file cache for directory 'E:/AstroSourceGames/F.L.I.G.H.T/FLIGHT/Content/Collections/' took 0.01s
[2019.11.16-21.09.51:051][  0]LogCollectionManager: Rebuilt the GUID cache for 0 collections in 0.000001 seconds
[2019.11.16-21.09.51:070][  0]LogContentBrowser: Native class hierarchy populated in 0.0161 seconds. Added 2758 classes and 680 folders.
[2019.11.16-21.09.51:092][  0]LogContentBrowser: Native class hierarchy updated for 'WidgetCarousel' in 0.0007 seconds. Added 0 classes and 0 folders.
[2019.11.16-21.09.51:105][  0]LogPakFile: Registered encryption key '00000000000000000000000000000000': 0 pak files mounted, 0 remain pending
[2019.11.16-21.09.51:119][  0]LogPakFile: Registered encryption key '00000000000000000000000000000000': 0 pak files mounted, 0 remain pending
[2019.11.16-21.09.51:151][  0]LogPakFile: Registered encryption key '00000000000000000000000000000000': 0 pak files mounted, 0 remain pending
[2019.11.16-21.09.51:161][  0]LogPakFile: Registered encryption key '00000000000000000000000000000000': 0 pak files mounted, 0 remain pending
[2019.11.16-21.09.51:169][  0]LogPakFile: Registered encryption key '00000000000000000000000000000000': 0 pak files mounted, 0 remain pending
[2019.11.16-21.09.51:177][  0]LogPakFile: Registered encryption key '00000000000000000000000000000000': 0 pak files mounted, 0 remain pending
[2019.11.16-21.09.51:186][  0]LogPakFile: Registered encryption key '00000000000000000000000000000000': 0 pak files mounted, 0 remain pending
[2019.11.16-21.09.51:195][  0]LogPakFile: Registered encryption key '00000000000000000000000000000000': 0 pak files mounted, 0 remain pending
[2019.11.16-21.09.51:207][  0]LogPakFile: Registered encryption key '00000000000000000000000000000000': 0 pak files mounted, 0 remain pending
[2019.11.16-21.09.51:217][  0]LogPakFile: Registered encryption key '00000000000000000000000000000000': 0 pak files mounted, 0 remain pending
[2019.11.16-21.09.51:226][  0]LogPakFile: Registered encryption key '00000000000000000000000000000000': 0 pak files mounted, 0 remain pending
[2019.11.16-21.09.51:235][  0]LogPakFile: Registered encryption key '00000000000000000000000000000000': 0 pak files mounted, 0 remain pending
[2019.11.16-21.09.51:243][  0]LogPakFile: Registered encryption key '00000000000000000000000000000000': 0 pak files mounted, 0 remain pending
[2019.11.16-21.09.51:252][  0]LogPakFile: Registered encryption key '00000000000000000000000000000000': 0 pak files mounted, 0 remain pending
[2019.11.16-21.09.51:260][  0]LogPakFile: Registered encryption key '00000000000000000000000000000000': 0 pak files mounted, 0 remain pending
[2019.11.16-21.09.51:269][  0]LogPakFile: Registered encryption key '00000000000000000000000000000000': 0 pak files mounted, 0 remain pending
[2019.11.16-21.09.51:319][  0]LogPakFile: Registered encryption key '00000000000000000000000000000000': 0 pak files mounted, 0 remain pending
[2019.11.16-21.09.51:334][  0]LogPakFile: Registered encryption key '00000000000000000000000000000000': 0 pak files mounted, 0 remain pending
[2019.11.16-21.09.51:345][  0]LogPakFile: Registered encryption key '00000000000000000000000000000000': 0 pak files mounted, 0 remain pending
[2019.11.16-21.09.51:354][  0]LogPakFile: Registered encryption key '00000000000000000000000000000000': 0 pak files mounted, 0 remain pending
[2019.11.16-21.09.51:365][  0]LogPakFile: Registered encryption key '00000000000000000000000000000000': 0 pak files mounted, 0 remain pending
[2019.11.16-21.09.51:374][  0]LogPakFile: Registered encryption key '00000000000000000000000000000000': 0 pak files mounted, 0 remain pending
[2019.11.16-21.09.51:384][  0]LogPakFile: Registered encryption key '00000000000000000000000000000000': 0 pak files mounted, 0 remain pending
[2019.11.16-21.09.51:394][  0]LogPakFile: Registered encryption key '00000000000000000000000000000000': 0 pak files mounted, 0 remain pending
[2019.11.16-21.09.51:402][  0]LogPakFile: Registered encryption key '00000000000000000000000000000000': 0 pak files mounted, 0 remain pending
[2019.11.16-21.09.51:411][  0]LogPakFile: Registered encryption key '00000000000000000000000000000000': 0 pak files mounted, 0 remain pending
[2019.11.16-21.09.51:589][  0]LogContentBrowser: Native class hierarchy updated for 'AddContentDialog' in 0.0005 seconds. Added 0 classes and 0 folders.
[2019.11.16-21.09.51:834][  0]LogContentBrowser: Native class hierarchy updated for 'SceneOutliner' in 0.0005 seconds. Added 1 classes and 2 folders.
[2019.11.16-21.09.53:520][  0]LogSlate: Only BGRA pngs, bmps or icos are supported in by External Image Picker
[2019.11.16-21.09.53:644][  0]LogContentBrowser: Native class hierarchy updated for 'HierarchicalLODOutliner' in 0.0005 seconds. Added 0 classes and 0 folders.
[2019.11.16-21.09.53:645][  0]LogLoad: (Engine Initialization) Total time: 48.76 seconds
[2019.11.16-21.09.53:645][  0]LogLoad: (Engine Initialization) Total Blueprint compile time: 0.00 seconds
[2019.11.16-21.09.53:983][  0]LogRenderer: Reallocating scene render targets to support 64x64 Format 10 NumSamples 1 (Frame:1).
[2019.11.16-21.09.53:983][  0]LogContentStreaming: Texture pool size now 1000 MB
[2019.11.16-21.09.53:995][  0]LogSlate: Took 0.008387 seconds to synchronously load lazily loaded font '../../../Engine/Content/Slate/Fonts/Roboto-Regular.ttf' (155K)
[2019.11.16-21.09.54:007][  0]LogSlate: Took 0.010770 seconds to synchronously load lazily loaded font '../../../Engine/Content/Slate/Fonts/Roboto-Bold.ttf' (160K)
[2019.11.16-21.09.54:022][  0]LogSlate: Took 0.009039 seconds to synchronously load lazily loaded font '../../../Engine/Content/Editor/Slate/Fonts/FontAwesome.ttf' (139K)
[2019.11.16-21.09.54:237][  0]LogRenderer: Reallocating scene render targets to support 780x360 Format 10 NumSamples 1 (Frame:1).
[2019.11.16-21.09.54:237][  0]LogSlate: Took 0.007779 seconds to synchronously load lazily loaded font '../../../Engine/Content/Slate/Fonts/Roboto-Light.ttf' (167K)
[2019.11.16-21.09.54:311][  1]LogAssetRegistry: Asset discovery search completed in 34.4768 seconds
[2019.11.16-21.09.54:317][  1]LogCollectionManager: Rebuilt the object cache for 0 collections in 0.000000 seconds (found 0 objects)
[2019.11.16-21.09.54:317][  1]LogCollectionManager: Fixed up redirectors for 0 collections in 0.000070 seconds (updated 0 objects)
[2019.11.16-21.09.55:284][  4]LogSlate: Took 0.000151 seconds to synchronously load lazily loaded font '../../../Engine/Content/Slate/Fonts/Roboto-Light.ttf' (167K)
[2019.11.16-21.10.00:315][ 20]LogSlate: FSceneViewport::OnFocusLost() reason 0
[2019.11.16-21.10.04:884][263]LogRenderer: Reallocating scene render targets to support 1176x564 Format 10 NumSamples 1 (Frame:242).
[2019.11.16-21.10.06:080][324]LogSlate: FSceneViewport::OnFocusLost() reason 2
[2019.11.16-21.10.06:921][371]LogUObjectHash: Compacting FUObjectHashTables data took   0.88ms
[2019.11.16-21.11.21:149][ 17]LogSlate: FSceneViewport::OnFocusLost() reason 0
[2019.11.16-21.12.38:504][655]SourceControl: fatal: /Script: '/Script' is outside repository
[2019.11.16-21.15.19:703][668]LogSlate: FSceneViewport::OnFocusLost() reason 2
[2019.11.16-21.15.20:721][729]LogSlate: FSceneViewport::OnFocusLost() reason 2
[2019.11.16-21.15.43:510][ 88]LogSlate: FSceneViewport::OnFocusLost() reason 0
[2019.11.16-21.15.43:628][ 96]Cmd: CLOSE_SLATE_MAINFRAME
[2019.11.16-21.15.43:658][ 96]LogUObjectHash: Compacting FUObjectHashTables data took   1.06ms
[2019.11.16-21.15.43:778][ 96]LogSlate: Window 'Plugins' being destroyed
[2019.11.16-21.15.43:788][ 96]LogDirectoryWatcher: A directory notification for '../../../Engine/Plugins/' was aborted.
[2019.11.16-21.15.43:790][ 96]LogSlate: Window 'FLIGHT - Unreal Editor' being destroyed
[2019.11.16-21.15.43:791][ 96]LogWindowsTextInputMethodSystem: Display: IME system now deactivated.
[2019.11.16-21.15.43:977][ 97]Cmd: QUIT_EDITOR
[2019.11.16-21.15.44:034][ 97]LogExit: Preparing to exit.
[2019.11.16-21.15.45:350][ 97]LogExit: Editor shut down
[2019.11.16-21.15.45:350][ 97]LogExit: Transaction tracking system shut down
[2019.11.16-21.15.45:661][ 97]LogExit: Object subsystem successfully closed.
[2019.11.16-21.15.45:685][ 97]LogShaderCompilers: Display: Shaders left to compile 0
[2019.11.16-21.15.45:689][ 97]LogD3D11RHI: Shutdown
[2019.11.16-21.15.45:689][ 97]LogD3D11RHI: CleanupD3DDevice
[2019.11.16-21.15.45:690][ 97]LogRendererCore: FGlobalReadBuffer::ReleaseRHI
[2019.11.16-21.15.45:690][ 97]LogRendererCore: FGlobalDynamicReadBuffer::Cleanup()
[2019.11.16-21.15.45:690][ 97]LogRendererCore: FGlobalReadBuffer::ReleaseRHI
[2019.11.16-21.15.45:690][ 97]LogRendererCore: FGlobalDynamicReadBuffer::Cleanup()
[2019.11.16-21.15.45:690][ 97]LogRendererCore: FGlobalReadBuffer::ReleaseRHI
[2019.11.16-21.15.45:690][ 97]LogRendererCore: FGlobalDynamicReadBuffer::Cleanup()
[2019.11.16-21.15.45:809][ 97]LogD3D11RHI: ~FD3D11DynamicRHI
[2019.11.16-21.15.45:840][ 97]LogModuleManager: Shutting down and abandoning module HierarchicalLODOutliner (667)
[2019.11.16-21.15.45:840][ 97]LogModuleManager: Shutting down and abandoning module ExternalImagePicker (665)
[2019.11.16-21.15.45:840][ 97]LogModuleManager: Shutting down and abandoning module SceneOutliner (663)
[2019.11.16-21.15.45:840][ 97]LogModuleManager: Shutting down and abandoning module AddContentDialog (661)
[2019.11.16-21.15.45:841][ 97]LogModuleManager: Shutting down and abandoning module WidgetCarousel (660)
[2019.11.16-21.15.45:841][ 97]LogModuleManager: Shutting down and abandoning module EditorWidgets (657)
[2019.11.16-21.15.45:841][ 97]LogModuleManager: Shutting down and abandoning module CollectionManager (655)
[2019.11.16-21.15.45:841][ 97]LogModuleManager: Shutting down and abandoning module StatsViewer (653)
[2019.11.16-21.15.45:841][ 97]LogModuleManager: Shutting down and abandoning module FoliageEdit (651)
[2019.11.16-21.15.45:841][ 97]LogModuleManager: Shutting down and abandoning module LandscapeEditor (649)
[2019.11.16-21.15.45:843][ 97]LogModuleManager: Shutting down and abandoning module MeshPaintMode (647)
[2019.11.16-21.15.45:843][ 97]LogModuleManager: Shutting down and abandoning module SceneDepthPickerMode (645)
[2019.11.16-21.15.45:843][ 97]LogModuleManager: Shutting down and abandoning module ActorPickerMode (643)
[2019.11.16-21.15.45:843][ 97]LogModuleManager: Shutting down and abandoning module GeometryMode (641)
[2019.11.16-21.15.45:843][ 97]LogModuleManager: Shutting down and abandoning module TextureAlignMode (639)
[2019.11.16-21.15.45:843][ 97]LogModuleManager: Shutting down and abandoning module BspMode (637)
[2019.11.16-21.15.45:843][ 97]LogModuleManager: Shutting down and abandoning module PIEPreviewDeviceProfileSelector (635)
[2019.11.16-21.15.45:843][ 97]LogModuleManager: Shutting down and abandoning module SequenceRecorderSections (633)
[2019.11.16-21.15.45:843][ 97]LogModuleManager: Shutting down and abandoning module AutomationWorker (631)
[2019.11.16-21.15.45:843][ 97]LogModuleManager: Shutting down and abandoning module OculusMR (629)
[2019.11.16-21.15.45:843][ 97]LogModuleManager: Shutting down and abandoning module AudioCaptureEditor (627)
[2019.11.16-21.15.45:843][ 97]LogModuleManager: Shutting down and abandoning module MatineeToLevelSequence (625)
[2019.11.16-21.15.45:844][ 97]LogModuleManager: Shutting down and abandoning module LevelSequenceEditor (623)
[2019.11.16-21.15.45:844][ 97]LogModuleManager: Shutting down and abandoning module PlacementMode (622)
[2019.11.16-21.15.45:844][ 97]LogModuleManager: Shutting down and abandoning module MaterialEditor (621)
[2019.11.16-21.15.45:846][ 97]LogModuleManager: Shutting down and abandoning module ActorSequenceEditor (617)
[2019.11.16-21.15.45:846][ 97]LogModuleManager: Shutting down and abandoning module WmfMediaFactory (615)
[2019.11.16-21.15.45:846][ 97]LogModuleManager: Shutting down and abandoning module WmfMediaEditor (613)
[2019.11.16-21.15.45:846][ 97]LogModuleManager: Shutting down and abandoning module WebMMediaFactory (611)
[2019.11.16-21.15.45:846][ 97]LogModuleManager: Shutting down and abandoning module WebMMediaEditor (609)
[2019.11.16-21.15.45:846][ 97]LogModuleManager: Shutting down and abandoning module WebMMedia (607)
[2019.11.16-21.15.45:846][ 97]LogModuleManager: Shutting down and abandoning module MediaPlayerEditor (605)
[2019.11.16-21.15.45:847][ 97]LogModuleManager: Shutting down and abandoning module MediaCompositingEditor (603)
[2019.11.16-21.15.45:847][ 97]LogModuleManager: Shutting down and abandoning module SequenceRecorder (602)
[2019.11.16-21.15.45:847][ 97]LogModuleManager: Shutting down and abandoning module OpenExrWrapper (599)
[2019.11.16-21.15.45:847][ 97]LogModuleManager: Shutting down and abandoning module ImgMediaFactory (597)
[2019.11.16-21.15.45:847][ 97]LogModuleManager: Shutting down and abandoning module ImgMediaEditor (595)
[2019.11.16-21.15.45:847][ 97]LogModuleManager: Shutting down and abandoning module AvfMediaFactory (593)
[2019.11.16-21.15.45:847][ 97]LogModuleManager: Shutting down and abandoning module AvfMediaEditor (591)
[2019.11.16-21.15.45:847][ 97]LogModuleManager: Shutting down and abandoning module AndroidMediaFactory (589)
[2019.11.16-21.15.45:847][ 97]LogModuleManager: Shutting down and abandoning module AndroidMediaEditor (587)
[2019.11.16-21.15.45:847][ 97]LogModuleManager: Shutting down and abandoning module MagicLeapCameraPreviewFactory (585)
[2019.11.16-21.15.45:847][ 97]LogModuleManager: Shutting down and abandoning module MagicLeapMediaCodecFactory (583)
[2019.11.16-21.15.45:847][ 97]LogModuleManager: Shutting down and abandoning module MagicLeapMediaFactory (581)
[2019.11.16-21.15.45:847][ 97]LogModuleManager: Shutting down and abandoning module MagicLeapMediaEditor (579)
[2019.11.16-21.15.45:847][ 97]LogModuleManager: Shutting down and abandoning module CharacterAI (577)
[2019.11.16-21.15.45:847][ 97]LogModuleManager: Shutting down and abandoning module SmartSnapping (575)
[2019.11.16-21.15.45:847][ 97]LogModuleManager: Shutting down and abandoning module SessionServices (573)
[2019.11.16-21.15.45:847][ 97]LogModuleManager: Shutting down and abandoning module MeshPaint (571)
[2019.11.16-21.15.45:847][ 97]LogModuleManager: Shutting down and abandoning module ViewportSnapping (569)
[2019.11.16-21.15.45:847][ 97]LogModuleManager: Shutting down and abandoning module ViewportInteraction (567)
[2019.11.16-21.15.45:847][ 97]LogModuleManager: Shutting down and abandoning module ClothPainter (565)
[2019.11.16-21.15.45:848][ 97]LogModuleManager: Shutting down and abandoning module SkeletalMeshEditor (564)
[2019.11.16-21.15.45:850][ 97]LogModuleManager: Shutting down and abandoning module LogVisualizer (561)
[2019.11.16-21.15.45:850][ 97]LogModuleManager: Shutting down and abandoning module IntroTutorials (559)
[2019.11.16-21.15.45:850][ 97]LogModuleManager: Shutting down and abandoning module GameProjectGeneration (558)
[2019.11.16-21.15.45:851][ 97]LogModuleManager: Shutting down and abandoning module LuminPlatformEditor (555)
[2019.11.16-21.15.45:851][ 97]LogModuleManager: Shutting down and abandoning module IOSPlatformEditor (553)
[2019.11.16-21.15.45:851][ 97]LogModuleManager: Shutting down and abandoning module HTML5PlatformEditor (551)
[2019.11.16-21.15.45:851][ 97]LogModuleManager: Shutting down and abandoning module AndroidPlatformEditor (549)
[2019.11.16-21.15.45:851][ 97]LogModuleManager: Shutting down and abandoning module AndroidDeviceDetection (548)
[2019.11.16-21.15.46:738][ 97]LogModuleManager: Shutting down and abandoning module WindowsPlatformEditor (545)
[2019.11.16-21.15.46:738][ 97]LogModuleManager: Shutting down and abandoning module LuminRuntimeSettings (543)
[2019.11.16-21.15.46:738][ 97]LogModuleManager: Shutting down and abandoning module IOSRuntimeSettings (541)
[2019.11.16-21.15.46:738][ 97]LogModuleManager: Shutting down and abandoning module AndroidRuntimeSettings (539)
[2019.11.16-21.15.46:738][ 97]LogModuleManager: Shutting down and abandoning module TimeManagementEditor (537)
[2019.11.16-21.15.46:738][ 97]LogModuleManager: Shutting down and abandoning module InputBindingEditor (535)
[2019.11.16-21.15.46:739][ 97]LogModuleManager: Shutting down and abandoning module MergeActors (533)
[2019.11.16-21.15.46:739][ 97]LogModuleManager: Shutting down and abandoning module LocalizationDashboard (531)
[2019.11.16-21.15.46:739][ 97]LogModuleManager: Shutting down and abandoning module LocalizationService (530)
[2019.11.16-21.15.46:739][ 97]LogModuleManager: Shutting down and abandoning module HardwareTargeting (527)
[2019.11.16-21.15.46:739][ 97]LogModuleManager: Shutting down and abandoning module DeviceProfileEditor (525)
[2019.11.16-21.15.46:739][ 97]LogModuleManager: Shutting down and abandoning module UndoHistory (523)
[2019.11.16-21.15.46:740][ 97]LogModuleManager: Shutting down and abandoning module XmlParser (521)
[2019.11.16-21.15.46:740][ 97]LogModuleManager: Shutting down and abandoning module Blutility (519)
[2019.11.16-21.15.46:740][ 97]LogModuleManager: Shutting down and abandoning module ProjectSettingsViewer (517)
[2019.11.16-21.15.46:740][ 97]LogModuleManager: Shutting down and abandoning module ProjectTargetPlatformEditor (516)
[2019.11.16-21.15.46:740][ 97]LogModuleManager: Shutting down and abandoning module EditorSettingsViewer (513)
[2019.11.16-21.15.46:740][ 97]LogModuleManager: Shutting down and abandoning module SettingsEditor (511)
[2019.11.16-21.15.46:740][ 97]LogModuleManager: Shutting down and abandoning module ProjectLauncher (509)
[2019.11.16-21.15.46:741][ 97]LogModuleManager: Shutting down and abandoning module SessionFrontend (507)
[2019.11.16-21.15.46:741][ 97]LogModuleManager: Shutting down and abandoning module ProfilerClient (505)
[2019.11.16-21.15.46:741][ 97]LogModuleManager: Shutting down and abandoning module DeviceManager (503)
[2019.11.16-21.15.46:741][ 97]LogModuleManager: Shutting down and abandoning module TargetDeviceServices (502)
[2019.11.16-21.15.46:796][ 97]LogModuleManager: Shutting down and abandoning module AutomationController (499)
[2019.11.16-21.15.46:796][ 97]LogModuleManager: Shutting down and abandoning module AutomationWindow (497)
[2019.11.16-21.15.46:797][ 97]LogModuleManager: Shutting down and abandoning module Layers (495)
[2019.11.16-21.15.46:800][ 97]LogModuleManager: Shutting down and abandoning module ComponentVisualizers (493)
[2019.11.16-21.15.46:800][ 97]LogModuleManager: Shutting down and abandoning module DetailCustomizations (491)
[2019.11.16-21.15.46:800][ 97]LogModuleManager: Shutting down and abandoning module PackagesDialog (489)
[2019.11.16-21.15.46:801][ 97]LogModuleManager: Shutting down and abandoning module AnimationBlueprintEditor (487)
[2019.11.16-21.15.46:802][ 97]LogModuleManager: Shutting down and abandoning module Persona (485)
[2019.11.16-21.15.46:803][ 97]LogModuleManager: Shutting down and abandoning module AdvancedPreviewScene (484)
[2019.11.16-21.15.46:803][ 97]LogModuleManager: Shutting down and abandoning module AnimGraph (482)
[2019.11.16-21.15.46:803][ 97]LogModuleManager: Shutting down and abandoning module Kismet (479)
[2019.11.16-21.15.46:807][ 97]LogModuleManager: Shutting down and abandoning module GraphEditor (477)
[2019.11.16-21.15.46:810][ 97]LogModuleManager: Shutting down and abandoning module ClassViewer (475)
[2019.11.16-21.15.46:810][ 97]LogModuleManager: Shutting down and abandoning module Toolbox (473)
[2019.11.16-21.15.46:810][ 97]LogModuleManager: Shutting down and abandoning module DesktopPlatform (472)
[2019.11.16-21.15.46:810][ 97]LogModuleManager: Shutting down and abandoning module ModuleUI (469)
[2019.11.16-21.15.46:810][ 97]LogModuleManager: Shutting down and abandoning module MovieSceneTools (467)
[2019.11.16-21.15.46:810][ 97]LogModuleManager: Shutting down and abandoning module OutputLog (465)
[2019.11.16-21.15.46:811][ 97]LogModuleManager: Shutting down and abandoning module GammaUI (463)
[2019.11.16-21.15.46:811][ 97]LogModuleManager: Shutting down and abandoning module Documentation (461)
[2019.11.16-21.15.46:811][ 97]LogModuleManager: Shutting down and abandoning module LiveCoding (459)
[2019.11.16-21.15.46:811][ 97]LogModuleManager: Shutting down and abandoning module LevelSequence (457)
[2019.11.16-21.15.46:811][ 97]LogModuleManager: Shutting down and abandoning module MovieSceneTracks (455)
[2019.11.16-21.15.46:811][ 97]LogModuleManager: Shutting down and abandoning module MovieScene (453)
[2019.11.16-21.15.46:811][ 97]LogModuleManager: Shutting down and abandoning module StreamingPauseRendering (451)
[2019.11.16-21.15.46:811][ 97]LogModuleManager: Shutting down and abandoning module LauncherPlatform (449)
[2019.11.16-21.15.46:811][ 97]LogModuleManager: Shutting down and abandoning module AnalyticsET (447)
[2019.11.16-21.15.46:811][ 97]LogModuleManager: Shutting down and abandoning module PortalServices (445)
[2019.11.16-21.15.46:811][ 97]LogModuleManager: Shutting down and abandoning module PortalRpc (443)
[2019.11.16-21.15.46:811][ 97]LogModuleManager: Shutting down and abandoning module MessagingRpc (441)
[2019.11.16-21.15.46:811][ 97]LogModuleManager: Shutting down and abandoning module AIModule (439)
[2019.11.16-21.15.46:811][ 97]LogModuleManager: Shutting down and abandoning module GameplayDebugger (438)
[2019.11.16-21.15.46:811][ 97]LogModuleManager: Shutting down and abandoning module AITestSuite (436)
[2019.11.16-21.15.46:811][ 97]LogModuleManager: Shutting down and abandoning module NavigationSystem (434)
[2019.11.16-21.15.46:811][ 97]LogModuleManager: Shutting down and abandoning module ImageWriteQueue (431)
[2019.11.16-21.15.46:815][ 97]LogModuleManager: Shutting down and abandoning module ProfilerService (429)
[2019.11.16-21.15.46:858][ 97]LogModuleManager: Shutting down and abandoning module TaskGraph (427)
[2019.11.16-21.15.46:858][ 97]LogModuleManager: Shutting down and abandoning module SteamVRController (425)
[2019.11.16-21.15.46:858][ 97]LogModuleManager: Shutting down and abandoning module ProceduralMeshComponentEditor (423)
[2019.11.16-21.15.46:858][ 97]LogModuleManager: Shutting down and abandoning module ProceduralMeshComponent (421)
[2019.11.16-21.15.46:858][ 97]LogModuleManager: Shutting down and abandoning module OculusEditor (419)
[2019.11.16-21.15.46:858][ 97]LogModuleManager: Shutting down and abandoning module OculusInput (417)
[2019.11.16-21.15.46:859][ 97]LogModuleManager: Shutting down and abandoning module MobilePatchingUtils (415)
[2019.11.16-21.15.46:859][ 97]LogModuleManager: Shutting down and abandoning module EditableMesh (413)
[2019.11.16-21.15.46:859][ 97]LogModuleManager: Shutting down and abandoning module CustomMeshComponent (411)
[2019.11.16-21.15.46:859][ 97]LogModuleManager: Shutting down and abandoning module CableComponent (409)
[2019.11.16-21.15.46:859][ 97]LogModuleManager: Shutting down and abandoning module AudioCapture (407)
[2019.11.16-21.15.46:859][ 97]LogModuleManager: Shutting down and abandoning module ArchVisCharacter (405)
[2019.11.16-21.15.46:859][ 97]LogModuleManager: Shutting down and abandoning module AndroidPermission (403)
[2019.11.16-21.15.46:859][ 97]LogModuleManager: Shutting down and abandoning module NUTUnrealEngine4 (401)
[2019.11.16-21.15.46:859][ 97]LogModuleManager: Shutting down and abandoning module NetcodeUnitTest (399)
[2019.11.16-21.15.46:859][ 97]LogModuleManager: Shutting down and abandoning module MediaCompositing (397)
[2019.11.16-21.15.46:859][ 97]LogModuleManager: Shutting down and abandoning module LinearTimecode (395)
[2019.11.16-21.15.46:859][ 97]LogModuleManager: Shutting down and abandoning module ImgMedia (393)
[2019.11.16-21.15.46:859][ 97]LogModuleManager: Shutting down and abandoning module MagicLeapHelperVulkan (391)
[2019.11.16-21.15.46:859][ 97]LogModuleManager: Shutting down and abandoning module MagicLeapHelperOpenGL (389)
[2019.11.16-21.15.46:859][ 97]LogModuleManager: Shutting down and abandoning module MagicLeapAudio (387)
[2019.11.16-21.15.46:859][ 97]LogModuleManager: Shutting down and abandoning module HTML5Networking (385)
[2019.11.16-21.15.46:859][ 97]LogModuleManager: Shutting down and abandoning module GeometryCacheTracks (383)
[2019.11.16-21.15.46:859][ 97]LogModuleManager: Shutting down and abandoning module GeometryCacheSequencer (381)
[2019.11.16-21.15.46:859][ 97]LogModuleManager: Shutting down and abandoning module BackChannel (379)
[2019.11.16-21.15.46:859][ 97]LogModuleManager: Shutting down and abandoning module AppleVision (377)
[2019.11.16-21.15.46:859][ 97]LogModuleManager: Shutting down and abandoning module AppleImageUtilsBlueprintSupport (375)
[2019.11.16-21.15.46:859][ 97]LogModuleManager: Shutting down and abandoning module AppleImageUtils (373)
[2019.11.16-21.15.46:859][ 97]LogModuleManager: Shutting down and abandoning module AlembicImporter (371)
[2019.11.16-21.15.46:859][ 97]LogModuleManager: Shutting down and abandoning module AlembicLibrary (370)
[2019.11.16-21.15.46:859][ 97]LogModuleManager: Shutting down and abandoning module GeometryCache (369)
[2019.11.16-21.15.46:859][ 97]LogModuleManager: Shutting down and abandoning module GeometryCacheEd (368)
[2019.11.16-21.15.46:859][ 97]LogModuleManager: Shutting down and abandoning module VariantManagerContent (363)
[2019.11.16-21.15.46:859][ 97]LogModuleManager: Shutting down and abandoning module DatasmithContentEditor (361)
[2019.11.16-21.15.46:859][ 97]LogModuleManager: Shutting down and abandoning module SpeedTreeImporter (359)
[2019.11.16-21.15.46:859][ 97]LogModuleManager: Shutting down and abandoning module PluginBrowser (357)
[2019.11.16-21.15.46:859][ 97]LogModuleManager: Shutting down and abandoning module MobileLauncherProfileWizard (355)
[2019.11.16-21.15.46:860][ 97]LogModuleManager: Shutting down and abandoning module MaterialAnalyzer (353)
[2019.11.16-21.15.46:860][ 97]LogModuleManager: Shutting down and abandoning module EditorScriptingUtilities (351)
[2019.11.16-21.15.46:860][ 97]LogModuleManager: Shutting down and abandoning module CryptoKeysOpenSSL (349)
[2019.11.16-21.15.46:860][ 97]LogModuleManager: Shutting down and abandoning module CryptoKeys (347)
[2019.11.16-21.15.46:860][ 97]LogModuleManager: Shutting down and abandoning module VisualStudioSourceCodeAccess (345)
[2019.11.16-21.15.46:860][ 97]LogModuleManager: Shutting down and abandoning module VisualStudioCodeSourceCodeAccess (343)
[2019.11.16-21.15.46:860][ 97]LogModuleManager: Shutting down and abandoning module UObjectPlugin (341)
[2019.11.16-21.15.46:860][ 97]LogModuleManager: Shutting down and abandoning module SubversionSourceControl (339)
[2019.11.16-21.15.46:860][ 97]LogModuleManager: Shutting down and abandoning module PerforceSourceControl (337)
[2019.11.16-21.15.46:860][ 97]LogModuleManager: Shutting down and abandoning module GitSourceControl (335)
[2019.11.16-21.15.46:860][ 97]LogModuleManager: Shutting down and abandoning module SourceControl (334)
[2019.11.16-21.15.46:860][ 97]LogModuleManager: Shutting down and abandoning module ConcertSyncClientLibrary (331)
[2019.11.16-21.15.46:860][ 97]LogModuleManager: Shutting down and abandoning module ConcertUICore (329)
[2019.11.16-21.15.46:860][ 97]LogModuleManager: Shutting down and abandoning module ConcertSyncClient (327)
[2019.11.16-21.15.46:860][ 97]LogModuleManager: Shutting down and abandoning module ConcertFrontend (325)
[2019.11.16-21.15.46:860][ 97]LogModuleManager: Shutting down and abandoning module CLionSourceCodeAccess (323)
[2019.11.16-21.15.46:860][ 97]LogModuleManager: Shutting down and abandoning module AnimationSharingEd (321)
[2019.11.16-21.15.46:860][ 97]LogModuleManager: Shutting down and abandoning module ActorLayerUtilitiesEditor (319)
[2019.11.16-21.15.46:860][ 97]LogModuleManager: Shutting down and abandoning module ActorLayerUtilities (317)
[2019.11.16-21.15.46:860][ 97]LogModuleManager: Shutting down and abandoning module LightPropagationVolumeEditor (315)
[2019.11.16-21.15.46:860][ 97]LogModuleManager: Shutting down and abandoning module PaperTiledImporter (313)
[2019.11.16-21.15.46:860][ 97]LogModuleManager: Shutting down and abandoning module PaperSpriteSheetImporter (311)
[2019.11.16-21.15.46:860][ 97]LogModuleManager: Shutting down and abandoning module Paper2DEditor (309)
[2019.11.16-21.15.46:861][ 97]LogModuleManager: Shutting down and abandoning module FLIGHT (307)
[2019.11.16-21.15.46:861][ 97]LogModuleManager: Shutting down and abandoning module SignificanceManager (305)
[2019.11.16-21.15.46:861][ 97]LogModuleManager: Shutting down and abandoning module RuntimePhysXCooking (303)
[2019.11.16-21.15.46:861][ 97]LogModuleManager: Shutting down and abandoning module PhysXVehiclesEditor (301)
[2019.11.16-21.15.46:861][ 97]LogModuleManager: Shutting down and abandoning module PhysXVehicles (299)
[2019.11.16-21.15.46:861][ 97]LogModuleManager: Shutting down and abandoning module LocationServicesBPLibrary (297)
[2019.11.16-21.15.46:861][ 97]LogModuleManager: Shutting down and abandoning module ActorSequence (295)
[2019.11.16-21.15.46:861][ 97]LogModuleManager: Shutting down and abandoning module UdpMessaging (293)
[2019.11.16-21.15.46:962][ 97]LogModuleManager: Shutting down and abandoning module TcpMessaging (291)
[2019.11.16-21.15.47:062][ 97]LogModuleManager: Shutting down and abandoning module MagicLeapIdentity (289)
[2019.11.16-21.15.47:062][ 97]LogModuleManager: Shutting down and abandoning module MagicLeapSecureStorage (287)
[2019.11.16-21.15.47:062][ 97]LogModuleManager: Shutting down and abandoning module MagicLeapHandTracking (285)
[2019.11.16-21.15.47:062][ 97]LogModuleManager: Shutting down and abandoning module MagicLeapEyeTracker (283)
[2019.11.16-21.15.47:062][ 97]LogModuleManager: Shutting down and abandoning module MagicLeapController (281)
[2019.11.16-21.15.47:062][ 97]LogSlate: Slate User Destroyed.  User Index 0, Is Virtual User: 0
[2019.11.16-21.15.47:062][ 97]LogModuleManager: Shutting down and abandoning module MagicLeapAR (279)
[2019.11.16-21.15.47:062][ 97]LogModuleManager: Shutting down and abandoning module AugmentedReality (278)
[2019.11.16-21.15.47:062][ 97]LogModuleManager: Shutting down and abandoning module PythonScriptPlugin (275)
[2019.11.16-21.15.47:062][ 97]LogModuleManager: Shutting down and abandoning module PythonScriptPluginPreload (273)
[2019.11.16-21.15.47:062][ 97]LogModuleManager: Shutting down and abandoning module GameplayTagsEditor (271)
[2019.11.16-21.15.47:062][ 97]LogModuleManager: Shutting down and abandoning module FacialAnimationEditor (269)
[2019.11.16-21.15.47:062][ 97]LogModuleManager: Shutting down and abandoning module FacialAnimation (267)
[2019.11.16-21.15.47:062][ 97]LogModuleManager: Shutting down and abandoning module DataValidation (265)
[2019.11.16-21.15.47:062][ 97]LogModuleManager: Shutting down and abandoning module AssetManagerEditor (263)
[2019.11.16-21.15.47:062][ 97]LogModuleManager: Shutting down and abandoning module LevelEditor (262)
[2019.11.16-21.15.47:063][ 97]LogModuleManager: Shutting down and abandoning module PixelInspectorModule (261)
[2019.11.16-21.15.47:063][ 97]LogModuleManager: Shutting down and abandoning module CommonMenuExtensions (259)
[2019.11.16-21.15.47:063][ 97]LogModuleManager: Shutting down and abandoning module MainFrame (257)
[2019.11.16-21.15.47:063][ 97]LogModuleManager: Shutting down and abandoning module HotReload (256)
[2019.11.16-21.15.47:063][ 97]LogModuleManager: Shutting down and abandoning module ContentBrowser (252)
[2019.11.16-21.15.47:065][ 97]LogModuleManager: Shutting down and abandoning module TreeMap (250)
[2019.11.16-21.15.47:065][ 97]LogModuleManager: Shutting down and abandoning module ConcertSyncCore (247)
[2019.11.16-21.15.47:065][ 97]LogModuleManager: Shutting down and abandoning module ConcertTransport (245)
[2019.11.16-21.15.47:065][ 97]LogModuleManager: Shutting down and abandoning module Concert (243)
[2019.11.16-21.15.47:065][ 97]LogModuleManager: Shutting down and abandoning module AnimationSharing (241)
[2019.11.16-21.15.47:065][ 97]LogModuleManager: Shutting down and abandoning module LightPropagationVolumeRuntime (239)
[2019.11.16-21.15.47:065][ 97]LogModuleManager: Shutting down and abandoning module AISupportModule (237)
[2019.11.16-21.15.47:065][ 97]LogModuleManager: Shutting down and abandoning module Paper2D (235)
[2019.11.16-21.15.47:065][ 97]LogModuleManager: Shutting down and abandoning module WindowsMoviePlayer (233)
[2019.11.16-21.15.47:065][ 97]LogModuleManager: Shutting down and abandoning module WebMMoviePlayer (231)
[2019.11.16-21.15.47:065][ 97]LogModuleManager: Shutting down and abandoning module PacketHandler (229)
[2019.11.16-21.15.47:065][ 97]LogModuleManager: Shutting down and abandoning module ClothingSystemEditor (227)
[2019.11.16-21.15.47:065][ 97]LogModuleManager: Shutting down and abandoning module ClothingSystemRuntime (225)
[2019.11.16-21.15.47:065][ 97]LogModuleManager: Shutting down and abandoning module MediaAssets (223)
[2019.11.16-21.15.47:065][ 97]LogModuleManager: Shutting down and abandoning module Overlay (221)
[2019.11.16-21.15.47:065][ 97]LogModuleManager: Shutting down and abandoning module OverlayEditor (220)
[2019.11.16-21.15.47:065][ 97]LogModuleManager: Shutting down and abandoning module VREditor (217)
[2019.11.16-21.15.47:065][ 97]LogModuleManager: Shutting down and abandoning module StringTableEditor (215)
[2019.11.16-21.15.47:065][ 97]LogModuleManager: Shutting down and abandoning module GameplayTasksEditor (213)
[2019.11.16-21.15.47:065][ 97]LogModuleManager: Shutting down and abandoning module BehaviorTreeEditor (211)
[2019.11.16-21.15.47:065][ 97]LogModuleManager: Shutting down and abandoning module FunctionalTesting (209)
[2019.11.16-21.15.47:065][ 97]LogModuleManager: Shutting down and abandoning module CollisionAnalyzer (207)
[2019.11.16-21.15.47:065][ 97]LogModuleManager: Shutting down and abandoning module WorkspaceMenuStructure (206)
[2019.11.16-21.15.47:065][ 97]LogModuleManager: Shutting down and abandoning module UMG (203)
[2019.11.16-21.15.47:066][ 97]LogModuleManager: Shutting down and abandoning module UMGEditor (202)
[2019.11.16-21.15.47:066][ 97]LogModuleManager: Shutting down and abandoning module Sequencer (201)
[2019.11.16-21.15.47:066][ 97]LogModuleManager: Shutting down and abandoning module MessageLog (198)
[2019.11.16-21.15.47:066][ 97]LogModuleManager: Shutting down and abandoning module SlateReflector (193)
[2019.11.16-21.15.47:066][ 97]LogModuleManager: Shutting down and abandoning module Slate (191)
[2019.11.16-21.15.47:066][ 97]LogModuleManager: Shutting down and abandoning module EditorStyle (189)
[2019.11.16-21.15.47:068][ 97]LogModuleManager: Shutting down and abandoning module UnrealEd (187)
[2019.11.16-21.15.47:068][ 97]LogModuleManager: Shutting down and abandoning module MRMesh (185)
[2019.11.16-21.15.47:068][ 97]LogModuleManager: Shutting down and abandoning module SourceCodeAccess (183)
[2019.11.16-21.15.47:068][ 97]LogModuleManager: Shutting down and abandoning module HeadMountedDisplay (181)
[2019.11.16-21.15.47:068][ 97]LogModuleManager: Shutting down and abandoning module XAudio2 (179)
[2019.11.16-21.15.47:068][ 97]LogModuleManager: Shutting down and abandoning module Networking (177)
[2019.11.16-21.15.47:068][ 97]LogModuleManager: Shutting down and abandoning module Core (175)
[2019.11.16-21.15.47:068][ 97]LogModuleManager: Shutting down and abandoning module KismetCompiler (173)
[2019.11.16-21.15.47:068][ 97]LogModuleManager: Shutting down and abandoning module MeshUtilities (171)
[2019.11.16-21.15.47:068][ 97]LogModuleManager: Shutting down and abandoning module MeshMergeUtilities (170)
[2019.11.16-21.15.47:068][ 97]LogModuleManager: Shutting down and abandoning module MeshReductionInterface (169)
[2019.11.16-21.15.47:068][ 97]LogModuleManager: Shutting down and abandoning module SkeletalMeshReduction (168)
[2019.11.16-21.15.47:068][ 97]LogModuleManager: Shutting down and abandoning module ProxyLODMeshReduction (166)
[2019.11.16-21.15.47:068][ 97]LogModuleManager: Shutting down and abandoning module QuadricMeshReduction (164)
[2019.11.16-21.15.47:068][ 97]LogModuleManager: Shutting down and abandoning module MaterialBaking (160)
[2019.11.16-21.15.47:068][ 97]LogModuleManager: Shutting down and abandoning module DerivedDataCache (155)
[2019.11.16-21.15.47:122][ 97]LogDerivedDataCache: Shutdown
[2019.11.16-21.15.47:123][ 97]LogModuleManager: Shutting down and abandoning module XGEController (153)
[2019.11.16-21.15.47:123][ 97]LogXGEController: Cleaning working directory: C:/Users/scott/AppData/Local/Temp/UnrealXGEWorkingDir/
[2019.11.16-21.15.47:123][ 97]LogModuleManager: Shutting down and abandoning module TargetPlatform (151)
[2019.11.16-21.15.47:123][ 97]LogModuleManager: Shutting down and abandoning module VulkanShaderFormat (150)
[2019.11.16-21.15.47:123][ 97]LogModuleManager: Shutting down and abandoning module ShaderFormatVectorVM (148)
[2019.11.16-21.15.47:123][ 97]LogModuleManager: Shutting down and abandoning module ShaderFormatOpenGL (146)
[2019.11.16-21.15.47:123][ 97]LogModuleManager: Shutting down and abandoning module ShaderFormatD3D (144)
[2019.11.16-21.15.47:123][ 97]LogModuleManager: Shutting down and abandoning module MetalShaderFormat (142)
[2019.11.16-21.15.47:123][ 97]LogModuleManager: Shutting down and abandoning module TextureFormatUncompressed (140)
[2019.11.16-21.15.47:123][ 97]LogModuleManager: Shutting down and abandoning module TextureFormatPVR (138)
[2019.11.16-21.15.47:123][ 97]LogModuleManager: Shutting down and abandoning module TextureFormatDXT (136)
[2019.11.16-21.15.47:123][ 97]LogModuleManager: Shutting down and abandoning module TextureFormatIntelISPCTexComp (134)
[2019.11.16-21.15.47:123][ 97]LogModuleManager: Shutting down and abandoning module TextureFormatASTC (132)
[2019.11.16-21.15.47:123][ 97]LogModuleManager: Shutting down and abandoning module ImageWrapper (131)
[2019.11.16-21.15.47:123][ 97]LogModuleManager: Shutting down and abandoning module TextureFormatAndroid (128)
[2019.11.16-21.15.47:123][ 97]LogModuleManager: Shutting down and abandoning module AudioFormatOpus (126)
[2019.11.16-21.15.47:123][ 97]LogModuleManager: Shutting down and abandoning module AudioFormatOgg (124)
[2019.11.16-21.15.47:123][ 97]LogModuleManager: Shutting down and abandoning module AudioFormatADPCM (122)
[2019.11.16-21.15.47:123][ 97]LogModuleManager: Shutting down and abandoning module LuminTargetPlatform (120)
[2019.11.16-21.15.47:124][ 97]LogModuleManager: Shutting down and abandoning module LinuxTargetPlatform (118)
[2019.11.16-21.15.47:124][ 97]LogModuleManager: Shutting down and abandoning module LinuxServerTargetPlatform (116)
[2019.11.16-21.15.47:124][ 97]LogModuleManager: Shutting down and abandoning module LinuxNoEditorTargetPlatform (114)
[2019.11.16-21.15.47:124][ 97]LogModuleManager: Shutting down and abandoning module LinuxClientTargetPlatform (112)
[2019.11.16-21.15.47:124][ 97]LogModuleManager: Shutting down and abandoning module TVOSTargetPlatform (110)
[2019.11.16-21.15.47:125][ 97]LogModuleManager: Shutting down and abandoning module Messaging (108)
[2019.11.16-21.15.47:125][ 97]LogModuleManager: Shutting down and abandoning module IOSTargetPlatform (106)
[2019.11.16-21.15.47:125][ 97]LogModuleManager: Shutting down and abandoning module HTML5TargetPlatform (104)
[2019.11.16-21.15.47:126][ 97]LogModuleManager: Shutting down and abandoning module AndroidTargetPlatform (102)
[2019.11.16-21.15.47:130][ 97]LogModuleManager: Shutting down and abandoning module WindowsTargetPlatform (100)
[2019.11.16-21.15.47:131][ 97]LogModuleManager: Shutting down and abandoning module WindowsServerTargetPlatform (98)
[2019.11.16-21.15.47:131][ 97]LogModuleManager: Shutting down and abandoning module WindowsNoEditorTargetPlatform (96)
[2019.11.16-21.15.47:131][ 97]LogModuleManager: Shutting down and abandoning module WindowsClientTargetPlatform (94)
[2019.11.16-21.15.47:131][ 97]LogModuleManager: Shutting down and abandoning module MacTargetPlatform (92)
[2019.11.16-21.15.47:131][ 97]LogModuleManager: Shutting down and abandoning module MacServerTargetPlatform (90)
[2019.11.16-21.15.47:131][ 97]LogModuleManager: Shutting down and abandoning module MacNoEditorTargetPlatform (88)
[2019.11.16-21.15.47:131][ 97]LogModuleManager: Shutting down and abandoning module MacClientTargetPlatform (86)
[2019.11.16-21.15.47:131][ 97]LogModuleManager: Shutting down and abandoning module AllDesktopTargetPlatform (84)
[2019.11.16-21.15.47:131][ 97]LogModuleManager: Shutting down and abandoning module InputCore (81)
[2019.11.16-21.15.47:131][ 97]LogModuleManager: Shutting down and abandoning module Settings (79)
[2019.11.16-21.15.47:131][ 97]LogModuleManager: Shutting down and abandoning module DirectoryWatcher (77)
[2019.11.16-21.15.47:131][ 97]LogModuleManager: Shutting down and abandoning module PhysXCooking (75)
[2019.11.16-21.15.47:131][ 97]LogModuleManager: Shutting down and abandoning module SteamVR (73)
[2019.11.16-21.15.47:131][ 97]LogHMD: Freeing OpenVRDLLHandle.
[2019.11.16-21.15.47:131][ 97]LogModuleManager: Shutting down and abandoning module OculusHMD (71)
[2019.11.16-21.15.47:131][ 97]LogModuleManager: Shutting down and abandoning module ExampleDeviceProfileSelector (69)
[2019.11.16-21.15.47:131][ 97]LogModuleManager: Shutting down and abandoning module LauncherChunkInstaller (67)
[2019.11.16-21.15.47:131][ 97]LogModuleManager: Shutting down and abandoning module OnlineBlueprintSupport (65)
[2019.11.16-21.15.47:131][ 97]LogModuleManager: Shutting down and abandoning module OnlineSubsystem (61)
[2019.11.16-21.15.47:132][ 97]LogModuleManager: Shutting down and abandoning module XMPP (55)
[2019.11.16-21.15.47:132][ 97]LogModuleManager: Shutting down and abandoning module WebSockets (54)
[2019.11.16-21.15.47:161][ 97]LogModuleManager: Shutting down and abandoning module HTTP (51)
[2019.11.16-21.15.47:161][ 97]LogHttp: Display: Http module shutting down, but needs to wait on 1 outstanding Http requests:
[2019.11.16-21.15.47:161][ 97]LogHttp: Display: 	verb=[POST] url=[https://datarouter.ol.epicgames.com/datarouter/api/v1/public/data?SessionID=%7BEEF4D7E9-4D84-29DD-46A6-3EB58CC1FEA6%7D&AppID=UEEditor.Rocket.Release&AppVersion=4.22.0-5660361%2B%2B%2BUE4%2BRelease-4.22&UserID=029eebb64e8ff508ff4d9798ed7bd7c1%7Cbc009d4cc4b14659877bff6daf05e8bf%7Cfb63b9ff-0888-4740-a239-7034cd56560f&AppEnvironment=datacollector-binary&UploadType=eteventstream] status=Processing
[2019.11.16-21.15.47:169][ 97]LogModuleManager: Shutting down and abandoning module SSL (50)
[2019.11.16-21.15.47:171][ 97]LogModuleManager: Shutting down and abandoning module WmfMedia (46)
[2019.11.16-21.15.47:172][ 97]LogModuleManager: Shutting down and abandoning module Media (45)
[2019.11.16-21.15.47:178][ 97]LogModuleManager: Shutting down and abandoning module MagicLeap (42)
[2019.11.16-21.15.47:178][ 97]LogModuleManager: Shutting down and abandoning module DatasmithContent (40)
[2019.11.16-21.15.47:179][ 97]LogModuleManager: Shutting down and abandoning module AnimationModifiers (38)
[2019.11.16-21.15.47:179][ 97]LogModuleManager: Shutting down and abandoning module PropertyEditor (37)
[2019.11.16-21.15.47:179][ 97]LogModuleManager: Shutting down and abandoning module AudioEditor (34)
[2019.11.16-21.15.47:179][ 97]LogModuleManager: Shutting down and abandoning module TextureCompressor (32)
[2019.11.16-21.15.47:179][ 97]LogModuleManager: Shutting down and abandoning module RenderCore (30)
[2019.11.16-21.15.47:179][ 97]LogModuleManager: Shutting down and abandoning module Landscape (28)
[2019.11.16-21.15.47:179][ 97]LogModuleManager: Shutting down and abandoning module SlateRHIRenderer (26)
[2019.11.16-21.15.47:179][ 97]LogModuleManager: Shutting down and abandoning module OpenGLDrv (24)
[2019.11.16-21.15.47:179][ 97]LogModuleManager: Shutting down and abandoning module D3D11RHI (22)
[2019.11.16-21.15.47:180][ 97]LogModuleManager: Shutting down and abandoning module AnimGraphRuntime (20)
[2019.11.16-21.15.47:180][ 97]LogModuleManager: Shutting down and abandoning module Renderer (18)
[2019.11.16-21.15.47:180][ 97]LogModuleManager: Shutting down and abandoning module Engine (16)
[2019.11.16-21.15.47:180][ 97]LogModuleManager: Shutting down and abandoning module CoreUObject (14)
[2019.11.16-21.15.47:180][ 97]LogModuleManager: Shutting down and abandoning module NetworkFile (12)
[2019.11.16-21.15.47:180][ 97]LogModuleManager: Shutting down and abandoning module CookedIterativeFile (10)
[2019.11.16-21.15.47:180][ 97]LogModuleManager: Shutting down and abandoning module StreamingFile (8)
[2019.11.16-21.15.47:180][ 97]LogModuleManager: Shutting down and abandoning module SandboxFile (6)
[2019.11.16-21.15.47:180][ 97]LogModuleManager: Shutting down and abandoning module PakFile (4)
[2019.11.16-21.15.47:180][ 97]LogModuleManager: Shutting down and abandoning module RSA (3)
[2019.11.16-21.15.47:190][ 97]LogExit: Exiting.
[2019.11.16-21.15.47:225][ 97]Log file closed, 11/16/19 16:15:47
