Log file open, 10/06/19 10:59:22
LogWindows: Failed to load 'aqProf.dll' (GetLastError=126)
LogWindows: File 'aqProf.dll' does not exist
LogWindows: Failed to load 'VtuneApi.dll' (GetLastError=126)
LogWindows: File 'VtuneApi.dll' does not exist
LogWindows: Failed to load 'VtuneApi32e.dll' (GetLastError=126)
LogWindows: File 'VtuneApi32e.dll' does not exist
LogConsoleResponse: Display: Failed to find resolution value strings in scalability ini. Falling back to default.
LogInit: Display: Running engine for game: FLIGHT
LogPakFile: Registered encryption key '00000000000000000000000000000000': 0 pak files mounted, 0 remain pending
LogPlatformFile: Not using cached read wrapper
LogTaskGraph: Started task graph with 5 named threads and 23 total threads with 3 sets of task threads.
LogStats: Stats thread started at 0.291562
LogD3D11RHI: Loaded GFSDK_Aftermath_Lib.x64.dll
LogWindows: Failed to load '../../../Engine/Binaries/ThirdParty/libsndfile/Win64/libsndfile-1.dll' (GetLastError=126)
LogWindows: File '../../../Engine/Binaries/ThirdParty/libsndfile/Win64/libsndfile-1.dll' does not exist
LogAudioMixer: Display: Failed to load Sound File dll
LogAudioEditor: Display: LibSoundFile failed to load. Importing audio will not work correctly.
LogICUInternationalization: ICU TimeZone Detection - Raw Offset: -7:00, Platform Override: ''
LogPluginManager: Mounting plugin Paper2D
LogPluginManager: Mounting plugin AISupport
LogPluginManager: Mounting plugin LightPropagationVolume
LogPluginManager: Mounting plugin ActorLayerUtilities
LogPluginManager: Mounting plugin AnimationSharing
LogPluginManager: Mounting plugin CLionSourceCodeAccess
LogPluginManager: Mounting plugin CodeLiteSourceCodeAccess
LogPluginManager: Mounting plugin ConcertFrontend
LogPluginManager: Mounting plugin ConcertMain
LogPluginManager: Mounting plugin ConcertSyncClient
LogPluginManager: Mounting plugin ConcertSyncCore
LogPluginManager: Found config from plugin[ConcertSyncCore] C:/Users/haber/Documents/GitHub/F.L.I.G.H.T/FLIGHT/Saved/Config/Windows/Engine.ini
LogPluginManager: Mounting plugin GitSourceControl
LogPluginManager: Mounting plugin KDevelopSourceCodeAccess
LogPluginManager: Mounting plugin NullSourceCodeAccess
LogPluginManager: Mounting plugin PerforceSourceControl
LogPluginManager: Mounting plugin SubversionSourceControl
LogPluginManager: Mounting plugin UObjectPlugin
LogPluginManager: Mounting plugin VisualStudioCodeSourceCodeAccess
LogPluginManager: Mounting plugin VisualStudioSourceCodeAccess
LogPluginManager: Mounting plugin XCodeSourceCodeAccess
LogPluginManager: Mounting plugin AssetManagerEditor
LogPluginManager: Mounting plugin CryptoKeys
LogPluginManager: Mounting plugin DataValidation
LogPluginManager: Mounting plugin EditorScriptingUtilities
LogPluginManager: Mounting plugin FacialAnimation
LogPluginManager: Mounting plugin GameplayTagsEditor
LogPluginManager: Mounting plugin MacGraphicsSwitching
LogPluginManager: Mounting plugin MaterialAnalyzer
LogPluginManager: Mounting plugin MobileLauncherProfileWizard
LogPluginManager: Mounting plugin PluginBrowser
LogPluginManager: Mounting plugin SpeedTreeImporter
LogPluginManager: Mounting plugin DatasmithContent
LogPluginManager: Mounting plugin VariantManagerContent
LogPluginManager: Mounting plugin AlembicImporter
LogPluginManager: Mounting plugin AppleImageUtils
LogPluginManager: Mounting plugin AppleVision
LogPluginManager: Mounting plugin BackChannel
LogPluginManager: Mounting plugin CharacterAI
LogPluginManager: Mounting plugin GeometryCache
LogPluginManager: Mounting plugin HTML5Networking
LogPluginManager: Mounting plugin ProxyLODPlugin
LogPluginManager: Mounting plugin PythonScriptPlugin
LogPluginManager: Mounting plugin SkeletalReduction
LogPluginManager: Mounting plugin MagicLeap
LogPluginManager: Mounting plugin MagicLeapMedia
LogPluginManager: Mounting plugin AndroidMedia
LogPluginManager: Mounting plugin AvfMedia
LogPluginManager: Mounting plugin ImgMedia
LogPluginManager: Mounting plugin LinearTimecode
LogPluginManager: Mounting plugin MediaCompositing
LogPluginManager: Mounting plugin MediaPlayerEditor
LogPluginManager: Mounting plugin WebMMedia
LogPluginManager: Mounting plugin WmfMedia
LogPluginManager: Mounting plugin TcpMessaging
LogPluginManager: Mounting plugin UdpMessaging
LogPluginManager: Mounting plugin ActorSequence
LogPluginManager: Mounting plugin LevelSequenceEditor
LogPluginManager: Mounting plugin MatineeToLevelSequence
LogPluginManager: Mounting plugin NetcodeUnitTest
LogPluginManager: Mounting plugin NUTUnrealEngine4
LogPluginManager: Mounting plugin OnlineSubsystemGooglePlay
LogPluginManager: Mounting plugin OnlineSubsystemIOS
LogPluginManager: Mounting plugin OnlineSubsystem
LogPluginManager: Mounting plugin OnlineSubsystemNull
LogPluginManager: Mounting plugin OnlineSubsystemUtils
LogPluginManager: Mounting plugin LauncherChunkInstaller
LogPluginManager: Mounting plugin AndroidDeviceProfileSelector
LogPluginManager: Mounting plugin AndroidMoviePlayer
LogPluginManager: Mounting plugin AndroidPermission
LogPluginManager: Mounting plugin AppleMoviePlayer
LogPluginManager: Mounting plugin ArchVisCharacter
LogPluginManager: Mounting plugin AudioCapture
LogPluginManager: Mounting plugin CableComponent
LogPluginManager: Mounting plugin CustomMeshComponent
LogPluginManager: Mounting plugin EditableMesh
LogPluginManager: Mounting plugin ExampleDeviceProfileSelector
LogPluginManager: Mounting plugin Firebase
LogPluginManager: Mounting plugin GoogleCloudMessaging
LogPluginManager: Mounting plugin IOSDeviceProfileSelector
LogPluginManager: Mounting plugin LinuxDeviceProfileSelector
LogPluginManager: Mounting plugin LocationServicesBPLibrary
LogPluginManager: Mounting plugin MobilePatchingUtils
LogPluginManager: Mounting plugin OculusVR
LogPluginManager: Mounting plugin PhysXVehicles
LogPluginManager: Mounting plugin ProceduralMeshComponent
LogPluginManager: Mounting plugin RuntimePhysXCooking
LogPluginManager: Mounting plugin SignificanceManager
LogPluginManager: Mounting plugin SteamVR
LogPluginManager: Mounting plugin WebMMoviePlayer
LogPluginManager: Mounting plugin WindowsMoviePlayer
LogInit: Using libcurl 7.55.1-DEV
LogInit:  - built for x86_64-pc-win32
LogInit:  - supports SSL with OpenSSL/1.1.1
LogInit:  - supports HTTP deflate (compression) using libz 1.2.8
LogInit:  - other features:
LogInit:      CURL_VERSION_SSL
LogInit:      CURL_VERSION_LIBZ
LogInit:      CURL_VERSION_IPV6
LogInit:      CURL_VERSION_ASYNCHDNS
LogInit:      CURL_VERSION_LARGEFILE
LogInit:      CURL_VERSION_IDN
LogInit:  CurlRequestOptions (configurable via config and command line):
LogInit:  - bVerifyPeer = true  - Libcurl will verify peer certificate
LogInit:  - bUseHttpProxy = false  - Libcurl will NOT use HTTP proxy
LogInit:  - bDontReuseConnections = false  - Libcurl will reuse connections
LogInit:  - MaxHostConnections = 16  - Libcurl will limit the number of connections to a host
LogInit:  - LocalHostAddr = Default
LogInit:  - BufferSize = 65536
LogInit: WinSock: version 1.1 (2.2), MaxSocks=32767, MaxUdp=65467
LogInit: Build: ++UE4+Release-4.22-CL-5660361
LogInit: Engine Version: 4.22.0-5660361+++UE4+Release-4.22
LogInit: Compatible Engine Version: 4.22.0-5660361+++UE4+Release-4.22
LogInit: Net CL: 5660361
LogInit: OS: Windows 10 (Release 1809) (), CPU: Intel(R) Core(TM) i7-6700HQ CPU @ 2.60GHz, GPU: Intel(R) HD Graphics 530
LogInit: Compiled (64-bit): Mar 31 2019 02:05:09
LogInit: Compiled with Visual C++: 19.16.27025.01
LogInit: Build Configuration: Development
LogInit: Branch Name: ++UE4+Release-4.22
LogInit: Command Line: 
LogInit: Base Directory: D:/UnrealEngine/UE_4.22/Engine/Binaries/Win64/
LogInit: Installed Engine Build: 1
LogDevObjectVersion: Number of dev versions registered: 23
LogDevObjectVersion:   Dev-Blueprints (B0D832E4-1F89-4F0D-ACCF-7EB736FD4AA2): 10
LogDevObjectVersion:   Dev-Build (E1C64328-A22C-4D53-A36C-8E866417BD8C): 0
LogDevObjectVersion:   Dev-Core (375EC13C-06E4-48FB-B500-84F0262A717E): 3
LogDevObjectVersion:   Dev-Editor (E4B068ED-F494-42E9-A231-DA0B2E46BB41): 30
LogDevObjectVersion:   Dev-Framework (CFFC743F-43B0-4480-9391-14DF171D2073): 35
LogDevObjectVersion:   Dev-Mobile (B02B49B5-BB20-44E9-A304-32B752E40360): 2
LogDevObjectVersion:   Dev-Networking (A4E4105C-59A1-49B5-A7C5-40C4547EDFEE): 0
LogDevObjectVersion:   Dev-Online (39C831C9-5AE6-47DC-9A44-9C173E1C8E7C): 0
LogDevObjectVersion:   Dev-Physics (78F01B33-EBEA-4F98-B9B4-84EACCB95AA2): 0
LogDevObjectVersion:   Dev-Platform (6631380F-2D4D-43E0-8009-CF276956A95A): 0
LogDevObjectVersion:   Dev-Rendering (12F88B9F-8875-4AFC-A67C-D90C383ABD29): 28
LogDevObjectVersion:   Dev-Sequencer (7B5AE74C-D270-4C10-A958-57980B212A5A): 11
LogDevObjectVersion:   Dev-VR (D7296918-1DD6-4BDD-9DE2-64A83CC13884): 2
LogDevObjectVersion:   Dev-LoadTimes (C2A15278-BFE7-4AFE-6C17-90FF531DF755): 1
LogDevObjectVersion:   Private-Geometry (6EACA3D4-40EC-4CC1-B786-8BED09428FC5): 3
LogDevObjectVersion:   Dev-AnimPhys (29E575DD-E0A3-4627-9D10-D276232CDCEA): 17
LogDevObjectVersion:   Dev-Anim (AF43A65D-7FD3-4947-9873-3E8ED9C1BB05): 2
LogDevObjectVersion:   Dev-ReflectionCapture (6B266CEC-1EC7-4B8F-A30B-E4D90942FC07): 1
LogDevObjectVersion:   Dev-Automation (0DF73D61-A23F-47EA-B727-89E90C41499A): 1
LogDevObjectVersion:   FortniteMain (601D1886-AC64-4F84-AA16-D3DE0DEAC7D6): 25
LogDevObjectVersion:   Dev-Enterprise (9DFFBCD6-494F-0158-E221-12823C92A888): 6
LogDevObjectVersion:   Dev-Niagara (F2AED0AC-9AFE-416F-8664-AA7FFA26D6FC): 1
LogDevObjectVersion:   Dev-Destruction (174F1F0B-B4C6-45A5-B13F-2EE8D0FB917D): 2
LogInit: Presizing for max 16777216 objects, including 0 objects not considered by GC, pre-allocating 0 bytes for permanent pool.
LogInit: Object subsystem initialized
LogConfig: Setting CVar [[con.DebugEarlyDefault:1]]
LogConfig: Setting CVar [[r.setres:1280x720]]
[2019.10.06-16.59.22:426][  0]LogConfig: Setting CVar [[r.VSync:0]]
[2019.10.06-16.59.22:426][  0]LogConfig: Setting CVar [[r.RHICmdBypass:0]]
[2019.10.06-16.59.22:426][  0]LogConfig: Applying CVar settings from Section [/Script/Engine.RendererSettings] File [C:/Users/haber/Documents/GitHub/F.L.I.G.H.T/FLIGHT/Saved/Config/Windows/Engine.ini]
[2019.10.06-16.59.22:426][  0]LogConfig: Setting CVar [[r.GPUCrashDebugging:0]]
[2019.10.06-16.59.22:426][  0]LogConfig: Setting CVar [[r.DefaultFeature.AutoExposure.ExtendDefaultLuminanceRange:1]]
[2019.10.06-16.59.22:426][  0]LogConfig: Applying CVar settings from Section [/Script/Engine.RendererOverrideSettings] File [C:/Users/haber/Documents/GitHub/F.L.I.G.H.T/FLIGHT/Saved/Config/Windows/Engine.ini]
[2019.10.06-16.59.22:426][  0]LogConfig: Applying CVar settings from Section [/Script/Engine.StreamingSettings] File [C:/Users/haber/Documents/GitHub/F.L.I.G.H.T/FLIGHT/Saved/Config/Windows/Engine.ini]
[2019.10.06-16.59.22:426][  0]LogConfig: Setting CVar [[s.MinBulkDataSizeForAsyncLoading:131072]]
[2019.10.06-16.59.22:426][  0]LogConfig: Setting CVar [[s.AsyncLoadingThreadEnabled:0]]
[2019.10.06-16.59.22:426][  0]LogConfig: Setting CVar [[s.EventDrivenLoaderEnabled:1]]
[2019.10.06-16.59.22:426][  0]LogConfig: Setting CVar [[s.WarnIfTimeLimitExceeded:0]]
[2019.10.06-16.59.22:426][  0]LogConfig: Setting CVar [[s.TimeLimitExceededMultiplier:1.5]]
[2019.10.06-16.59.22:426][  0]LogConfig: Setting CVar [[s.TimeLimitExceededMinTime:0.005]]
[2019.10.06-16.59.22:426][  0]LogConfig: Setting CVar [[s.UseBackgroundLevelStreaming:1]]
[2019.10.06-16.59.22:426][  0]LogConfig: Setting CVar [[s.PriorityAsyncLoadingExtraTime:15.0]]
[2019.10.06-16.59.22:426][  0]LogConfig: Setting CVar [[s.LevelStreamingActorsUpdateTimeLimit:5.0]]
[2019.10.06-16.59.22:426][  0]LogConfig: Setting CVar [[s.PriorityLevelStreamingActorsUpdateExtraTime:5.0]]
[2019.10.06-16.59.22:426][  0]LogConfig: Setting CVar [[s.LevelStreamingComponentsRegistrationGranularity:10]]
[2019.10.06-16.59.22:426][  0]LogConfig: Setting CVar [[s.UnregisterComponentsTimeLimit:1.0]]
[2019.10.06-16.59.22:426][  0]LogConfig: Setting CVar [[s.LevelStreamingComponentsUnregistrationGranularity:5]]
[2019.10.06-16.59.22:426][  0]LogConfig: Applying CVar settings from Section [/Script/Engine.GarbageCollectionSettings] File [C:/Users/haber/Documents/GitHub/F.L.I.G.H.T/FLIGHT/Saved/Config/Windows/Engine.ini]
[2019.10.06-16.59.22:426][  0]LogConfig: Setting CVar [[gc.MaxObjectsNotConsideredByGC:1]]
[2019.10.06-16.59.22:426][  0]LogConfig: Setting CVar [[gc.SizeOfPermanentObjectPool:0]]
[2019.10.06-16.59.22:426][  0]LogConfig: Setting CVar [[gc.FlushStreamingOnGC:0]]
[2019.10.06-16.59.22:426][  0]LogConfig: Setting CVar [[gc.NumRetriesBeforeForcingGC:10]]
[2019.10.06-16.59.22:426][  0]LogConfig: Setting CVar [[gc.AllowParallelGC:1]]
[2019.10.06-16.59.22:426][  0]LogConfig: Setting CVar [[gc.TimeBetweenPurgingPendingKillObjects:61.1]]
[2019.10.06-16.59.22:426][  0]LogConfig: Setting CVar [[gc.MaxObjectsInEditor:16777216]]
[2019.10.06-16.59.22:426][  0]LogConfig: Setting CVar [[gc.IncrementalBeginDestroyEnabled:1]]
[2019.10.06-16.59.22:426][  0]LogConfig: Setting CVar [[gc.CreateGCClusters:1]]
[2019.10.06-16.59.22:426][  0]LogConfig: Setting CVar [[gc.MinGCClusterSize:5]]
[2019.10.06-16.59.22:426][  0]LogConfig: Setting CVar [[gc.ActorClusteringEnabled:0]]
[2019.10.06-16.59.22:426][  0]LogConfig: Setting CVar [[gc.BlueprintClusteringEnabled:0]]
[2019.10.06-16.59.22:426][  0]LogConfig: Setting CVar [[gc.UseDisregardForGCOnDedicatedServers:0]]
[2019.10.06-16.59.22:426][  0]LogConfig: Applying CVar settings from Section [/Script/Engine.NetworkSettings] File [C:/Users/haber/Documents/GitHub/F.L.I.G.H.T/FLIGHT/Saved/Config/Windows/Engine.ini]
[2019.10.06-16.59.22:426][  0]LogConfig: Applying CVar settings from Section [/Script/UnrealEd.CookerSettings] File [C:/Users/haber/Documents/GitHub/F.L.I.G.H.T/FLIGHT/Saved/Config/Windows/Engine.ini]
[2019.10.06-16.59.22:430][  0]LogConfig: Applying CVar settings from Section [ViewDistanceQuality@3] File [C:/Users/haber/Documents/GitHub/F.L.I.G.H.T/FLIGHT/Saved/Config/Windows/Scalability.ini]
[2019.10.06-16.59.22:430][  0]LogConfig: Setting CVar [[r.SkeletalMeshLODBias:0]]
[2019.10.06-16.59.22:430][  0]LogConfig: Setting CVar [[r.ViewDistanceScale:1.0]]
[2019.10.06-16.59.22:430][  0]LogConfig: Applying CVar settings from Section [AntiAliasingQuality@3] File [C:/Users/haber/Documents/GitHub/F.L.I.G.H.T/FLIGHT/Saved/Config/Windows/Scalability.ini]
[2019.10.06-16.59.22:430][  0]LogConfig: Setting CVar [[r.PostProcessAAQuality:4]]
[2019.10.06-16.59.22:430][  0]LogConfig: Applying CVar settings from Section [ShadowQuality@3] File [C:/Users/haber/Documents/GitHub/F.L.I.G.H.T/FLIGHT/Saved/Config/Windows/Scalability.ini]
[2019.10.06-16.59.22:430][  0]LogConfig: Setting CVar [[r.LightFunctionQuality:1]]
[2019.10.06-16.59.22:430][  0]LogConfig: Setting CVar [[r.ShadowQuality:5]]
[2019.10.06-16.59.22:430][  0]LogConfig: Setting CVar [[r.Shadow.CSM.MaxCascades:10]]
[2019.10.06-16.59.22:430][  0]LogConfig: Setting CVar [[r.Shadow.MaxResolution:2048]]
[2019.10.06-16.59.22:430][  0]LogConfig: Setting CVar [[r.Shadow.MaxCSMResolution:2048]]
[2019.10.06-16.59.22:430][  0]LogConfig: Setting CVar [[r.Shadow.RadiusThreshold:0.01]]
[2019.10.06-16.59.22:430][  0]LogConfig: Setting CVar [[r.Shadow.DistanceScale:1.0]]
[2019.10.06-16.59.22:430][  0]LogConfig: Setting CVar [[r.Shadow.CSM.TransitionScale:1.0]]
[2019.10.06-16.59.22:430][  0]LogConfig: Setting CVar [[r.Shadow.PreShadowResolutionFactor:1.0]]
[2019.10.06-16.59.22:430][  0]LogConfig: Setting CVar [[r.DistanceFieldShadowing:1]]
[2019.10.06-16.59.22:430][  0]LogConfig: Setting CVar [[r.DistanceFieldAO:1]]
[2019.10.06-16.59.22:430][  0]LogConfig: Setting CVar [[r.AOQuality:2]]
[2019.10.06-16.59.22:430][  0]LogConfig: Setting CVar [[r.VolumetricFog:1]]
[2019.10.06-16.59.22:430][  0]LogConfig: Setting CVar [[r.VolumetricFog.GridPixelSize:8]]
[2019.10.06-16.59.22:430][  0]LogConfig: Setting CVar [[r.VolumetricFog.GridSizeZ:128]]
[2019.10.06-16.59.22:430][  0]LogConfig: Setting CVar [[r.VolumetricFog.HistoryMissSupersampleCount:4]]
[2019.10.06-16.59.22:430][  0]LogConfig: Setting CVar [[r.LightMaxDrawDistanceScale:1]]
[2019.10.06-16.59.22:430][  0]LogConfig: Setting CVar [[r.CapsuleShadows:1]]
[2019.10.06-16.59.22:430][  0]LogConfig: Applying CVar settings from Section [PostProcessQuality@3] File [C:/Users/haber/Documents/GitHub/F.L.I.G.H.T/FLIGHT/Saved/Config/Windows/Scalability.ini]
[2019.10.06-16.59.22:430][  0]LogConfig: Setting CVar [[r.MotionBlurQuality:4]]
[2019.10.06-16.59.22:430][  0]LogConfig: Setting CVar [[r.AmbientOcclusionMipLevelFactor:0.4]]
[2019.10.06-16.59.22:430][  0]LogConfig: Setting CVar [[r.AmbientOcclusionMaxQuality:100]]
[2019.10.06-16.59.22:430][  0]LogConfig: Setting CVar [[r.AmbientOcclusionLevels:-1]]
[2019.10.06-16.59.22:430][  0]LogConfig: Setting CVar [[r.AmbientOcclusionRadiusScale:1.0]]
[2019.10.06-16.59.22:430][  0]LogConfig: Setting CVar [[r.DepthOfFieldQuality:2]]
[2019.10.06-16.59.22:430][  0]LogConfig: Setting CVar [[r.RenderTargetPoolMin:400]]
[2019.10.06-16.59.22:430][  0]LogConfig: Setting CVar [[r.LensFlareQuality:2]]
[2019.10.06-16.59.22:430][  0]LogConfig: Setting CVar [[r.SceneColorFringeQuality:1]]
[2019.10.06-16.59.22:431][  0]LogConfig: Setting CVar [[r.EyeAdaptationQuality:2]]
[2019.10.06-16.59.22:431][  0]LogConfig: Setting CVar [[r.BloomQuality:5]]
[2019.10.06-16.59.22:431][  0]LogConfig: Setting CVar [[r.FastBlurThreshold:100]]
[2019.10.06-16.59.22:431][  0]LogConfig: Setting CVar [[r.Upscale.Quality:3]]
[2019.10.06-16.59.22:431][  0]LogConfig: Setting CVar [[r.Tonemapper.GrainQuantization:1]]
[2019.10.06-16.59.22:431][  0]LogConfig: Setting CVar [[r.LightShaftQuality:1]]
[2019.10.06-16.59.22:431][  0]LogConfig: Setting CVar [[r.Filter.SizeScale:1]]
[2019.10.06-16.59.22:431][  0]LogConfig: Setting CVar [[r.Tonemapper.Quality:5]]
[2019.10.06-16.59.22:431][  0]LogConfig: Setting CVar [[r.DOF.Gather.AccumulatorQuality:1        ; higher gathering accumulator quality]]
[2019.10.06-16.59.22:431][  0]LogConfig: Setting CVar [[r.DOF.Gather.PostfilterMethod:1          ; Median3x3 postfilering method]]
[2019.10.06-16.59.22:431][  0]LogConfig: Setting CVar [[r.DOF.Gather.EnableBokehSettings:0       ; no bokeh simulation when gathering]]
[2019.10.06-16.59.22:431][  0]LogConfig: Setting CVar [[r.DOF.Gather.RingCount:4                 ; medium number of samples when gathering]]
[2019.10.06-16.59.22:431][  0]LogConfig: Setting CVar [[r.DOF.Scatter.ForegroundCompositing:1    ; additive foreground scattering]]
[2019.10.06-16.59.22:431][  0]LogConfig: Setting CVar [[r.DOF.Scatter.BackgroundCompositing:2    ; additive background scattering]]
[2019.10.06-16.59.22:431][  0]LogConfig: Setting CVar [[r.DOF.Scatter.EnableBokehSettings:1      ; bokeh simulation when scattering]]
[2019.10.06-16.59.22:431][  0]LogConfig: Setting CVar [[r.DOF.Scatter.MaxSpriteRatio:0.1         ; only a maximum of 10% of scattered bokeh]]
[2019.10.06-16.59.22:431][  0]LogConfig: Setting CVar [[r.DOF.Recombine.Quality:1                ; cheap slight out of focus]]
[2019.10.06-16.59.22:431][  0]LogConfig: Setting CVar [[r.DOF.Recombine.EnableBokehSettings:0    ; no bokeh simulation on slight out of focus]]
[2019.10.06-16.59.22:431][  0]LogConfig: Setting CVar [[r.DOF.TemporalAAQuality:1                ; more stable temporal accumulation]]
[2019.10.06-16.59.22:431][  0]LogConfig: Setting CVar [[r.DOF.Kernel.MaxForegroundRadius:0.025]]
[2019.10.06-16.59.22:431][  0]LogConfig: Setting CVar [[r.DOF.Kernel.MaxBackgroundRadius:0.025]]
[2019.10.06-16.59.22:431][  0]LogConfig: Applying CVar settings from Section [TextureQuality@3] File [C:/Users/haber/Documents/GitHub/F.L.I.G.H.T/FLIGHT/Saved/Config/Windows/Scalability.ini]
[2019.10.06-16.59.22:431][  0]LogConfig: Setting CVar [[r.Streaming.MipBias:0]]
[2019.10.06-16.59.22:431][  0]LogConfig: Setting CVar [[r.Streaming.AmortizeCPUToGPUCopy:0]]
[2019.10.06-16.59.22:431][  0]LogConfig: Setting CVar [[r.Streaming.MaxNumTexturesToStreamPerFrame:0]]
[2019.10.06-16.59.22:431][  0]LogConfig: Setting CVar [[r.Streaming.Boost:1]]
[2019.10.06-16.59.22:431][  0]LogConfig: Setting CVar [[r.MaxAnisotropy:8]]
[2019.10.06-16.59.22:431][  0]LogConfig: Setting CVar [[r.Streaming.LimitPoolSizeToVRAM:0]]
[2019.10.06-16.59.22:431][  0]LogConfig: Setting CVar [[r.Streaming.PoolSize:1000]]
[2019.10.06-16.59.22:431][  0]LogConfig: Setting CVar [[r.Streaming.MaxEffectiveScreenSize:0]]
[2019.10.06-16.59.22:431][  0]LogConfig: Applying CVar settings from Section [EffectsQuality@3] File [C:/Users/haber/Documents/GitHub/F.L.I.G.H.T/FLIGHT/Saved/Config/Windows/Scalability.ini]
[2019.10.06-16.59.22:431][  0]LogConfig: Setting CVar [[r.TranslucencyLightingVolumeDim:64]]
[2019.10.06-16.59.22:431][  0]LogConfig: Setting CVar [[r.RefractionQuality:2]]
[2019.10.06-16.59.22:431][  0]LogConfig: Setting CVar [[r.SSR.Quality:3]]
[2019.10.06-16.59.22:432][  0]LogConfig: Setting CVar [[r.SceneColorFormat:4]]
[2019.10.06-16.59.22:432][  0]LogConfig: Setting CVar [[r.DetailMode:2]]
[2019.10.06-16.59.22:432][  0]LogConfig: Setting CVar [[r.TranslucencyVolumeBlur:1]]
[2019.10.06-16.59.22:432][  0]LogConfig: Setting CVar [[r.MaterialQualityLevel:1 ; High quality]]
[2019.10.06-16.59.22:432][  0]LogConfig: Setting CVar [[r.SSS.Scale:1]]
[2019.10.06-16.59.22:432][  0]LogConfig: Setting CVar [[r.SSS.SampleSet:2]]
[2019.10.06-16.59.22:432][  0]LogConfig: Setting CVar [[r.SSS.Quality:1]]
[2019.10.06-16.59.22:432][  0]LogConfig: Setting CVar [[r.SSS.HalfRes:1]]
[2019.10.06-16.59.22:432][  0]LogConfig: Setting CVar [[r.EmitterSpawnRateScale:1.0]]
[2019.10.06-16.59.22:432][  0]LogConfig: Setting CVar [[r.ParticleLightQuality:2]]
[2019.10.06-16.59.22:432][  0]LogConfig: Applying CVar settings from Section [FoliageQuality@3] File [C:/Users/haber/Documents/GitHub/F.L.I.G.H.T/FLIGHT/Saved/Config/Windows/Scalability.ini]
[2019.10.06-16.59.22:432][  0]LogConfig: Setting CVar [[foliage.DensityScale:1.0]]
[2019.10.06-16.59.22:432][  0]LogConfig: Setting CVar [[grass.DensityScale:1.0]]
[2019.10.06-16.59.22:432][  0]LogInit: Selected Device Profile: [Windows]
[2019.10.06-16.59.22:432][  0]LogInit: Applying CVar settings loaded from the selected device profile: [Windows]
[2019.10.06-16.59.22:448][  0]LogHAL: Display: Platform has ~ 16 GB [17086197760 / 17179869184 / 16], which maps to Larger [LargestMinGB=32, LargerMinGB=12, DefaultMinGB=8, SmallerMinGB=6, SmallestMinGB=0)
[2019.10.06-16.59.22:448][  0]LogConfig: Setting CVar [[r.Vulkan.UseRealUBs:0		; Required until we fix HLR fall-out]]
[2019.10.06-16.59.22:448][  0]LogInit: Going up to parent DeviceProfile []
[2019.10.06-16.59.22:448][  0]LogConfig: Applying CVar settings from Section [ViewDistanceQuality@3] File [C:/Users/haber/Documents/GitHub/F.L.I.G.H.T/FLIGHT/Saved/Config/Windows/Scalability.ini]
[2019.10.06-16.59.22:448][  0]LogConfig: Setting CVar [[r.SkeletalMeshLODBias:0]]
[2019.10.06-16.59.22:448][  0]LogConfig: Setting CVar [[r.ViewDistanceScale:1.0]]
[2019.10.06-16.59.22:448][  0]LogConfig: Applying CVar settings from Section [AntiAliasingQuality@3] File [C:/Users/haber/Documents/GitHub/F.L.I.G.H.T/FLIGHT/Saved/Config/Windows/Scalability.ini]
[2019.10.06-16.59.22:449][  0]LogConfig: Setting CVar [[r.PostProcessAAQuality:4]]
[2019.10.06-16.59.22:449][  0]LogConfig: Applying CVar settings from Section [ShadowQuality@3] File [C:/Users/haber/Documents/GitHub/F.L.I.G.H.T/FLIGHT/Saved/Config/Windows/Scalability.ini]
[2019.10.06-16.59.22:449][  0]LogConfig: Setting CVar [[r.LightFunctionQuality:1]]
[2019.10.06-16.59.22:449][  0]LogConfig: Setting CVar [[r.ShadowQuality:5]]
[2019.10.06-16.59.22:449][  0]LogConfig: Setting CVar [[r.Shadow.CSM.MaxCascades:10]]
[2019.10.06-16.59.22:449][  0]LogConfig: Setting CVar [[r.Shadow.MaxResolution:2048]]
[2019.10.06-16.59.22:449][  0]LogConfig: Setting CVar [[r.Shadow.MaxCSMResolution:2048]]
[2019.10.06-16.59.22:449][  0]LogConfig: Setting CVar [[r.Shadow.RadiusThreshold:0.01]]
[2019.10.06-16.59.22:449][  0]LogConfig: Setting CVar [[r.Shadow.DistanceScale:1.0]]
[2019.10.06-16.59.22:449][  0]LogConfig: Setting CVar [[r.Shadow.CSM.TransitionScale:1.0]]
[2019.10.06-16.59.22:449][  0]LogConfig: Setting CVar [[r.Shadow.PreShadowResolutionFactor:1.0]]
[2019.10.06-16.59.22:449][  0]LogConfig: Setting CVar [[r.DistanceFieldShadowing:1]]
[2019.10.06-16.59.22:449][  0]LogConfig: Setting CVar [[r.DistanceFieldAO:1]]
[2019.10.06-16.59.22:449][  0]LogConfig: Setting CVar [[r.AOQuality:2]]
[2019.10.06-16.59.22:449][  0]LogConfig: Setting CVar [[r.VolumetricFog:1]]
[2019.10.06-16.59.22:449][  0]LogConfig: Setting CVar [[r.VolumetricFog.GridPixelSize:8]]
[2019.10.06-16.59.22:449][  0]LogConfig: Setting CVar [[r.VolumetricFog.GridSizeZ:128]]
[2019.10.06-16.59.22:449][  0]LogConfig: Setting CVar [[r.VolumetricFog.HistoryMissSupersampleCount:4]]
[2019.10.06-16.59.22:449][  0]LogConfig: Setting CVar [[r.LightMaxDrawDistanceScale:1]]
[2019.10.06-16.59.22:449][  0]LogConfig: Setting CVar [[r.CapsuleShadows:1]]
[2019.10.06-16.59.22:449][  0]LogConfig: Applying CVar settings from Section [PostProcessQuality@3] File [C:/Users/haber/Documents/GitHub/F.L.I.G.H.T/FLIGHT/Saved/Config/Windows/Scalability.ini]
[2019.10.06-16.59.22:449][  0]LogConfig: Setting CVar [[r.MotionBlurQuality:4]]
[2019.10.06-16.59.22:449][  0]LogConfig: Setting CVar [[r.AmbientOcclusionMipLevelFactor:0.4]]
[2019.10.06-16.59.22:449][  0]LogConfig: Setting CVar [[r.AmbientOcclusionMaxQuality:100]]
[2019.10.06-16.59.22:449][  0]LogConfig: Setting CVar [[r.AmbientOcclusionLevels:-1]]
[2019.10.06-16.59.22:449][  0]LogConfig: Setting CVar [[r.AmbientOcclusionRadiusScale:1.0]]
[2019.10.06-16.59.22:449][  0]LogConfig: Setting CVar [[r.DepthOfFieldQuality:2]]
[2019.10.06-16.59.22:449][  0]LogConfig: Setting CVar [[r.RenderTargetPoolMin:400]]
[2019.10.06-16.59.22:449][  0]LogConfig: Setting CVar [[r.LensFlareQuality:2]]
[2019.10.06-16.59.22:449][  0]LogConfig: Setting CVar [[r.SceneColorFringeQuality:1]]
[2019.10.06-16.59.22:449][  0]LogConfig: Setting CVar [[r.EyeAdaptationQuality:2]]
[2019.10.06-16.59.22:449][  0]LogConfig: Setting CVar [[r.BloomQuality:5]]
[2019.10.06-16.59.22:449][  0]LogConfig: Setting CVar [[r.FastBlurThreshold:100]]
[2019.10.06-16.59.22:449][  0]LogConfig: Setting CVar [[r.Upscale.Quality:3]]
[2019.10.06-16.59.22:449][  0]LogConfig: Setting CVar [[r.Tonemapper.GrainQuantization:1]]
[2019.10.06-16.59.22:449][  0]LogConfig: Setting CVar [[r.LightShaftQuality:1]]
[2019.10.06-16.59.22:449][  0]LogConfig: Setting CVar [[r.Filter.SizeScale:1]]
[2019.10.06-16.59.22:449][  0]LogConfig: Setting CVar [[r.Tonemapper.Quality:5]]
[2019.10.06-16.59.22:449][  0]LogConfig: Setting CVar [[r.DOF.Gather.AccumulatorQuality:1        ; higher gathering accumulator quality]]
[2019.10.06-16.59.22:449][  0]LogConfig: Setting CVar [[r.DOF.Gather.PostfilterMethod:1          ; Median3x3 postfilering method]]
[2019.10.06-16.59.22:449][  0]LogConfig: Setting CVar [[r.DOF.Gather.EnableBokehSettings:0       ; no bokeh simulation when gathering]]
[2019.10.06-16.59.22:450][  0]LogConfig: Setting CVar [[r.DOF.Gather.RingCount:4                 ; medium number of samples when gathering]]
[2019.10.06-16.59.22:450][  0]LogConfig: Setting CVar [[r.DOF.Scatter.ForegroundCompositing:1    ; additive foreground scattering]]
[2019.10.06-16.59.22:450][  0]LogConfig: Setting CVar [[r.DOF.Scatter.BackgroundCompositing:2    ; additive background scattering]]
[2019.10.06-16.59.22:450][  0]LogConfig: Setting CVar [[r.DOF.Scatter.EnableBokehSettings:1      ; bokeh simulation when scattering]]
[2019.10.06-16.59.22:450][  0]LogConfig: Setting CVar [[r.DOF.Scatter.MaxSpriteRatio:0.1         ; only a maximum of 10% of scattered bokeh]]
[2019.10.06-16.59.22:450][  0]LogConfig: Setting CVar [[r.DOF.Recombine.Quality:1                ; cheap slight out of focus]]
[2019.10.06-16.59.22:450][  0]LogConfig: Setting CVar [[r.DOF.Recombine.EnableBokehSettings:0    ; no bokeh simulation on slight out of focus]]
[2019.10.06-16.59.22:450][  0]LogConfig: Setting CVar [[r.DOF.TemporalAAQuality:1                ; more stable temporal accumulation]]
[2019.10.06-16.59.22:450][  0]LogConfig: Setting CVar [[r.DOF.Kernel.MaxForegroundRadius:0.025]]
[2019.10.06-16.59.22:450][  0]LogConfig: Setting CVar [[r.DOF.Kernel.MaxBackgroundRadius:0.025]]
[2019.10.06-16.59.22:450][  0]LogConfig: Applying CVar settings from Section [TextureQuality@3] File [C:/Users/haber/Documents/GitHub/F.L.I.G.H.T/FLIGHT/Saved/Config/Windows/Scalability.ini]
[2019.10.06-16.59.22:450][  0]LogConfig: Setting CVar [[r.Streaming.MipBias:0]]
[2019.10.06-16.59.22:450][  0]LogConfig: Setting CVar [[r.Streaming.AmortizeCPUToGPUCopy:0]]
[2019.10.06-16.59.22:450][  0]LogConfig: Setting CVar [[r.Streaming.MaxNumTexturesToStreamPerFrame:0]]
[2019.10.06-16.59.22:450][  0]LogConfig: Setting CVar [[r.Streaming.Boost:1]]
[2019.10.06-16.59.22:450][  0]LogConfig: Setting CVar [[r.MaxAnisotropy:8]]
[2019.10.06-16.59.22:450][  0]LogConfig: Setting CVar [[r.Streaming.LimitPoolSizeToVRAM:0]]
[2019.10.06-16.59.22:450][  0]LogConfig: Setting CVar [[r.Streaming.PoolSize:1000]]
[2019.10.06-16.59.22:450][  0]LogConfig: Setting CVar [[r.Streaming.MaxEffectiveScreenSize:0]]
[2019.10.06-16.59.22:450][  0]LogConfig: Applying CVar settings from Section [EffectsQuality@3] File [C:/Users/haber/Documents/GitHub/F.L.I.G.H.T/FLIGHT/Saved/Config/Windows/Scalability.ini]
[2019.10.06-16.59.22:450][  0]LogConfig: Setting CVar [[r.TranslucencyLightingVolumeDim:64]]
[2019.10.06-16.59.22:450][  0]LogConfig: Setting CVar [[r.RefractionQuality:2]]
[2019.10.06-16.59.22:450][  0]LogConfig: Setting CVar [[r.SSR.Quality:3]]
[2019.10.06-16.59.22:450][  0]LogConfig: Setting CVar [[r.SceneColorFormat:4]]
[2019.10.06-16.59.22:450][  0]LogConfig: Setting CVar [[r.DetailMode:2]]
[2019.10.06-16.59.22:450][  0]LogConfig: Setting CVar [[r.TranslucencyVolumeBlur:1]]
[2019.10.06-16.59.22:450][  0]LogConfig: Setting CVar [[r.MaterialQualityLevel:1 ; High quality]]
[2019.10.06-16.59.22:450][  0]LogConfig: Setting CVar [[r.SSS.Scale:1]]
[2019.10.06-16.59.22:450][  0]LogConfig: Setting CVar [[r.SSS.SampleSet:2]]
[2019.10.06-16.59.22:450][  0]LogConfig: Setting CVar [[r.SSS.Quality:1]]
[2019.10.06-16.59.22:450][  0]LogConfig: Setting CVar [[r.SSS.HalfRes:1]]
[2019.10.06-16.59.22:450][  0]LogConfig: Setting CVar [[r.EmitterSpawnRateScale:1.0]]
[2019.10.06-16.59.22:450][  0]LogConfig: Setting CVar [[r.ParticleLightQuality:2]]
[2019.10.06-16.59.22:450][  0]LogConfig: Applying CVar settings from Section [FoliageQuality@3] File [C:/Users/haber/Documents/GitHub/F.L.I.G.H.T/FLIGHT/Saved/Config/Windows/Scalability.ini]
[2019.10.06-16.59.22:450][  0]LogConfig: Setting CVar [[foliage.DensityScale:1.0]]
[2019.10.06-16.59.22:450][  0]LogConfig: Setting CVar [[grass.DensityScale:1.0]]
[2019.10.06-16.59.22:450][  0]LogConfig: Applying CVar settings from Section [Startup] File [../../../Engine/Config/ConsoleVariables.ini]
[2019.10.06-16.59.22:451][  0]LogConfig: Setting CVar [[net.UseAdaptiveNetUpdateFrequency:0]]
[2019.10.06-16.59.22:451][  0]LogConfig: Setting CVar [[p.chaos.AllowCreatePhysxBodies:1]]
[2019.10.06-16.59.22:451][  0]LogConfig: Applying CVar settings from Section [ConsoleVariables] File [C:/Users/haber/Documents/GitHub/F.L.I.G.H.T/FLIGHT/Saved/Config/Windows/Engine.ini]
[2019.10.06-16.59.22:451][  0]LogInit: Computer: MSI
[2019.10.06-16.59.22:451][  0]LogInit: User: haber
[2019.10.06-16.59.22:451][  0]LogInit: CPU Page size=4096, Cores=4
[2019.10.06-16.59.22:451][  0]LogInit: High frequency timer resolution =10.000000 MHz
[2019.10.06-16.59.22:452][  0]LogMemory: Memory total: Physical=15.9GB (16GB approx)
[2019.10.06-16.59.22:452][  0]LogMemory: Platform Memory Stats for Windows
[2019.10.06-16.59.22:452][  0]LogMemory: Process Physical Memory: 98.28 MB used, 98.29 MB peak
[2019.10.06-16.59.22:452][  0]LogMemory: Process Virtual Memory: 97.67 MB used, 97.67 MB peak
[2019.10.06-16.59.22:452][  0]LogMemory: Physical Memory: 8431.23 MB used,  7863.44 MB free, 16294.67 MB total
[2019.10.06-16.59.22:452][  0]LogMemory: Virtual Memory: 4663.21 MB used,  134213064.00 MB free, 134217728.00 MB total
[2019.10.06-16.59.23:217][  0]LogInit: Using OS detected language (en-GB).
[2019.10.06-16.59.23:217][  0]LogInit: Using OS detected locale (en-CA).
[2019.10.06-16.59.23:218][  0]LogTextLocalizationManager: No specific localization for 'en-GB' exists, so the 'en' localization will be used.
[2019.10.06-16.59.23:429][  0]LogInit: Setting process to per monitor DPI aware
[2019.10.06-16.59.23:468][  0]LogSlate: New Slate User Created.  User Index 0, Is Virtual User: 0
[2019.10.06-16.59.23:468][  0]LogSlate: Slate User Registered.  User Index 0, Is Virtual User: 0
[2019.10.06-16.59.23:821][  0]LogHMD: Failed to initialize OpenVR with code 110
[2019.10.06-16.59.23:821][  0]LogD3D11RHI: D3D11 adapters:
[2019.10.06-16.59.23:896][  0]LogD3D11RHI:    0. 'NVIDIA GeForce GTX 970M' (Feature Level 11_0)
[2019.10.06-16.59.23:896][  0]LogD3D11RHI:       3032/0/8147 MB DedicatedVideo/DedicatedSystem/SharedSystem, Outputs:1, VendorId:0x10de
[2019.10.06-16.59.23:906][  0]LogD3D11RHI:    1. 'Intel(R) HD Graphics 530' (Feature Level 11_0)
[2019.10.06-16.59.23:906][  0]LogD3D11RHI:       128/0/8147 MB DedicatedVideo/DedicatedSystem/SharedSystem, Outputs:0, VendorId:0x8086
[2019.10.06-16.59.23:909][  0]LogD3D11RHI:    2. 'Microsoft Basic Render Driver' (Feature Level 11_0)
[2019.10.06-16.59.23:909][  0]LogD3D11RHI:       0/0/8147 MB DedicatedVideo/DedicatedSystem/SharedSystem, Outputs:0, VendorId:0x1414
[2019.10.06-16.59.23:909][  0]LogD3D11RHI: Chosen D3D11 Adapter: 0
[2019.10.06-16.59.23:960][  0]LogD3D11RHI: Creating new Direct3DDevice
[2019.10.06-16.59.23:960][  0]LogD3D11RHI:     GPU DeviceId: 0x13d8 (for the marketing name, search the web for "GPU Device Id")
[2019.10.06-16.59.23:960][  0]LogWindows: EnumDisplayDevices:
[2019.10.06-16.59.23:960][  0]LogWindows:    0. 'Intel(R) HD Graphics 530' (P:1 D:1)
[2019.10.06-16.59.23:961][  0]LogWindows:    1. 'Intel(R) HD Graphics 530' (P:0 D:0)
[2019.10.06-16.59.23:961][  0]LogWindows:    2. 'Intel(R) HD Graphics 530' (P:0 D:0)
[2019.10.06-16.59.23:961][  0]LogWindows: DebugString: PrimaryIsNotTheChoosenAdapter PrimaryIsNotTheChoosenAdapter PrimaryIsNotTheChoosenAdapter FoundDriverCount:0 
[2019.10.06-16.59.23:961][  0]LogD3D11RHI:     Adapter Name: NVIDIA GeForce GTX 970M
[2019.10.06-16.59.23:961][  0]LogD3D11RHI:   Driver Version: Unknown (internal:Unknown, unified:Unknown)
[2019.10.06-16.59.23:961][  0]LogD3D11RHI:      Driver Date: Unknown
[2019.10.06-16.59.23:961][  0]LogRHI: Texture pool is 2122 MB (70% of 3032 MB)
[2019.10.06-16.59.24:015][  0]LogD3D11RHI: Async texture creation enabled
[2019.10.06-16.59.24:044][  0]LogRendererCore: FGlobalReadBuffer::InitRHI
[2019.10.06-16.59.24:044][  0]LogRendererCore: FGlobalReadBuffer::InitRHI
[2019.10.06-16.59.24:044][  0]LogRendererCore: FGlobalReadBuffer::InitRHI
[2019.10.06-16.59.24:059][  0]LogD3D11RHI: GPU Timing Frequency: 1000.000000 (Debug: 2 2)
[2019.10.06-16.59.24:430][  0]LogTemp: Display: Module 'AllDesktopTargetPlatform' loaded TargetPlatform 'AllDesktop'
[2019.10.06-16.59.24:451][  0]LogTemp: Display: Module 'MacClientTargetPlatform' loaded TargetPlatform 'MacClient'
[2019.10.06-16.59.24:471][  0]LogTemp: Display: Module 'MacNoEditorTargetPlatform' loaded TargetPlatform 'MacNoEditor'
[2019.10.06-16.59.24:489][  0]LogTemp: Display: Module 'MacServerTargetPlatform' loaded TargetPlatform 'MacServer'
[2019.10.06-16.59.24:512][  0]LogTemp: Display: Module 'MacTargetPlatform' loaded TargetPlatform 'Mac'
[2019.10.06-16.59.24:530][  0]LogTemp: Display: Module 'WindowsClientTargetPlatform' loaded TargetPlatform 'WindowsClient'
[2019.10.06-16.59.24:549][  0]LogTemp: Display: Module 'WindowsNoEditorTargetPlatform' loaded TargetPlatform 'WindowsNoEditor'
[2019.10.06-16.59.24:565][  0]LogTemp: Display: Module 'WindowsServerTargetPlatform' loaded TargetPlatform 'WindowsServer'
[2019.10.06-16.59.24:573][  0]LogTemp: Display: Module 'WindowsTargetPlatform' loaded TargetPlatform 'Windows'
[2019.10.06-16.59.24:687][  0]LogTemp: Display: Module 'AndroidTargetPlatform' loaded TargetPlatform 'Android'
[2019.10.06-16.59.24:687][  0]LogTemp: Display: Module 'AndroidTargetPlatform' loaded TargetPlatform 'Android_ASTC'
[2019.10.06-16.59.24:687][  0]LogTemp: Display: Module 'AndroidTargetPlatform' loaded TargetPlatform 'Android_ATC'
[2019.10.06-16.59.24:687][  0]LogTemp: Display: Module 'AndroidTargetPlatform' loaded TargetPlatform 'Android_DXT'
[2019.10.06-16.59.24:687][  0]LogTemp: Display: Module 'AndroidTargetPlatform' loaded TargetPlatform 'Android_ETC1'
[2019.10.06-16.59.24:687][  0]LogTemp: Display: Module 'AndroidTargetPlatform' loaded TargetPlatform 'Android_ETC1a'
[2019.10.06-16.59.24:687][  0]LogTemp: Display: Module 'AndroidTargetPlatform' loaded TargetPlatform 'Android_ETC2'
[2019.10.06-16.59.24:687][  0]LogTemp: Display: Module 'AndroidTargetPlatform' loaded TargetPlatform 'Android_PVRTC'
[2019.10.06-16.59.24:687][  0]LogTemp: Display: Module 'AndroidTargetPlatform' loaded TargetPlatform 'AndroidClient'
[2019.10.06-16.59.24:687][  0]LogTemp: Display: Module 'AndroidTargetPlatform' loaded TargetPlatform 'Android_ASTCClient'
[2019.10.06-16.59.24:687][  0]LogTemp: Display: Module 'AndroidTargetPlatform' loaded TargetPlatform 'Android_ATCClient'
[2019.10.06-16.59.24:687][  0]LogTemp: Display: Module 'AndroidTargetPlatform' loaded TargetPlatform 'Android_DXTClient'
[2019.10.06-16.59.24:687][  0]LogTemp: Display: Module 'AndroidTargetPlatform' loaded TargetPlatform 'Android_ETC1Client'
[2019.10.06-16.59.24:687][  0]LogTemp: Display: Module 'AndroidTargetPlatform' loaded TargetPlatform 'Android_ETC1aClient'
[2019.10.06-16.59.24:687][  0]LogTemp: Display: Module 'AndroidTargetPlatform' loaded TargetPlatform 'Android_ETC2Client'
[2019.10.06-16.59.24:687][  0]LogTemp: Display: Module 'AndroidTargetPlatform' loaded TargetPlatform 'Android_PVRTCClient'
[2019.10.06-16.59.24:687][  0]LogTemp: Display: Module 'AndroidTargetPlatform' loaded TargetPlatform 'Android_Multi'
[2019.10.06-16.59.24:687][  0]LogTemp: Display: Module 'AndroidTargetPlatform' loaded TargetPlatform 'Android_MultiClient'
[2019.10.06-16.59.24:689][  0]LogTemp: Display: Module 'HTML5TargetPlatform' loaded TargetPlatform 'HTML5'
[2019.10.06-16.59.24:747][  0]LogTemp: Display: Module 'IOSTargetPlatform' loaded TargetPlatform 'IOSClient'
[2019.10.06-16.59.24:747][  0]LogTemp: Display: Module 'IOSTargetPlatform' loaded TargetPlatform 'IOS'
[2019.10.06-16.59.24:773][  0]LogTemp: Display: Module 'TVOSTargetPlatform' loaded TargetPlatform 'TVOSClient'
[2019.10.06-16.59.24:773][  0]LogTemp: Display: Module 'TVOSTargetPlatform' loaded TargetPlatform 'TVOS'
[2019.10.06-16.59.24:789][  0]LogTemp: Display: Module 'LinuxClientTargetPlatform' loaded TargetPlatform 'LinuxClient'
[2019.10.06-16.59.24:804][  0]LogTemp: Display: Module 'LinuxNoEditorTargetPlatform' loaded TargetPlatform 'LinuxNoEditor'
[2019.10.06-16.59.24:822][  0]LogTemp: Display: Module 'LinuxServerTargetPlatform' loaded TargetPlatform 'LinuxServer'
[2019.10.06-16.59.24:839][  0]LogTemp: Display: Module 'LinuxTargetPlatform' loaded TargetPlatform 'Linux'
[2019.10.06-16.59.24:894][  0]LogTemp: Display: Module 'LuminTargetPlatform' loaded TargetPlatform 'Lumin'
[2019.10.06-16.59.24:894][  0]LogTemp: Display: Module 'LuminTargetPlatform' loaded TargetPlatform 'LuminClient'
[2019.10.06-16.59.24:894][  0]LogTargetPlatformManager: Display: Building Assets For Windows
[2019.10.06-16.59.24:903][  0]LogAudioDebug: Display: Lib vorbis DLL was dynamically loaded.
[2019.10.06-16.59.24:952][  0]LogShaderCompilers: Guid format shader working directory is -5 characters bigger than the processId version (C:/Users/haber/Documents/GitHub/F.L.I.G.H.T/FLIGHT/Intermediate/Shaders/WorkingDirectory/23132/).
[2019.10.06-16.59.24:953][  0]LogShaderCompilers: Cleaned the shader compiler working directory 'C:/Users/haber/AppData/Local/Temp/UnrealShaderWorkingDir/49B95578488868EE8263A9AFCDABB343/'.
[2019.10.06-16.59.24:954][  0]LogXGEController: Cannot use XGE Controller as Incredibuild is not installed on this machine.
[2019.10.06-16.59.24:954][  0]LogShaderCompilers: Cannot use XGE Shader Compiler as Incredibuild is not installed on this machine.
[2019.10.06-16.59.24:954][  0]LogShaderCompilers: Display: Using Local Shader Compiler.
[2019.10.06-16.59.25:692][  0]LogDerivedDataCache: Display: Max Cache Size: 512 MB
[2019.10.06-16.59.25:756][  0]LogDerivedDataCache: Loaded boot cache 0.06s 71MB C:/Users/haber/AppData/Local/UnrealEngine/4.22/DerivedDataCache/Boot.ddc.
[2019.10.06-16.59.25:756][  0]LogDerivedDataCache: Display: Loaded Boot cache: C:/Users/haber/AppData/Local/UnrealEngine/4.22/DerivedDataCache/Boot.ddc
[2019.10.06-16.59.25:756][  0]LogDerivedDataCache: FDerivedDataBackendGraph:  Pak pak cache file C:/Users/haber/Documents/GitHub/F.L.I.G.H.T/FLIGHT/DerivedDataCache/DDC.ddp not found, will not use a pak cache.
[2019.10.06-16.59.25:756][  0]LogDerivedDataCache: Unable to find inner node Pak for hierarchical cache Hierarchy.
[2019.10.06-16.59.25:756][  0]LogDerivedDataCache: FDerivedDataBackendGraph:  CompressedPak pak cache file C:/Users/haber/Documents/GitHub/F.L.I.G.H.T/FLIGHT/DerivedDataCache/Compressed.ddp not found, will not use a pak cache.
[2019.10.06-16.59.25:756][  0]LogDerivedDataCache: Unable to find inner node CompressedPak for hierarchical cache Hierarchy.
[2019.10.06-16.59.25:777][  0]LogDerivedDataCache: Display: Pak cache opened for reading ../../../Engine/DerivedDataCache/Compressed.ddp.
[2019.10.06-16.59.25:777][  0]LogDerivedDataCache: FDerivedDataBackendGraph:  EnterprisePak pak cache file ../../../Enterprise/DerivedDataCache/Compressed.ddp not found, will not use a pak cache.
[2019.10.06-16.59.25:777][  0]LogDerivedDataCache: Unable to find inner node EnterprisePak for hierarchical cache Hierarchy.
[2019.10.06-16.59.25:789][  0]LogDerivedDataCache: Using Local data cache path C:/Users/haber/AppData/Local/UnrealEngine/Common/DerivedDataCache: Writable
[2019.10.06-16.59.25:789][  0]LogDerivedDataCache: Shared data cache path not found in *engine.ini, will not use an Shared cache.
[2019.10.06-16.59.25:789][  0]LogDerivedDataCache: Unable to find inner node Shared for hierarchical cache Hierarchy.
[2019.10.06-16.59.25:825][  0]LogMaterial: Verifying Global Shaders for PCD3D_SM5
[2019.10.06-16.59.25:827][  0]LogSlate: Using FreeType 2.6.0
[2019.10.06-16.59.25:828][  0]LogSlate: SlateFontServices - WITH_FREETYPE: 1, WITH_HARFBUZZ: 1
[2019.10.06-16.59.25:966][  0]LogAssetRegistry: FAssetRegistry took 0.0431 seconds to start up
[2019.10.06-16.59.26:381][  0]LogInit: Selected Device Profile: [Windows]
[2019.10.06-16.59.26:558][  0]LogMeshReduction: Using QuadricMeshReduction for automatic static mesh reduction
[2019.10.06-16.59.26:558][  0]LogMeshReduction: Using SimplygonMeshReduction for automatic skeletal mesh reduction
[2019.10.06-16.59.26:558][  0]LogMeshReduction: Using ProxyLODMeshReduction for automatic mesh merging
[2019.10.06-16.59.26:558][  0]LogMeshReduction: No distributed automatic mesh merging module available
[2019.10.06-16.59.26:558][  0]LogMeshMerging: No distributed automatic mesh merging module available
[2019.10.06-16.59.26:572][  0]LogNetVersion: FLIGHT 1.0.0, NetCL: 5660361, EngineNetVer: 10, GameNetVer: 0 (Checksum: 3036253622)
[2019.10.06-16.59.27:115][  0]LogPackageLocalizationCache: Processed 12 localized package path(s) for 1 prioritized culture(s) in 0.058392 seconds
[2019.10.06-16.59.27:125][  0]LogUObjectArray: 42205 objects as part of root set at end of initial load.
[2019.10.06-16.59.27:125][  0]LogUObjectAllocator: 7325032 out of 0 bytes used by permanent object pool.
[2019.10.06-16.59.27:125][  0]LogUObjectArray: CloseDisregardForGC: 0/0 objects in disregard for GC pool
[2019.10.06-16.59.31:239][  0]LogTcpMessaging: Initializing TcpMessaging bridge
[2019.10.06-16.59.31:253][  0]LogUdpMessaging: Initializing bridge on interface 0.0.0.0:0 to multicast group 230.0.0.1:6666.
[2019.10.06-16.59.32:933][  0]SourceControl: Source control is disabled
[2019.10.06-16.59.32:933][  0]LogWindows: Warning: CreateProc failed: The system cannot find the file specified. (0x00000002)
[2019.10.06-16.59.32:933][  0]LogWindows: Warning: URL: C:/Program Files/Git/bin/git.exe version
[2019.10.06-16.59.32:934][  0]LogWindows: Warning: CreateProc failed: The system cannot find the file specified. (0x00000002)
[2019.10.06-16.59.32:934][  0]LogWindows: Warning: URL: C:/Program Files (x86)/Git/bin/git.exe version
[2019.10.06-16.59.32:934][  0]LogWindows: Warning: CreateProc failed: The system cannot find the file specified. (0x00000002)
[2019.10.06-16.59.32:934][  0]LogWindows: Warning: URL: C:\Users\haber\AppData\Local/Programs/Git/cmd/git.exe version
[2019.10.06-16.59.32:934][  0]LogWindows: Warning: CreateProc failed: The system cannot find the file specified. (0x00000002)
[2019.10.06-16.59.32:934][  0]LogWindows: Warning: URL: C:/Program Files (x86)/SmartGit/git/bin/git.exe version
[2019.10.06-16.59.32:934][  0]LogWindows: Warning: CreateProc failed: The system cannot find the file specified. (0x00000002)
[2019.10.06-16.59.32:934][  0]LogWindows: Warning: URL: C:/Program Files (x86)/SmartGit/bin/git.exe version
[2019.10.06-16.59.34:722][  0]LogAndroidPermission: UAndroidPermissionCallbackProxy::GetInstance
[2019.10.06-16.59.34:904][  0]LogOcInput: OculusInput pre-init called
[2019.10.06-16.59.35:900][  0]LogEngine: Initializing Engine...
[2019.10.06-16.59.35:901][  0]LogHMD: Failed to initialize OpenVR with code 110
[2019.10.06-16.59.35:903][  0]LogStats: UGameplayTagsManager::InitializeManager -  0.000 s
[2019.10.06-16.59.36:164][  0]LogInit: Initializing FReadOnlyCVARCache
[2019.10.06-16.59.36:176][  0]LogAIModule: Creating AISystem for world Untitled
[2019.10.06-16.59.36:222][  0]LogInit: XAudio2 using 'Headset Earphone (HyperX 7.1 Audio)' : 2 channels at 48 kHz using 16 bits per sample (channel mask 0x3)
[2019.10.06-16.59.36:268][  0]LogInit: FAudioDevice initialized.
[2019.10.06-16.59.36:269][  0]LogNetVersion: Set ProjectVersion to 1.0.0.0. Version Checksum will be recalculated on next use.
[2019.10.06-16.59.36:497][  0]LogDerivedDataCache: Saved boot cache 0.23s 71MB C:/Users/haber/AppData/Local/UnrealEngine/4.22/DerivedDataCache/Boot.ddc.
[2019.10.06-16.59.36:512][  0]LogInit: Texture streaming: Enabled
[2019.10.06-16.59.36:535][  0]LogEngineSessionManager: EngineSessionManager initialized
[2019.10.06-16.59.36:569][  0]LogInit: Transaction tracking system initialized
[2019.10.06-16.59.36:594][  0]BlueprintLog: New page: Editor Load
[2019.10.06-16.59.36:690][  0]LocalizationService: Localization service is disabled
[2019.10.06-16.59.37:163][  0]LogCook: Display: Max memory allowance for cook 16384mb min free memory 0mb
[2019.10.06-16.59.37:163][  0]LogCook: Display: Mobile HDR setting 1
[2019.10.06-16.59.37:463][  0]LogFileCache: Scanning file cache for directory 'C:/Users/haber/Documents/GitHub/F.L.I.G.H.T/FLIGHT/Content/' took 0.03s
[2019.10.06-16.59.37:463][  0]Cmd: MAP LOAD FILE="C:/Users/haber/Documents/GitHub/F.L.I.G.H.T/FLIGHT/Content/Maps/Menu.umap" TEMPLATE=0 SHOWPROGRESS=1 FEATURELEVEL=3
[2019.10.06-16.59.37:470][  0]LightingResults: New page: Lighting Build
[2019.10.06-16.59.37:473][  0]MapCheck: New page: Map Check
[2019.10.06-16.59.37:473][  0]LightingResults: New page: Lighting Build
[2019.10.06-16.59.37:505][  0]LogUObjectHash: Compacting FUObjectHashTables data took   3.04ms
[2019.10.06-16.59.40:743][  0]LogAIModule: Creating AISystem for world Menu
[2019.10.06-16.59.40:744][  0]LogEditorServer: Finished looking for orphan Actors (0.000 secs)
[2019.10.06-16.59.40:793][  0]LogUObjectHash: Compacting FUObjectHashTables data took   4.31ms
[2019.10.06-16.59.40:793][  0]Cmd: MAP CHECKDEP NOCLEARLOG
[2019.10.06-16.59.40:794][  0]MapCheck: Map check complete: 0 Error(s), 0 Warning(s), took 0.129ms to complete.
[2019.10.06-16.59.40:794][  0]LogFileHelpers: Loading map 'Menu' took 3.331
[2019.10.06-16.59.41:470][  0]LogSlate: Updating window title bar state: overlay mode, drag disabled, window buttons hidden, title bar hidden
[2019.10.06-16.59.41:503][  0]LogSlate: Updating window title bar state: overlay mode, drag disabled, window buttons hidden, title bar hidden
[2019.10.06-16.59.41:514][  0]LogSlate: Updating window title bar state: overlay mode, drag disabled, window buttons hidden, title bar hidden
[2019.10.06-16.59.41:525][  0]LogSlate: Updating window title bar state: overlay mode, drag disabled, window buttons hidden, title bar hidden
[2019.10.06-16.59.41:554][  0]LogCollectionManager: Loaded 0 collections in 0.001431 seconds
[2019.10.06-16.59.41:645][  0]LogFileCache: Scanning file cache for directory 'C:/Users/haber/Documents/GitHub/F.L.I.G.H.T/FLIGHT/Saved/Collections/' took 0.01s
[2019.10.06-16.59.41:645][  0]LogFileCache: Scanning file cache for directory 'C:/Users/haber/Documents/GitHub/F.L.I.G.H.T/FLIGHT/Content/Developers/haber/Collections/' took 0.00s
[2019.10.06-16.59.41:645][  0]LogFileCache: Scanning file cache for directory 'C:/Users/haber/Documents/GitHub/F.L.I.G.H.T/FLIGHT/Content/Collections/' took 0.00s
[2019.10.06-16.59.41:645][  0]LogCollectionManager: Rebuilt the GUID cache for 0 collections in 0.000000 seconds
[2019.10.06-16.59.41:656][  0]LogContentBrowser: Native class hierarchy populated in 0.0108 seconds. Added 2758 classes and 680 folders.
[2019.10.06-16.59.41:697][  0]LogContentBrowser: Native class hierarchy updated for 'WidgetCarousel' in 0.0005 seconds. Added 0 classes and 0 folders.
[2019.10.06-16.59.41:763][  0]LogPakFile: Registered encryption key '00000000000000000000000000000000': 0 pak files mounted, 0 remain pending
[2019.10.06-16.59.41:835][  0]LogPakFile: Registered encryption key '00000000000000000000000000000000': 0 pak files mounted, 0 remain pending
[2019.10.06-16.59.41:879][  0]LogPakFile: Registered encryption key '00000000000000000000000000000000': 0 pak files mounted, 0 remain pending
[2019.10.06-16.59.41:914][  0]LogPakFile: Registered encryption key '00000000000000000000000000000000': 0 pak files mounted, 0 remain pending
[2019.10.06-16.59.41:936][  0]LogPakFile: Registered encryption key '00000000000000000000000000000000': 0 pak files mounted, 0 remain pending
[2019.10.06-16.59.41:951][  0]LogPakFile: Registered encryption key '00000000000000000000000000000000': 0 pak files mounted, 0 remain pending
[2019.10.06-16.59.41:982][  0]LogPakFile: Registered encryption key '00000000000000000000000000000000': 0 pak files mounted, 0 remain pending
[2019.10.06-16.59.41:997][  0]LogPakFile: Registered encryption key '00000000000000000000000000000000': 0 pak files mounted, 0 remain pending
[2019.10.06-16.59.42:005][  0]LogPakFile: Registered encryption key '00000000000000000000000000000000': 0 pak files mounted, 0 remain pending
[2019.10.06-16.59.42:022][  0]LogPakFile: Registered encryption key '00000000000000000000000000000000': 0 pak files mounted, 0 remain pending
[2019.10.06-16.59.42:034][  0]LogPakFile: Registered encryption key '00000000000000000000000000000000': 0 pak files mounted, 0 remain pending
[2019.10.06-16.59.42:051][  0]LogPakFile: Registered encryption key '00000000000000000000000000000000': 0 pak files mounted, 0 remain pending
[2019.10.06-16.59.42:058][  0]LogPakFile: Registered encryption key '00000000000000000000000000000000': 0 pak files mounted, 0 remain pending
[2019.10.06-16.59.42:113][  0]LogPakFile: Registered encryption key '00000000000000000000000000000000': 0 pak files mounted, 0 remain pending
[2019.10.06-16.59.42:119][  0]LogPakFile: Registered encryption key '00000000000000000000000000000000': 0 pak files mounted, 0 remain pending
[2019.10.06-16.59.42:139][  0]LogPakFile: Registered encryption key '00000000000000000000000000000000': 0 pak files mounted, 0 remain pending
[2019.10.06-16.59.42:186][  0]LogPakFile: Registered encryption key '00000000000000000000000000000000': 0 pak files mounted, 0 remain pending
[2019.10.06-16.59.42:193][  0]LogPakFile: Registered encryption key '00000000000000000000000000000000': 0 pak files mounted, 0 remain pending
[2019.10.06-16.59.42:211][  0]LogPakFile: Registered encryption key '00000000000000000000000000000000': 0 pak files mounted, 0 remain pending
[2019.10.06-16.59.42:251][  0]LogPakFile: Registered encryption key '00000000000000000000000000000000': 0 pak files mounted, 0 remain pending
[2019.10.06-16.59.42:276][  0]LogPakFile: Registered encryption key '00000000000000000000000000000000': 0 pak files mounted, 0 remain pending
[2019.10.06-16.59.42:302][  0]LogPakFile: Registered encryption key '00000000000000000000000000000000': 0 pak files mounted, 0 remain pending
[2019.10.06-16.59.42:308][  0]LogPakFile: Registered encryption key '00000000000000000000000000000000': 0 pak files mounted, 0 remain pending
[2019.10.06-16.59.42:327][  0]LogPakFile: Registered encryption key '00000000000000000000000000000000': 0 pak files mounted, 0 remain pending
[2019.10.06-16.59.42:338][  0]LogPakFile: Registered encryption key '00000000000000000000000000000000': 0 pak files mounted, 0 remain pending
[2019.10.06-16.59.42:361][  0]LogPakFile: Registered encryption key '00000000000000000000000000000000': 0 pak files mounted, 0 remain pending
[2019.10.06-16.59.43:665][  0]LogContentBrowser: Native class hierarchy updated for 'AddContentDialog' in 0.0003 seconds. Added 0 classes and 0 folders.
[2019.10.06-16.59.43:717][  0]LogContentBrowser: Native class hierarchy updated for 'SceneOutliner' in 0.0004 seconds. Added 1 classes and 2 folders.
[2019.10.06-16.59.44:817][  0]LogSlate: Took 0.000330 seconds to synchronously load lazily loaded font '../../../Engine/Content/Slate/Fonts/Roboto-Regular.ttf' (155K)
[2019.10.06-16.59.44:829][  0]LogSlate: Took 0.000275 seconds to synchronously load lazily loaded font '../../../Engine/Content/Slate/Fonts/Roboto-Bold.ttf' (160K)
[2019.10.06-16.59.44:896][  0]LogSlate: Took 0.019896 seconds to synchronously load lazily loaded font '../../../Engine/Content/Editor/Slate/Fonts/FontAwesome.ttf' (139K)
[2019.10.06-16.59.45:112][  0]LogRenderer: Reallocating scene render targets to support 1112x572 Format 10 NumSamples 1 (Frame:1).
[2019.10.06-16.59.45:364][  0]LogSlate: Took 0.052136 seconds to synchronously load lazily loaded font '../../../Engine/Content/Slate/Fonts/Roboto-Light.ttf' (167K)
[2019.10.06-16.59.45:521][  0]LogContentBrowser: Native class hierarchy updated for 'HierarchicalLODOutliner' in 0.0005 seconds. Added 0 classes and 0 folders.
[2019.10.06-16.59.45:521][  0]LogLoad: (Engine Initialization) Total time: 25.70 seconds
[2019.10.06-16.59.45:521][  0]LogLoad: (Engine Initialization) Total Blueprint compile time: 0.00 seconds
[2019.10.06-16.59.45:579][  0]LogContentStreaming: Texture pool size now 1000 MB
[2019.10.06-16.59.45:783][  1]LogCollectionManager: Rebuilt the object cache for 0 collections in 0.000000 seconds (found 0 objects)
[2019.10.06-16.59.46:572][ 47]LogSlate: Took 0.000227 seconds to synchronously load lazily loaded font '../../../Engine/Content/Slate/Fonts/Roboto-Light.ttf' (167K)
[2019.10.06-16.59.48:123][136]LogSlate: FSceneViewport::OnFocusLost() reason 0
[2019.10.06-16.59.55:282][565]LogSlate: FSceneViewport::OnFocusLost() reason 0
[2019.10.06-17.00.07:558][282]LogAssetRegistry: Asset discovery search completed in 41.6151 seconds
[2019.10.06-17.00.07:566][282]LogCollectionManager: Fixed up redirectors for 0 collections in 0.000001 seconds (updated 0 objects)
[2019.10.06-17.00.13:095][594]LogAssetEditorManager: Opening Asset editor for Blueprint /Game/Terrain/Terrain.Terrain
[2019.10.06-17.00.13:473][594]LogClass: Warning: Enum '/Game/Explosions/DemoRoom/BluePrints/BP_DemoDisplay_Enum.BP_DemoDisplay_Enum' was upgraded to use FText to store its display name data. Please re-save this asset to avoid issues with localization and determinstic cooking.
[2019.10.06-17.00.13:580][594]LogContentBrowser: Native class hierarchy updated for 'BlueprintGraph' in 0.0007 seconds. Added 121 classes and 0 folders.
[2019.10.06-17.00.17:864][594]LogSlate: Took 0.019270 seconds to synchronously load lazily loaded font '../../../Engine/Content/Slate/Fonts/Roboto-BoldCondensed.ttf' (158K)
[2019.10.06-17.00.18:314][595]LogSlate: Took 0.014689 seconds to synchronously load lazily loaded font '../../../Engine/Content/Slate/Fonts/Roboto-Italic.ttf' (157K)
[2019.10.06-17.04.59:943][181]BlueprintLog: New page: Compile Terrain
[2019.10.06-17.05.00:694][181]LogUObjectHash: Compacting FUObjectHashTables data took   7.10ms
[2019.10.06-17.05.38:318][362]BlueprintLog: New page: Compile Terrain
[2019.10.06-17.05.38:354][362]LogBlueprint: Error: [Compiler Terrain] This blueprint (self) is not a SplineComponent, therefore ' Target ' must have a connection.
[2019.10.06-17.05.38:639][362]LogUObjectHash: Compacting FUObjectHashTables data took   3.91ms
[2019.10.06-17.05.38:659][362]LogBlueprint: Warning: [Compiler Terrain] [0378.84] Compile of Terrain failed. 1 Fatal Issue(s) 0 Warning(s) [in 340 ms] (/Game/Terrain/Terrain.Terrain)
[2019.10.06-17.05.50:954][ 90]BlueprintLog: New page: Compile Terrain
[2019.10.06-17.05.51:726][ 90]LogUObjectHash: Compacting FUObjectHashTables data took   4.06ms
[2019.10.06-17.05.56:231][167]LogRenderer: Reallocating scene render targets to support 1196x708 Format 10 NumSamples 1 (Frame:1).
[2019.10.06-17.06.05:619][716]LogSlate: FSceneViewport::OnFocusLost() reason 2
[2019.10.06-17.06.14:115][225]LogSlate: FSceneViewport::OnFocusLost() reason 0
[2019.10.06-17.10.55:688][ 96]LogUObjectHash: Compacting FUObjectHashTables data took   4.46ms
[2019.10.06-17.10.55:690][ 96]LogFileHelpers: Editor autosave (incl. sublevels) for '/Game/Maps/Menu' took 0.063
[2019.10.06-17.10.55:692][ 96]OBJ SavePackage: Generating thumbnails for [0] asset(s) in package [/Game/Terrain/Terrain] ([1] browsable assets)...
[2019.10.06-17.10.55:692][ 96]OBJ SavePackage: Finished generating thumbnails for package [/Game/Terrain/Terrain]
[2019.10.06-17.10.55:692][ 96]Cmd: OBJ SAVEPACKAGE PACKAGE="/Game/Terrain/Terrain" FILE="C:/Users/haber/Documents/GitHub/F.L.I.G.H.T/FLIGHT/Saved/Autosaves/Game/Terrain/Terrain_Auto1.uasset" SILENT=false AUTOSAVING=true
[2019.10.06-17.10.56:118][ 96]LogSavePackage: Moving 'C:/Users/haber/Documents/GitHub/F.L.I.G.H.T/FLIGHT/Saved/Terrain_Auto11C94779642B2E79560B3A18D79F82035.tmp' to 'C:/Users/haber/Documents/GitHub/F.L.I.G.H.T/FLIGHT/Saved/Autosaves/Game/Terrain/Terrain_Auto1.uasset'
[2019.10.06-17.10.56:126][ 96]LogFileHelpers: Auto-saving content packages took 0.435
[2019.10.06-17.11.24:305][784]LogAssetEditorManager: Opening Asset editor for StaticMesh /Game/Terrain/terrainLength.terrainLength
[2019.10.06-17.11.25:590][785]LogRenderer: Reallocating scene render targets to support 1432x920 Format 10 NumSamples 1 (Frame:1).
[2019.10.06-17.11.38:388][545]LogSlate: FSceneViewport::OnFocusLost() reason 0
[2019.10.06-17.11.53:946][444]LogStaticMesh: Building static mesh terrainbackground...
[2019.10.06-17.11.54:013][444]LogStaticMesh: Built static mesh [0.07s] /Game/Terrain/terrainbackground.terrainbackground
[2019.10.06-17.11.54:208][444]Cmd: OBJ SAVEPACKAGE PACKAGE="/Game/Terrain/terrainbackground" FILE="C:/Users/haber/Documents/GitHub/F.L.I.G.H.T/FLIGHT/Content/Terrain/terrainbackground.uasset" SILENT=true
[2019.10.06-17.11.54:249][444]LogSavePackage: Moving 'C:/Users/haber/Documents/GitHub/F.L.I.G.H.T/FLIGHT/Saved/terrainbackground8CD3739042FFAF0C8857C49241F3C228.tmp' to 'C:/Users/haber/Documents/GitHub/F.L.I.G.H.T/FLIGHT/Content/Terrain/terrainbackground.uasset'
[2019.10.06-17.11.57:224][566]LogAssetEditorManager: Opening Asset editor for StaticMesh /Game/Terrain/terrainbackground.terrainbackground
[2019.10.06-17.12.02:210][820]SourceControl: fatal: D:/UnrealEngine/UE_4.22/Engine/Content/EngineMaterials: 'D:/UnrealEngine/UE_4.22/Engine/Content/EngineMaterials' is outside repository
[2019.10.06-17.12.02:210][820]SourceControl: fatal: D:/UnrealEngine/UE_4.22/Engine/Plugins/Enterprise/DatasmithContent/Content/Materials/MDL/Emissive.uasset: 'D:/UnrealEngine/UE_4.22/Engine/Plugins/Enterprise/DatasmithContent/Content/Materials/MDL/Emissive.uasset' is outside repository
[2019.10.06-17.12.04:896][970]SourceControl: fatal: D:/UnrealEngine/UE_4.22/Engine/Content/BufferVisualization/FinalImage.uasset: 'D:/UnrealEngine/UE_4.22/Engine/Content/BufferVisualization/FinalImage.uasset' is outside repository
[2019.10.06-17.12.07:740][140]SourceControl: fatal: D:/UnrealEngine/UE_4.22/Engine/Content/EngineMeshes/BackgroundMaterial.uasset: 'D:/UnrealEngine/UE_4.22/Engine/Content/EngineMeshes/BackgroundMaterial.uasset' is outside repository
[2019.10.06-17.12.07:740][140]SourceControl: fatal: D:/UnrealEngine/UE_4.22/Engine/Content/EditorMaterials/Cascade: 'D:/UnrealEngine/UE_4.22/Engine/Content/EditorMaterials/Cascade' is outside repository
[2019.10.06-17.12.07:740][140]SourceControl: fatal: D:/UnrealEngine/UE_4.22/Engine/Content/ArtTools/RenderToTexture/Materials/M_BackgroundCard_01.uasset: 'D:/UnrealEngine/UE_4.22/Engine/Content/ArtTools/RenderToTexture/Materials/M_BackgroundCard_01.uasset' is outside repository
[2019.10.06-17.12.07:740][140]SourceControl: fatal: D:/UnrealEngine/UE_4.22/Engine/Content/MapTemplates/Sky/M_BlackBackground.uasset: 'D:/UnrealEngine/UE_4.22/Engine/Content/MapTemplates/Sky/M_BlackBackground.uasset' is outside repository
[2019.10.06-17.12.07:740][140]SourceControl: fatal: D:/UnrealEngine/UE_4.22/Engine/Content/EditorMaterials/ThumbnailBack.uasset: 'D:/UnrealEngine/UE_4.22/Engine/Content/EditorMaterials/ThumbnailBack.uasset' is outside repository
[2019.10.06-17.12.08:291][171]LogStaticMesh: Building static mesh terrainbackground...
[2019.10.06-17.12.08:307][171]LogStaticMesh: Built static mesh [0.02s] /Game/Terrain/terrainbackground.terrainbackground
[2019.10.06-17.12.33:382][666]LogSlate: FSceneViewport::OnFocusLost() reason 0
[2019.10.06-17.12.54:081][907]LogSlate: FSceneViewport::OnFocusLost() reason 0
[2019.10.06-17.13.04:067][506]LogSlate: FSceneViewport::OnFocusLost() reason 0
[2019.10.06-17.13.25:540][793]LogSlate: FSceneViewport::OnFocusLost() reason 0
[2019.10.06-17.13.38:777][583]LogSlate: FSceneViewport::OnFocusLost() reason 2
[2019.10.06-17.13.41:612][753]LogSlate: FSceneViewport::OnFocusLost() reason 2
[2019.10.06-17.13.54:102][382]LogSlate: Window 'Material Baking Options' being destroyed
[2019.10.06-17.13.58:112][623]LogSlate: FSceneViewport::OnFocusLost() reason 0
[2019.10.06-17.14.01:230][810]LogSlate: FSceneViewport::OnFocusLost() reason 0
[2019.10.06-17.14.16:976][753]LogSlate: FSceneViewport::OnFocusLost() reason 2
[2019.10.06-17.14.17:690][792]LogSlate: FSceneViewport::OnFocusLost() reason 2
[2019.10.06-17.14.18:456][838]LogSlate: FSceneViewport::OnFocusLost() reason 2
[2019.10.06-17.14.18:798][858]LogSlate: FSceneViewport::OnFocusLost() reason 2
[2019.10.06-17.14.19:948][927]LogSlate: FSceneViewport::OnFocusLost() reason 2
[2019.10.06-17.14.20:749][975]LogSlate: FSceneViewport::OnFocusLost() reason 2
[2019.10.06-17.14.24:777][217]LogWindows: LaunchURL http://docs.unrealengine.com/latest/INT/Engine/Content/Types/StaticMeshes/Editor/index.html?utm_source=editor&utm_medium=docs&utm_campaign=help_menu_asset
[2019.10.06-17.14.36:596][770]LogSlate: FSceneViewport::OnFocusLost() reason 0
[2019.10.06-17.14.58:498][ 84]LogSlate: FSceneViewport::OnFocusLost() reason 0
[2019.10.06-17.15.12:937][950]LogSlate: FSceneViewport::OnFocusLost() reason 0
[2019.10.06-17.15.19:527][344]LogStaticMesh: Building static mesh terrainbackground...
[2019.10.06-17.15.19:529][344]LogStaticMesh: Built static mesh [0.00s] /Game/Terrain/terrainbackground.terrainbackground
[2019.10.06-17.15.25:258][685]LogSlate: FSceneViewport::OnFocusLost() reason 0
[2019.10.06-17.15.31:470][ 56]LogStaticMesh: Building static mesh terrainbackground...
[2019.10.06-17.15.31:472][ 56]LogStaticMesh: Built static mesh [0.00s] /Game/Terrain/terrainbackground.terrainbackground
[2019.10.06-17.16.05:811][114]LogSlate: FSceneViewport::OnFocusLost() reason 0
[2019.10.06-17.16.16:442][743]Cmd: OBJ SAVEPACKAGE PACKAGE="/Game/Terrain/terrainbackground" FILE="C:/Users/haber/Documents/GitHub/F.L.I.G.H.T/FLIGHT/Content/Terrain/terrainbackground.uasset" SILENT=true
[2019.10.06-17.16.16:575][743]LogSavePackage: Moving 'C:/Users/haber/Documents/GitHub/F.L.I.G.H.T/FLIGHT/Saved/terrainbackground6D00BFED4BEC9AC4823A319498C1A914.tmp' to 'C:/Users/haber/Documents/GitHub/F.L.I.G.H.T/FLIGHT/Content/Terrain/terrainbackground.uasset'
[2019.10.06-17.19.06:497][693]LogSlate: FSceneViewport::OnFocusLost() reason 2
[2019.10.06-17.19.08:896][836]LogSlate: FSceneViewport::OnFocusLost() reason 2
[2019.10.06-17.19.10:643][940]LogSlate: FSceneViewport::OnFocusLost() reason 2
[2019.10.06-17.19.14:252][157]LogSlate: FSceneViewport::OnFocusLost() reason 0
[2019.10.06-17.21.18:914][550]SourceControl: fatal: D:/UnrealEngine/UE_4.22/Engine/Content/Functions/Engine_MaterialFunctions02/SupportFiles/1x1x1_Box_Pivot_-XYZ.uasset: 'D:/UnrealEngine/UE_4.22/Engine/Content/Functions/Engine_MaterialFunctions02/SupportFiles/1x1x1_Box_Pivot_-XYZ.uasset' is outside repository
[2019.10.06-17.21.18:914][550]SourceControl: fatal: D:/UnrealEngine/UE_4.22/Engine/Content/EditorMeshes: 'D:/UnrealEngine/UE_4.22/Engine/Content/EditorMeshes' is outside repository
[2019.10.06-17.21.18:914][550]SourceControl: fatal: D:/UnrealEngine/UE_4.22/Engine/Content/EngineMeshes/BackgroundCube.uasset: 'D:/UnrealEngine/UE_4.22/Engine/Content/EngineMeshes/BackgroundCube.uasset' is outside repository
[2019.10.06-17.21.18:914][550]SourceControl: fatal: D:/UnrealEngine/UE_4.22/Engine/Content/EditorMeshes/Cascade/BackgroundCube.uasset: 'D:/UnrealEngine/UE_4.22/Engine/Content/EditorMeshes/Cascade/BackgroundCube.uasset' is outside repository
[2019.10.06-17.21.18:914][550]SourceControl: fatal: D:/UnrealEngine/UE_4.22/Engine/Content/VREditor/TransformGizmo: 'D:/UnrealEngine/UE_4.22/Engine/Content/VREditor/TransformGizmo' is outside repository
[2019.10.06-17.21.21:108][665]SourceControl: fatal: D:/UnrealEngine/UE_4.22/Engine/Content/EngineMeshes/BackgroundCube.uasset: 'D:/UnrealEngine/UE_4.22/Engine/Content/EngineMeshes/BackgroundCube.uasset' is outside repository
[2019.10.06-17.21.21:108][665]SourceControl: fatal: D:/UnrealEngine/UE_4.22/Engine/Content/EditorMeshes/Cascade/BackgroundCube.uasset: 'D:/UnrealEngine/UE_4.22/Engine/Content/EditorMeshes/Cascade/BackgroundCube.uasset' is outside repository
[2019.10.06-17.21.21:108][665]SourceControl: fatal: D:/UnrealEngine/UE_4.22/Engine/Content/BasicShapes/Cone.uasset: 'D:/UnrealEngine/UE_4.22/Engine/Content/BasicShapes/Cone.uasset' is outside repository
[2019.10.06-17.21.21:363][676]SourceControl: fatal: D:/UnrealEngine/UE_4.22/Engine/Content/BasicShapes: 'D:/UnrealEngine/UE_4.22/Engine/Content/BasicShapes' is outside repository
[2019.10.06-17.21.21:363][676]SourceControl: fatal: D:/UnrealEngine/UE_4.22/Engine/Content/Functions/Engine_MaterialFunctions02/ExampleContent/TextureBasedWPO/DemoBoxMesh.uasset: 'D:/UnrealEngine/UE_4.22/Engine/Content/Functions/Engine_MaterialFunctions02/ExampleContent/TextureBasedWPO/DemoBoxMesh.uasset' is outside repository
[2019.10.06-17.21.45:751][ 19]BlueprintLog: New page: Compile Terrain
[2019.10.06-17.21.46:147][ 19]LogMaterial: Warning: Material /Game/Terrain/Background.Background needed to have new flag set bUsedWithSplineMeshes !
[2019.10.06-17.21.46:152][ 19]LogMaterial: Display: Missing cached shader map for material Background, compiling. 
[2019.10.06-17.21.47:116][ 19]LogShaderCompilers: Display: Shaders left to compile 41
[2019.10.06-17.21.47:116][ 19]LogShaderCompilers: Display: Shaders left to compile 31
[2019.10.06-17.21.47:116][ 19]LogShaderCompilers: Display: Shaders left to compile 21
[2019.10.06-17.21.47:116][ 19]LogShaderCompilers: Display: Shaders left to compile 11
[2019.10.06-17.21.47:278][ 19]LogUObjectHash: Compacting FUObjectHashTables data took  14.50ms
[2019.10.06-17.21.51:557][ 62]LogShaderCompilers: Display: Shaders left to compile 1
[2019.10.06-17.22.33:773][472]LogSlate: FSceneViewport::OnFocusLost() reason 0
[2019.10.06-17.23.06:277][420]LogSlate: FSceneViewport::OnFocusLost() reason 2
[2019.10.06-17.23.07:081][468]LogSlate: FSceneViewport::OnFocusLost() reason 2
[2019.10.06-17.23.13:351][843]LogSlate: FSceneViewport::OnFocusLost() reason 0
[2019.10.06-17.23.23:860][473]LogSlate: FSceneViewport::OnFocusLost() reason 0
[2019.10.06-17.23.45:596][773]LogSlate: FSceneViewport::OnFocusLost() reason 0
[2019.10.06-17.24.05:994][990]LogSlate: FSceneViewport::OnFocusLost() reason 0
[2019.10.06-17.26.57:699][957]BlueprintLog: New page: Compile Terrain
[2019.10.06-17.26.59:166][957]LogUObjectHash: Compacting FUObjectHashTables data took  13.27ms
[2019.10.06-17.27.36:841][ 18]LogSlate: FSceneViewport::OnFocusLost() reason 0
[2019.10.06-17.28.16:101][366]LogSlate: FSceneViewport::OnFocusLost() reason 0
[2019.10.06-17.28.55:518][721]BlueprintLog: New page: Compile Terrain
[2019.10.06-17.28.56:636][721]LogUObjectHash: Compacting FUObjectHashTables data took   7.86ms
[2019.10.06-17.29.25:826][297]LogSlate: FSceneViewport::OnFocusLost() reason 0
[2019.10.06-17.29.31:814][654]LogSlate: FSceneViewport::OnFocusLost() reason 0
[2019.10.06-17.29.46:879][552]LogSlate: FSceneViewport::OnFocusLost() reason 0
[2019.10.06-17.30.05:801][669]BlueprintLog: New page: Compile Terrain
[2019.10.06-17.30.07:151][669]LogUObjectHash: Compacting FUObjectHashTables data took   7.89ms
[2019.10.06-17.30.33:812][ 60]LogSlate: FSceneViewport::OnFocusLost() reason 0
[2019.10.06-17.30.44:573][548]LogSlate: FSceneViewport::OnFocusLost() reason 0
[2019.10.06-17.31.30:623][265]LogUObjectHash: Compacting FUObjectHashTables data took   7.85ms
[2019.10.06-17.31.30:625][265]LogFileHelpers: Editor autosave (incl. sublevels) for '/Game/Maps/Menu' took 0.084
[2019.10.06-17.31.30:627][265]OBJ SavePackage: Generating thumbnails for [0] asset(s) in package [/Game/Terrain/Terrain] ([1] browsable assets)...
[2019.10.06-17.31.30:627][265]OBJ SavePackage: Finished generating thumbnails for package [/Game/Terrain/Terrain]
[2019.10.06-17.31.30:627][265]Cmd: OBJ SAVEPACKAGE PACKAGE="/Game/Terrain/Terrain" FILE="C:/Users/haber/Documents/GitHub/F.L.I.G.H.T/FLIGHT/Saved/Autosaves/Game/Terrain/Terrain_Auto2.uasset" SILENT=false AUTOSAVING=true
[2019.10.06-17.31.31:091][265]LogSavePackage: Moving 'C:/Users/haber/Documents/GitHub/F.L.I.G.H.T/FLIGHT/Saved/Terrain_Auto2C715ACE14215C37ABAF93DAE894AB47D.tmp' to 'C:/Users/haber/Documents/GitHub/F.L.I.G.H.T/FLIGHT/Saved/Autosaves/Game/Terrain/Terrain_Auto2.uasset'
[2019.10.06-17.31.31:093][265]OBJ SavePackage: Generating thumbnails for [1] asset(s) in package [/Game/Terrain/terrainbackground] ([1] browsable assets)...
[2019.10.06-17.31.31:126][265]OBJ SavePackage:     Rendered thumbnail for [StaticMesh /Game/Terrain/terrainbackground.terrainbackground]
[2019.10.06-17.31.31:126][265]OBJ SavePackage: Finished generating thumbnails for package [/Game/Terrain/terrainbackground]
[2019.10.06-17.31.31:268][265]LogSavePackage: Moving 'C:/Users/haber/Documents/GitHub/F.L.I.G.H.T/FLIGHT/Saved/terrainbackground_Auto258A7F04149928C172861128BBE320209.tmp' to 'C:/Users/haber/Documents/GitHub/F.L.I.G.H.T/FLIGHT/Saved/Autosaves/Game/Terrain/terrainbackground_Auto2.uasset'
[2019.10.06-17.31.31:269][265]OBJ SavePackage: Generating thumbnails for [1] asset(s) in package [/Game/Terrain/Background] ([1] browsable assets)...
[2019.10.06-17.31.31:303][265]OBJ SavePackage:     Rendered thumbnail for [Material /Game/Terrain/Background.Background]
[2019.10.06-17.31.31:304][265]OBJ SavePackage: Finished generating thumbnails for package [/Game/Terrain/Background]
[2019.10.06-17.31.31:305][265]Cmd: OBJ SAVEPACKAGE PACKAGE="/Game/Terrain/Background" FILE="C:/Users/haber/Documents/GitHub/F.L.I.G.H.T/FLIGHT/Saved/Autosaves/Game/Terrain/Background_Auto2.uasset" SILENT=false AUTOSAVING=true
[2019.10.06-17.31.31:485][265]LogSavePackage: Moving 'C:/Users/haber/Documents/GitHub/F.L.I.G.H.T/FLIGHT/Saved/Background_Auto23425CD2A40C28B54C85645A54526FF0D.tmp' to 'C:/Users/haber/Documents/GitHub/F.L.I.G.H.T/FLIGHT/Saved/Autosaves/Game/Terrain/Background_Auto2.uasset'
[2019.10.06-17.31.31:486][265]LogFileHelpers: Auto-saving content packages took 0.860
[2019.10.06-17.35.20:642][804]BlueprintLog: New page: Compile Terrain
[2019.10.06-17.36.18:389][804]LogUObjectHash: Compacting FUObjectHashTables data took   5.85ms
