Log file open, 09/23/19 17:00:02
LogWindows: Failed to load 'aqProf.dll' (GetLastError=126)
LogWindows: File 'aqProf.dll' does not exist
LogWindows: Failed to load 'VtuneApi.dll' (GetLastError=126)
LogWindows: File 'VtuneApi.dll' does not exist
LogWindows: Failed to load 'VtuneApi32e.dll' (GetLastError=126)
LogWindows: File 'VtuneApi32e.dll' does not exist
LogConsoleResponse: Display: Failed to find resolution value strings in scalability ini. Falling back to default.
LogInit: Display: Running engine for game: FLIGHT
LogPakFile: Registered encryption key '00000000000000000000000000000000': 0 pak files mounted, 0 remain pending
LogPlatformFile: Not using cached read wrapper
LogTaskGraph: Started task graph with 5 named threads and 23 total threads with 3 sets of task threads.
LogStats: Stats thread started at 0.308260
LogD3D11RHI: Loaded GFSDK_Aftermath_Lib.x64.dll
LogWindows: Failed to load '../../../Engine/Binaries/ThirdParty/libsndfile/Win64/libsndfile-1.dll' (GetLastError=126)
LogWindows: File '../../../Engine/Binaries/ThirdParty/libsndfile/Win64/libsndfile-1.dll' does not exist
LogAudioMixer: Display: Failed to load Sound File dll
LogAudioEditor: Display: LibSoundFile failed to load. Importing audio will not work correctly.
LogICUInternationalization: ICU TimeZone Detection - Raw Offset: -5:00, Platform Override: ''
LogPluginManager: Mounting plugin Paper2D
LogPluginManager: Mounting plugin AISupport
LogPluginManager: Mounting plugin LightPropagationVolume
LogPluginManager: Mounting plugin ActorLayerUtilities
LogPluginManager: Mounting plugin AnimationSharing
LogPluginManager: Mounting plugin CLionSourceCodeAccess
LogPluginManager: Mounting plugin CodeLiteSourceCodeAccess
LogPluginManager: Mounting plugin ConcertFrontend
LogPluginManager: Mounting plugin ConcertMain
LogPluginManager: Mounting plugin ConcertSyncClient
LogPluginManager: Mounting plugin ConcertSyncCore
LogPluginManager: Found config from plugin[ConcertSyncCore] E:/AstroSourceGames/F.L.I.G.H.T/FLIGHT/Saved/Config/Windows/Engine.ini
LogPluginManager: Mounting plugin GitSourceControl
LogPluginManager: Mounting plugin KDevelopSourceCodeAccess
LogPluginManager: Mounting plugin NullSourceCodeAccess
LogPluginManager: Mounting plugin PerforceSourceControl
LogPluginManager: Mounting plugin SubversionSourceControl
LogPluginManager: Mounting plugin UObjectPlugin
LogPluginManager: Mounting plugin VisualStudioCodeSourceCodeAccess
LogPluginManager: Mounting plugin VisualStudioSourceCodeAccess
LogPluginManager: Mounting plugin XCodeSourceCodeAccess
LogPluginManager: Mounting plugin AssetManagerEditor
LogPluginManager: Mounting plugin CryptoKeys
LogPluginManager: Mounting plugin DataValidation
LogPluginManager: Mounting plugin EditorScriptingUtilities
LogPluginManager: Mounting plugin FacialAnimation
LogPluginManager: Mounting plugin GameplayTagsEditor
LogPluginManager: Mounting plugin MacGraphicsSwitching
LogPluginManager: Mounting plugin MaterialAnalyzer
LogPluginManager: Mounting plugin MobileLauncherProfileWizard
LogPluginManager: Mounting plugin PluginBrowser
LogPluginManager: Mounting plugin SpeedTreeImporter
LogPluginManager: Mounting plugin DatasmithContent
LogPluginManager: Mounting plugin VariantManagerContent
LogPluginManager: Mounting plugin AlembicImporter
LogPluginManager: Mounting plugin AppleImageUtils
LogPluginManager: Mounting plugin AppleVision
LogPluginManager: Mounting plugin BackChannel
LogPluginManager: Mounting plugin CharacterAI
LogPluginManager: Mounting plugin GeometryCache
LogPluginManager: Mounting plugin HTML5Networking
LogPluginManager: Mounting plugin ProxyLODPlugin
LogPluginManager: Mounting plugin PythonScriptPlugin
LogPluginManager: Mounting plugin SkeletalReduction
LogPluginManager: Mounting plugin MagicLeap
LogPluginManager: Mounting plugin MagicLeapMedia
LogPluginManager: Mounting plugin AndroidMedia
LogPluginManager: Mounting plugin AvfMedia
LogPluginManager: Mounting plugin ImgMedia
LogPluginManager: Mounting plugin LinearTimecode
LogPluginManager: Mounting plugin MediaCompositing
LogPluginManager: Mounting plugin MediaPlayerEditor
LogPluginManager: Mounting plugin WebMMedia
LogPluginManager: Mounting plugin WmfMedia
LogPluginManager: Mounting plugin TcpMessaging
LogPluginManager: Mounting plugin UdpMessaging
LogPluginManager: Mounting plugin ActorSequence
LogPluginManager: Mounting plugin LevelSequenceEditor
LogPluginManager: Mounting plugin MatineeToLevelSequence
LogPluginManager: Mounting plugin NetcodeUnitTest
LogPluginManager: Mounting plugin NUTUnrealEngine4
LogPluginManager: Mounting plugin OnlineSubsystemGooglePlay
LogPluginManager: Mounting plugin OnlineSubsystemIOS
LogPluginManager: Mounting plugin OnlineSubsystem
LogPluginManager: Mounting plugin OnlineSubsystemNull
LogPluginManager: Mounting plugin OnlineSubsystemUtils
LogPluginManager: Mounting plugin LauncherChunkInstaller
LogPluginManager: Mounting plugin AndroidDeviceProfileSelector
LogPluginManager: Mounting plugin AndroidMoviePlayer
LogPluginManager: Mounting plugin AndroidPermission
LogPluginManager: Mounting plugin AppleMoviePlayer
LogPluginManager: Mounting plugin ArchVisCharacter
LogPluginManager: Mounting plugin AudioCapture
LogPluginManager: Mounting plugin CableComponent
LogPluginManager: Mounting plugin CustomMeshComponent
LogPluginManager: Mounting plugin EditableMesh
LogPluginManager: Mounting plugin ExampleDeviceProfileSelector
LogPluginManager: Mounting plugin Firebase
LogPluginManager: Mounting plugin GoogleCloudMessaging
LogPluginManager: Mounting plugin IOSDeviceProfileSelector
LogPluginManager: Mounting plugin LinuxDeviceProfileSelector
LogPluginManager: Mounting plugin LocationServicesBPLibrary
LogPluginManager: Mounting plugin MobilePatchingUtils
LogPluginManager: Mounting plugin OculusVR
LogPluginManager: Mounting plugin PhysXVehicles
LogPluginManager: Mounting plugin ProceduralMeshComponent
LogPluginManager: Mounting plugin RuntimePhysXCooking
LogPluginManager: Mounting plugin SignificanceManager
LogPluginManager: Mounting plugin SteamVR
LogPluginManager: Mounting plugin WebMMoviePlayer
LogPluginManager: Mounting plugin WindowsMoviePlayer
LogInit: Using libcurl 7.55.1-DEV
LogInit:  - built for x86_64-pc-win32
LogInit:  - supports SSL with OpenSSL/1.1.1
LogInit:  - supports HTTP deflate (compression) using libz 1.2.8
LogInit:  - other features:
LogInit:      CURL_VERSION_SSL
LogInit:      CURL_VERSION_LIBZ
LogInit:      CURL_VERSION_IPV6
LogInit:      CURL_VERSION_ASYNCHDNS
LogInit:      CURL_VERSION_LARGEFILE
LogInit:      CURL_VERSION_IDN
LogInit:  CurlRequestOptions (configurable via config and command line):
LogInit:  - bVerifyPeer = true  - Libcurl will verify peer certificate
LogInit:  - bUseHttpProxy = false  - Libcurl will NOT use HTTP proxy
LogInit:  - bDontReuseConnections = false  - Libcurl will reuse connections
LogInit:  - MaxHostConnections = 16  - Libcurl will limit the number of connections to a host
LogInit:  - LocalHostAddr = Default
LogInit:  - BufferSize = 65536
LogInit: WinSock: version 1.1 (2.2), MaxSocks=32767, MaxUdp=65467
LogInit: Build: ++UE4+Release-4.22-CL-5660361
LogInit: Engine Version: 4.22.0-5660361+++UE4+Release-4.22
LogInit: Compatible Engine Version: 4.22.0-5660361+++UE4+Release-4.22
LogInit: Net CL: 5660361
LogInit: OS: Windows 10 (Release 1903) (), CPU: Intel(R) Core(TM) i7-6700HQ CPU @ 2.60GHz, GPU: Intel(R) HD Graphics 530
LogInit: Compiled (64-bit): Mar 31 2019 02:05:09
LogInit: Compiled with Visual C++: 19.16.27025.01
LogInit: Build Configuration: Development
LogInit: Branch Name: ++UE4+Release-4.22
LogInit: Command Line: 
LogInit: Base Directory: C:/Program Files/Epic Games/UE_4.22/Engine/Binaries/Win64/
LogInit: Installed Engine Build: 1
LogDevObjectVersion: Number of dev versions registered: 23
LogDevObjectVersion:   Dev-Blueprints (B0D832E4-1F89-4F0D-ACCF-7EB736FD4AA2): 10
LogDevObjectVersion:   Dev-Build (E1C64328-A22C-4D53-A36C-8E866417BD8C): 0
LogDevObjectVersion:   Dev-Core (375EC13C-06E4-48FB-B500-84F0262A717E): 3
LogDevObjectVersion:   Dev-Editor (E4B068ED-F494-42E9-A231-DA0B2E46BB41): 30
LogDevObjectVersion:   Dev-Framework (CFFC743F-43B0-4480-9391-14DF171D2073): 35
LogDevObjectVersion:   Dev-Mobile (B02B49B5-BB20-44E9-A304-32B752E40360): 2
LogDevObjectVersion:   Dev-Networking (A4E4105C-59A1-49B5-A7C5-40C4547EDFEE): 0
LogDevObjectVersion:   Dev-Online (39C831C9-5AE6-47DC-9A44-9C173E1C8E7C): 0
LogDevObjectVersion:   Dev-Physics (78F01B33-EBEA-4F98-B9B4-84EACCB95AA2): 0
LogDevObjectVersion:   Dev-Platform (6631380F-2D4D-43E0-8009-CF276956A95A): 0
LogDevObjectVersion:   Dev-Rendering (12F88B9F-8875-4AFC-A67C-D90C383ABD29): 28
LogDevObjectVersion:   Dev-Sequencer (7B5AE74C-D270-4C10-A958-57980B212A5A): 11
LogDevObjectVersion:   Dev-VR (D7296918-1DD6-4BDD-9DE2-64A83CC13884): 2
LogDevObjectVersion:   Dev-LoadTimes (C2A15278-BFE7-4AFE-6C17-90FF531DF755): 1
LogDevObjectVersion:   Private-Geometry (6EACA3D4-40EC-4CC1-B786-8BED09428FC5): 3
LogDevObjectVersion:   Dev-AnimPhys (29E575DD-E0A3-4627-9D10-D276232CDCEA): 17
LogDevObjectVersion:   Dev-Anim (AF43A65D-7FD3-4947-9873-3E8ED9C1BB05): 2
LogDevObjectVersion:   Dev-ReflectionCapture (6B266CEC-1EC7-4B8F-A30B-E4D90942FC07): 1
LogDevObjectVersion:   Dev-Automation (0DF73D61-A23F-47EA-B727-89E90C41499A): 1
LogDevObjectVersion:   FortniteMain (601D1886-AC64-4F84-AA16-D3DE0DEAC7D6): 25
LogDevObjectVersion:   Dev-Enterprise (9DFFBCD6-494F-0158-E221-12823C92A888): 6
LogDevObjectVersion:   Dev-Niagara (F2AED0AC-9AFE-416F-8664-AA7FFA26D6FC): 1
LogDevObjectVersion:   Dev-Destruction (174F1F0B-B4C6-45A5-B13F-2EE8D0FB917D): 2
LogInit: Presizing for max 16777216 objects, including 0 objects not considered by GC, pre-allocating 0 bytes for permanent pool.
LogInit: Object subsystem initialized
LogConfig: Setting CVar [[con.DebugEarlyDefault:1]]
LogConfig: Setting CVar [[r.setres:1280x720]]
[2019.09.23-21.00.03:224][  0]LogConfig: Setting CVar [[r.VSync:0]]
[2019.09.23-21.00.03:224][  0]LogConfig: Setting CVar [[r.RHICmdBypass:0]]
[2019.09.23-21.00.03:224][  0]LogConfig: Applying CVar settings from Section [/Script/Engine.RendererSettings] File [E:/AstroSourceGames/F.L.I.G.H.T/FLIGHT/Saved/Config/Windows/Engine.ini]
[2019.09.23-21.00.03:224][  0]LogConfig: Setting CVar [[r.GPUCrashDebugging:0]]
[2019.09.23-21.00.03:224][  0]LogConfig: Setting CVar [[r.DefaultFeature.AutoExposure.ExtendDefaultLuminanceRange:1]]
[2019.09.23-21.00.03:224][  0]LogConfig: Applying CVar settings from Section [/Script/Engine.RendererOverrideSettings] File [E:/AstroSourceGames/F.L.I.G.H.T/FLIGHT/Saved/Config/Windows/Engine.ini]
[2019.09.23-21.00.03:224][  0]LogConfig: Applying CVar settings from Section [/Script/Engine.StreamingSettings] File [E:/AstroSourceGames/F.L.I.G.H.T/FLIGHT/Saved/Config/Windows/Engine.ini]
[2019.09.23-21.00.03:224][  0]LogConfig: Setting CVar [[s.MinBulkDataSizeForAsyncLoading:131072]]
[2019.09.23-21.00.03:224][  0]LogConfig: Setting CVar [[s.AsyncLoadingThreadEnabled:0]]
[2019.09.23-21.00.03:224][  0]LogConfig: Setting CVar [[s.EventDrivenLoaderEnabled:1]]
[2019.09.23-21.00.03:224][  0]LogConfig: Setting CVar [[s.WarnIfTimeLimitExceeded:0]]
[2019.09.23-21.00.03:224][  0]LogConfig: Setting CVar [[s.TimeLimitExceededMultiplier:1.5]]
[2019.09.23-21.00.03:224][  0]LogConfig: Setting CVar [[s.TimeLimitExceededMinTime:0.005]]
[2019.09.23-21.00.03:224][  0]LogConfig: Setting CVar [[s.UseBackgroundLevelStreaming:1]]
[2019.09.23-21.00.03:224][  0]LogConfig: Setting CVar [[s.PriorityAsyncLoadingExtraTime:15.0]]
[2019.09.23-21.00.03:224][  0]LogConfig: Setting CVar [[s.LevelStreamingActorsUpdateTimeLimit:5.0]]
[2019.09.23-21.00.03:224][  0]LogConfig: Setting CVar [[s.PriorityLevelStreamingActorsUpdateExtraTime:5.0]]
[2019.09.23-21.00.03:224][  0]LogConfig: Setting CVar [[s.LevelStreamingComponentsRegistrationGranularity:10]]
[2019.09.23-21.00.03:224][  0]LogConfig: Setting CVar [[s.UnregisterComponentsTimeLimit:1.0]]
[2019.09.23-21.00.03:224][  0]LogConfig: Setting CVar [[s.LevelStreamingComponentsUnregistrationGranularity:5]]
[2019.09.23-21.00.03:224][  0]LogConfig: Applying CVar settings from Section [/Script/Engine.GarbageCollectionSettings] File [E:/AstroSourceGames/F.L.I.G.H.T/FLIGHT/Saved/Config/Windows/Engine.ini]
[2019.09.23-21.00.03:224][  0]LogConfig: Setting CVar [[gc.MaxObjectsNotConsideredByGC:1]]
[2019.09.23-21.00.03:224][  0]LogConfig: Setting CVar [[gc.SizeOfPermanentObjectPool:0]]
[2019.09.23-21.00.03:224][  0]LogConfig: Setting CVar [[gc.FlushStreamingOnGC:0]]
[2019.09.23-21.00.03:224][  0]LogConfig: Setting CVar [[gc.NumRetriesBeforeForcingGC:10]]
[2019.09.23-21.00.03:224][  0]LogConfig: Setting CVar [[gc.AllowParallelGC:1]]
[2019.09.23-21.00.03:224][  0]LogConfig: Setting CVar [[gc.TimeBetweenPurgingPendingKillObjects:61.1]]
[2019.09.23-21.00.03:224][  0]LogConfig: Setting CVar [[gc.MaxObjectsInEditor:16777216]]
[2019.09.23-21.00.03:224][  0]LogConfig: Setting CVar [[gc.IncrementalBeginDestroyEnabled:1]]
[2019.09.23-21.00.03:224][  0]LogConfig: Setting CVar [[gc.CreateGCClusters:1]]
[2019.09.23-21.00.03:224][  0]LogConfig: Setting CVar [[gc.MinGCClusterSize:5]]
[2019.09.23-21.00.03:224][  0]LogConfig: Setting CVar [[gc.ActorClusteringEnabled:0]]
[2019.09.23-21.00.03:224][  0]LogConfig: Setting CVar [[gc.BlueprintClusteringEnabled:0]]
[2019.09.23-21.00.03:225][  0]LogConfig: Setting CVar [[gc.UseDisregardForGCOnDedicatedServers:0]]
[2019.09.23-21.00.03:225][  0]LogConfig: Applying CVar settings from Section [/Script/Engine.NetworkSettings] File [E:/AstroSourceGames/F.L.I.G.H.T/FLIGHT/Saved/Config/Windows/Engine.ini]
[2019.09.23-21.00.03:225][  0]LogConfig: Applying CVar settings from Section [/Script/UnrealEd.CookerSettings] File [E:/AstroSourceGames/F.L.I.G.H.T/FLIGHT/Saved/Config/Windows/Engine.ini]
[2019.09.23-21.00.03:230][  0]LogConfig: Applying CVar settings from Section [ViewDistanceQuality@3] File [E:/AstroSourceGames/F.L.I.G.H.T/FLIGHT/Saved/Config/Windows/Scalability.ini]
[2019.09.23-21.00.03:230][  0]LogConfig: Setting CVar [[r.SkeletalMeshLODBias:0]]
[2019.09.23-21.00.03:230][  0]LogConfig: Setting CVar [[r.ViewDistanceScale:1.0]]
[2019.09.23-21.00.03:230][  0]LogConfig: Applying CVar settings from Section [AntiAliasingQuality@3] File [E:/AstroSourceGames/F.L.I.G.H.T/FLIGHT/Saved/Config/Windows/Scalability.ini]
[2019.09.23-21.00.03:231][  0]LogConfig: Setting CVar [[r.PostProcessAAQuality:4]]
[2019.09.23-21.00.03:231][  0]LogConfig: Applying CVar settings from Section [ShadowQuality@3] File [E:/AstroSourceGames/F.L.I.G.H.T/FLIGHT/Saved/Config/Windows/Scalability.ini]
[2019.09.23-21.00.03:231][  0]LogConfig: Setting CVar [[r.LightFunctionQuality:1]]
[2019.09.23-21.00.03:231][  0]LogConfig: Setting CVar [[r.ShadowQuality:5]]
[2019.09.23-21.00.03:231][  0]LogConfig: Setting CVar [[r.Shadow.CSM.MaxCascades:10]]
[2019.09.23-21.00.03:231][  0]LogConfig: Setting CVar [[r.Shadow.MaxResolution:2048]]
[2019.09.23-21.00.03:231][  0]LogConfig: Setting CVar [[r.Shadow.MaxCSMResolution:2048]]
[2019.09.23-21.00.03:231][  0]LogConfig: Setting CVar [[r.Shadow.RadiusThreshold:0.01]]
[2019.09.23-21.00.03:231][  0]LogConfig: Setting CVar [[r.Shadow.DistanceScale:1.0]]
[2019.09.23-21.00.03:231][  0]LogConfig: Setting CVar [[r.Shadow.CSM.TransitionScale:1.0]]
[2019.09.23-21.00.03:231][  0]LogConfig: Setting CVar [[r.Shadow.PreShadowResolutionFactor:1.0]]
[2019.09.23-21.00.03:231][  0]LogConfig: Setting CVar [[r.DistanceFieldShadowing:1]]
[2019.09.23-21.00.03:231][  0]LogConfig: Setting CVar [[r.DistanceFieldAO:1]]
[2019.09.23-21.00.03:231][  0]LogConfig: Setting CVar [[r.AOQuality:2]]
[2019.09.23-21.00.03:231][  0]LogConfig: Setting CVar [[r.VolumetricFog:1]]
[2019.09.23-21.00.03:231][  0]LogConfig: Setting CVar [[r.VolumetricFog.GridPixelSize:8]]
[2019.09.23-21.00.03:231][  0]LogConfig: Setting CVar [[r.VolumetricFog.GridSizeZ:128]]
[2019.09.23-21.00.03:231][  0]LogConfig: Setting CVar [[r.VolumetricFog.HistoryMissSupersampleCount:4]]
[2019.09.23-21.00.03:231][  0]LogConfig: Setting CVar [[r.LightMaxDrawDistanceScale:1]]
[2019.09.23-21.00.03:231][  0]LogConfig: Setting CVar [[r.CapsuleShadows:1]]
[2019.09.23-21.00.03:231][  0]LogConfig: Applying CVar settings from Section [PostProcessQuality@3] File [E:/AstroSourceGames/F.L.I.G.H.T/FLIGHT/Saved/Config/Windows/Scalability.ini]
[2019.09.23-21.00.03:231][  0]LogConfig: Setting CVar [[r.MotionBlurQuality:4]]
[2019.09.23-21.00.03:231][  0]LogConfig: Setting CVar [[r.AmbientOcclusionMipLevelFactor:0.4]]
[2019.09.23-21.00.03:231][  0]LogConfig: Setting CVar [[r.AmbientOcclusionMaxQuality:100]]
[2019.09.23-21.00.03:231][  0]LogConfig: Setting CVar [[r.AmbientOcclusionLevels:-1]]
[2019.09.23-21.00.03:231][  0]LogConfig: Setting CVar [[r.AmbientOcclusionRadiusScale:1.0]]
[2019.09.23-21.00.03:231][  0]LogConfig: Setting CVar [[r.DepthOfFieldQuality:2]]
[2019.09.23-21.00.03:231][  0]LogConfig: Setting CVar [[r.RenderTargetPoolMin:400]]
[2019.09.23-21.00.03:231][  0]LogConfig: Setting CVar [[r.LensFlareQuality:2]]
[2019.09.23-21.00.03:231][  0]LogConfig: Setting CVar [[r.SceneColorFringeQuality:1]]
[2019.09.23-21.00.03:231][  0]LogConfig: Setting CVar [[r.EyeAdaptationQuality:2]]
[2019.09.23-21.00.03:231][  0]LogConfig: Setting CVar [[r.BloomQuality:5]]
[2019.09.23-21.00.03:231][  0]LogConfig: Setting CVar [[r.FastBlurThreshold:100]]
[2019.09.23-21.00.03:231][  0]LogConfig: Setting CVar [[r.Upscale.Quality:3]]
[2019.09.23-21.00.03:231][  0]LogConfig: Setting CVar [[r.Tonemapper.GrainQuantization:1]]
[2019.09.23-21.00.03:231][  0]LogConfig: Setting CVar [[r.LightShaftQuality:1]]
[2019.09.23-21.00.03:231][  0]LogConfig: Setting CVar [[r.Filter.SizeScale:1]]
[2019.09.23-21.00.03:231][  0]LogConfig: Setting CVar [[r.Tonemapper.Quality:5]]
[2019.09.23-21.00.03:231][  0]LogConfig: Setting CVar [[r.DOF.Gather.AccumulatorQuality:1        ; higher gathering accumulator quality]]
[2019.09.23-21.00.03:231][  0]LogConfig: Setting CVar [[r.DOF.Gather.PostfilterMethod:1          ; Median3x3 postfilering method]]
[2019.09.23-21.00.03:231][  0]LogConfig: Setting CVar [[r.DOF.Gather.EnableBokehSettings:0       ; no bokeh simulation when gathering]]
[2019.09.23-21.00.03:231][  0]LogConfig: Setting CVar [[r.DOF.Gather.RingCount:4                 ; medium number of samples when gathering]]
[2019.09.23-21.00.03:231][  0]LogConfig: Setting CVar [[r.DOF.Scatter.ForegroundCompositing:1    ; additive foreground scattering]]
[2019.09.23-21.00.03:231][  0]LogConfig: Setting CVar [[r.DOF.Scatter.BackgroundCompositing:2    ; additive background scattering]]
[2019.09.23-21.00.03:231][  0]LogConfig: Setting CVar [[r.DOF.Scatter.EnableBokehSettings:1      ; bokeh simulation when scattering]]
[2019.09.23-21.00.03:231][  0]LogConfig: Setting CVar [[r.DOF.Scatter.MaxSpriteRatio:0.1         ; only a maximum of 10% of scattered bokeh]]
[2019.09.23-21.00.03:231][  0]LogConfig: Setting CVar [[r.DOF.Recombine.Quality:1                ; cheap slight out of focus]]
[2019.09.23-21.00.03:231][  0]LogConfig: Setting CVar [[r.DOF.Recombine.EnableBokehSettings:0    ; no bokeh simulation on slight out of focus]]
[2019.09.23-21.00.03:231][  0]LogConfig: Setting CVar [[r.DOF.TemporalAAQuality:1                ; more stable temporal accumulation]]
[2019.09.23-21.00.03:231][  0]LogConfig: Setting CVar [[r.DOF.Kernel.MaxForegroundRadius:0.025]]
[2019.09.23-21.00.03:231][  0]LogConfig: Setting CVar [[r.DOF.Kernel.MaxBackgroundRadius:0.025]]
[2019.09.23-21.00.03:231][  0]LogConfig: Applying CVar settings from Section [TextureQuality@3] File [E:/AstroSourceGames/F.L.I.G.H.T/FLIGHT/Saved/Config/Windows/Scalability.ini]
[2019.09.23-21.00.03:231][  0]LogConfig: Setting CVar [[r.Streaming.MipBias:0]]
[2019.09.23-21.00.03:231][  0]LogConfig: Setting CVar [[r.Streaming.AmortizeCPUToGPUCopy:0]]
[2019.09.23-21.00.03:231][  0]LogConfig: Setting CVar [[r.Streaming.MaxNumTexturesToStreamPerFrame:0]]
[2019.09.23-21.00.03:231][  0]LogConfig: Setting CVar [[r.Streaming.Boost:1]]
[2019.09.23-21.00.03:231][  0]LogConfig: Setting CVar [[r.MaxAnisotropy:8]]
[2019.09.23-21.00.03:231][  0]LogConfig: Setting CVar [[r.Streaming.LimitPoolSizeToVRAM:0]]
[2019.09.23-21.00.03:231][  0]LogConfig: Setting CVar [[r.Streaming.PoolSize:1000]]
[2019.09.23-21.00.03:232][  0]LogConfig: Setting CVar [[r.Streaming.MaxEffectiveScreenSize:0]]
[2019.09.23-21.00.03:232][  0]LogConfig: Applying CVar settings from Section [EffectsQuality@3] File [E:/AstroSourceGames/F.L.I.G.H.T/FLIGHT/Saved/Config/Windows/Scalability.ini]
[2019.09.23-21.00.03:232][  0]LogConfig: Setting CVar [[r.TranslucencyLightingVolumeDim:64]]
[2019.09.23-21.00.03:232][  0]LogConfig: Setting CVar [[r.RefractionQuality:2]]
[2019.09.23-21.00.03:232][  0]LogConfig: Setting CVar [[r.SSR.Quality:3]]
[2019.09.23-21.00.03:232][  0]LogConfig: Setting CVar [[r.SceneColorFormat:4]]
[2019.09.23-21.00.03:232][  0]LogConfig: Setting CVar [[r.DetailMode:2]]
[2019.09.23-21.00.03:232][  0]LogConfig: Setting CVar [[r.TranslucencyVolumeBlur:1]]
[2019.09.23-21.00.03:232][  0]LogConfig: Setting CVar [[r.MaterialQualityLevel:1 ; High quality]]
[2019.09.23-21.00.03:232][  0]LogConfig: Setting CVar [[r.SSS.Scale:1]]
[2019.09.23-21.00.03:232][  0]LogConfig: Setting CVar [[r.SSS.SampleSet:2]]
[2019.09.23-21.00.03:232][  0]LogConfig: Setting CVar [[r.SSS.Quality:1]]
[2019.09.23-21.00.03:232][  0]LogConfig: Setting CVar [[r.SSS.HalfRes:1]]
[2019.09.23-21.00.03:232][  0]LogConfig: Setting CVar [[r.EmitterSpawnRateScale:1.0]]
[2019.09.23-21.00.03:232][  0]LogConfig: Setting CVar [[r.ParticleLightQuality:2]]
[2019.09.23-21.00.03:232][  0]LogConfig: Applying CVar settings from Section [FoliageQuality@3] File [E:/AstroSourceGames/F.L.I.G.H.T/FLIGHT/Saved/Config/Windows/Scalability.ini]
[2019.09.23-21.00.03:232][  0]LogConfig: Setting CVar [[foliage.DensityScale:1.0]]
[2019.09.23-21.00.03:232][  0]LogConfig: Setting CVar [[grass.DensityScale:1.0]]
[2019.09.23-21.00.03:232][  0]LogInit: Selected Device Profile: [Windows]
[2019.09.23-21.00.03:232][  0]LogInit: Applying CVar settings loaded from the selected device profile: [Windows]
[2019.09.23-21.00.03:252][  0]LogHAL: Display: Platform has ~ 16 GB [17073459200 / 17179869184 / 16], which maps to Larger [LargestMinGB=32, LargerMinGB=12, DefaultMinGB=8, SmallerMinGB=6, SmallestMinGB=0)
[2019.09.23-21.00.03:252][  0]LogConfig: Setting CVar [[r.Vulkan.UseRealUBs:0		; Required until we fix HLR fall-out]]
[2019.09.23-21.00.03:253][  0]LogInit: Going up to parent DeviceProfile []
[2019.09.23-21.00.03:253][  0]LogConfig: Applying CVar settings from Section [ViewDistanceQuality@3] File [E:/AstroSourceGames/F.L.I.G.H.T/FLIGHT/Saved/Config/Windows/Scalability.ini]
[2019.09.23-21.00.03:253][  0]LogConfig: Setting CVar [[r.SkeletalMeshLODBias:0]]
[2019.09.23-21.00.03:253][  0]LogConfig: Setting CVar [[r.ViewDistanceScale:1.0]]
[2019.09.23-21.00.03:253][  0]LogConfig: Applying CVar settings from Section [AntiAliasingQuality@3] File [E:/AstroSourceGames/F.L.I.G.H.T/FLIGHT/Saved/Config/Windows/Scalability.ini]
[2019.09.23-21.00.03:253][  0]LogConfig: Setting CVar [[r.PostProcessAAQuality:4]]
[2019.09.23-21.00.03:253][  0]LogConfig: Applying CVar settings from Section [ShadowQuality@3] File [E:/AstroSourceGames/F.L.I.G.H.T/FLIGHT/Saved/Config/Windows/Scalability.ini]
[2019.09.23-21.00.03:253][  0]LogConfig: Setting CVar [[r.LightFunctionQuality:1]]
[2019.09.23-21.00.03:253][  0]LogConfig: Setting CVar [[r.ShadowQuality:5]]
[2019.09.23-21.00.03:253][  0]LogConfig: Setting CVar [[r.Shadow.CSM.MaxCascades:10]]
[2019.09.23-21.00.03:253][  0]LogConfig: Setting CVar [[r.Shadow.MaxResolution:2048]]
[2019.09.23-21.00.03:253][  0]LogConfig: Setting CVar [[r.Shadow.MaxCSMResolution:2048]]
[2019.09.23-21.00.03:253][  0]LogConfig: Setting CVar [[r.Shadow.RadiusThreshold:0.01]]
[2019.09.23-21.00.03:253][  0]LogConfig: Setting CVar [[r.Shadow.DistanceScale:1.0]]
[2019.09.23-21.00.03:253][  0]LogConfig: Setting CVar [[r.Shadow.CSM.TransitionScale:1.0]]
[2019.09.23-21.00.03:253][  0]LogConfig: Setting CVar [[r.Shadow.PreShadowResolutionFactor:1.0]]
[2019.09.23-21.00.03:253][  0]LogConfig: Setting CVar [[r.DistanceFieldShadowing:1]]
[2019.09.23-21.00.03:253][  0]LogConfig: Setting CVar [[r.DistanceFieldAO:1]]
[2019.09.23-21.00.03:253][  0]LogConfig: Setting CVar [[r.AOQuality:2]]
[2019.09.23-21.00.03:253][  0]LogConfig: Setting CVar [[r.VolumetricFog:1]]
[2019.09.23-21.00.03:253][  0]LogConfig: Setting CVar [[r.VolumetricFog.GridPixelSize:8]]
[2019.09.23-21.00.03:253][  0]LogConfig: Setting CVar [[r.VolumetricFog.GridSizeZ:128]]
[2019.09.23-21.00.03:253][  0]LogConfig: Setting CVar [[r.VolumetricFog.HistoryMissSupersampleCount:4]]
[2019.09.23-21.00.03:253][  0]LogConfig: Setting CVar [[r.LightMaxDrawDistanceScale:1]]
[2019.09.23-21.00.03:253][  0]LogConfig: Setting CVar [[r.CapsuleShadows:1]]
[2019.09.23-21.00.03:253][  0]LogConfig: Applying CVar settings from Section [PostProcessQuality@3] File [E:/AstroSourceGames/F.L.I.G.H.T/FLIGHT/Saved/Config/Windows/Scalability.ini]
[2019.09.23-21.00.03:253][  0]LogConfig: Setting CVar [[r.MotionBlurQuality:4]]
[2019.09.23-21.00.03:253][  0]LogConfig: Setting CVar [[r.AmbientOcclusionMipLevelFactor:0.4]]
[2019.09.23-21.00.03:253][  0]LogConfig: Setting CVar [[r.AmbientOcclusionMaxQuality:100]]
[2019.09.23-21.00.03:253][  0]LogConfig: Setting CVar [[r.AmbientOcclusionLevels:-1]]
[2019.09.23-21.00.03:253][  0]LogConfig: Setting CVar [[r.AmbientOcclusionRadiusScale:1.0]]
[2019.09.23-21.00.03:253][  0]LogConfig: Setting CVar [[r.DepthOfFieldQuality:2]]
[2019.09.23-21.00.03:253][  0]LogConfig: Setting CVar [[r.RenderTargetPoolMin:400]]
[2019.09.23-21.00.03:253][  0]LogConfig: Setting CVar [[r.LensFlareQuality:2]]
[2019.09.23-21.00.03:253][  0]LogConfig: Setting CVar [[r.SceneColorFringeQuality:1]]
[2019.09.23-21.00.03:253][  0]LogConfig: Setting CVar [[r.EyeAdaptationQuality:2]]
[2019.09.23-21.00.03:253][  0]LogConfig: Setting CVar [[r.BloomQuality:5]]
[2019.09.23-21.00.03:253][  0]LogConfig: Setting CVar [[r.FastBlurThreshold:100]]
[2019.09.23-21.00.03:253][  0]LogConfig: Setting CVar [[r.Upscale.Quality:3]]
[2019.09.23-21.00.03:253][  0]LogConfig: Setting CVar [[r.Tonemapper.GrainQuantization:1]]
[2019.09.23-21.00.03:253][  0]LogConfig: Setting CVar [[r.LightShaftQuality:1]]
[2019.09.23-21.00.03:253][  0]LogConfig: Setting CVar [[r.Filter.SizeScale:1]]
[2019.09.23-21.00.03:253][  0]LogConfig: Setting CVar [[r.Tonemapper.Quality:5]]
[2019.09.23-21.00.03:253][  0]LogConfig: Setting CVar [[r.DOF.Gather.AccumulatorQuality:1        ; higher gathering accumulator quality]]
[2019.09.23-21.00.03:253][  0]LogConfig: Setting CVar [[r.DOF.Gather.PostfilterMethod:1          ; Median3x3 postfilering method]]
[2019.09.23-21.00.03:253][  0]LogConfig: Setting CVar [[r.DOF.Gather.EnableBokehSettings:0       ; no bokeh simulation when gathering]]
[2019.09.23-21.00.03:253][  0]LogConfig: Setting CVar [[r.DOF.Gather.RingCount:4                 ; medium number of samples when gathering]]
[2019.09.23-21.00.03:253][  0]LogConfig: Setting CVar [[r.DOF.Scatter.ForegroundCompositing:1    ; additive foreground scattering]]
[2019.09.23-21.00.03:253][  0]LogConfig: Setting CVar [[r.DOF.Scatter.BackgroundCompositing:2    ; additive background scattering]]
[2019.09.23-21.00.03:253][  0]LogConfig: Setting CVar [[r.DOF.Scatter.EnableBokehSettings:1      ; bokeh simulation when scattering]]
[2019.09.23-21.00.03:253][  0]LogConfig: Setting CVar [[r.DOF.Scatter.MaxSpriteRatio:0.1         ; only a maximum of 10% of scattered bokeh]]
[2019.09.23-21.00.03:253][  0]LogConfig: Setting CVar [[r.DOF.Recombine.Quality:1                ; cheap slight out of focus]]
[2019.09.23-21.00.03:253][  0]LogConfig: Setting CVar [[r.DOF.Recombine.EnableBokehSettings:0    ; no bokeh simulation on slight out of focus]]
[2019.09.23-21.00.03:253][  0]LogConfig: Setting CVar [[r.DOF.TemporalAAQuality:1                ; more stable temporal accumulation]]
[2019.09.23-21.00.03:254][  0]LogConfig: Setting CVar [[r.DOF.Kernel.MaxForegroundRadius:0.025]]
[2019.09.23-21.00.03:254][  0]LogConfig: Setting CVar [[r.DOF.Kernel.MaxBackgroundRadius:0.025]]
[2019.09.23-21.00.03:254][  0]LogConfig: Applying CVar settings from Section [TextureQuality@3] File [E:/AstroSourceGames/F.L.I.G.H.T/FLIGHT/Saved/Config/Windows/Scalability.ini]
[2019.09.23-21.00.03:254][  0]LogConfig: Setting CVar [[r.Streaming.MipBias:0]]
[2019.09.23-21.00.03:254][  0]LogConfig: Setting CVar [[r.Streaming.AmortizeCPUToGPUCopy:0]]
[2019.09.23-21.00.03:254][  0]LogConfig: Setting CVar [[r.Streaming.MaxNumTexturesToStreamPerFrame:0]]
[2019.09.23-21.00.03:254][  0]LogConfig: Setting CVar [[r.Streaming.Boost:1]]
[2019.09.23-21.00.03:254][  0]LogConfig: Setting CVar [[r.MaxAnisotropy:8]]
[2019.09.23-21.00.03:254][  0]LogConfig: Setting CVar [[r.Streaming.LimitPoolSizeToVRAM:0]]
[2019.09.23-21.00.03:254][  0]LogConfig: Setting CVar [[r.Streaming.PoolSize:1000]]
[2019.09.23-21.00.03:254][  0]LogConfig: Setting CVar [[r.Streaming.MaxEffectiveScreenSize:0]]
[2019.09.23-21.00.03:254][  0]LogConfig: Applying CVar settings from Section [EffectsQuality@3] File [E:/AstroSourceGames/F.L.I.G.H.T/FLIGHT/Saved/Config/Windows/Scalability.ini]
[2019.09.23-21.00.03:254][  0]LogConfig: Setting CVar [[r.TranslucencyLightingVolumeDim:64]]
[2019.09.23-21.00.03:254][  0]LogConfig: Setting CVar [[r.RefractionQuality:2]]
[2019.09.23-21.00.03:254][  0]LogConfig: Setting CVar [[r.SSR.Quality:3]]
[2019.09.23-21.00.03:254][  0]LogConfig: Setting CVar [[r.SceneColorFormat:4]]
[2019.09.23-21.00.03:254][  0]LogConfig: Setting CVar [[r.DetailMode:2]]
[2019.09.23-21.00.03:254][  0]LogConfig: Setting CVar [[r.TranslucencyVolumeBlur:1]]
[2019.09.23-21.00.03:254][  0]LogConfig: Setting CVar [[r.MaterialQualityLevel:1 ; High quality]]
[2019.09.23-21.00.03:254][  0]LogConfig: Setting CVar [[r.SSS.Scale:1]]
[2019.09.23-21.00.03:254][  0]LogConfig: Setting CVar [[r.SSS.SampleSet:2]]
[2019.09.23-21.00.03:254][  0]LogConfig: Setting CVar [[r.SSS.Quality:1]]
[2019.09.23-21.00.03:254][  0]LogConfig: Setting CVar [[r.SSS.HalfRes:1]]
[2019.09.23-21.00.03:254][  0]LogConfig: Setting CVar [[r.EmitterSpawnRateScale:1.0]]
[2019.09.23-21.00.03:254][  0]LogConfig: Setting CVar [[r.ParticleLightQuality:2]]
[2019.09.23-21.00.03:254][  0]LogConfig: Applying CVar settings from Section [FoliageQuality@3] File [E:/AstroSourceGames/F.L.I.G.H.T/FLIGHT/Saved/Config/Windows/Scalability.ini]
[2019.09.23-21.00.03:254][  0]LogConfig: Setting CVar [[foliage.DensityScale:1.0]]
[2019.09.23-21.00.03:254][  0]LogConfig: Setting CVar [[grass.DensityScale:1.0]]
[2019.09.23-21.00.03:254][  0]LogConfig: Applying CVar settings from Section [Startup] File [../../../Engine/Config/ConsoleVariables.ini]
[2019.09.23-21.00.03:258][  0]LogConfig: Setting CVar [[net.UseAdaptiveNetUpdateFrequency:0]]
[2019.09.23-21.00.03:258][  0]LogConfig: Setting CVar [[p.chaos.AllowCreatePhysxBodies:1]]
[2019.09.23-21.00.03:258][  0]LogConfig: Applying CVar settings from Section [ConsoleVariables] File [E:/AstroSourceGames/F.L.I.G.H.T/FLIGHT/Saved/Config/Windows/Engine.ini]
[2019.09.23-21.00.03:259][  0]LogInit: Computer: SCOTTS_PC
[2019.09.23-21.00.03:259][  0]LogInit: User: scott
[2019.09.23-21.00.03:259][  0]LogInit: CPU Page size=4096, Cores=4
[2019.09.23-21.00.03:259][  0]LogInit: High frequency timer resolution =10.000000 MHz
[2019.09.23-21.00.03:259][  0]LogMemory: Memory total: Physical=15.9GB (16GB approx)
[2019.09.23-21.00.03:259][  0]LogMemory: Platform Memory Stats for Windows
[2019.09.23-21.00.03:259][  0]LogMemory: Process Physical Memory: 97.90 MB used, 97.91 MB peak
[2019.09.23-21.00.03:259][  0]LogMemory: Process Virtual Memory: 88.95 MB used, 88.95 MB peak
[2019.09.23-21.00.03:259][  0]LogMemory: Physical Memory: 6420.58 MB used,  9861.94 MB free, 16282.52 MB total
[2019.09.23-21.00.03:259][  0]LogMemory: Virtual Memory: 4640.40 MB used,  134213088.00 MB free, 134217728.00 MB total
[2019.09.23-21.00.03:288][  0]LogInit: Using OS detected language (en-US).
[2019.09.23-21.00.03:288][  0]LogInit: Using OS detected locale (en-CA).
[2019.09.23-21.00.03:289][  0]LogTextLocalizationManager: No specific localization for 'en-US' exists, so the 'en' localization will be used.
[2019.09.23-21.00.03:534][  0]LogInit: Setting process to per monitor DPI aware
[2019.09.23-21.00.03:622][  0]LogSlate: New Slate User Created.  User Index 0, Is Virtual User: 0
[2019.09.23-21.00.03:622][  0]LogSlate: Slate User Registered.  User Index 0, Is Virtual User: 0
[2019.09.23-21.00.05:815][  0]LogHMD: Failed to initialize OpenVR with code 100
[2019.09.23-21.00.05:815][  0]LogD3D11RHI: D3D11 adapters:
[2019.09.23-21.00.05:912][  0]LogD3D11RHI:    0. 'NVIDIA GeForce GTX 960M' (Feature Level 11_0)
[2019.09.23-21.00.05:913][  0]LogD3D11RHI:       2010/0/8141 MB DedicatedVideo/DedicatedSystem/SharedSystem, Outputs:1, VendorId:0x10de
[2019.09.23-21.00.05:922][  0]LogD3D11RHI:    1. 'Intel(R) HD Graphics 530' (Feature Level 11_0)
[2019.09.23-21.00.05:922][  0]LogD3D11RHI:       128/0/8141 MB DedicatedVideo/DedicatedSystem/SharedSystem, Outputs:0, VendorId:0x8086
[2019.09.23-21.00.05:924][  0]LogD3D11RHI:    2. 'Microsoft Basic Render Driver' (Feature Level 11_0)
[2019.09.23-21.00.05:925][  0]LogD3D11RHI:       0/0/8141 MB DedicatedVideo/DedicatedSystem/SharedSystem, Outputs:0, VendorId:0x1414
[2019.09.23-21.00.05:925][  0]LogD3D11RHI: Chosen D3D11 Adapter: 0
[2019.09.23-21.00.05:972][  0]LogD3D11RHI: Creating new Direct3DDevice
[2019.09.23-21.00.05:973][  0]LogD3D11RHI:     GPU DeviceId: 0x139b (for the marketing name, search the web for "GPU Device Id")
[2019.09.23-21.00.05:973][  0]LogWindows: EnumDisplayDevices:
[2019.09.23-21.00.05:973][  0]LogWindows:    0. 'Intel(R) HD Graphics 530' (P:1 D:1)
[2019.09.23-21.00.05:973][  0]LogWindows:    1. 'Intel(R) HD Graphics 530' (P:0 D:0)
[2019.09.23-21.00.05:974][  0]LogWindows:    2. 'Intel(R) HD Graphics 530' (P:0 D:0)
[2019.09.23-21.00.05:974][  0]LogWindows: DebugString: PrimaryIsNotTheChoosenAdapter PrimaryIsNotTheChoosenAdapter PrimaryIsNotTheChoosenAdapter FoundDriverCount:0 
[2019.09.23-21.00.05:974][  0]LogD3D11RHI:     Adapter Name: NVIDIA GeForce GTX 960M
[2019.09.23-21.00.05:974][  0]LogD3D11RHI:   Driver Version: Unknown (internal:Unknown, unified:Unknown)
[2019.09.23-21.00.05:974][  0]LogD3D11RHI:      Driver Date: Unknown
[2019.09.23-21.00.05:974][  0]LogRHI: Texture pool is 1407 MB (70% of 2010 MB)
[2019.09.23-21.00.06:023][  0]LogD3D11RHI: Async texture creation enabled
[2019.09.23-21.00.06:047][  0]LogRendererCore: FGlobalReadBuffer::InitRHI
[2019.09.23-21.00.06:048][  0]LogRendererCore: FGlobalReadBuffer::InitRHI
[2019.09.23-21.00.06:048][  0]LogRendererCore: FGlobalReadBuffer::InitRHI
[2019.09.23-21.00.06:056][  0]LogD3D11RHI: GPU Timing Frequency: 1000.000000 (Debug: 2 1)
[2019.09.23-21.00.06:465][  0]LogTemp: Display: Module 'AllDesktopTargetPlatform' loaded TargetPlatform 'AllDesktop'
[2019.09.23-21.00.06:480][  0]LogTemp: Display: Module 'MacClientTargetPlatform' loaded TargetPlatform 'MacClient'
[2019.09.23-21.00.06:495][  0]LogTemp: Display: Module 'MacNoEditorTargetPlatform' loaded TargetPlatform 'MacNoEditor'
[2019.09.23-21.00.06:510][  0]LogTemp: Display: Module 'MacServerTargetPlatform' loaded TargetPlatform 'MacServer'
[2019.09.23-21.00.06:529][  0]LogTemp: Display: Module 'MacTargetPlatform' loaded TargetPlatform 'Mac'
[2019.09.23-21.00.06:545][  0]LogTemp: Display: Module 'WindowsClientTargetPlatform' loaded TargetPlatform 'WindowsClient'
[2019.09.23-21.00.06:560][  0]LogTemp: Display: Module 'WindowsNoEditorTargetPlatform' loaded TargetPlatform 'WindowsNoEditor'
[2019.09.23-21.00.06:576][  0]LogTemp: Display: Module 'WindowsServerTargetPlatform' loaded TargetPlatform 'WindowsServer'
[2019.09.23-21.00.06:584][  0]LogTemp: Display: Module 'WindowsTargetPlatform' loaded TargetPlatform 'Windows'
[2019.09.23-21.00.06:678][  0]LogTemp: Display: Module 'AndroidTargetPlatform' loaded TargetPlatform 'Android'
[2019.09.23-21.00.06:678][  0]LogTemp: Display: Module 'AndroidTargetPlatform' loaded TargetPlatform 'Android_ASTC'
[2019.09.23-21.00.06:678][  0]LogTemp: Display: Module 'AndroidTargetPlatform' loaded TargetPlatform 'Android_ATC'
[2019.09.23-21.00.06:678][  0]LogTemp: Display: Module 'AndroidTargetPlatform' loaded TargetPlatform 'Android_DXT'
[2019.09.23-21.00.06:679][  0]LogTemp: Display: Module 'AndroidTargetPlatform' loaded TargetPlatform 'Android_ETC1'
[2019.09.23-21.00.06:679][  0]LogTemp: Display: Module 'AndroidTargetPlatform' loaded TargetPlatform 'Android_ETC1a'
[2019.09.23-21.00.06:679][  0]LogTemp: Display: Module 'AndroidTargetPlatform' loaded TargetPlatform 'Android_ETC2'
[2019.09.23-21.00.06:679][  0]LogTemp: Display: Module 'AndroidTargetPlatform' loaded TargetPlatform 'Android_PVRTC'
[2019.09.23-21.00.06:679][  0]LogTemp: Display: Module 'AndroidTargetPlatform' loaded TargetPlatform 'AndroidClient'
[2019.09.23-21.00.06:679][  0]LogTemp: Display: Module 'AndroidTargetPlatform' loaded TargetPlatform 'Android_ASTCClient'
[2019.09.23-21.00.06:679][  0]LogTemp: Display: Module 'AndroidTargetPlatform' loaded TargetPlatform 'Android_ATCClient'
[2019.09.23-21.00.06:679][  0]LogTemp: Display: Module 'AndroidTargetPlatform' loaded TargetPlatform 'Android_DXTClient'
[2019.09.23-21.00.06:679][  0]LogTemp: Display: Module 'AndroidTargetPlatform' loaded TargetPlatform 'Android_ETC1Client'
[2019.09.23-21.00.06:679][  0]LogTemp: Display: Module 'AndroidTargetPlatform' loaded TargetPlatform 'Android_ETC1aClient'
[2019.09.23-21.00.06:679][  0]LogTemp: Display: Module 'AndroidTargetPlatform' loaded TargetPlatform 'Android_ETC2Client'
[2019.09.23-21.00.06:679][  0]LogTemp: Display: Module 'AndroidTargetPlatform' loaded TargetPlatform 'Android_PVRTCClient'
[2019.09.23-21.00.06:679][  0]LogTemp: Display: Module 'AndroidTargetPlatform' loaded TargetPlatform 'Android_Multi'
[2019.09.23-21.00.06:679][  0]LogTemp: Display: Module 'AndroidTargetPlatform' loaded TargetPlatform 'Android_MultiClient'
[2019.09.23-21.00.06:680][  0]LogTemp: Display: Module 'HTML5TargetPlatform' loaded TargetPlatform 'HTML5'
[2019.09.23-21.00.06:738][  0]LogTemp: Display: Module 'IOSTargetPlatform' loaded TargetPlatform 'IOSClient'
[2019.09.23-21.00.06:738][  0]LogTemp: Display: Module 'IOSTargetPlatform' loaded TargetPlatform 'IOS'
[2019.09.23-21.00.06:763][  0]LogTemp: Display: Module 'TVOSTargetPlatform' loaded TargetPlatform 'TVOSClient'
[2019.09.23-21.00.06:763][  0]LogTemp: Display: Module 'TVOSTargetPlatform' loaded TargetPlatform 'TVOS'
[2019.09.23-21.00.06:777][  0]LogTemp: Display: Module 'LinuxClientTargetPlatform' loaded TargetPlatform 'LinuxClient'
[2019.09.23-21.00.06:791][  0]LogTemp: Display: Module 'LinuxNoEditorTargetPlatform' loaded TargetPlatform 'LinuxNoEditor'
[2019.09.23-21.00.06:804][  0]LogTemp: Display: Module 'LinuxServerTargetPlatform' loaded TargetPlatform 'LinuxServer'
[2019.09.23-21.00.06:826][  0]LogTemp: Display: Module 'LinuxTargetPlatform' loaded TargetPlatform 'Linux'
[2019.09.23-21.00.06:877][  0]LogTemp: Display: Module 'LuminTargetPlatform' loaded TargetPlatform 'Lumin'
[2019.09.23-21.00.06:877][  0]LogTemp: Display: Module 'LuminTargetPlatform' loaded TargetPlatform 'LuminClient'
[2019.09.23-21.00.06:878][  0]LogTargetPlatformManager: Display: Building Assets For Windows
[2019.09.23-21.00.06:887][  0]LogAudioDebug: Display: Lib vorbis DLL was dynamically loaded.
[2019.09.23-21.00.06:947][  0]LogShaderCompilers: Guid format shader working directory is 7 characters bigger than the processId version (E:/AstroSourceGames/F.L.I.G.H.T/FLIGHT/Intermediate/Shaders/WorkingDirectory/14852/).
[2019.09.23-21.00.06:947][  0]LogShaderCompilers: Cleaned the shader compiler working directory 'C:/Users/scott/AppData/Local/Temp/UnrealShaderWorkingDir/CF3B385E4A8F1A1688BF708149455529/'.
[2019.09.23-21.00.06:949][  0]LogXGEController: Cleaning working directory: C:/Users/scott/AppData/Local/Temp/UnrealXGEWorkingDir/
[2019.09.23-21.00.06:950][  0]LogXGEController: Cannot use XGE Controller as Incredibuild is not installed on this machine.
[2019.09.23-21.00.06:950][  0]LogShaderCompilers: Cannot use XGE Shader Compiler as Incredibuild is not installed on this machine.
[2019.09.23-21.00.06:950][  0]LogShaderCompilers: Display: Using Local Shader Compiler.
[2019.09.23-21.00.09:175][  0]LogDerivedDataCache: Display: Max Cache Size: 512 MB
[2019.09.23-21.00.09:239][  0]LogDerivedDataCache: Loaded boot cache 0.06s 71MB C:/Users/scott/AppData/Local/UnrealEngine/4.22/DerivedDataCache/Boot.ddc.
[2019.09.23-21.00.09:240][  0]LogDerivedDataCache: Display: Loaded Boot cache: C:/Users/scott/AppData/Local/UnrealEngine/4.22/DerivedDataCache/Boot.ddc
[2019.09.23-21.00.09:240][  0]LogDerivedDataCache: FDerivedDataBackendGraph:  Pak pak cache file E:/AstroSourceGames/F.L.I.G.H.T/FLIGHT/DerivedDataCache/DDC.ddp not found, will not use a pak cache.
[2019.09.23-21.00.09:240][  0]LogDerivedDataCache: Unable to find inner node Pak for hierarchical cache Hierarchy.
[2019.09.23-21.00.09:240][  0]LogDerivedDataCache: FDerivedDataBackendGraph:  CompressedPak pak cache file E:/AstroSourceGames/F.L.I.G.H.T/FLIGHT/DerivedDataCache/Compressed.ddp not found, will not use a pak cache.
[2019.09.23-21.00.09:240][  0]LogDerivedDataCache: Unable to find inner node CompressedPak for hierarchical cache Hierarchy.
[2019.09.23-21.00.09:263][  0]LogDerivedDataCache: Display: Pak cache opened for reading ../../../Engine/DerivedDataCache/Compressed.ddp.
[2019.09.23-21.00.09:263][  0]LogDerivedDataCache: FDerivedDataBackendGraph:  EnterprisePak pak cache file ../../../Enterprise/DerivedDataCache/Compressed.ddp not found, will not use a pak cache.
[2019.09.23-21.00.09:263][  0]LogDerivedDataCache: Unable to find inner node EnterprisePak for hierarchical cache Hierarchy.
[2019.09.23-21.00.09:275][  0]LogDerivedDataCache: Using Local data cache path C:/Users/scott/AppData/Local/UnrealEngine/Common/DerivedDataCache: Writable
[2019.09.23-21.00.09:275][  0]LogDerivedDataCache: Shared data cache path not found in *engine.ini, will not use an Shared cache.
[2019.09.23-21.00.09:275][  0]LogDerivedDataCache: Unable to find inner node Shared for hierarchical cache Hierarchy.
[2019.09.23-21.00.09:305][  0]LogMaterial: Verifying Global Shaders for PCD3D_SM5
[2019.09.23-21.00.09:306][  0]LogSlate: Using FreeType 2.6.0
[2019.09.23-21.00.09:324][  0]LogSlate: SlateFontServices - WITH_FREETYPE: 1, WITH_HARFBUZZ: 1
[2019.09.23-21.00.09:582][  0]LogAssetRegistry: FAssetRegistry took 0.0336 seconds to start up
[2019.09.23-21.00.09:978][  0]LogInit: Selected Device Profile: [Windows]
[2019.09.23-21.00.10:213][  0]LogMeshReduction: Using QuadricMeshReduction for automatic static mesh reduction
[2019.09.23-21.00.10:213][  0]LogMeshReduction: Using SimplygonMeshReduction for automatic skeletal mesh reduction
[2019.09.23-21.00.10:213][  0]LogMeshReduction: Using ProxyLODMeshReduction for automatic mesh merging
[2019.09.23-21.00.10:213][  0]LogMeshReduction: No distributed automatic mesh merging module available
[2019.09.23-21.00.10:213][  0]LogMeshMerging: No distributed automatic mesh merging module available
[2019.09.23-21.00.10:254][  0]LogNetVersion: FLIGHT 1.0.0, NetCL: 5660361, EngineNetVer: 10, GameNetVer: 0 (Checksum: 3036253622)
[2019.09.23-21.00.11:379][  0]LogPackageLocalizationCache: Processed 12 localized package path(s) for 1 prioritized culture(s) in 0.052493 seconds
[2019.09.23-21.00.11:386][  0]LogUObjectArray: 42205 objects as part of root set at end of initial load.
[2019.09.23-21.00.11:386][  0]LogUObjectAllocator: 7325032 out of 0 bytes used by permanent object pool.
[2019.09.23-21.00.11:386][  0]LogUObjectArray: CloseDisregardForGC: 0/0 objects in disregard for GC pool
[2019.09.23-21.00.15:080][  0]LogTcpMessaging: Initializing TcpMessaging bridge
[2019.09.23-21.00.15:094][  0]LogUdpMessaging: Initializing bridge on interface 0.0.0.0:0 to multicast group 230.0.0.1:6666.
[2019.09.23-21.00.15:094][  0]FUdpSocketBuilder: Failed to bind UdpMessageMulticastSocket to 0.0.0.0:6666
[2019.09.23-21.00.15:094][  0]FUdpSocketBuilder: Failed to configure multicast for UdpMessageMulticastSocket (loopback: 1, ttl: 1)
[2019.09.23-21.00.15:094][  0]FUdpSocketBuilder: Failed to create and initialize socket UdpMessageMulticastSocket (last error: 0)
[2019.09.23-21.00.15:094][  0]LogUdpMessaging: Warning: StartTransport failed to create multicast socket on 0.0.0.0:0, joined to 230.0.0.1:6666 with TTL 1
[2019.09.23-21.00.15:263][  0]SourceControl: Source control is disabled
[2019.09.23-21.00.16:530][  0]LogAndroidPermission: UAndroidPermissionCallbackProxy::GetInstance
[2019.09.23-21.00.16:750][  0]LogOcInput: OculusInput pre-init called
[2019.09.23-21.00.17:664][  0]LogEngine: Initializing Engine...
[2019.09.23-21.00.17:665][  0]LogHMD: Failed to initialize OpenVR with code 100
[2019.09.23-21.00.17:666][  0]LogStats: UGameplayTagsManager::InitializeManager -  0.000 s
[2019.09.23-21.00.18:150][  0]LogInit: Initializing FReadOnlyCVARCache
[2019.09.23-21.00.18:172][  0]LogAIModule: Creating AISystem for world Untitled
[2019.09.23-21.00.18:224][  0]LogInit: XAudio2 using 'Speakers (Conexant SmartAudio HD)' : 2 channels at 48 kHz using 32 bits per sample (channel mask 0x3)
[2019.09.23-21.00.19:168][  0]LogInit: FAudioDevice initialized.
[2019.09.23-21.00.19:168][  0]LogNetVersion: Set ProjectVersion to 1.0.0.0. Version Checksum will be recalculated on next use.
[2019.09.23-21.00.19:258][  0]LogDerivedDataCache: Saved boot cache 0.09s 71MB C:/Users/scott/AppData/Local/UnrealEngine/4.22/DerivedDataCache/Boot.ddc.
[2019.09.23-21.00.19:263][  0]LogInit: Texture streaming: Enabled
[2019.09.23-21.00.19:285][  0]LogEngineSessionManager: EngineSessionManager initialized
[2019.09.23-21.00.19:314][  0]LogInit: Transaction tracking system initialized
[2019.09.23-21.00.19:346][  0]BlueprintLog: New page: Editor Load
[2019.09.23-21.00.19:454][  0]LocalizationService: Localization service is disabled
[2019.09.23-21.00.20:283][  0]LogFileCache: Scanning file cache for directory 'E:/AstroSourceGames/F.L.I.G.H.T/FLIGHT/Content/' took 0.03s
[2019.09.23-21.00.20:284][  0]LogCook: Display: Max memory allowance for cook 16384mb min free memory 0mb
[2019.09.23-21.00.20:284][  0]LogCook: Display: Mobile HDR setting 1
[2019.09.23-21.00.20:645][  0]Cmd: MAP LOAD FILE="E:/AstroSourceGames/F.L.I.G.H.T/FLIGHT/Content/Maps/Moon.umap" TEMPLATE=0 SHOWPROGRESS=1 FEATURELEVEL=3
[2019.09.23-21.00.20:646][  0]LightingResults: New page: Lighting Build
[2019.09.23-21.00.20:650][  0]MapCheck: New page: Map Check
[2019.09.23-21.00.20:650][  0]LightingResults: New page: Lighting Build
[2019.09.23-21.00.20:680][  0]LogUObjectHash: Compacting FUObjectHashTables data took   2.51ms
[2019.09.23-21.00.21:515][  0]LogAIModule: Creating AISystem for world Moon
[2019.09.23-21.00.21:539][  0]LogEditorServer: Finished looking for orphan Actors (0.000 secs)
[2019.09.23-21.00.21:570][  0]LogUObjectHash: Compacting FUObjectHashTables data took   2.47ms
[2019.09.23-21.00.21:571][  0]Cmd: MAP CHECKDEP NOCLEARLOG
[2019.09.23-21.00.21:571][  0]MapCheck: Map check complete: 0 Error(s), 0 Warning(s), took 0.11ms to complete.
[2019.09.23-21.00.21:571][  0]LogFileHelpers: Loading map 'Moon' took 0.925
[2019.09.23-21.00.21:724][  0]LogSlate: Updating window title bar state: overlay mode, drag disabled, window buttons hidden, title bar hidden
[2019.09.23-21.00.21:736][  0]LogSlate: Updating window title bar state: overlay mode, drag disabled, window buttons hidden, title bar hidden
[2019.09.23-21.00.21:748][  0]LogSlate: Updating window title bar state: overlay mode, drag disabled, window buttons hidden, title bar hidden
[2019.09.23-21.00.21:759][  0]LogSlate: Updating window title bar state: overlay mode, drag disabled, window buttons hidden, title bar hidden
[2019.09.23-21.00.21:774][  0]LogCollectionManager: Loaded 0 collections in 0.002820 seconds
[2019.09.23-21.00.21:817][  0]LogFileCache: Scanning file cache for directory 'E:/AstroSourceGames/F.L.I.G.H.T/FLIGHT/Saved/Collections/' took 0.01s
[2019.09.23-21.00.21:817][  0]LogFileCache: Scanning file cache for directory 'E:/AstroSourceGames/F.L.I.G.H.T/FLIGHT/Content/Developers/scott/Collections/' took 0.01s
[2019.09.23-21.00.21:817][  0]LogFileCache: Scanning file cache for directory 'E:/AstroSourceGames/F.L.I.G.H.T/FLIGHT/Content/Collections/' took 0.01s
[2019.09.23-21.00.21:817][  0]LogCollectionManager: Rebuilt the GUID cache for 0 collections in 0.000000 seconds
[2019.09.23-21.00.21:834][  0]LogContentBrowser: Native class hierarchy populated in 0.0163 seconds. Added 2757 classes and 678 folders.
[2019.09.23-21.00.21:845][  0]LogContentBrowser: Native class hierarchy updated for 'WidgetCarousel' in 0.0004 seconds. Added 0 classes and 0 folders.
[2019.09.23-21.00.21:852][  0]LogPakFile: Registered encryption key '00000000000000000000000000000000': 0 pak files mounted, 0 remain pending
[2019.09.23-21.00.21:861][  0]LogPakFile: Registered encryption key '00000000000000000000000000000000': 0 pak files mounted, 0 remain pending
[2019.09.23-21.00.21:890][  0]LogPakFile: Registered encryption key '00000000000000000000000000000000': 0 pak files mounted, 0 remain pending
[2019.09.23-21.00.21:897][  0]LogPakFile: Registered encryption key '00000000000000000000000000000000': 0 pak files mounted, 0 remain pending
[2019.09.23-21.00.21:904][  0]LogPakFile: Registered encryption key '00000000000000000000000000000000': 0 pak files mounted, 0 remain pending
[2019.09.23-21.00.21:910][  0]LogPakFile: Registered encryption key '00000000000000000000000000000000': 0 pak files mounted, 0 remain pending
[2019.09.23-21.00.21:917][  0]LogPakFile: Registered encryption key '00000000000000000000000000000000': 0 pak files mounted, 0 remain pending
[2019.09.23-21.00.21:923][  0]LogPakFile: Registered encryption key '00000000000000000000000000000000': 0 pak files mounted, 0 remain pending
[2019.09.23-21.00.21:929][  0]LogPakFile: Registered encryption key '00000000000000000000000000000000': 0 pak files mounted, 0 remain pending
[2019.09.23-21.00.21:936][  0]LogPakFile: Registered encryption key '00000000000000000000000000000000': 0 pak files mounted, 0 remain pending
[2019.09.23-21.00.21:941][  0]LogPakFile: Registered encryption key '00000000000000000000000000000000': 0 pak files mounted, 0 remain pending
[2019.09.23-21.00.21:948][  0]LogPakFile: Registered encryption key '00000000000000000000000000000000': 0 pak files mounted, 0 remain pending
[2019.09.23-21.00.21:955][  0]LogPakFile: Registered encryption key '00000000000000000000000000000000': 0 pak files mounted, 0 remain pending
[2019.09.23-21.00.21:960][  0]LogPakFile: Registered encryption key '00000000000000000000000000000000': 0 pak files mounted, 0 remain pending
[2019.09.23-21.00.21:967][  0]LogPakFile: Registered encryption key '00000000000000000000000000000000': 0 pak files mounted, 0 remain pending
[2019.09.23-21.00.21:976][  0]LogPakFile: Registered encryption key '00000000000000000000000000000000': 0 pak files mounted, 0 remain pending
[2019.09.23-21.00.22:024][  0]LogPakFile: Registered encryption key '00000000000000000000000000000000': 0 pak files mounted, 0 remain pending
[2019.09.23-21.00.22:030][  0]LogPakFile: Registered encryption key '00000000000000000000000000000000': 0 pak files mounted, 0 remain pending
[2019.09.23-21.00.22:038][  0]LogPakFile: Registered encryption key '00000000000000000000000000000000': 0 pak files mounted, 0 remain pending
[2019.09.23-21.00.22:047][  0]LogPakFile: Registered encryption key '00000000000000000000000000000000': 0 pak files mounted, 0 remain pending
[2019.09.23-21.00.22:053][  0]LogPakFile: Registered encryption key '00000000000000000000000000000000': 0 pak files mounted, 0 remain pending
[2019.09.23-21.00.22:059][  0]LogPakFile: Registered encryption key '00000000000000000000000000000000': 0 pak files mounted, 0 remain pending
[2019.09.23-21.00.22:064][  0]LogPakFile: Registered encryption key '00000000000000000000000000000000': 0 pak files mounted, 0 remain pending
[2019.09.23-21.00.22:070][  0]LogPakFile: Registered encryption key '00000000000000000000000000000000': 0 pak files mounted, 0 remain pending
[2019.09.23-21.00.22:076][  0]LogPakFile: Registered encryption key '00000000000000000000000000000000': 0 pak files mounted, 0 remain pending
[2019.09.23-21.00.22:083][  0]LogPakFile: Registered encryption key '00000000000000000000000000000000': 0 pak files mounted, 0 remain pending
[2019.09.23-21.00.22:210][  0]LogContentBrowser: Native class hierarchy updated for 'AddContentDialog' in 0.0004 seconds. Added 0 classes and 0 folders.
[2019.09.23-21.00.22:282][  0]LogContentBrowser: Native class hierarchy updated for 'SceneOutliner' in 0.0004 seconds. Added 1 classes and 2 folders.
[2019.09.23-21.00.22:306][  0]LogSlate: Took 0.006062 seconds to synchronously load lazily loaded font '../../../Engine/Content/Slate/Fonts/Roboto-Regular.ttf' (155K)
[2019.09.23-21.00.22:313][  0]LogSlate: Took 0.004750 seconds to synchronously load lazily loaded font '../../../Engine/Content/Slate/Fonts/Roboto-Bold.ttf' (160K)
[2019.09.23-21.00.22:328][  0]LogSlate: Took 0.006061 seconds to synchronously load lazily loaded font '../../../Engine/Content/Editor/Slate/Fonts/FontAwesome.ttf' (139K)
[2019.09.23-21.00.22:475][  0]LogRenderer: Reallocating scene render targets to support 1244x616 Format 10 NumSamples 1 (Frame:1).
[2019.09.23-21.00.22:545][  0]LogSlate: Took 0.004734 seconds to synchronously load lazily loaded font '../../../Engine/Content/Slate/Fonts/Roboto-Light.ttf' (167K)
[2019.09.23-21.00.22:649][  0]LogContentBrowser: Native class hierarchy updated for 'HierarchicalLODOutliner' in 0.0003 seconds. Added 0 classes and 0 folders.
[2019.09.23-21.00.22:649][  0]LogLoad: (Engine Initialization) Total time: 22.63 seconds
[2019.09.23-21.00.22:649][  0]LogLoad: (Engine Initialization) Total Blueprint compile time: 0.00 seconds
[2019.09.23-21.00.22:724][  0]LogContentStreaming: Texture pool size now 1000 MB
[2019.09.23-21.00.22:835][  1]LogAssetRegistry: Asset discovery search completed in 13.2754 seconds
[2019.09.23-21.00.22:838][  1]LogCollectionManager: Rebuilt the object cache for 0 collections in 0.000000 seconds (found 0 objects)
[2019.09.23-21.00.22:838][  1]LogCollectionManager: Fixed up redirectors for 0 collections in 0.000068 seconds (updated 0 objects)
[2019.09.23-21.00.23:728][ 50]LogSlate: Took 0.000227 seconds to synchronously load lazily loaded font '../../../Engine/Content/Slate/Fonts/Roboto-Light.ttf' (167K)
[2019.09.23-21.00.28:219][292]LogSlate: FSceneViewport::OnFocusLost() reason 0
[2019.09.23-21.04.03:130][268]LogSlate: FSceneViewport::OnFocusLost() reason 0
[2019.09.23-21.04.14:331][273]LogFactory: FactoryCreateFile: Texture with ReimportTextureFactory (0 0 ../../../../../../Users/scott/Desktop/Assets/FLIGHT/mars_minimal.png)
[2019.09.23-21.04.14:344][273]LogTexture: Display: Building textures: mars_minimal (AutoDXT, 1024X1024)
[2019.09.23-21.04.14:541][273]LogFactory: FactoryCreateFile: Texture with ReimportTextureFactory (0 0 ../../../../../../Users/scott/Desktop/Assets/FLIGHT/moon_minimal2.png)
[2019.09.23-21.04.14:552][273]LogTexture: Display: Building textures: moon_minimal2 (AutoDXT, 1024X1024)
[2019.09.23-21.10.22:861][250]LogUObjectHash: Compacting FUObjectHashTables data took   1.84ms
[2019.09.23-21.10.22:862][250]LogFileHelpers: Editor autosave (incl. sublevels) for '/Game/Maps/Moon' took 0.033
[2019.09.23-21.10.22:863][250]OBJ SavePackage: Generating thumbnails for [1] asset(s) in package [/Game/Widgets/mars_minimal] ([1] browsable assets)...
[2019.09.23-21.10.22:874][250]OBJ SavePackage:     Rendered thumbnail for [Texture2D /Game/Widgets/mars_minimal.mars_minimal]
[2019.09.23-21.10.22:874][250]OBJ SavePackage: Finished generating thumbnails for package [/Game/Widgets/mars_minimal]
[2019.09.23-21.10.22:874][250]Cmd: OBJ SAVEPACKAGE PACKAGE="/Game/Widgets/mars_minimal" FILE="E:/AstroSourceGames/F.L.I.G.H.T/FLIGHT/Saved/Autosaves/Game/Widgets/mars_minimal_Auto1.uasset" SILENT=false AUTOSAVING=true
[2019.09.23-21.10.22:890][250]LogSavePackage: Moving 'E:/AstroSourceGames/F.L.I.G.H.T/FLIGHT/Saved/mars_minimal_Auto16839D2BB465B75AF72D3A8B97B89E71D.tmp' to 'E:/AstroSourceGames/F.L.I.G.H.T/FLIGHT/Saved/Autosaves/Game/Widgets/mars_minimal_Auto1.uasset'
[2019.09.23-21.10.22:891][250]OBJ SavePackage: Generating thumbnails for [1] asset(s) in package [/Game/Widgets/moon_minimal2] ([1] browsable assets)...
[2019.09.23-21.10.22:899][250]OBJ SavePackage:     Rendered thumbnail for [Texture2D /Game/Widgets/moon_minimal2.moon_minimal2]
[2019.09.23-21.10.22:899][250]OBJ SavePackage: Finished generating thumbnails for package [/Game/Widgets/moon_minimal2]
[2019.09.23-21.10.22:899][250]Cmd: OBJ SAVEPACKAGE PACKAGE="/Game/Widgets/moon_minimal2" FILE="E:/AstroSourceGames/F.L.I.G.H.T/FLIGHT/Saved/Autosaves/Game/Widgets/moon_minimal2_Auto1.uasset" SILENT=false AUTOSAVING=true
[2019.09.23-21.10.22:912][250]LogSavePackage: Moving 'E:/AstroSourceGames/F.L.I.G.H.T/FLIGHT/Saved/moon_minimal2_Auto1C98CD9484784CBD6A30C508D417BEFBE.tmp' to 'E:/AstroSourceGames/F.L.I.G.H.T/FLIGHT/Saved/Autosaves/Game/Widgets/moon_minimal2_Auto1.uasset'
[2019.09.23-21.10.22:913][250]LogFileHelpers: Auto-saving content packages took 0.050
[2019.09.23-21.22.18:207][598]LogUObjectHash: Compacting FUObjectHashTables data took   1.48ms
[2019.09.23-21.22.18:328][598]Cmd: OBJ SAVEPACKAGE PACKAGE="/Game/Widgets/mars_minimal" FILE="E:/AstroSourceGames/F.L.I.G.H.T/FLIGHT/Content/Widgets/mars_minimal.uasset" SILENT=true
[2019.09.23-21.22.18:382][598]LogSavePackage: Moving 'E:/AstroSourceGames/F.L.I.G.H.T/FLIGHT/Saved/mars_minimal5811FF7C48306E7C77C0E190EEDA157E.tmp' to 'E:/AstroSourceGames/F.L.I.G.H.T/FLIGHT/Content/Widgets/mars_minimal.uasset'
[2019.09.23-21.22.18:823][598]Cmd: OBJ SAVEPACKAGE PACKAGE="/Game/Widgets/moon_minimal2" FILE="E:/AstroSourceGames/F.L.I.G.H.T/FLIGHT/Content/Widgets/moon_minimal2.uasset" SILENT=true
[2019.09.23-21.22.18:881][598]LogSavePackage: Moving 'E:/AstroSourceGames/F.L.I.G.H.T/FLIGHT/Saved/moon_minimal21511A2424C2497571B3A28918F1AB500.tmp' to 'E:/AstroSourceGames/F.L.I.G.H.T/FLIGHT/Content/Widgets/moon_minimal2.uasset'
[2019.09.23-21.22.20:230][655]LogUObjectHash: Compacting FUObjectHashTables data took   0.65ms
[2019.09.23-21.22.20:309][655]LogSlate: Window 'FLIGHT - Unreal Editor' being destroyed
[2019.09.23-21.22.20:312][655]LogWindowsTextInputMethodSystem: Display: IME system now deactivated.
[2019.09.23-21.22.20:515][656]Cmd: QUIT_EDITOR
[2019.09.23-21.22.20:569][656]LogExit: Preparing to exit.
[2019.09.23-21.22.21:833][656]LogExit: Editor shut down
[2019.09.23-21.22.21:834][656]LogExit: Transaction tracking system shut down
[2019.09.23-21.22.22:041][656]LogExit: Object subsystem successfully closed.
[2019.09.23-21.22.22:064][656]LogShaderCompilers: Display: Shaders left to compile 0
[2019.09.23-21.22.22:068][656]LogD3D11RHI: Shutdown
[2019.09.23-21.22.22:068][656]LogD3D11RHI: CleanupD3DDevice
[2019.09.23-21.22.22:068][656]LogRendererCore: FGlobalReadBuffer::ReleaseRHI
[2019.09.23-21.22.22:069][656]LogRendererCore: FGlobalDynamicReadBuffer::Cleanup()
[2019.09.23-21.22.22:069][656]LogRendererCore: FGlobalReadBuffer::ReleaseRHI
[2019.09.23-21.22.22:069][656]LogRendererCore: FGlobalDynamicReadBuffer::Cleanup()
[2019.09.23-21.22.22:069][656]LogRendererCore: FGlobalReadBuffer::ReleaseRHI
[2019.09.23-21.22.22:069][656]LogRendererCore: FGlobalDynamicReadBuffer::Cleanup()
[2019.09.23-21.22.22:197][656]LogD3D11RHI: ~FD3D11DynamicRHI
[2019.09.23-21.22.22:228][656]LogModuleManager: Shutting down and abandoning module HierarchicalLODOutliner (662)
[2019.09.23-21.22.22:228][656]LogModuleManager: Shutting down and abandoning module SceneOutliner (660)
[2019.09.23-21.22.22:228][656]LogModuleManager: Shutting down and abandoning module AddContentDialog (658)
[2019.09.23-21.22.22:229][656]LogModuleManager: Shutting down and abandoning module WidgetCarousel (657)
[2019.09.23-21.22.22:229][656]LogModuleManager: Shutting down and abandoning module EditorWidgets (654)
[2019.09.23-21.22.22:229][656]LogModuleManager: Shutting down and abandoning module CollectionManager (652)
[2019.09.23-21.22.22:229][656]LogModuleManager: Shutting down and abandoning module StatsViewer (650)
[2019.09.23-21.22.22:229][656]LogModuleManager: Shutting down and abandoning module FoliageEdit (648)
[2019.09.23-21.22.22:229][656]LogModuleManager: Shutting down and abandoning module LandscapeEditor (646)
[2019.09.23-21.22.22:229][656]LogModuleManager: Shutting down and abandoning module MeshPaintMode (644)
[2019.09.23-21.22.22:229][656]LogModuleManager: Shutting down and abandoning module SceneDepthPickerMode (642)
[2019.09.23-21.22.22:229][656]LogModuleManager: Shutting down and abandoning module ActorPickerMode (640)
[2019.09.23-21.22.22:229][656]LogModuleManager: Shutting down and abandoning module GeometryMode (638)
[2019.09.23-21.22.22:229][656]LogModuleManager: Shutting down and abandoning module TextureAlignMode (636)
[2019.09.23-21.22.22:229][656]LogModuleManager: Shutting down and abandoning module BspMode (634)
[2019.09.23-21.22.22:229][656]LogModuleManager: Shutting down and abandoning module PIEPreviewDeviceProfileSelector (632)
[2019.09.23-21.22.22:229][656]LogModuleManager: Shutting down and abandoning module SequenceRecorderSections (630)
[2019.09.23-21.22.22:229][656]LogModuleManager: Shutting down and abandoning module AutomationWorker (628)
[2019.09.23-21.22.22:229][656]LogModuleManager: Shutting down and abandoning module OculusMR (626)
[2019.09.23-21.22.22:229][656]LogModuleManager: Shutting down and abandoning module AudioCaptureEditor (624)
[2019.09.23-21.22.22:229][656]LogModuleManager: Shutting down and abandoning module MatineeToLevelSequence (622)
[2019.09.23-21.22.22:229][656]LogModuleManager: Shutting down and abandoning module LevelSequenceEditor (620)
[2019.09.23-21.22.22:230][656]LogModuleManager: Shutting down and abandoning module PlacementMode (619)
[2019.09.23-21.22.22:230][656]LogModuleManager: Shutting down and abandoning module MaterialEditor (618)
[2019.09.23-21.22.22:230][656]LogModuleManager: Shutting down and abandoning module ActorSequenceEditor (614)
[2019.09.23-21.22.22:230][656]LogModuleManager: Shutting down and abandoning module WmfMediaFactory (612)
[2019.09.23-21.22.22:230][656]LogModuleManager: Shutting down and abandoning module WmfMediaEditor (610)
[2019.09.23-21.22.22:230][656]LogModuleManager: Shutting down and abandoning module WebMMediaFactory (608)
[2019.09.23-21.22.22:230][656]LogModuleManager: Shutting down and abandoning module WebMMediaEditor (606)
[2019.09.23-21.22.22:230][656]LogModuleManager: Shutting down and abandoning module WebMMedia (604)
[2019.09.23-21.22.22:230][656]LogModuleManager: Shutting down and abandoning module MediaPlayerEditor (602)
[2019.09.23-21.22.22:230][656]LogModuleManager: Shutting down and abandoning module MediaCompositingEditor (600)
[2019.09.23-21.22.22:230][656]LogModuleManager: Shutting down and abandoning module SequenceRecorder (599)
[2019.09.23-21.22.22:230][656]LogModuleManager: Shutting down and abandoning module OpenExrWrapper (596)
[2019.09.23-21.22.22:230][656]LogModuleManager: Shutting down and abandoning module ImgMediaFactory (594)
[2019.09.23-21.22.22:230][656]LogModuleManager: Shutting down and abandoning module ImgMediaEditor (592)
[2019.09.23-21.22.22:230][656]LogModuleManager: Shutting down and abandoning module AvfMediaFactory (590)
[2019.09.23-21.22.22:230][656]LogModuleManager: Shutting down and abandoning module AvfMediaEditor (588)
[2019.09.23-21.22.22:230][656]LogModuleManager: Shutting down and abandoning module AndroidMediaFactory (586)
[2019.09.23-21.22.22:230][656]LogModuleManager: Shutting down and abandoning module AndroidMediaEditor (584)
[2019.09.23-21.22.22:230][656]LogModuleManager: Shutting down and abandoning module MagicLeapCameraPreviewFactory (582)
[2019.09.23-21.22.22:230][656]LogModuleManager: Shutting down and abandoning module MagicLeapMediaCodecFactory (580)
[2019.09.23-21.22.22:230][656]LogModuleManager: Shutting down and abandoning module MagicLeapMediaFactory (578)
[2019.09.23-21.22.22:230][656]LogModuleManager: Shutting down and abandoning module MagicLeapMediaEditor (576)
[2019.09.23-21.22.22:230][656]LogModuleManager: Shutting down and abandoning module CharacterAI (574)
[2019.09.23-21.22.22:230][656]LogModuleManager: Shutting down and abandoning module SmartSnapping (572)
[2019.09.23-21.22.22:230][656]LogModuleManager: Shutting down and abandoning module SessionServices (570)
[2019.09.23-21.22.22:230][656]LogModuleManager: Shutting down and abandoning module MeshPaint (568)
[2019.09.23-21.22.22:230][656]LogModuleManager: Shutting down and abandoning module ViewportSnapping (566)
[2019.09.23-21.22.22:230][656]LogModuleManager: Shutting down and abandoning module ViewportInteraction (564)
[2019.09.23-21.22.22:230][656]LogModuleManager: Shutting down and abandoning module ClothPainter (562)
[2019.09.23-21.22.22:230][656]LogModuleManager: Shutting down and abandoning module SkeletalMeshEditor (561)
[2019.09.23-21.22.22:230][656]LogModuleManager: Shutting down and abandoning module LogVisualizer (558)
[2019.09.23-21.22.22:230][656]LogModuleManager: Shutting down and abandoning module IntroTutorials (556)
[2019.09.23-21.22.22:230][656]LogModuleManager: Shutting down and abandoning module GameProjectGeneration (555)
[2019.09.23-21.22.22:231][656]LogModuleManager: Shutting down and abandoning module LuminPlatformEditor (552)
[2019.09.23-21.22.22:231][656]LogModuleManager: Shutting down and abandoning module IOSPlatformEditor (550)
[2019.09.23-21.22.22:231][656]LogModuleManager: Shutting down and abandoning module HTML5PlatformEditor (548)
[2019.09.23-21.22.22:231][656]LogModuleManager: Shutting down and abandoning module AndroidPlatformEditor (546)
[2019.09.23-21.22.22:231][656]LogModuleManager: Shutting down and abandoning module AndroidDeviceDetection (545)
[2019.09.23-21.22.22:314][656]LogModuleManager: Shutting down and abandoning module WindowsPlatformEditor (542)
[2019.09.23-21.22.22:314][656]LogModuleManager: Shutting down and abandoning module LuminRuntimeSettings (540)
[2019.09.23-21.22.22:314][656]LogModuleManager: Shutting down and abandoning module IOSRuntimeSettings (538)
[2019.09.23-21.22.22:314][656]LogModuleManager: Shutting down and abandoning module AndroidRuntimeSettings (536)
[2019.09.23-21.22.22:314][656]LogModuleManager: Shutting down and abandoning module TimeManagementEditor (534)
[2019.09.23-21.22.22:314][656]LogModuleManager: Shutting down and abandoning module InputBindingEditor (532)
[2019.09.23-21.22.22:314][656]LogModuleManager: Shutting down and abandoning module MergeActors (530)
[2019.09.23-21.22.22:315][656]LogModuleManager: Shutting down and abandoning module LocalizationDashboard (528)
[2019.09.23-21.22.22:315][656]LogModuleManager: Shutting down and abandoning module LocalizationService (527)
[2019.09.23-21.22.22:315][656]LogModuleManager: Shutting down and abandoning module HardwareTargeting (524)
[2019.09.23-21.22.22:315][656]LogModuleManager: Shutting down and abandoning module DeviceProfileEditor (522)
[2019.09.23-21.22.22:315][656]LogModuleManager: Shutting down and abandoning module UndoHistory (520)
[2019.09.23-21.22.22:315][656]LogModuleManager: Shutting down and abandoning module XmlParser (518)
[2019.09.23-21.22.22:315][656]LogModuleManager: Shutting down and abandoning module Blutility (516)
[2019.09.23-21.22.22:315][656]LogModuleManager: Shutting down and abandoning module ProjectSettingsViewer (514)
[2019.09.23-21.22.22:315][656]LogModuleManager: Shutting down and abandoning module ProjectTargetPlatformEditor (513)
[2019.09.23-21.22.22:315][656]LogModuleManager: Shutting down and abandoning module EditorSettingsViewer (510)
[2019.09.23-21.22.22:315][656]LogModuleManager: Shutting down and abandoning module SettingsEditor (508)
[2019.09.23-21.22.22:315][656]LogModuleManager: Shutting down and abandoning module ProjectLauncher (506)
[2019.09.23-21.22.22:315][656]LogModuleManager: Shutting down and abandoning module SessionFrontend (504)
[2019.09.23-21.22.22:315][656]LogModuleManager: Shutting down and abandoning module ProfilerClient (502)
[2019.09.23-21.22.22:315][656]LogModuleManager: Shutting down and abandoning module DeviceManager (500)
[2019.09.23-21.22.22:315][656]LogModuleManager: Shutting down and abandoning module TargetDeviceServices (499)
[2019.09.23-21.22.22:370][656]LogModuleManager: Shutting down and abandoning module AutomationController (496)
[2019.09.23-21.22.22:370][656]LogModuleManager: Shutting down and abandoning module AutomationWindow (494)
[2019.09.23-21.22.22:370][656]LogModuleManager: Shutting down and abandoning module Layers (492)
[2019.09.23-21.22.22:370][656]LogModuleManager: Shutting down and abandoning module ComponentVisualizers (490)
[2019.09.23-21.22.22:370][656]LogModuleManager: Shutting down and abandoning module DetailCustomizations (488)
[2019.09.23-21.22.22:370][656]LogModuleManager: Shutting down and abandoning module PackagesDialog (486)
[2019.09.23-21.22.22:370][656]LogModuleManager: Shutting down and abandoning module AnimationBlueprintEditor (484)
[2019.09.23-21.22.22:370][656]LogModuleManager: Shutting down and abandoning module Persona (482)
[2019.09.23-21.22.22:370][656]LogModuleManager: Shutting down and abandoning module AdvancedPreviewScene (481)
[2019.09.23-21.22.22:370][656]LogModuleManager: Shutting down and abandoning module AnimGraph (479)
[2019.09.23-21.22.22:370][656]LogModuleManager: Shutting down and abandoning module Kismet (476)
[2019.09.23-21.22.22:371][656]LogModuleManager: Shutting down and abandoning module GraphEditor (474)
[2019.09.23-21.22.22:371][656]LogModuleManager: Shutting down and abandoning module ClassViewer (472)
[2019.09.23-21.22.22:371][656]LogModuleManager: Shutting down and abandoning module Toolbox (470)
[2019.09.23-21.22.22:371][656]LogModuleManager: Shutting down and abandoning module ModuleUI (468)
[2019.09.23-21.22.22:371][656]LogModuleManager: Shutting down and abandoning module MovieSceneTools (466)
[2019.09.23-21.22.22:371][656]LogModuleManager: Shutting down and abandoning module OutputLog (464)
[2019.09.23-21.22.22:371][656]LogModuleManager: Shutting down and abandoning module GammaUI (462)
[2019.09.23-21.22.22:371][656]LogModuleManager: Shutting down and abandoning module Documentation (460)
[2019.09.23-21.22.22:371][656]LogModuleManager: Shutting down and abandoning module LiveCoding (458)
[2019.09.23-21.22.22:371][656]LogModuleManager: Shutting down and abandoning module LevelSequence (456)
[2019.09.23-21.22.22:371][656]LogModuleManager: Shutting down and abandoning module MovieSceneTracks (454)
[2019.09.23-21.22.22:371][656]LogModuleManager: Shutting down and abandoning module MovieScene (452)
[2019.09.23-21.22.22:371][656]LogModuleManager: Shutting down and abandoning module StreamingPauseRendering (450)
[2019.09.23-21.22.22:371][656]LogModuleManager: Shutting down and abandoning module LauncherPlatform (448)
[2019.09.23-21.22.22:371][656]LogModuleManager: Shutting down and abandoning module AnalyticsET (446)
[2019.09.23-21.22.22:371][656]LogModuleManager: Shutting down and abandoning module PortalServices (444)
[2019.09.23-21.22.22:371][656]LogModuleManager: Shutting down and abandoning module PortalRpc (442)
[2019.09.23-21.22.22:371][656]LogModuleManager: Shutting down and abandoning module MessagingRpc (440)
[2019.09.23-21.22.22:371][656]LogModuleManager: Shutting down and abandoning module AIModule (438)
[2019.09.23-21.22.22:371][656]LogModuleManager: Shutting down and abandoning module GameplayDebugger (437)
[2019.09.23-21.22.22:371][656]LogModuleManager: Shutting down and abandoning module AITestSuite (435)
[2019.09.23-21.22.22:371][656]LogModuleManager: Shutting down and abandoning module NavigationSystem (433)
[2019.09.23-21.22.22:371][656]LogModuleManager: Shutting down and abandoning module DesktopPlatform (430)
[2019.09.23-21.22.22:371][656]LogModuleManager: Shutting down and abandoning module ImageWriteQueue (428)
[2019.09.23-21.22.22:375][656]LogModuleManager: Shutting down and abandoning module ProfilerService (426)
[2019.09.23-21.22.22:521][656]LogModuleManager: Shutting down and abandoning module TaskGraph (424)
[2019.09.23-21.22.22:522][656]LogModuleManager: Shutting down and abandoning module SteamVRController (422)
[2019.09.23-21.22.22:522][656]LogModuleManager: Shutting down and abandoning module ProceduralMeshComponentEditor (420)
[2019.09.23-21.22.22:522][656]LogModuleManager: Shutting down and abandoning module ProceduralMeshComponent (418)
[2019.09.23-21.22.22:522][656]LogModuleManager: Shutting down and abandoning module OculusEditor (416)
[2019.09.23-21.22.22:522][656]LogModuleManager: Shutting down and abandoning module OculusInput (414)
[2019.09.23-21.22.22:522][656]LogModuleManager: Shutting down and abandoning module MobilePatchingUtils (412)
[2019.09.23-21.22.22:522][656]LogModuleManager: Shutting down and abandoning module EditableMesh (410)
[2019.09.23-21.22.22:522][656]LogModuleManager: Shutting down and abandoning module CustomMeshComponent (408)
[2019.09.23-21.22.22:522][656]LogModuleManager: Shutting down and abandoning module CableComponent (406)
[2019.09.23-21.22.22:522][656]LogModuleManager: Shutting down and abandoning module AudioCapture (404)
[2019.09.23-21.22.22:522][656]LogModuleManager: Shutting down and abandoning module ArchVisCharacter (402)
[2019.09.23-21.22.22:522][656]LogModuleManager: Shutting down and abandoning module AndroidPermission (400)
[2019.09.23-21.22.22:522][656]LogModuleManager: Shutting down and abandoning module NUTUnrealEngine4 (398)
[2019.09.23-21.22.22:522][656]LogModuleManager: Shutting down and abandoning module NetcodeUnitTest (396)
[2019.09.23-21.22.22:522][656]LogModuleManager: Shutting down and abandoning module MediaCompositing (394)
[2019.09.23-21.22.22:522][656]LogModuleManager: Shutting down and abandoning module LinearTimecode (392)
[2019.09.23-21.22.22:522][656]LogModuleManager: Shutting down and abandoning module ImgMedia (390)
[2019.09.23-21.22.22:522][656]LogModuleManager: Shutting down and abandoning module MagicLeapHelperVulkan (388)
[2019.09.23-21.22.22:522][656]LogModuleManager: Shutting down and abandoning module MagicLeapHelperOpenGL (386)
[2019.09.23-21.22.22:522][656]LogModuleManager: Shutting down and abandoning module MagicLeapAudio (384)
[2019.09.23-21.22.22:522][656]LogModuleManager: Shutting down and abandoning module HTML5Networking (382)
[2019.09.23-21.22.22:522][656]LogModuleManager: Shutting down and abandoning module GeometryCacheTracks (380)
[2019.09.23-21.22.22:522][656]LogModuleManager: Shutting down and abandoning module GeometryCacheSequencer (378)
[2019.09.23-21.22.22:522][656]LogModuleManager: Shutting down and abandoning module BackChannel (376)
[2019.09.23-21.22.22:522][656]LogModuleManager: Shutting down and abandoning module AppleVision (374)
[2019.09.23-21.22.22:522][656]LogModuleManager: Shutting down and abandoning module AppleImageUtilsBlueprintSupport (372)
[2019.09.23-21.22.22:522][656]LogModuleManager: Shutting down and abandoning module AppleImageUtils (370)
[2019.09.23-21.22.22:522][656]LogModuleManager: Shutting down and abandoning module AlembicImporter (368)
[2019.09.23-21.22.22:522][656]LogModuleManager: Shutting down and abandoning module AlembicLibrary (367)
[2019.09.23-21.22.22:522][656]LogModuleManager: Shutting down and abandoning module GeometryCache (366)
[2019.09.23-21.22.22:522][656]LogModuleManager: Shutting down and abandoning module GeometryCacheEd (365)
[2019.09.23-21.22.22:522][656]LogModuleManager: Shutting down and abandoning module VariantManagerContent (360)
[2019.09.23-21.22.22:522][656]LogModuleManager: Shutting down and abandoning module DatasmithContentEditor (358)
[2019.09.23-21.22.22:522][656]LogModuleManager: Shutting down and abandoning module SpeedTreeImporter (356)
[2019.09.23-21.22.22:522][656]LogModuleManager: Shutting down and abandoning module PluginBrowser (354)
[2019.09.23-21.22.22:522][656]LogModuleManager: Shutting down and abandoning module MobileLauncherProfileWizard (352)
[2019.09.23-21.22.22:522][656]LogModuleManager: Shutting down and abandoning module MaterialAnalyzer (350)
[2019.09.23-21.22.22:522][656]LogModuleManager: Shutting down and abandoning module EditorScriptingUtilities (348)
[2019.09.23-21.22.22:522][656]LogModuleManager: Shutting down and abandoning module CryptoKeysOpenSSL (346)
[2019.09.23-21.22.22:523][656]LogModuleManager: Shutting down and abandoning module CryptoKeys (344)
[2019.09.23-21.22.22:523][656]LogModuleManager: Shutting down and abandoning module VisualStudioSourceCodeAccess (342)
[2019.09.23-21.22.22:523][656]LogModuleManager: Shutting down and abandoning module VisualStudioCodeSourceCodeAccess (340)
[2019.09.23-21.22.22:523][656]LogModuleManager: Shutting down and abandoning module UObjectPlugin (338)
[2019.09.23-21.22.22:523][656]LogModuleManager: Shutting down and abandoning module SubversionSourceControl (336)
[2019.09.23-21.22.22:523][656]LogModuleManager: Shutting down and abandoning module PerforceSourceControl (334)
[2019.09.23-21.22.22:523][656]LogModuleManager: Shutting down and abandoning module GitSourceControl (332)
[2019.09.23-21.22.22:523][656]LogModuleManager: Shutting down and abandoning module SourceControl (331)
[2019.09.23-21.22.22:523][656]LogModuleManager: Shutting down and abandoning module ConcertSyncClientLibrary (328)
[2019.09.23-21.22.22:523][656]LogModuleManager: Shutting down and abandoning module ConcertUICore (326)
[2019.09.23-21.22.22:523][656]LogModuleManager: Shutting down and abandoning module ConcertSyncClient (324)
[2019.09.23-21.22.22:523][656]LogModuleManager: Shutting down and abandoning module ConcertFrontend (322)
[2019.09.23-21.22.22:523][656]LogModuleManager: Shutting down and abandoning module CLionSourceCodeAccess (320)
[2019.09.23-21.22.22:523][656]LogModuleManager: Shutting down and abandoning module AnimationSharingEd (318)
[2019.09.23-21.22.22:523][656]LogModuleManager: Shutting down and abandoning module ActorLayerUtilitiesEditor (316)
[2019.09.23-21.22.22:523][656]LogModuleManager: Shutting down and abandoning module ActorLayerUtilities (314)
[2019.09.23-21.22.22:523][656]LogModuleManager: Shutting down and abandoning module LightPropagationVolumeEditor (312)
[2019.09.23-21.22.22:523][656]LogModuleManager: Shutting down and abandoning module PaperTiledImporter (310)
[2019.09.23-21.22.22:523][656]LogModuleManager: Shutting down and abandoning module PaperSpriteSheetImporter (308)
[2019.09.23-21.22.22:523][656]LogModuleManager: Shutting down and abandoning module Paper2DEditor (306)
[2019.09.23-21.22.22:523][656]LogModuleManager: Shutting down and abandoning module SignificanceManager (304)
[2019.09.23-21.22.22:523][656]LogModuleManager: Shutting down and abandoning module RuntimePhysXCooking (302)
[2019.09.23-21.22.22:524][656]LogModuleManager: Shutting down and abandoning module PhysXVehiclesEditor (300)
[2019.09.23-21.22.22:524][656]LogModuleManager: Shutting down and abandoning module PhysXVehicles (298)
[2019.09.23-21.22.22:524][656]LogModuleManager: Shutting down and abandoning module LocationServicesBPLibrary (296)
[2019.09.23-21.22.22:524][656]LogModuleManager: Shutting down and abandoning module ActorSequence (294)
[2019.09.23-21.22.22:524][656]LogModuleManager: Shutting down and abandoning module UdpMessaging (292)
[2019.09.23-21.22.22:625][656]LogModuleManager: Shutting down and abandoning module TcpMessaging (290)
[2019.09.23-21.22.22:726][656]LogModuleManager: Shutting down and abandoning module MagicLeapIdentity (288)
[2019.09.23-21.22.22:726][656]LogModuleManager: Shutting down and abandoning module MagicLeapSecureStorage (286)
[2019.09.23-21.22.22:726][656]LogModuleManager: Shutting down and abandoning module MagicLeapHandTracking (284)
[2019.09.23-21.22.22:726][656]LogModuleManager: Shutting down and abandoning module MagicLeapEyeTracker (282)
[2019.09.23-21.22.22:726][656]LogModuleManager: Shutting down and abandoning module MagicLeapController (280)
[2019.09.23-21.22.22:726][656]LogSlate: Slate User Destroyed.  User Index 0, Is Virtual User: 0
[2019.09.23-21.22.22:726][656]LogModuleManager: Shutting down and abandoning module MagicLeapAR (278)
[2019.09.23-21.22.22:726][656]LogModuleManager: Shutting down and abandoning module AugmentedReality (277)
[2019.09.23-21.22.22:726][656]LogModuleManager: Shutting down and abandoning module PythonScriptPlugin (274)
[2019.09.23-21.22.22:726][656]LogModuleManager: Shutting down and abandoning module PythonScriptPluginPreload (272)
[2019.09.23-21.22.22:726][656]LogModuleManager: Shutting down and abandoning module GameplayTagsEditor (270)
[2019.09.23-21.22.22:726][656]LogModuleManager: Shutting down and abandoning module FacialAnimationEditor (268)
[2019.09.23-21.22.22:726][656]LogModuleManager: Shutting down and abandoning module FacialAnimation (266)
[2019.09.23-21.22.22:726][656]LogModuleManager: Shutting down and abandoning module DataValidation (264)
[2019.09.23-21.22.22:726][656]LogModuleManager: Shutting down and abandoning module AssetManagerEditor (262)
[2019.09.23-21.22.22:726][656]LogModuleManager: Shutting down and abandoning module LevelEditor (261)
[2019.09.23-21.22.22:727][656]LogModuleManager: Shutting down and abandoning module PixelInspectorModule (260)
[2019.09.23-21.22.22:727][656]LogModuleManager: Shutting down and abandoning module CommonMenuExtensions (258)
[2019.09.23-21.22.22:727][656]LogModuleManager: Shutting down and abandoning module MainFrame (256)
[2019.09.23-21.22.22:727][656]LogModuleManager: Shutting down and abandoning module HotReload (255)
[2019.09.23-21.22.22:727][656]LogModuleManager: Shutting down and abandoning module ContentBrowser (251)
[2019.09.23-21.22.22:728][656]LogModuleManager: Shutting down and abandoning module TreeMap (249)
[2019.09.23-21.22.22:728][656]LogModuleManager: Shutting down and abandoning module ConcertSyncCore (246)
[2019.09.23-21.22.22:728][656]LogModuleManager: Shutting down and abandoning module ConcertTransport (244)
[2019.09.23-21.22.22:728][656]LogModuleManager: Shutting down and abandoning module Concert (242)
[2019.09.23-21.22.22:728][656]LogModuleManager: Shutting down and abandoning module AnimationSharing (240)
[2019.09.23-21.22.22:728][656]LogModuleManager: Shutting down and abandoning module LightPropagationVolumeRuntime (238)
[2019.09.23-21.22.22:728][656]LogModuleManager: Shutting down and abandoning module AISupportModule (236)
[2019.09.23-21.22.22:728][656]LogModuleManager: Shutting down and abandoning module Paper2D (234)
[2019.09.23-21.22.22:728][656]LogModuleManager: Shutting down and abandoning module WindowsMoviePlayer (232)
[2019.09.23-21.22.22:728][656]LogModuleManager: Shutting down and abandoning module WebMMoviePlayer (230)
[2019.09.23-21.22.22:728][656]LogModuleManager: Shutting down and abandoning module PacketHandler (228)
[2019.09.23-21.22.22:728][656]LogModuleManager: Shutting down and abandoning module ClothingSystemEditor (226)
[2019.09.23-21.22.22:728][656]LogModuleManager: Shutting down and abandoning module ClothingSystemRuntime (224)
[2019.09.23-21.22.22:728][656]LogModuleManager: Shutting down and abandoning module MediaAssets (222)
[2019.09.23-21.22.22:728][656]LogModuleManager: Shutting down and abandoning module Overlay (220)
[2019.09.23-21.22.22:728][656]LogModuleManager: Shutting down and abandoning module OverlayEditor (219)
[2019.09.23-21.22.22:728][656]LogModuleManager: Shutting down and abandoning module VREditor (216)
[2019.09.23-21.22.22:728][656]LogModuleManager: Shutting down and abandoning module StringTableEditor (214)
[2019.09.23-21.22.22:729][656]LogModuleManager: Shutting down and abandoning module GameplayTasksEditor (212)
[2019.09.23-21.22.22:729][656]LogModuleManager: Shutting down and abandoning module BehaviorTreeEditor (210)
[2019.09.23-21.22.22:729][656]LogModuleManager: Shutting down and abandoning module FunctionalTesting (208)
[2019.09.23-21.22.22:729][656]LogModuleManager: Shutting down and abandoning module CollisionAnalyzer (206)
[2019.09.23-21.22.22:729][656]LogModuleManager: Shutting down and abandoning module WorkspaceMenuStructure (205)
[2019.09.23-21.22.22:729][656]LogModuleManager: Shutting down and abandoning module UMG (202)
[2019.09.23-21.22.22:729][656]LogModuleManager: Shutting down and abandoning module UMGEditor (201)
[2019.09.23-21.22.22:729][656]LogModuleManager: Shutting down and abandoning module Sequencer (200)
[2019.09.23-21.22.22:729][656]LogModuleManager: Shutting down and abandoning module MessageLog (197)
[2019.09.23-21.22.22:729][656]LogModuleManager: Shutting down and abandoning module SlateReflector (192)
[2019.09.23-21.22.22:729][656]LogModuleManager: Shutting down and abandoning module Slate (190)
[2019.09.23-21.22.22:729][656]LogModuleManager: Shutting down and abandoning module EditorStyle (188)
[2019.09.23-21.22.22:730][656]LogModuleManager: Shutting down and abandoning module UnrealEd (186)
[2019.09.23-21.22.22:730][656]LogModuleManager: Shutting down and abandoning module MRMesh (184)
[2019.09.23-21.22.22:730][656]LogModuleManager: Shutting down and abandoning module SourceCodeAccess (182)
[2019.09.23-21.22.22:730][656]LogModuleManager: Shutting down and abandoning module HeadMountedDisplay (180)
[2019.09.23-21.22.22:730][656]LogModuleManager: Shutting down and abandoning module XAudio2 (178)
[2019.09.23-21.22.22:730][656]LogModuleManager: Shutting down and abandoning module Networking (176)
[2019.09.23-21.22.22:730][656]LogModuleManager: Shutting down and abandoning module Core (174)
[2019.09.23-21.22.22:730][656]LogModuleManager: Shutting down and abandoning module KismetCompiler (172)
[2019.09.23-21.22.22:730][656]LogModuleManager: Shutting down and abandoning module MeshUtilities (170)
[2019.09.23-21.22.22:730][656]LogModuleManager: Shutting down and abandoning module MeshMergeUtilities (169)
[2019.09.23-21.22.22:731][656]LogModuleManager: Shutting down and abandoning module MeshReductionInterface (168)
[2019.09.23-21.22.22:731][656]LogModuleManager: Shutting down and abandoning module SkeletalMeshReduction (167)
[2019.09.23-21.22.22:731][656]LogModuleManager: Shutting down and abandoning module ProxyLODMeshReduction (165)
[2019.09.23-21.22.22:731][656]LogModuleManager: Shutting down and abandoning module QuadricMeshReduction (163)
[2019.09.23-21.22.22:731][656]LogModuleManager: Shutting down and abandoning module MaterialBaking (159)
[2019.09.23-21.22.22:731][656]LogModuleManager: Shutting down and abandoning module DerivedDataCache (154)
[2019.09.23-21.22.22:744][656]LogDerivedDataCache: Shutdown
[2019.09.23-21.22.22:745][656]LogModuleManager: Shutting down and abandoning module XGEController (152)
[2019.09.23-21.22.22:745][656]LogXGEController: Cleaning working directory: C:/Users/scott/AppData/Local/Temp/UnrealXGEWorkingDir/
[2019.09.23-21.22.22:745][656]LogModuleManager: Shutting down and abandoning module TargetPlatform (150)
[2019.09.23-21.22.22:745][656]LogModuleManager: Shutting down and abandoning module VulkanShaderFormat (149)
[2019.09.23-21.22.22:745][656]LogModuleManager: Shutting down and abandoning module ShaderFormatVectorVM (147)
[2019.09.23-21.22.22:745][656]LogModuleManager: Shutting down and abandoning module ShaderFormatOpenGL (145)
[2019.09.23-21.22.22:745][656]LogModuleManager: Shutting down and abandoning module ShaderFormatD3D (143)
[2019.09.23-21.22.22:745][656]LogModuleManager: Shutting down and abandoning module MetalShaderFormat (141)
[2019.09.23-21.22.22:745][656]LogModuleManager: Shutting down and abandoning module TextureFormatUncompressed (139)
[2019.09.23-21.22.22:745][656]LogModuleManager: Shutting down and abandoning module TextureFormatPVR (137)
[2019.09.23-21.22.22:745][656]LogModuleManager: Shutting down and abandoning module TextureFormatDXT (135)
[2019.09.23-21.22.22:745][656]LogModuleManager: Shutting down and abandoning module TextureFormatIntelISPCTexComp (133)
[2019.09.23-21.22.22:745][656]LogModuleManager: Shutting down and abandoning module TextureFormatASTC (131)
[2019.09.23-21.22.22:745][656]LogModuleManager: Shutting down and abandoning module ImageWrapper (130)
[2019.09.23-21.22.22:745][656]LogModuleManager: Shutting down and abandoning module TextureFormatAndroid (127)
[2019.09.23-21.22.22:745][656]LogModuleManager: Shutting down and abandoning module AudioFormatOpus (125)
[2019.09.23-21.22.22:745][656]LogModuleManager: Shutting down and abandoning module AudioFormatOgg (123)
[2019.09.23-21.22.22:745][656]LogModuleManager: Shutting down and abandoning module AudioFormatADPCM (121)
[2019.09.23-21.22.22:745][656]LogModuleManager: Shutting down and abandoning module LuminTargetPlatform (119)
[2019.09.23-21.22.22:746][656]LogModuleManager: Shutting down and abandoning module LinuxTargetPlatform (117)
[2019.09.23-21.22.22:746][656]LogModuleManager: Shutting down and abandoning module LinuxServerTargetPlatform (115)
[2019.09.23-21.22.22:746][656]LogModuleManager: Shutting down and abandoning module LinuxNoEditorTargetPlatform (113)
[2019.09.23-21.22.22:746][656]LogModuleManager: Shutting down and abandoning module LinuxClientTargetPlatform (111)
[2019.09.23-21.22.22:746][656]LogModuleManager: Shutting down and abandoning module TVOSTargetPlatform (109)
[2019.09.23-21.22.22:747][656]LogModuleManager: Shutting down and abandoning module Messaging (107)
[2019.09.23-21.22.22:747][656]LogModuleManager: Shutting down and abandoning module IOSTargetPlatform (105)
[2019.09.23-21.22.22:748][656]LogModuleManager: Shutting down and abandoning module HTML5TargetPlatform (103)
[2019.09.23-21.22.22:748][656]LogModuleManager: Shutting down and abandoning module AndroidTargetPlatform (101)
[2019.09.23-21.22.22:758][656]LogModuleManager: Shutting down and abandoning module WindowsTargetPlatform (99)
[2019.09.23-21.22.22:758][656]LogModuleManager: Shutting down and abandoning module WindowsServerTargetPlatform (97)
[2019.09.23-21.22.22:758][656]LogModuleManager: Shutting down and abandoning module WindowsNoEditorTargetPlatform (95)
[2019.09.23-21.22.22:758][656]LogModuleManager: Shutting down and abandoning module WindowsClientTargetPlatform (93)
[2019.09.23-21.22.22:758][656]LogModuleManager: Shutting down and abandoning module MacTargetPlatform (91)
[2019.09.23-21.22.22:758][656]LogModuleManager: Shutting down and abandoning module MacServerTargetPlatform (89)
[2019.09.23-21.22.22:758][656]LogModuleManager: Shutting down and abandoning module MacNoEditorTargetPlatform (87)
[2019.09.23-21.22.22:758][656]LogModuleManager: Shutting down and abandoning module MacClientTargetPlatform (85)
[2019.09.23-21.22.22:758][656]LogModuleManager: Shutting down and abandoning module AllDesktopTargetPlatform (83)
[2019.09.23-21.22.22:758][656]LogModuleManager: Shutting down and abandoning module InputCore (80)
[2019.09.23-21.22.22:758][656]LogModuleManager: Shutting down and abandoning module Settings (78)
[2019.09.23-21.22.22:758][656]LogModuleManager: Shutting down and abandoning module DirectoryWatcher (76)
[2019.09.23-21.22.22:758][656]LogModuleManager: Shutting down and abandoning module PhysXCooking (74)
[2019.09.23-21.22.22:758][656]LogModuleManager: Shutting down and abandoning module SteamVR (72)
[2019.09.23-21.22.22:758][656]LogHMD: Freeing OpenVRDLLHandle.
[2019.09.23-21.22.22:758][656]LogModuleManager: Shutting down and abandoning module OculusHMD (70)
[2019.09.23-21.22.22:758][656]LogModuleManager: Shutting down and abandoning module ExampleDeviceProfileSelector (68)
[2019.09.23-21.22.22:758][656]LogModuleManager: Shutting down and abandoning module LauncherChunkInstaller (66)
[2019.09.23-21.22.22:758][656]LogModuleManager: Shutting down and abandoning module OnlineBlueprintSupport (64)
[2019.09.23-21.22.22:758][656]LogModuleManager: Shutting down and abandoning module OnlineSubsystem (60)
[2019.09.23-21.22.22:759][656]LogModuleManager: Shutting down and abandoning module XMPP (55)
[2019.09.23-21.22.22:759][656]LogModuleManager: Shutting down and abandoning module WebSockets (54)
[2019.09.23-21.22.22:794][656]LogModuleManager: Shutting down and abandoning module HTTP (51)
[2019.09.23-21.22.22:794][656]LogHttp: Display: Http module shutting down, but needs to wait on 1 outstanding Http requests:
[2019.09.23-21.22.22:794][656]LogHttp: Display: 	verb=[POST] url=[https://datarouter.ol.epicgames.com/datarouter/api/v1/public/data?SessionID=%7B4AFBBA4F-4039-4820-DEF1-54ADAA32E022%7D&AppID=UEEditor.Rocket.Release&AppVersion=4.22.0-5660361%2B%2B%2BUE4%2BRelease-4.22&UserID=029eebb64e8ff508ff4d9798ed7bd7c1%7Cbc009d4cc4b14659877bff6daf05e8bf%7Cfb63b9ff-0888-4740-a239-7034cd56560f&AppEnvironment=datacollector-binary&UploadType=eteventstream] status=Processing
[2019.09.23-21.22.22:807][656]LogModuleManager: Shutting down and abandoning module SSL (50)
[2019.09.23-21.22.22:808][656]LogModuleManager: Shutting down and abandoning module WmfMedia (46)
[2019.09.23-21.22.22:809][656]LogModuleManager: Shutting down and abandoning module Media (45)
[2019.09.23-21.22.22:816][656]LogModuleManager: Shutting down and abandoning module MagicLeap (42)
[2019.09.23-21.22.22:817][656]LogModuleManager: Shutting down and abandoning module DatasmithContent (40)
[2019.09.23-21.22.22:817][656]LogModuleManager: Shutting down and abandoning module AnimationModifiers (38)
[2019.09.23-21.22.22:817][656]LogModuleManager: Shutting down and abandoning module PropertyEditor (37)
[2019.09.23-21.22.22:817][656]LogModuleManager: Shutting down and abandoning module AudioEditor (34)
[2019.09.23-21.22.22:817][656]LogModuleManager: Shutting down and abandoning module TextureCompressor (32)
[2019.09.23-21.22.22:817][656]LogModuleManager: Shutting down and abandoning module RenderCore (30)
[2019.09.23-21.22.22:817][656]LogModuleManager: Shutting down and abandoning module Landscape (28)
[2019.09.23-21.22.22:817][656]LogModuleManager: Shutting down and abandoning module SlateRHIRenderer (26)
[2019.09.23-21.22.22:818][656]LogModuleManager: Shutting down and abandoning module OpenGLDrv (24)
[2019.09.23-21.22.22:818][656]LogModuleManager: Shutting down and abandoning module D3D11RHI (22)
[2019.09.23-21.22.22:818][656]LogModuleManager: Shutting down and abandoning module AnimGraphRuntime (20)
[2019.09.23-21.22.22:818][656]LogModuleManager: Shutting down and abandoning module Renderer (18)
[2019.09.23-21.22.22:818][656]LogModuleManager: Shutting down and abandoning module Engine (16)
[2019.09.23-21.22.22:818][656]LogModuleManager: Shutting down and abandoning module CoreUObject (14)
[2019.09.23-21.22.22:818][656]LogModuleManager: Shutting down and abandoning module NetworkFile (12)
[2019.09.23-21.22.22:818][656]LogModuleManager: Shutting down and abandoning module CookedIterativeFile (10)
[2019.09.23-21.22.22:818][656]LogModuleManager: Shutting down and abandoning module StreamingFile (8)
[2019.09.23-21.22.22:818][656]LogModuleManager: Shutting down and abandoning module SandboxFile (6)
[2019.09.23-21.22.22:818][656]LogModuleManager: Shutting down and abandoning module PakFile (4)
[2019.09.23-21.22.22:818][656]LogModuleManager: Shutting down and abandoning module RSA (3)
[2019.09.23-21.22.22:827][656]LogExit: Exiting.
[2019.09.23-21.22.22:847][656]Log file closed, 09/23/19 17:22:22
