Log file open, 09/23/19 13:49:03
LogWindows: Failed to load 'aqProf.dll' (GetLastError=126)
LogWindows: File 'aqProf.dll' does not exist
LogWindows: Failed to load 'VtuneApi.dll' (GetLastError=126)
LogWindows: File 'VtuneApi.dll' does not exist
LogWindows: Failed to load 'VtuneApi32e.dll' (GetLastError=126)
LogWindows: File 'VtuneApi32e.dll' does not exist
LogConsoleResponse: Display: Failed to find resolution value strings in scalability ini. Falling back to default.
LogInit: Display: Running engine for game: FLIGHT
LogPakFile: Registered encryption key '00000000000000000000000000000000': 0 pak files mounted, 0 remain pending
LogPlatformFile: Not using cached read wrapper
LogTaskGraph: Started task graph with 5 named threads and 23 total threads with 3 sets of task threads.
LogStats: Stats thread started at 0.304188
LogD3D11RHI: Loaded GFSDK_Aftermath_Lib.x64.dll
LogWindows: Failed to load '../../../Engine/Binaries/ThirdParty/libsndfile/Win64/libsndfile-1.dll' (GetLastError=126)
LogWindows: File '../../../Engine/Binaries/ThirdParty/libsndfile/Win64/libsndfile-1.dll' does not exist
LogAudioMixer: Display: Failed to load Sound File dll
LogAudioEditor: Display: LibSoundFile failed to load. Importing audio will not work correctly.
LogICUInternationalization: ICU TimeZone Detection - Raw Offset: -5:00, Platform Override: ''
LogPluginManager: Mounting plugin Paper2D
LogPluginManager: Mounting plugin AISupport
LogPluginManager: Mounting plugin LightPropagationVolume
LogPluginManager: Mounting plugin ActorLayerUtilities
LogPluginManager: Mounting plugin AnimationSharing
LogPluginManager: Mounting plugin CLionSourceCodeAccess
LogPluginManager: Mounting plugin CodeLiteSourceCodeAccess
LogPluginManager: Mounting plugin ConcertFrontend
LogPluginManager: Mounting plugin ConcertMain
LogPluginManager: Mounting plugin ConcertSyncClient
LogPluginManager: Mounting plugin ConcertSyncCore
LogPluginManager: Found config from plugin[ConcertSyncCore] E:/AstroSourceGames/F.L.I.G.H.T/FLIGHT/Saved/Config/Windows/Engine.ini
LogPluginManager: Mounting plugin GitSourceControl
LogPluginManager: Mounting plugin KDevelopSourceCodeAccess
LogPluginManager: Mounting plugin NullSourceCodeAccess
LogPluginManager: Mounting plugin PerforceSourceControl
LogPluginManager: Mounting plugin SubversionSourceControl
LogPluginManager: Mounting plugin UObjectPlugin
LogPluginManager: Mounting plugin VisualStudioCodeSourceCodeAccess
LogPluginManager: Mounting plugin VisualStudioSourceCodeAccess
LogPluginManager: Mounting plugin XCodeSourceCodeAccess
LogPluginManager: Mounting plugin AssetManagerEditor
LogPluginManager: Mounting plugin CryptoKeys
LogPluginManager: Mounting plugin DataValidation
LogPluginManager: Mounting plugin FacialAnimation
LogPluginManager: Mounting plugin GameplayTagsEditor
LogPluginManager: Mounting plugin MacGraphicsSwitching
LogPluginManager: Mounting plugin MaterialAnalyzer
LogPluginManager: Mounting plugin MobileLauncherProfileWizard
LogPluginManager: Mounting plugin PluginBrowser
LogPluginManager: Mounting plugin SpeedTreeImporter
LogPluginManager: Mounting plugin DatasmithContent
LogPluginManager: Mounting plugin VariantManagerContent
LogPluginManager: Mounting plugin AlembicImporter
LogPluginManager: Mounting plugin AppleImageUtils
LogPluginManager: Mounting plugin AppleVision
LogPluginManager: Mounting plugin BackChannel
LogPluginManager: Mounting plugin CharacterAI
LogPluginManager: Mounting plugin GeometryCache
LogPluginManager: Mounting plugin HTML5Networking
LogPluginManager: Mounting plugin ProxyLODPlugin
LogPluginManager: Mounting plugin PythonScriptPlugin
LogPluginManager: Mounting plugin SkeletalReduction
LogPluginManager: Mounting plugin MagicLeap
LogPluginManager: Mounting plugin MagicLeapMedia
LogPluginManager: Mounting plugin AndroidMedia
LogPluginManager: Mounting plugin AvfMedia
LogPluginManager: Mounting plugin ImgMedia
LogPluginManager: Mounting plugin LinearTimecode
LogPluginManager: Mounting plugin MediaCompositing
LogPluginManager: Mounting plugin MediaPlayerEditor
LogPluginManager: Mounting plugin WebMMedia
LogPluginManager: Mounting plugin WmfMedia
LogPluginManager: Mounting plugin TcpMessaging
LogPluginManager: Mounting plugin UdpMessaging
LogPluginManager: Mounting plugin ActorSequence
LogPluginManager: Mounting plugin LevelSequenceEditor
LogPluginManager: Mounting plugin MatineeToLevelSequence
LogPluginManager: Mounting plugin NetcodeUnitTest
LogPluginManager: Mounting plugin NUTUnrealEngine4
LogPluginManager: Mounting plugin OnlineSubsystemGooglePlay
LogPluginManager: Mounting plugin OnlineSubsystemIOS
LogPluginManager: Mounting plugin OnlineSubsystem
LogPluginManager: Mounting plugin OnlineSubsystemNull
LogPluginManager: Mounting plugin OnlineSubsystemUtils
LogPluginManager: Mounting plugin LauncherChunkInstaller
LogPluginManager: Mounting plugin AndroidDeviceProfileSelector
LogPluginManager: Mounting plugin AndroidMoviePlayer
LogPluginManager: Mounting plugin AndroidPermission
LogPluginManager: Mounting plugin AppleMoviePlayer
LogPluginManager: Mounting plugin ArchVisCharacter
LogPluginManager: Mounting plugin AudioCapture
LogPluginManager: Mounting plugin CableComponent
LogPluginManager: Mounting plugin CustomMeshComponent
LogPluginManager: Mounting plugin EditableMesh
LogPluginManager: Mounting plugin ExampleDeviceProfileSelector
LogPluginManager: Mounting plugin Firebase
LogPluginManager: Mounting plugin GoogleCloudMessaging
LogPluginManager: Mounting plugin IOSDeviceProfileSelector
LogPluginManager: Mounting plugin LinuxDeviceProfileSelector
LogPluginManager: Mounting plugin LocationServicesBPLibrary
LogPluginManager: Mounting plugin MobilePatchingUtils
LogPluginManager: Mounting plugin OculusVR
LogPluginManager: Mounting plugin PhysXVehicles
LogPluginManager: Mounting plugin ProceduralMeshComponent
LogPluginManager: Mounting plugin RuntimePhysXCooking
LogPluginManager: Mounting plugin SignificanceManager
LogPluginManager: Mounting plugin SteamVR
LogPluginManager: Mounting plugin WebMMoviePlayer
LogPluginManager: Mounting plugin WindowsMoviePlayer
LogInit: Using libcurl 7.55.1-DEV
LogInit:  - built for x86_64-pc-win32
LogInit:  - supports SSL with OpenSSL/1.1.1
LogInit:  - supports HTTP deflate (compression) using libz 1.2.8
LogInit:  - other features:
LogInit:      CURL_VERSION_SSL
LogInit:      CURL_VERSION_LIBZ
LogInit:      CURL_VERSION_IPV6
LogInit:      CURL_VERSION_ASYNCHDNS
LogInit:      CURL_VERSION_LARGEFILE
LogInit:      CURL_VERSION_IDN
LogInit:  CurlRequestOptions (configurable via config and command line):
LogInit:  - bVerifyPeer = true  - Libcurl will verify peer certificate
LogInit:  - bUseHttpProxy = false  - Libcurl will NOT use HTTP proxy
LogInit:  - bDontReuseConnections = false  - Libcurl will reuse connections
LogInit:  - MaxHostConnections = 16  - Libcurl will limit the number of connections to a host
LogInit:  - LocalHostAddr = Default
LogInit:  - BufferSize = 65536
LogInit: WinSock: version 1.1 (2.2), MaxSocks=32767, MaxUdp=65467
LogInit: Build: ++UE4+Release-4.22-CL-5660361
LogInit: Engine Version: 4.22.0-5660361+++UE4+Release-4.22
LogInit: Compatible Engine Version: 4.22.0-5660361+++UE4+Release-4.22
LogInit: Net CL: 5660361
LogInit: OS: Windows 10 (Release 1903) (), CPU: Intel(R) Core(TM) i7-6700HQ CPU @ 2.60GHz, GPU: Intel(R) HD Graphics 530
LogInit: Compiled (64-bit): Mar 31 2019 02:05:09
LogInit: Compiled with Visual C++: 19.16.27025.01
LogInit: Build Configuration: Development
LogInit: Branch Name: ++UE4+Release-4.22
LogInit: Command Line: 
LogInit: Base Directory: C:/Program Files/Epic Games/UE_4.22/Engine/Binaries/Win64/
LogInit: Installed Engine Build: 1
LogDevObjectVersion: Number of dev versions registered: 23
LogDevObjectVersion:   Dev-Blueprints (B0D832E4-1F89-4F0D-ACCF-7EB736FD4AA2): 10
LogDevObjectVersion:   Dev-Build (E1C64328-A22C-4D53-A36C-8E866417BD8C): 0
LogDevObjectVersion:   Dev-Core (375EC13C-06E4-48FB-B500-84F0262A717E): 3
LogDevObjectVersion:   Dev-Editor (E4B068ED-F494-42E9-A231-DA0B2E46BB41): 30
LogDevObjectVersion:   Dev-Framework (CFFC743F-43B0-4480-9391-14DF171D2073): 35
LogDevObjectVersion:   Dev-Mobile (B02B49B5-BB20-44E9-A304-32B752E40360): 2
LogDevObjectVersion:   Dev-Networking (A4E4105C-59A1-49B5-A7C5-40C4547EDFEE): 0
LogDevObjectVersion:   Dev-Online (39C831C9-5AE6-47DC-9A44-9C173E1C8E7C): 0
LogDevObjectVersion:   Dev-Physics (78F01B33-EBEA-4F98-B9B4-84EACCB95AA2): 0
LogDevObjectVersion:   Dev-Platform (6631380F-2D4D-43E0-8009-CF276956A95A): 0
LogDevObjectVersion:   Dev-Rendering (12F88B9F-8875-4AFC-A67C-D90C383ABD29): 28
LogDevObjectVersion:   Dev-Sequencer (7B5AE74C-D270-4C10-A958-57980B212A5A): 11
LogDevObjectVersion:   Dev-VR (D7296918-1DD6-4BDD-9DE2-64A83CC13884): 2
LogDevObjectVersion:   Dev-LoadTimes (C2A15278-BFE7-4AFE-6C17-90FF531DF755): 1
LogDevObjectVersion:   Private-Geometry (6EACA3D4-40EC-4CC1-B786-8BED09428FC5): 3
LogDevObjectVersion:   Dev-AnimPhys (29E575DD-E0A3-4627-9D10-D276232CDCEA): 17
LogDevObjectVersion:   Dev-Anim (AF43A65D-7FD3-4947-9873-3E8ED9C1BB05): 2
LogDevObjectVersion:   Dev-ReflectionCapture (6B266CEC-1EC7-4B8F-A30B-E4D90942FC07): 1
LogDevObjectVersion:   Dev-Automation (0DF73D61-A23F-47EA-B727-89E90C41499A): 1
LogDevObjectVersion:   FortniteMain (601D1886-AC64-4F84-AA16-D3DE0DEAC7D6): 25
LogDevObjectVersion:   Dev-Enterprise (9DFFBCD6-494F-0158-E221-12823C92A888): 6
LogDevObjectVersion:   Dev-Niagara (F2AED0AC-9AFE-416F-8664-AA7FFA26D6FC): 1
LogDevObjectVersion:   Dev-Destruction (174F1F0B-B4C6-45A5-B13F-2EE8D0FB917D): 2
LogInit: Presizing for max 16777216 objects, including 0 objects not considered by GC, pre-allocating 0 bytes for permanent pool.
LogInit: Object subsystem initialized
LogConfig: Setting CVar [[con.DebugEarlyDefault:1]]
LogConfig: Setting CVar [[r.setres:1280x720]]
[2019.09.23-17.49.03:769][  0]LogConfig: Setting CVar [[r.VSync:0]]
[2019.09.23-17.49.03:770][  0]LogConfig: Setting CVar [[r.RHICmdBypass:0]]
[2019.09.23-17.49.03:770][  0]LogConfig: Applying CVar settings from Section [/Script/Engine.RendererSettings] File [E:/AstroSourceGames/F.L.I.G.H.T/FLIGHT/Saved/Config/Windows/Engine.ini]
[2019.09.23-17.49.03:770][  0]LogConfig: Setting CVar [[r.GPUCrashDebugging:0]]
[2019.09.23-17.49.03:770][  0]LogConfig: Setting CVar [[r.DefaultFeature.AutoExposure.ExtendDefaultLuminanceRange:1]]
[2019.09.23-17.49.03:770][  0]LogConfig: Applying CVar settings from Section [/Script/Engine.RendererOverrideSettings] File [E:/AstroSourceGames/F.L.I.G.H.T/FLIGHT/Saved/Config/Windows/Engine.ini]
[2019.09.23-17.49.03:770][  0]LogConfig: Applying CVar settings from Section [/Script/Engine.StreamingSettings] File [E:/AstroSourceGames/F.L.I.G.H.T/FLIGHT/Saved/Config/Windows/Engine.ini]
[2019.09.23-17.49.03:770][  0]LogConfig: Setting CVar [[s.MinBulkDataSizeForAsyncLoading:131072]]
[2019.09.23-17.49.03:770][  0]LogConfig: Setting CVar [[s.AsyncLoadingThreadEnabled:0]]
[2019.09.23-17.49.03:770][  0]LogConfig: Setting CVar [[s.EventDrivenLoaderEnabled:1]]
[2019.09.23-17.49.03:770][  0]LogConfig: Setting CVar [[s.WarnIfTimeLimitExceeded:0]]
[2019.09.23-17.49.03:770][  0]LogConfig: Setting CVar [[s.TimeLimitExceededMultiplier:1.5]]
[2019.09.23-17.49.03:770][  0]LogConfig: Setting CVar [[s.TimeLimitExceededMinTime:0.005]]
[2019.09.23-17.49.03:770][  0]LogConfig: Setting CVar [[s.UseBackgroundLevelStreaming:1]]
[2019.09.23-17.49.03:770][  0]LogConfig: Setting CVar [[s.PriorityAsyncLoadingExtraTime:15.0]]
[2019.09.23-17.49.03:770][  0]LogConfig: Setting CVar [[s.LevelStreamingActorsUpdateTimeLimit:5.0]]
[2019.09.23-17.49.03:770][  0]LogConfig: Setting CVar [[s.PriorityLevelStreamingActorsUpdateExtraTime:5.0]]
[2019.09.23-17.49.03:770][  0]LogConfig: Setting CVar [[s.LevelStreamingComponentsRegistrationGranularity:10]]
[2019.09.23-17.49.03:770][  0]LogConfig: Setting CVar [[s.UnregisterComponentsTimeLimit:1.0]]
[2019.09.23-17.49.03:770][  0]LogConfig: Setting CVar [[s.LevelStreamingComponentsUnregistrationGranularity:5]]
[2019.09.23-17.49.03:770][  0]LogConfig: Applying CVar settings from Section [/Script/Engine.GarbageCollectionSettings] File [E:/AstroSourceGames/F.L.I.G.H.T/FLIGHT/Saved/Config/Windows/Engine.ini]
[2019.09.23-17.49.03:770][  0]LogConfig: Setting CVar [[gc.MaxObjectsNotConsideredByGC:1]]
[2019.09.23-17.49.03:770][  0]LogConfig: Setting CVar [[gc.SizeOfPermanentObjectPool:0]]
[2019.09.23-17.49.03:770][  0]LogConfig: Setting CVar [[gc.FlushStreamingOnGC:0]]
[2019.09.23-17.49.03:770][  0]LogConfig: Setting CVar [[gc.NumRetriesBeforeForcingGC:10]]
[2019.09.23-17.49.03:770][  0]LogConfig: Setting CVar [[gc.AllowParallelGC:1]]
[2019.09.23-17.49.03:770][  0]LogConfig: Setting CVar [[gc.TimeBetweenPurgingPendingKillObjects:61.1]]
[2019.09.23-17.49.03:770][  0]LogConfig: Setting CVar [[gc.MaxObjectsInEditor:16777216]]
[2019.09.23-17.49.03:770][  0]LogConfig: Setting CVar [[gc.IncrementalBeginDestroyEnabled:1]]
[2019.09.23-17.49.03:770][  0]LogConfig: Setting CVar [[gc.CreateGCClusters:1]]
[2019.09.23-17.49.03:770][  0]LogConfig: Setting CVar [[gc.MinGCClusterSize:5]]
[2019.09.23-17.49.03:770][  0]LogConfig: Setting CVar [[gc.ActorClusteringEnabled:0]]
[2019.09.23-17.49.03:770][  0]LogConfig: Setting CVar [[gc.BlueprintClusteringEnabled:0]]
[2019.09.23-17.49.03:770][  0]LogConfig: Setting CVar [[gc.UseDisregardForGCOnDedicatedServers:0]]
[2019.09.23-17.49.03:770][  0]LogConfig: Applying CVar settings from Section [/Script/Engine.NetworkSettings] File [E:/AstroSourceGames/F.L.I.G.H.T/FLIGHT/Saved/Config/Windows/Engine.ini]
[2019.09.23-17.49.03:770][  0]LogConfig: Applying CVar settings from Section [/Script/UnrealEd.CookerSettings] File [E:/AstroSourceGames/F.L.I.G.H.T/FLIGHT/Saved/Config/Windows/Engine.ini]
[2019.09.23-17.49.03:774][  0]LogConfig: Applying CVar settings from Section [ViewDistanceQuality@3] File [E:/AstroSourceGames/F.L.I.G.H.T/FLIGHT/Saved/Config/Windows/Scalability.ini]
[2019.09.23-17.49.03:774][  0]LogConfig: Setting CVar [[r.SkeletalMeshLODBias:0]]
[2019.09.23-17.49.03:774][  0]LogConfig: Setting CVar [[r.ViewDistanceScale:1.0]]
[2019.09.23-17.49.03:774][  0]LogConfig: Applying CVar settings from Section [AntiAliasingQuality@3] File [E:/AstroSourceGames/F.L.I.G.H.T/FLIGHT/Saved/Config/Windows/Scalability.ini]
[2019.09.23-17.49.03:774][  0]LogConfig: Setting CVar [[r.PostProcessAAQuality:4]]
[2019.09.23-17.49.03:774][  0]LogConfig: Applying CVar settings from Section [ShadowQuality@3] File [E:/AstroSourceGames/F.L.I.G.H.T/FLIGHT/Saved/Config/Windows/Scalability.ini]
[2019.09.23-17.49.03:774][  0]LogConfig: Setting CVar [[r.LightFunctionQuality:1]]
[2019.09.23-17.49.03:774][  0]LogConfig: Setting CVar [[r.ShadowQuality:5]]
[2019.09.23-17.49.03:774][  0]LogConfig: Setting CVar [[r.Shadow.CSM.MaxCascades:10]]
[2019.09.23-17.49.03:774][  0]LogConfig: Setting CVar [[r.Shadow.MaxResolution:2048]]
[2019.09.23-17.49.03:774][  0]LogConfig: Setting CVar [[r.Shadow.MaxCSMResolution:2048]]
[2019.09.23-17.49.03:774][  0]LogConfig: Setting CVar [[r.Shadow.RadiusThreshold:0.01]]
[2019.09.23-17.49.03:774][  0]LogConfig: Setting CVar [[r.Shadow.DistanceScale:1.0]]
[2019.09.23-17.49.03:774][  0]LogConfig: Setting CVar [[r.Shadow.CSM.TransitionScale:1.0]]
[2019.09.23-17.49.03:774][  0]LogConfig: Setting CVar [[r.Shadow.PreShadowResolutionFactor:1.0]]
[2019.09.23-17.49.03:774][  0]LogConfig: Setting CVar [[r.DistanceFieldShadowing:1]]
[2019.09.23-17.49.03:774][  0]LogConfig: Setting CVar [[r.DistanceFieldAO:1]]
[2019.09.23-17.49.03:774][  0]LogConfig: Setting CVar [[r.AOQuality:2]]
[2019.09.23-17.49.03:774][  0]LogConfig: Setting CVar [[r.VolumetricFog:1]]
[2019.09.23-17.49.03:774][  0]LogConfig: Setting CVar [[r.VolumetricFog.GridPixelSize:8]]
[2019.09.23-17.49.03:774][  0]LogConfig: Setting CVar [[r.VolumetricFog.GridSizeZ:128]]
[2019.09.23-17.49.03:774][  0]LogConfig: Setting CVar [[r.VolumetricFog.HistoryMissSupersampleCount:4]]
[2019.09.23-17.49.03:774][  0]LogConfig: Setting CVar [[r.LightMaxDrawDistanceScale:1]]
[2019.09.23-17.49.03:775][  0]LogConfig: Setting CVar [[r.CapsuleShadows:1]]
[2019.09.23-17.49.03:775][  0]LogConfig: Applying CVar settings from Section [PostProcessQuality@3] File [E:/AstroSourceGames/F.L.I.G.H.T/FLIGHT/Saved/Config/Windows/Scalability.ini]
[2019.09.23-17.49.03:775][  0]LogConfig: Setting CVar [[r.MotionBlurQuality:4]]
[2019.09.23-17.49.03:775][  0]LogConfig: Setting CVar [[r.AmbientOcclusionMipLevelFactor:0.4]]
[2019.09.23-17.49.03:775][  0]LogConfig: Setting CVar [[r.AmbientOcclusionMaxQuality:100]]
[2019.09.23-17.49.03:775][  0]LogConfig: Setting CVar [[r.AmbientOcclusionLevels:-1]]
[2019.09.23-17.49.03:775][  0]LogConfig: Setting CVar [[r.AmbientOcclusionRadiusScale:1.0]]
[2019.09.23-17.49.03:775][  0]LogConfig: Setting CVar [[r.DepthOfFieldQuality:2]]
[2019.09.23-17.49.03:775][  0]LogConfig: Setting CVar [[r.RenderTargetPoolMin:400]]
[2019.09.23-17.49.03:775][  0]LogConfig: Setting CVar [[r.LensFlareQuality:2]]
[2019.09.23-17.49.03:775][  0]LogConfig: Setting CVar [[r.SceneColorFringeQuality:1]]
[2019.09.23-17.49.03:775][  0]LogConfig: Setting CVar [[r.EyeAdaptationQuality:2]]
[2019.09.23-17.49.03:775][  0]LogConfig: Setting CVar [[r.BloomQuality:5]]
[2019.09.23-17.49.03:775][  0]LogConfig: Setting CVar [[r.FastBlurThreshold:100]]
[2019.09.23-17.49.03:775][  0]LogConfig: Setting CVar [[r.Upscale.Quality:3]]
[2019.09.23-17.49.03:775][  0]LogConfig: Setting CVar [[r.Tonemapper.GrainQuantization:1]]
[2019.09.23-17.49.03:775][  0]LogConfig: Setting CVar [[r.LightShaftQuality:1]]
[2019.09.23-17.49.03:775][  0]LogConfig: Setting CVar [[r.Filter.SizeScale:1]]
[2019.09.23-17.49.03:775][  0]LogConfig: Setting CVar [[r.Tonemapper.Quality:5]]
[2019.09.23-17.49.03:775][  0]LogConfig: Setting CVar [[r.DOF.Gather.AccumulatorQuality:1        ; higher gathering accumulator quality]]
[2019.09.23-17.49.03:775][  0]LogConfig: Setting CVar [[r.DOF.Gather.PostfilterMethod:1          ; Median3x3 postfilering method]]
[2019.09.23-17.49.03:775][  0]LogConfig: Setting CVar [[r.DOF.Gather.EnableBokehSettings:0       ; no bokeh simulation when gathering]]
[2019.09.23-17.49.03:775][  0]LogConfig: Setting CVar [[r.DOF.Gather.RingCount:4                 ; medium number of samples when gathering]]
[2019.09.23-17.49.03:775][  0]LogConfig: Setting CVar [[r.DOF.Scatter.ForegroundCompositing:1    ; additive foreground scattering]]
[2019.09.23-17.49.03:775][  0]LogConfig: Setting CVar [[r.DOF.Scatter.BackgroundCompositing:2    ; additive background scattering]]
[2019.09.23-17.49.03:775][  0]LogConfig: Setting CVar [[r.DOF.Scatter.EnableBokehSettings:1      ; bokeh simulation when scattering]]
[2019.09.23-17.49.03:775][  0]LogConfig: Setting CVar [[r.DOF.Scatter.MaxSpriteRatio:0.1         ; only a maximum of 10% of scattered bokeh]]
[2019.09.23-17.49.03:775][  0]LogConfig: Setting CVar [[r.DOF.Recombine.Quality:1                ; cheap slight out of focus]]
[2019.09.23-17.49.03:775][  0]LogConfig: Setting CVar [[r.DOF.Recombine.EnableBokehSettings:0    ; no bokeh simulation on slight out of focus]]
[2019.09.23-17.49.03:775][  0]LogConfig: Setting CVar [[r.DOF.TemporalAAQuality:1                ; more stable temporal accumulation]]
[2019.09.23-17.49.03:775][  0]LogConfig: Setting CVar [[r.DOF.Kernel.MaxForegroundRadius:0.025]]
[2019.09.23-17.49.03:775][  0]LogConfig: Setting CVar [[r.DOF.Kernel.MaxBackgroundRadius:0.025]]
[2019.09.23-17.49.03:775][  0]LogConfig: Applying CVar settings from Section [TextureQuality@3] File [E:/AstroSourceGames/F.L.I.G.H.T/FLIGHT/Saved/Config/Windows/Scalability.ini]
[2019.09.23-17.49.03:775][  0]LogConfig: Setting CVar [[r.Streaming.MipBias:0]]
[2019.09.23-17.49.03:775][  0]LogConfig: Setting CVar [[r.Streaming.AmortizeCPUToGPUCopy:0]]
[2019.09.23-17.49.03:775][  0]LogConfig: Setting CVar [[r.Streaming.MaxNumTexturesToStreamPerFrame:0]]
[2019.09.23-17.49.03:775][  0]LogConfig: Setting CVar [[r.Streaming.Boost:1]]
[2019.09.23-17.49.03:775][  0]LogConfig: Setting CVar [[r.MaxAnisotropy:8]]
[2019.09.23-17.49.03:775][  0]LogConfig: Setting CVar [[r.Streaming.LimitPoolSizeToVRAM:0]]
[2019.09.23-17.49.03:775][  0]LogConfig: Setting CVar [[r.Streaming.PoolSize:1000]]
[2019.09.23-17.49.03:775][  0]LogConfig: Setting CVar [[r.Streaming.MaxEffectiveScreenSize:0]]
[2019.09.23-17.49.03:775][  0]LogConfig: Applying CVar settings from Section [EffectsQuality@3] File [E:/AstroSourceGames/F.L.I.G.H.T/FLIGHT/Saved/Config/Windows/Scalability.ini]
[2019.09.23-17.49.03:775][  0]LogConfig: Setting CVar [[r.TranslucencyLightingVolumeDim:64]]
[2019.09.23-17.49.03:775][  0]LogConfig: Setting CVar [[r.RefractionQuality:2]]
[2019.09.23-17.49.03:775][  0]LogConfig: Setting CVar [[r.SSR.Quality:3]]
[2019.09.23-17.49.03:775][  0]LogConfig: Setting CVar [[r.SceneColorFormat:4]]
[2019.09.23-17.49.03:775][  0]LogConfig: Setting CVar [[r.DetailMode:2]]
[2019.09.23-17.49.03:775][  0]LogConfig: Setting CVar [[r.TranslucencyVolumeBlur:1]]
[2019.09.23-17.49.03:775][  0]LogConfig: Setting CVar [[r.MaterialQualityLevel:1 ; High quality]]
[2019.09.23-17.49.03:775][  0]LogConfig: Setting CVar [[r.SSS.Scale:1]]
[2019.09.23-17.49.03:775][  0]LogConfig: Setting CVar [[r.SSS.SampleSet:2]]
[2019.09.23-17.49.03:775][  0]LogConfig: Setting CVar [[r.SSS.Quality:1]]
[2019.09.23-17.49.03:775][  0]LogConfig: Setting CVar [[r.SSS.HalfRes:1]]
[2019.09.23-17.49.03:775][  0]LogConfig: Setting CVar [[r.EmitterSpawnRateScale:1.0]]
[2019.09.23-17.49.03:775][  0]LogConfig: Setting CVar [[r.ParticleLightQuality:2]]
[2019.09.23-17.49.03:775][  0]LogConfig: Applying CVar settings from Section [FoliageQuality@3] File [E:/AstroSourceGames/F.L.I.G.H.T/FLIGHT/Saved/Config/Windows/Scalability.ini]
[2019.09.23-17.49.03:775][  0]LogConfig: Setting CVar [[foliage.DensityScale:1.0]]
[2019.09.23-17.49.03:775][  0]LogConfig: Setting CVar [[grass.DensityScale:1.0]]
[2019.09.23-17.49.03:775][  0]LogInit: Selected Device Profile: [Windows]
[2019.09.23-17.49.03:776][  0]LogInit: Applying CVar settings loaded from the selected device profile: [Windows]
[2019.09.23-17.49.03:790][  0]LogHAL: Display: Platform has ~ 16 GB [17073459200 / 17179869184 / 16], which maps to Larger [LargestMinGB=32, LargerMinGB=12, DefaultMinGB=8, SmallerMinGB=6, SmallestMinGB=0)
[2019.09.23-17.49.03:790][  0]LogConfig: Setting CVar [[r.Vulkan.UseRealUBs:0		; Required until we fix HLR fall-out]]
[2019.09.23-17.49.03:790][  0]LogInit: Going up to parent DeviceProfile []
[2019.09.23-17.49.03:790][  0]LogConfig: Applying CVar settings from Section [ViewDistanceQuality@3] File [E:/AstroSourceGames/F.L.I.G.H.T/FLIGHT/Saved/Config/Windows/Scalability.ini]
[2019.09.23-17.49.03:790][  0]LogConfig: Setting CVar [[r.SkeletalMeshLODBias:0]]
[2019.09.23-17.49.03:790][  0]LogConfig: Setting CVar [[r.ViewDistanceScale:1.0]]
[2019.09.23-17.49.03:790][  0]LogConfig: Applying CVar settings from Section [AntiAliasingQuality@3] File [E:/AstroSourceGames/F.L.I.G.H.T/FLIGHT/Saved/Config/Windows/Scalability.ini]
[2019.09.23-17.49.03:790][  0]LogConfig: Setting CVar [[r.PostProcessAAQuality:4]]
[2019.09.23-17.49.03:790][  0]LogConfig: Applying CVar settings from Section [ShadowQuality@3] File [E:/AstroSourceGames/F.L.I.G.H.T/FLIGHT/Saved/Config/Windows/Scalability.ini]
[2019.09.23-17.49.03:790][  0]LogConfig: Setting CVar [[r.LightFunctionQuality:1]]
[2019.09.23-17.49.03:790][  0]LogConfig: Setting CVar [[r.ShadowQuality:5]]
[2019.09.23-17.49.03:790][  0]LogConfig: Setting CVar [[r.Shadow.CSM.MaxCascades:10]]
[2019.09.23-17.49.03:790][  0]LogConfig: Setting CVar [[r.Shadow.MaxResolution:2048]]
[2019.09.23-17.49.03:790][  0]LogConfig: Setting CVar [[r.Shadow.MaxCSMResolution:2048]]
[2019.09.23-17.49.03:790][  0]LogConfig: Setting CVar [[r.Shadow.RadiusThreshold:0.01]]
[2019.09.23-17.49.03:790][  0]LogConfig: Setting CVar [[r.Shadow.DistanceScale:1.0]]
[2019.09.23-17.49.03:790][  0]LogConfig: Setting CVar [[r.Shadow.CSM.TransitionScale:1.0]]
[2019.09.23-17.49.03:790][  0]LogConfig: Setting CVar [[r.Shadow.PreShadowResolutionFactor:1.0]]
[2019.09.23-17.49.03:790][  0]LogConfig: Setting CVar [[r.DistanceFieldShadowing:1]]
[2019.09.23-17.49.03:790][  0]LogConfig: Setting CVar [[r.DistanceFieldAO:1]]
[2019.09.23-17.49.03:790][  0]LogConfig: Setting CVar [[r.AOQuality:2]]
[2019.09.23-17.49.03:790][  0]LogConfig: Setting CVar [[r.VolumetricFog:1]]
[2019.09.23-17.49.03:790][  0]LogConfig: Setting CVar [[r.VolumetricFog.GridPixelSize:8]]
[2019.09.23-17.49.03:790][  0]LogConfig: Setting CVar [[r.VolumetricFog.GridSizeZ:128]]
[2019.09.23-17.49.03:790][  0]LogConfig: Setting CVar [[r.VolumetricFog.HistoryMissSupersampleCount:4]]
[2019.09.23-17.49.03:790][  0]LogConfig: Setting CVar [[r.LightMaxDrawDistanceScale:1]]
[2019.09.23-17.49.03:790][  0]LogConfig: Setting CVar [[r.CapsuleShadows:1]]
[2019.09.23-17.49.03:790][  0]LogConfig: Applying CVar settings from Section [PostProcessQuality@3] File [E:/AstroSourceGames/F.L.I.G.H.T/FLIGHT/Saved/Config/Windows/Scalability.ini]
[2019.09.23-17.49.03:791][  0]LogConfig: Setting CVar [[r.MotionBlurQuality:4]]
[2019.09.23-17.49.03:791][  0]LogConfig: Setting CVar [[r.AmbientOcclusionMipLevelFactor:0.4]]
[2019.09.23-17.49.03:791][  0]LogConfig: Setting CVar [[r.AmbientOcclusionMaxQuality:100]]
[2019.09.23-17.49.03:791][  0]LogConfig: Setting CVar [[r.AmbientOcclusionLevels:-1]]
[2019.09.23-17.49.03:791][  0]LogConfig: Setting CVar [[r.AmbientOcclusionRadiusScale:1.0]]
[2019.09.23-17.49.03:791][  0]LogConfig: Setting CVar [[r.DepthOfFieldQuality:2]]
[2019.09.23-17.49.03:791][  0]LogConfig: Setting CVar [[r.RenderTargetPoolMin:400]]
[2019.09.23-17.49.03:791][  0]LogConfig: Setting CVar [[r.LensFlareQuality:2]]
[2019.09.23-17.49.03:791][  0]LogConfig: Setting CVar [[r.SceneColorFringeQuality:1]]
[2019.09.23-17.49.03:791][  0]LogConfig: Setting CVar [[r.EyeAdaptationQuality:2]]
[2019.09.23-17.49.03:791][  0]LogConfig: Setting CVar [[r.BloomQuality:5]]
[2019.09.23-17.49.03:791][  0]LogConfig: Setting CVar [[r.FastBlurThreshold:100]]
[2019.09.23-17.49.03:791][  0]LogConfig: Setting CVar [[r.Upscale.Quality:3]]
[2019.09.23-17.49.03:791][  0]LogConfig: Setting CVar [[r.Tonemapper.GrainQuantization:1]]
[2019.09.23-17.49.03:791][  0]LogConfig: Setting CVar [[r.LightShaftQuality:1]]
[2019.09.23-17.49.03:791][  0]LogConfig: Setting CVar [[r.Filter.SizeScale:1]]
[2019.09.23-17.49.03:791][  0]LogConfig: Setting CVar [[r.Tonemapper.Quality:5]]
[2019.09.23-17.49.03:791][  0]LogConfig: Setting CVar [[r.DOF.Gather.AccumulatorQuality:1        ; higher gathering accumulator quality]]
[2019.09.23-17.49.03:791][  0]LogConfig: Setting CVar [[r.DOF.Gather.PostfilterMethod:1          ; Median3x3 postfilering method]]
[2019.09.23-17.49.03:791][  0]LogConfig: Setting CVar [[r.DOF.Gather.EnableBokehSettings:0       ; no bokeh simulation when gathering]]
[2019.09.23-17.49.03:791][  0]LogConfig: Setting CVar [[r.DOF.Gather.RingCount:4                 ; medium number of samples when gathering]]
[2019.09.23-17.49.03:791][  0]LogConfig: Setting CVar [[r.DOF.Scatter.ForegroundCompositing:1    ; additive foreground scattering]]
[2019.09.23-17.49.03:791][  0]LogConfig: Setting CVar [[r.DOF.Scatter.BackgroundCompositing:2    ; additive background scattering]]
[2019.09.23-17.49.03:791][  0]LogConfig: Setting CVar [[r.DOF.Scatter.EnableBokehSettings:1      ; bokeh simulation when scattering]]
[2019.09.23-17.49.03:791][  0]LogConfig: Setting CVar [[r.DOF.Scatter.MaxSpriteRatio:0.1         ; only a maximum of 10% of scattered bokeh]]
[2019.09.23-17.49.03:791][  0]LogConfig: Setting CVar [[r.DOF.Recombine.Quality:1                ; cheap slight out of focus]]
[2019.09.23-17.49.03:791][  0]LogConfig: Setting CVar [[r.DOF.Recombine.EnableBokehSettings:0    ; no bokeh simulation on slight out of focus]]
[2019.09.23-17.49.03:791][  0]LogConfig: Setting CVar [[r.DOF.TemporalAAQuality:1                ; more stable temporal accumulation]]
[2019.09.23-17.49.03:791][  0]LogConfig: Setting CVar [[r.DOF.Kernel.MaxForegroundRadius:0.025]]
[2019.09.23-17.49.03:791][  0]LogConfig: Setting CVar [[r.DOF.Kernel.MaxBackgroundRadius:0.025]]
[2019.09.23-17.49.03:791][  0]LogConfig: Applying CVar settings from Section [TextureQuality@3] File [E:/AstroSourceGames/F.L.I.G.H.T/FLIGHT/Saved/Config/Windows/Scalability.ini]
[2019.09.23-17.49.03:791][  0]LogConfig: Setting CVar [[r.Streaming.MipBias:0]]
[2019.09.23-17.49.03:791][  0]LogConfig: Setting CVar [[r.Streaming.AmortizeCPUToGPUCopy:0]]
[2019.09.23-17.49.03:791][  0]LogConfig: Setting CVar [[r.Streaming.MaxNumTexturesToStreamPerFrame:0]]
[2019.09.23-17.49.03:791][  0]LogConfig: Setting CVar [[r.Streaming.Boost:1]]
[2019.09.23-17.49.03:791][  0]LogConfig: Setting CVar [[r.MaxAnisotropy:8]]
[2019.09.23-17.49.03:791][  0]LogConfig: Setting CVar [[r.Streaming.LimitPoolSizeToVRAM:0]]
[2019.09.23-17.49.03:791][  0]LogConfig: Setting CVar [[r.Streaming.PoolSize:1000]]
[2019.09.23-17.49.03:791][  0]LogConfig: Setting CVar [[r.Streaming.MaxEffectiveScreenSize:0]]
[2019.09.23-17.49.03:791][  0]LogConfig: Applying CVar settings from Section [EffectsQuality@3] File [E:/AstroSourceGames/F.L.I.G.H.T/FLIGHT/Saved/Config/Windows/Scalability.ini]
[2019.09.23-17.49.03:791][  0]LogConfig: Setting CVar [[r.TranslucencyLightingVolumeDim:64]]
[2019.09.23-17.49.03:791][  0]LogConfig: Setting CVar [[r.RefractionQuality:2]]
[2019.09.23-17.49.03:791][  0]LogConfig: Setting CVar [[r.SSR.Quality:3]]
[2019.09.23-17.49.03:791][  0]LogConfig: Setting CVar [[r.SceneColorFormat:4]]
[2019.09.23-17.49.03:791][  0]LogConfig: Setting CVar [[r.DetailMode:2]]
[2019.09.23-17.49.03:791][  0]LogConfig: Setting CVar [[r.TranslucencyVolumeBlur:1]]
[2019.09.23-17.49.03:791][  0]LogConfig: Setting CVar [[r.MaterialQualityLevel:1 ; High quality]]
[2019.09.23-17.49.03:791][  0]LogConfig: Setting CVar [[r.SSS.Scale:1]]
[2019.09.23-17.49.03:791][  0]LogConfig: Setting CVar [[r.SSS.SampleSet:2]]
[2019.09.23-17.49.03:791][  0]LogConfig: Setting CVar [[r.SSS.Quality:1]]
[2019.09.23-17.49.03:792][  0]LogConfig: Setting CVar [[r.SSS.HalfRes:1]]
[2019.09.23-17.49.03:792][  0]LogConfig: Setting CVar [[r.EmitterSpawnRateScale:1.0]]
[2019.09.23-17.49.03:792][  0]LogConfig: Setting CVar [[r.ParticleLightQuality:2]]
[2019.09.23-17.49.03:792][  0]LogConfig: Applying CVar settings from Section [FoliageQuality@3] File [E:/AstroSourceGames/F.L.I.G.H.T/FLIGHT/Saved/Config/Windows/Scalability.ini]
[2019.09.23-17.49.03:792][  0]LogConfig: Setting CVar [[foliage.DensityScale:1.0]]
[2019.09.23-17.49.03:792][  0]LogConfig: Setting CVar [[grass.DensityScale:1.0]]
[2019.09.23-17.49.03:792][  0]LogConfig: Applying CVar settings from Section [Startup] File [../../../Engine/Config/ConsoleVariables.ini]
[2019.09.23-17.49.03:792][  0]LogConfig: Setting CVar [[net.UseAdaptiveNetUpdateFrequency:0]]
[2019.09.23-17.49.03:792][  0]LogConfig: Setting CVar [[p.chaos.AllowCreatePhysxBodies:1]]
[2019.09.23-17.49.03:792][  0]LogConfig: Applying CVar settings from Section [ConsoleVariables] File [E:/AstroSourceGames/F.L.I.G.H.T/FLIGHT/Saved/Config/Windows/Engine.ini]
[2019.09.23-17.49.03:792][  0]LogInit: Computer: SCOTTS_PC
[2019.09.23-17.49.03:792][  0]LogInit: User: scott
[2019.09.23-17.49.03:792][  0]LogInit: CPU Page size=4096, Cores=4
[2019.09.23-17.49.03:792][  0]LogInit: High frequency timer resolution =10.000000 MHz
[2019.09.23-17.49.03:792][  0]LogMemory: Memory total: Physical=15.9GB (16GB approx)
[2019.09.23-17.49.03:792][  0]LogMemory: Platform Memory Stats for Windows
[2019.09.23-17.49.03:792][  0]LogMemory: Process Physical Memory: 98.24 MB used, 98.24 MB peak
[2019.09.23-17.49.03:792][  0]LogMemory: Process Virtual Memory: 89.04 MB used, 89.04 MB peak
[2019.09.23-17.49.03:792][  0]LogMemory: Physical Memory: 7237.33 MB used,  9045.19 MB free, 16282.52 MB total
[2019.09.23-17.49.03:793][  0]LogMemory: Virtual Memory: 4640.40 MB used,  134213088.00 MB free, 134217728.00 MB total
[2019.09.23-17.49.03:819][  0]LogInit: Using OS detected language (en-US).
[2019.09.23-17.49.03:819][  0]LogInit: Using OS detected locale (en-CA).
[2019.09.23-17.49.03:819][  0]LogTextLocalizationManager: No specific localization for 'en-US' exists, so the 'en' localization will be used.
[2019.09.23-17.49.04:051][  0]LogInit: Setting process to per monitor DPI aware
[2019.09.23-17.49.04:090][  0]LogSlate: New Slate User Created.  User Index 0, Is Virtual User: 0
[2019.09.23-17.49.04:090][  0]LogSlate: Slate User Registered.  User Index 0, Is Virtual User: 0
[2019.09.23-17.49.04:368][  0]LogHMD: Failed to initialize OpenVR with code 100
[2019.09.23-17.49.04:368][  0]LogD3D11RHI: D3D11 adapters:
[2019.09.23-17.49.04:457][  0]LogD3D11RHI:    0. 'NVIDIA GeForce GTX 960M' (Feature Level 11_0)
[2019.09.23-17.49.04:457][  0]LogD3D11RHI:       2010/0/8141 MB DedicatedVideo/DedicatedSystem/SharedSystem, Outputs:1, VendorId:0x10de
[2019.09.23-17.49.04:465][  0]LogD3D11RHI:    1. 'Intel(R) HD Graphics 530' (Feature Level 11_0)
[2019.09.23-17.49.04:466][  0]LogD3D11RHI:       128/0/8141 MB DedicatedVideo/DedicatedSystem/SharedSystem, Outputs:0, VendorId:0x8086
[2019.09.23-17.49.04:468][  0]LogD3D11RHI:    2. 'Microsoft Basic Render Driver' (Feature Level 11_0)
[2019.09.23-17.49.04:468][  0]LogD3D11RHI:       0/0/8141 MB DedicatedVideo/DedicatedSystem/SharedSystem, Outputs:0, VendorId:0x1414
[2019.09.23-17.49.04:468][  0]LogD3D11RHI: Chosen D3D11 Adapter: 0
[2019.09.23-17.49.04:527][  0]LogD3D11RHI: Creating new Direct3DDevice
[2019.09.23-17.49.04:527][  0]LogD3D11RHI:     GPU DeviceId: 0x139b (for the marketing name, search the web for "GPU Device Id")
[2019.09.23-17.49.04:527][  0]LogWindows: EnumDisplayDevices:
[2019.09.23-17.49.04:527][  0]LogWindows:    0. 'Intel(R) HD Graphics 530' (P:1 D:1)
[2019.09.23-17.49.04:528][  0]LogWindows:    1. 'Intel(R) HD Graphics 530' (P:0 D:0)
[2019.09.23-17.49.04:529][  0]LogWindows:    2. 'Intel(R) HD Graphics 530' (P:0 D:0)
[2019.09.23-17.49.04:529][  0]LogWindows: DebugString: PrimaryIsNotTheChoosenAdapter PrimaryIsNotTheChoosenAdapter PrimaryIsNotTheChoosenAdapter FoundDriverCount:0 
[2019.09.23-17.49.04:529][  0]LogD3D11RHI:     Adapter Name: NVIDIA GeForce GTX 960M
[2019.09.23-17.49.04:529][  0]LogD3D11RHI:   Driver Version: Unknown (internal:Unknown, unified:Unknown)
[2019.09.23-17.49.04:529][  0]LogD3D11RHI:      Driver Date: Unknown
[2019.09.23-17.49.04:529][  0]LogRHI: Texture pool is 1407 MB (70% of 2010 MB)
[2019.09.23-17.49.04:603][  0]LogD3D11RHI: Async texture creation enabled
[2019.09.23-17.49.04:627][  0]LogRendererCore: FGlobalReadBuffer::InitRHI
[2019.09.23-17.49.04:628][  0]LogRendererCore: FGlobalReadBuffer::InitRHI
[2019.09.23-17.49.04:628][  0]LogRendererCore: FGlobalReadBuffer::InitRHI
[2019.09.23-17.49.04:638][  0]LogD3D11RHI: GPU Timing Frequency: 1000.000000 (Debug: 2 1)
[2019.09.23-17.49.05:120][  0]LogTemp: Display: Module 'AllDesktopTargetPlatform' loaded TargetPlatform 'AllDesktop'
[2019.09.23-17.49.05:141][  0]LogTemp: Display: Module 'MacClientTargetPlatform' loaded TargetPlatform 'MacClient'
[2019.09.23-17.49.05:163][  0]LogTemp: Display: Module 'MacNoEditorTargetPlatform' loaded TargetPlatform 'MacNoEditor'
[2019.09.23-17.49.05:190][  0]LogTemp: Display: Module 'MacServerTargetPlatform' loaded TargetPlatform 'MacServer'
[2019.09.23-17.49.05:211][  0]LogTemp: Display: Module 'MacTargetPlatform' loaded TargetPlatform 'Mac'
[2019.09.23-17.49.05:233][  0]LogTemp: Display: Module 'WindowsClientTargetPlatform' loaded TargetPlatform 'WindowsClient'
[2019.09.23-17.49.05:256][  0]LogTemp: Display: Module 'WindowsNoEditorTargetPlatform' loaded TargetPlatform 'WindowsNoEditor'
[2019.09.23-17.49.05:276][  0]LogTemp: Display: Module 'WindowsServerTargetPlatform' loaded TargetPlatform 'WindowsServer'
[2019.09.23-17.49.05:286][  0]LogTemp: Display: Module 'WindowsTargetPlatform' loaded TargetPlatform 'Windows'
[2019.09.23-17.49.05:417][  0]LogTemp: Display: Module 'AndroidTargetPlatform' loaded TargetPlatform 'Android'
[2019.09.23-17.49.05:417][  0]LogTemp: Display: Module 'AndroidTargetPlatform' loaded TargetPlatform 'Android_ASTC'
[2019.09.23-17.49.05:417][  0]LogTemp: Display: Module 'AndroidTargetPlatform' loaded TargetPlatform 'Android_ATC'
[2019.09.23-17.49.05:417][  0]LogTemp: Display: Module 'AndroidTargetPlatform' loaded TargetPlatform 'Android_DXT'
[2019.09.23-17.49.05:417][  0]LogTemp: Display: Module 'AndroidTargetPlatform' loaded TargetPlatform 'Android_ETC1'
[2019.09.23-17.49.05:417][  0]LogTemp: Display: Module 'AndroidTargetPlatform' loaded TargetPlatform 'Android_ETC1a'
[2019.09.23-17.49.05:417][  0]LogTemp: Display: Module 'AndroidTargetPlatform' loaded TargetPlatform 'Android_ETC2'
[2019.09.23-17.49.05:417][  0]LogTemp: Display: Module 'AndroidTargetPlatform' loaded TargetPlatform 'Android_PVRTC'
[2019.09.23-17.49.05:417][  0]LogTemp: Display: Module 'AndroidTargetPlatform' loaded TargetPlatform 'AndroidClient'
[2019.09.23-17.49.05:417][  0]LogTemp: Display: Module 'AndroidTargetPlatform' loaded TargetPlatform 'Android_ASTCClient'
[2019.09.23-17.49.05:417][  0]LogTemp: Display: Module 'AndroidTargetPlatform' loaded TargetPlatform 'Android_ATCClient'
[2019.09.23-17.49.05:417][  0]LogTemp: Display: Module 'AndroidTargetPlatform' loaded TargetPlatform 'Android_DXTClient'
[2019.09.23-17.49.05:417][  0]LogTemp: Display: Module 'AndroidTargetPlatform' loaded TargetPlatform 'Android_ETC1Client'
[2019.09.23-17.49.05:417][  0]LogTemp: Display: Module 'AndroidTargetPlatform' loaded TargetPlatform 'Android_ETC1aClient'
[2019.09.23-17.49.05:417][  0]LogTemp: Display: Module 'AndroidTargetPlatform' loaded TargetPlatform 'Android_ETC2Client'
[2019.09.23-17.49.05:418][  0]LogTemp: Display: Module 'AndroidTargetPlatform' loaded TargetPlatform 'Android_PVRTCClient'
[2019.09.23-17.49.05:418][  0]LogTemp: Display: Module 'AndroidTargetPlatform' loaded TargetPlatform 'Android_Multi'
[2019.09.23-17.49.05:418][  0]LogTemp: Display: Module 'AndroidTargetPlatform' loaded TargetPlatform 'Android_MultiClient'
[2019.09.23-17.49.05:419][  0]LogTemp: Display: Module 'HTML5TargetPlatform' loaded TargetPlatform 'HTML5'
[2019.09.23-17.49.05:476][  0]LogTemp: Display: Module 'IOSTargetPlatform' loaded TargetPlatform 'IOSClient'
[2019.09.23-17.49.05:476][  0]LogTemp: Display: Module 'IOSTargetPlatform' loaded TargetPlatform 'IOS'
[2019.09.23-17.49.05:505][  0]LogTemp: Display: Module 'TVOSTargetPlatform' loaded TargetPlatform 'TVOSClient'
[2019.09.23-17.49.05:505][  0]LogTemp: Display: Module 'TVOSTargetPlatform' loaded TargetPlatform 'TVOS'
[2019.09.23-17.49.05:520][  0]LogTemp: Display: Module 'LinuxClientTargetPlatform' loaded TargetPlatform 'LinuxClient'
[2019.09.23-17.49.05:534][  0]LogTemp: Display: Module 'LinuxNoEditorTargetPlatform' loaded TargetPlatform 'LinuxNoEditor'
[2019.09.23-17.49.05:551][  0]LogTemp: Display: Module 'LinuxServerTargetPlatform' loaded TargetPlatform 'LinuxServer'
[2019.09.23-17.49.05:567][  0]LogTemp: Display: Module 'LinuxTargetPlatform' loaded TargetPlatform 'Linux'
[2019.09.23-17.49.05:624][  0]LogTemp: Display: Module 'LuminTargetPlatform' loaded TargetPlatform 'Lumin'
[2019.09.23-17.49.05:624][  0]LogTemp: Display: Module 'LuminTargetPlatform' loaded TargetPlatform 'LuminClient'
[2019.09.23-17.49.05:624][  0]LogTargetPlatformManager: Display: Building Assets For Windows
[2019.09.23-17.49.05:635][  0]LogAudioDebug: Display: Lib vorbis DLL was dynamically loaded.
[2019.09.23-17.49.05:698][  0]LogShaderCompilers: Guid format shader working directory is 7 characters bigger than the processId version (E:/AstroSourceGames/F.L.I.G.H.T/FLIGHT/Intermediate/Shaders/WorkingDirectory/13248/).
[2019.09.23-17.49.05:698][  0]LogShaderCompilers: Cleaned the shader compiler working directory 'C:/Users/scott/AppData/Local/Temp/UnrealShaderWorkingDir/4EB198EE4192EAA8A0848B93BECFB291/'.
[2019.09.23-17.49.05:700][  0]LogXGEController: Cannot use XGE Controller as Incredibuild is not installed on this machine.
[2019.09.23-17.49.05:700][  0]LogShaderCompilers: Cannot use XGE Shader Compiler as Incredibuild is not installed on this machine.
[2019.09.23-17.49.05:700][  0]LogShaderCompilers: Display: Using Local Shader Compiler.
[2019.09.23-17.49.06:522][  0]LogDerivedDataCache: Display: Max Cache Size: 512 MB
[2019.09.23-17.49.06:584][  0]LogDerivedDataCache: Loaded boot cache 0.06s 71MB C:/Users/scott/AppData/Local/UnrealEngine/4.22/DerivedDataCache/Boot.ddc.
[2019.09.23-17.49.06:584][  0]LogDerivedDataCache: Display: Loaded Boot cache: C:/Users/scott/AppData/Local/UnrealEngine/4.22/DerivedDataCache/Boot.ddc
[2019.09.23-17.49.06:584][  0]LogDerivedDataCache: FDerivedDataBackendGraph:  Pak pak cache file E:/AstroSourceGames/F.L.I.G.H.T/FLIGHT/DerivedDataCache/DDC.ddp not found, will not use a pak cache.
[2019.09.23-17.49.06:584][  0]LogDerivedDataCache: Unable to find inner node Pak for hierarchical cache Hierarchy.
[2019.09.23-17.49.06:584][  0]LogDerivedDataCache: FDerivedDataBackendGraph:  CompressedPak pak cache file E:/AstroSourceGames/F.L.I.G.H.T/FLIGHT/DerivedDataCache/Compressed.ddp not found, will not use a pak cache.
[2019.09.23-17.49.06:584][  0]LogDerivedDataCache: Unable to find inner node CompressedPak for hierarchical cache Hierarchy.
[2019.09.23-17.49.06:602][  0]LogDerivedDataCache: Display: Pak cache opened for reading ../../../Engine/DerivedDataCache/Compressed.ddp.
[2019.09.23-17.49.06:602][  0]LogDerivedDataCache: FDerivedDataBackendGraph:  EnterprisePak pak cache file ../../../Enterprise/DerivedDataCache/Compressed.ddp not found, will not use a pak cache.
[2019.09.23-17.49.06:602][  0]LogDerivedDataCache: Unable to find inner node EnterprisePak for hierarchical cache Hierarchy.
[2019.09.23-17.49.06:614][  0]LogDerivedDataCache: Using Local data cache path C:/Users/scott/AppData/Local/UnrealEngine/Common/DerivedDataCache: Writable
[2019.09.23-17.49.06:614][  0]LogDerivedDataCache: Shared data cache path not found in *engine.ini, will not use an Shared cache.
[2019.09.23-17.49.06:614][  0]LogDerivedDataCache: Unable to find inner node Shared for hierarchical cache Hierarchy.
[2019.09.23-17.49.06:647][  0]LogMaterial: Verifying Global Shaders for PCD3D_SM5
[2019.09.23-17.49.06:648][  0]LogSlate: Using FreeType 2.6.0
[2019.09.23-17.49.06:649][  0]LogSlate: SlateFontServices - WITH_FREETYPE: 1, WITH_HARFBUZZ: 1
[2019.09.23-17.49.06:755][  0]LogAssetRegistry: FAssetRegistry took 0.0359 seconds to start up
[2019.09.23-17.49.07:254][  0]LogInit: Selected Device Profile: [Windows]
[2019.09.23-17.49.07:418][  0]LogMeshReduction: Using QuadricMeshReduction for automatic static mesh reduction
[2019.09.23-17.49.07:418][  0]LogMeshReduction: Using SimplygonMeshReduction for automatic skeletal mesh reduction
[2019.09.23-17.49.07:418][  0]LogMeshReduction: Using ProxyLODMeshReduction for automatic mesh merging
[2019.09.23-17.49.07:418][  0]LogMeshReduction: No distributed automatic mesh merging module available
[2019.09.23-17.49.07:418][  0]LogMeshMerging: No distributed automatic mesh merging module available
[2019.09.23-17.49.07:431][  0]LogNetVersion: FLIGHT 1.0.0, NetCL: 5660361, EngineNetVer: 10, GameNetVer: 0 (Checksum: 3036253622)
[2019.09.23-17.49.07:899][  0]LogPackageLocalizationCache: Processed 12 localized package path(s) for 1 prioritized culture(s) in 0.051632 seconds
[2019.09.23-17.49.07:905][  0]LogUObjectArray: 42205 objects as part of root set at end of initial load.
[2019.09.23-17.49.07:905][  0]LogUObjectAllocator: 7325032 out of 0 bytes used by permanent object pool.
[2019.09.23-17.49.07:905][  0]LogUObjectArray: CloseDisregardForGC: 0/0 objects in disregard for GC pool
[2019.09.23-17.49.09:877][  0]LogTcpMessaging: Initializing TcpMessaging bridge
[2019.09.23-17.49.09:891][  0]LogUdpMessaging: Initializing bridge on interface 0.0.0.0:0 to multicast group 230.0.0.1:6666.
[2019.09.23-17.49.09:891][  0]FUdpSocketBuilder: Failed to bind UdpMessageMulticastSocket to 0.0.0.0:6666
[2019.09.23-17.49.09:891][  0]FUdpSocketBuilder: Failed to configure multicast for UdpMessageMulticastSocket (loopback: 1, ttl: 1)
[2019.09.23-17.49.09:891][  0]FUdpSocketBuilder: Failed to create and initialize socket UdpMessageMulticastSocket (last error: 0)
[2019.09.23-17.49.09:891][  0]LogUdpMessaging: Warning: StartTransport failed to create multicast socket on 0.0.0.0:0, joined to 230.0.0.1:6666 with TTL 1
[2019.09.23-17.49.10:032][  0]SourceControl: Source control is disabled
[2019.09.23-17.49.10:599][  0]LogAndroidPermission: UAndroidPermissionCallbackProxy::GetInstance
[2019.09.23-17.49.10:779][  0]LogOcInput: OculusInput pre-init called
[2019.09.23-17.49.11:498][  0]LogEngine: Initializing Engine...
[2019.09.23-17.49.11:499][  0]LogHMD: Failed to initialize OpenVR with code 100
[2019.09.23-17.49.11:500][  0]LogStats: UGameplayTagsManager::InitializeManager -  0.000 s
[2019.09.23-17.49.11:728][  0]LogInit: Initializing FReadOnlyCVARCache
[2019.09.23-17.49.11:745][  0]LogAIModule: Creating AISystem for world Untitled
[2019.09.23-17.49.11:797][  0]LogInit: XAudio2 using 'Speakers (Conexant SmartAudio HD)' : 2 channels at 48 kHz using 32 bits per sample (channel mask 0x3)
[2019.09.23-17.49.12:073][  0]LogInit: FAudioDevice initialized.
[2019.09.23-17.49.12:073][  0]LogNetVersion: Set ProjectVersion to 1.0.0.0. Version Checksum will be recalculated on next use.
[2019.09.23-17.49.12:162][  0]LogDerivedDataCache: Saved boot cache 0.09s 71MB C:/Users/scott/AppData/Local/UnrealEngine/4.22/DerivedDataCache/Boot.ddc.
[2019.09.23-17.49.12:174][  0]LogInit: Texture streaming: Enabled
[2019.09.23-17.49.12:193][  0]LogEngineSessionManager: EngineSessionManager initialized
[2019.09.23-17.49.12:216][  0]LogInit: Transaction tracking system initialized
[2019.09.23-17.49.12:243][  0]BlueprintLog: New page: Editor Load
[2019.09.23-17.49.12:341][  0]LocalizationService: Localization service is disabled
[2019.09.23-17.49.12:732][  0]LogFileCache: Scanning file cache for directory 'E:/AstroSourceGames/F.L.I.G.H.T/FLIGHT/Content/' took 0.02s
[2019.09.23-17.49.12:732][  0]LogCook: Display: Max memory allowance for cook 16384mb min free memory 0mb
[2019.09.23-17.49.12:732][  0]LogCook: Display: Mobile HDR setting 1
[2019.09.23-17.49.12:955][  0]Cmd: MAP LOAD FILE="E:/AstroSourceGames/F.L.I.G.H.T/FLIGHT/Content/Maps/Moon.umap" TEMPLATE=0 SHOWPROGRESS=1 FEATURELEVEL=3
[2019.09.23-17.49.12:955][  0]LightingResults: New page: Lighting Build
[2019.09.23-17.49.12:959][  0]MapCheck: New page: Map Check
[2019.09.23-17.49.12:959][  0]LightingResults: New page: Lighting Build
[2019.09.23-17.49.12:989][  0]LogUObjectHash: Compacting FUObjectHashTables data took   2.08ms
[2019.09.23-17.49.13:539][  0]LogAIModule: Creating AISystem for world Moon
[2019.09.23-17.49.13:562][  0]LogEditorServer: Finished looking for orphan Actors (0.000 secs)
[2019.09.23-17.49.13:597][  0]LogUObjectHash: Compacting FUObjectHashTables data took   2.81ms
[2019.09.23-17.49.13:597][  0]Cmd: MAP CHECKDEP NOCLEARLOG
[2019.09.23-17.49.13:598][  0]MapCheck: Map check complete: 0 Error(s), 0 Warning(s), took 0.097ms to complete.
[2019.09.23-17.49.13:598][  0]LogFileHelpers: Loading map 'Moon' took 0.642
[2019.09.23-17.49.13:741][  0]LogSlate: Updating window title bar state: overlay mode, drag disabled, window buttons hidden, title bar hidden
[2019.09.23-17.49.13:751][  0]LogSlate: Updating window title bar state: overlay mode, drag disabled, window buttons hidden, title bar hidden
[2019.09.23-17.49.13:760][  0]LogSlate: Updating window title bar state: overlay mode, drag disabled, window buttons hidden, title bar hidden
[2019.09.23-17.49.13:772][  0]LogSlate: Updating window title bar state: overlay mode, drag disabled, window buttons hidden, title bar hidden
[2019.09.23-17.49.13:781][  0]LogCollectionManager: Loaded 0 collections in 0.002521 seconds
[2019.09.23-17.49.13:822][  0]LogFileCache: Scanning file cache for directory 'E:/AstroSourceGames/F.L.I.G.H.T/FLIGHT/Saved/Collections/' took 0.01s
[2019.09.23-17.49.13:822][  0]LogFileCache: Scanning file cache for directory 'E:/AstroSourceGames/F.L.I.G.H.T/FLIGHT/Content/Developers/scott/Collections/' took 0.01s
[2019.09.23-17.49.13:822][  0]LogFileCache: Scanning file cache for directory 'E:/AstroSourceGames/F.L.I.G.H.T/FLIGHT/Content/Collections/' took 0.01s
[2019.09.23-17.49.13:823][  0]LogCollectionManager: Rebuilt the GUID cache for 0 collections in 0.000001 seconds
[2019.09.23-17.49.13:834][  0]LogContentBrowser: Native class hierarchy populated in 0.0114 seconds. Added 2752 classes and 675 folders.
[2019.09.23-17.49.13:848][  0]LogContentBrowser: Native class hierarchy updated for 'WidgetCarousel' in 0.0003 seconds. Added 0 classes and 0 folders.
[2019.09.23-17.49.13:850][  0]LogPakFile: Registered encryption key '00000000000000000000000000000000': 0 pak files mounted, 0 remain pending
[2019.09.23-17.49.13:851][  0]LogPakFile: Registered encryption key '00000000000000000000000000000000': 0 pak files mounted, 0 remain pending
[2019.09.23-17.49.13:852][  0]LogPakFile: Registered encryption key '00000000000000000000000000000000': 0 pak files mounted, 0 remain pending
[2019.09.23-17.49.13:853][  0]LogPakFile: Registered encryption key '00000000000000000000000000000000': 0 pak files mounted, 0 remain pending
[2019.09.23-17.49.13:853][  0]LogPakFile: Registered encryption key '00000000000000000000000000000000': 0 pak files mounted, 0 remain pending
[2019.09.23-17.49.13:854][  0]LogPakFile: Registered encryption key '00000000000000000000000000000000': 0 pak files mounted, 0 remain pending
[2019.09.23-17.49.13:855][  0]LogPakFile: Registered encryption key '00000000000000000000000000000000': 0 pak files mounted, 0 remain pending
[2019.09.23-17.49.13:856][  0]LogPakFile: Registered encryption key '00000000000000000000000000000000': 0 pak files mounted, 0 remain pending
[2019.09.23-17.49.13:856][  0]LogPakFile: Registered encryption key '00000000000000000000000000000000': 0 pak files mounted, 0 remain pending
[2019.09.23-17.49.13:857][  0]LogPakFile: Registered encryption key '00000000000000000000000000000000': 0 pak files mounted, 0 remain pending
[2019.09.23-17.49.13:857][  0]LogPakFile: Registered encryption key '00000000000000000000000000000000': 0 pak files mounted, 0 remain pending
[2019.09.23-17.49.13:858][  0]LogPakFile: Registered encryption key '00000000000000000000000000000000': 0 pak files mounted, 0 remain pending
[2019.09.23-17.49.13:859][  0]LogPakFile: Registered encryption key '00000000000000000000000000000000': 0 pak files mounted, 0 remain pending
[2019.09.23-17.49.13:860][  0]LogPakFile: Registered encryption key '00000000000000000000000000000000': 0 pak files mounted, 0 remain pending
[2019.09.23-17.49.13:861][  0]LogPakFile: Registered encryption key '00000000000000000000000000000000': 0 pak files mounted, 0 remain pending
[2019.09.23-17.49.13:862][  0]LogPakFile: Registered encryption key '00000000000000000000000000000000': 0 pak files mounted, 0 remain pending
[2019.09.23-17.49.13:862][  0]LogPakFile: Registered encryption key '00000000000000000000000000000000': 0 pak files mounted, 0 remain pending
[2019.09.23-17.49.13:863][  0]LogPakFile: Registered encryption key '00000000000000000000000000000000': 0 pak files mounted, 0 remain pending
[2019.09.23-17.49.13:864][  0]LogPakFile: Registered encryption key '00000000000000000000000000000000': 0 pak files mounted, 0 remain pending
[2019.09.23-17.49.13:865][  0]LogPakFile: Registered encryption key '00000000000000000000000000000000': 0 pak files mounted, 0 remain pending
[2019.09.23-17.49.13:865][  0]LogPakFile: Registered encryption key '00000000000000000000000000000000': 0 pak files mounted, 0 remain pending
[2019.09.23-17.49.13:866][  0]LogPakFile: Registered encryption key '00000000000000000000000000000000': 0 pak files mounted, 0 remain pending
[2019.09.23-17.49.13:867][  0]LogPakFile: Registered encryption key '00000000000000000000000000000000': 0 pak files mounted, 0 remain pending
[2019.09.23-17.49.13:868][  0]LogPakFile: Registered encryption key '00000000000000000000000000000000': 0 pak files mounted, 0 remain pending
[2019.09.23-17.49.13:869][  0]LogPakFile: Registered encryption key '00000000000000000000000000000000': 0 pak files mounted, 0 remain pending
[2019.09.23-17.49.13:869][  0]LogPakFile: Registered encryption key '00000000000000000000000000000000': 0 pak files mounted, 0 remain pending
[2019.09.23-17.49.13:904][  0]LogContentBrowser: Native class hierarchy updated for 'AddContentDialog' in 0.0004 seconds. Added 0 classes and 0 folders.
[2019.09.23-17.49.13:984][  0]LogContentBrowser: Native class hierarchy updated for 'SceneOutliner' in 0.0005 seconds. Added 1 classes and 2 folders.
[2019.09.23-17.49.14:019][  0]LogSlate: Took 0.000220 seconds to synchronously load lazily loaded font '../../../Engine/Content/Slate/Fonts/Roboto-Regular.ttf' (155K)
[2019.09.23-17.49.14:023][  0]LogSlate: Took 0.000201 seconds to synchronously load lazily loaded font '../../../Engine/Content/Slate/Fonts/Roboto-Bold.ttf' (160K)
[2019.09.23-17.49.14:034][  0]LogSlate: Took 0.000160 seconds to synchronously load lazily loaded font '../../../Engine/Content/Editor/Slate/Fonts/FontAwesome.ttf' (139K)
[2019.09.23-17.49.14:136][  0]LogRenderer: Reallocating scene render targets to support 1252x420 Format 10 NumSamples 1 (Frame:1).
[2019.09.23-17.49.14:209][  0]LogSlate: Took 0.000498 seconds to synchronously load lazily loaded font '../../../Engine/Content/Slate/Fonts/Roboto-Light.ttf' (167K)
[2019.09.23-17.49.14:418][  0]LogContentBrowser: Native class hierarchy updated for 'HierarchicalLODOutliner' in 0.0004 seconds. Added 0 classes and 0 folders.
[2019.09.23-17.49.14:418][  0]LogLoad: (Engine Initialization) Total time: 12.76 seconds
[2019.09.23-17.49.14:418][  0]LogLoad: (Engine Initialization) Total Blueprint compile time: 0.00 seconds
[2019.09.23-17.49.14:496][  0]LogContentStreaming: Texture pool size now 1000 MB
[2019.09.23-17.49.14:653][  1]LogAssetRegistry: Asset discovery search completed in 7.9205 seconds
[2019.09.23-17.49.14:658][  1]LogCollectionManager: Rebuilt the object cache for 0 collections in 0.000001 seconds (found 0 objects)
[2019.09.23-17.49.14:658][  1]LogCollectionManager: Fixed up redirectors for 0 collections in 0.000083 seconds (updated 0 objects)
[2019.09.23-17.49.15:454][ 35]LogSlate: Took 0.000150 seconds to synchronously load lazily loaded font '../../../Engine/Content/Slate/Fonts/Roboto-Light.ttf' (167K)
[2019.09.23-17.49.21:773][404]LogSlate: FSceneViewport::OnFocusLost() reason 0
[2019.09.23-17.49.21:912][410]LogAssetEditorManager: Opening Asset editor for WidgetBlueprint /Game/Widgets/W_BasicArrowRight.W_BasicArrowRight
[2019.09.23-17.49.22:224][410]LogClass: Warning: Enum '/Game/Explosions/DemoRoom/BluePrints/BP_DemoDisplay_Enum.BP_DemoDisplay_Enum' was upgraded to use FText to store its display name data. Please re-save this asset to avoid issues with localization and determinstic cooking.
[2019.09.23-17.49.22:238][410]LogContentBrowser: Native class hierarchy updated for 'BlueprintGraph' in 0.0006 seconds. Added 121 classes and 0 folders.
[2019.09.23-17.49.23:282][410]LogAssetEditorManager: Opening Asset editor for WidgetBlueprint /Game/Widgets/GameSetupScreen.GameSetupScreen
[2019.09.23-17.49.23:670][410]LogAssetEditorManager: Opening Asset editor for Blueprint /Game/Terrain/Terrain.Terrain
[2019.09.23-17.49.25:340][464]LogSlate: Window 'Plugins' being destroyed
[2019.09.23-17.49.25:346][464]LogSlate: Window 'Plugins' being destroyed
[2019.09.23-17.49.25:346][464]LogDirectoryWatcher: A directory notification for '../../../Engine/Plugins/' was aborted.
[2019.09.23-17.49.27:401][583]LogAssetEditorManager: Opening Asset editor for Blueprint /Game/Terrain/Terrain.Terrain
[2019.09.23-17.49.27:939][583]LogSlate: Took 0.000152 seconds to synchronously load lazily loaded font '../../../Engine/Content/Slate/Fonts/Roboto-BoldCondensed.ttf' (158K)
[2019.09.23-17.49.49:222][183]LogSlate: Window 'Pick Parent Class' being destroyed
[2019.09.23-17.49.56:328][525]LogAssetEditorManager: Opening Asset editor for Blueprint /Game/Terrain/Terrain_Py.Terrain_Py
[2019.09.23-17.52.25:963][701]LogSlate: Window 'Pick Parent Class' being destroyed
[2019.09.23-17.52.32:649][ 81]LogAssetEditorManager: Opening Asset editor for Blueprint /Game/Terrain/PaperTerrain.PaperTerrain
[2019.09.23-17.52.33:029][ 81]LogPaper2D: Triangulation of poly failed.
[2019.09.23-17.52.33:029][ 81]LogPaper2D: Triangulation of poly failed.
[2019.09.23-17.52.33:045][ 81]LogPaper2D: Triangulation of poly failed.
[2019.09.23-17.52.33:045][ 81]LogPaper2D: Triangulation of poly failed.
[2019.09.23-17.52.33:168][ 82]LogRenderer: Reallocating scene render targets to support 1252x740 Format 10 NumSamples 1 (Frame:1).
[2019.09.23-17.52.37:043][310]LogSlate: Took 0.000406 seconds to synchronously load lazily loaded font '../../../Engine/Content/Slate/Fonts/Roboto-Italic.ttf' (157K)
[2019.09.23-17.52.38:162][377]LogSlate: FSceneViewport::OnFocusLost() reason 0
[2019.09.23-17.52.44:737][769]LogSlate: FSceneViewport::OnFocusLost() reason 0
[2019.09.23-18.03.01:195][249]LogSlate: Window 'Message' being destroyed
[2019.09.23-18.03.02:136][298]Cmd: CLOSE_SLATE_MAINFRAME
[2019.09.23-18.03.02:241][298]LogUObjectHash: Compacting FUObjectHashTables data took   7.98ms
[2019.09.23-18.03.03:262][298]LogSlate: Window 'Save Content' being destroyed
[2019.09.23-18.03.03:396][298]Cmd: OBJ SAVEPACKAGE PACKAGE="/Game/Terrain/PaperTerrain" FILE="E:/AstroSourceGames/F.L.I.G.H.T/FLIGHT/Content/Terrain/PaperTerrain.uasset" SILENT=true
[2019.09.23-18.03.03:414][298]LogSavePackage: Moving 'E:/AstroSourceGames/F.L.I.G.H.T/FLIGHT/Saved/PaperTerrainEBCB180D45A101D3E3444CA570EF791F.tmp' to 'E:/AstroSourceGames/F.L.I.G.H.T/FLIGHT/Content/Terrain/PaperTerrain.uasset'
[2019.09.23-18.03.03:700][298]Cmd: OBJ SAVEPACKAGE PACKAGE="/Game/Terrain/Terrain_Py" FILE="E:/AstroSourceGames/F.L.I.G.H.T/FLIGHT/Content/Terrain/Terrain_Py.uasset" SILENT=true
[2019.09.23-18.03.03:709][298]LogSavePackage: Moving 'E:/AstroSourceGames/F.L.I.G.H.T/FLIGHT/Saved/Terrain_PyAFBD735B4236B9AF2EBFCFBF7939A5C8.tmp' to 'E:/AstroSourceGames/F.L.I.G.H.T/FLIGHT/Content/Terrain/Terrain_Py.uasset'
[2019.09.23-18.03.04:326][298]LogActorComponent: UnregisterComponent: (/Engine/Transient.EditorFloorComp) Not registered. Aborting.
[2019.09.23-18.03.04:390][298]LogSlate: Window 'Plugins' being destroyed
[2019.09.23-18.03.04:395][298]LogDirectoryWatcher: A directory notification for '../../../Engine/Plugins/' was aborted.
[2019.09.23-18.03.04:396][298]LogSlate: Window 'FLIGHT - Unreal Editor' being destroyed
[2019.09.23-18.03.04:631][299]Cmd: QUIT_EDITOR
[2019.09.23-18.03.04:715][299]LogWindowsTextInputMethodSystem: Display: IME system now deactivated.
[2019.09.23-18.03.04:721][299]LogExit: Preparing to exit.
[2019.09.23-18.03.06:418][299]LogExit: Editor shut down
[2019.09.23-18.03.06:418][299]LogExit: Transaction tracking system shut down
[2019.09.23-18.03.06:792][299]LogExit: Object subsystem successfully closed.
[2019.09.23-18.03.06:816][299]LogShaderCompilers: Display: Shaders left to compile 0
[2019.09.23-18.03.06:821][299]LogD3D11RHI: Shutdown
[2019.09.23-18.03.06:821][299]LogD3D11RHI: CleanupD3DDevice
[2019.09.23-18.03.06:822][299]LogRendererCore: FGlobalReadBuffer::ReleaseRHI
[2019.09.23-18.03.06:822][299]LogRendererCore: FGlobalDynamicReadBuffer::Cleanup()
[2019.09.23-18.03.06:822][299]LogRendererCore: FGlobalReadBuffer::ReleaseRHI
[2019.09.23-18.03.06:822][299]LogRendererCore: FGlobalDynamicReadBuffer::Cleanup()
[2019.09.23-18.03.06:822][299]LogRendererCore: FGlobalReadBuffer::ReleaseRHI
[2019.09.23-18.03.06:822][299]LogRendererCore: FGlobalDynamicReadBuffer::Cleanup()
[2019.09.23-18.03.07:008][299]LogD3D11RHI: ~FD3D11DynamicRHI
[2019.09.23-18.03.07:065][299]LogModuleManager: Shutting down and abandoning module SequencerWidgets (664)
[2019.09.23-18.03.07:065][299]LogModuleManager: Shutting down and abandoning module BlueprintGraph (662)
[2019.09.23-18.03.07:065][299]LogModuleManager: Shutting down and abandoning module HierarchicalLODOutliner (660)
[2019.09.23-18.03.07:065][299]LogModuleManager: Shutting down and abandoning module SceneOutliner (658)
[2019.09.23-18.03.07:065][299]LogModuleManager: Shutting down and abandoning module AddContentDialog (656)
[2019.09.23-18.03.07:065][299]LogModuleManager: Shutting down and abandoning module WidgetCarousel (655)
[2019.09.23-18.03.07:065][299]LogModuleManager: Shutting down and abandoning module EditorWidgets (652)
[2019.09.23-18.03.07:065][299]LogModuleManager: Shutting down and abandoning module CollectionManager (650)
[2019.09.23-18.03.07:066][299]LogModuleManager: Shutting down and abandoning module StatsViewer (648)
[2019.09.23-18.03.07:066][299]LogModuleManager: Shutting down and abandoning module FoliageEdit (646)
[2019.09.23-18.03.07:066][299]LogModuleManager: Shutting down and abandoning module LandscapeEditor (644)
[2019.09.23-18.03.07:066][299]LogModuleManager: Shutting down and abandoning module MeshPaintMode (642)
[2019.09.23-18.03.07:066][299]LogModuleManager: Shutting down and abandoning module SceneDepthPickerMode (640)
[2019.09.23-18.03.07:066][299]LogModuleManager: Shutting down and abandoning module ActorPickerMode (638)
[2019.09.23-18.03.07:066][299]LogModuleManager: Shutting down and abandoning module GeometryMode (636)
[2019.09.23-18.03.07:066][299]LogModuleManager: Shutting down and abandoning module TextureAlignMode (634)
[2019.09.23-18.03.07:066][299]LogModuleManager: Shutting down and abandoning module BspMode (632)
[2019.09.23-18.03.07:066][299]LogModuleManager: Shutting down and abandoning module PIEPreviewDeviceProfileSelector (630)
[2019.09.23-18.03.07:067][299]LogModuleManager: Shutting down and abandoning module SequenceRecorderSections (628)
[2019.09.23-18.03.07:067][299]LogModuleManager: Shutting down and abandoning module AutomationWorker (626)
[2019.09.23-18.03.07:067][299]LogModuleManager: Shutting down and abandoning module OculusMR (624)
[2019.09.23-18.03.07:067][299]LogModuleManager: Shutting down and abandoning module AudioCaptureEditor (622)
[2019.09.23-18.03.07:067][299]LogModuleManager: Shutting down and abandoning module MatineeToLevelSequence (620)
[2019.09.23-18.03.07:067][299]LogModuleManager: Shutting down and abandoning module LevelSequenceEditor (618)
[2019.09.23-18.03.07:067][299]LogModuleManager: Shutting down and abandoning module PlacementMode (617)
[2019.09.23-18.03.07:067][299]LogModuleManager: Shutting down and abandoning module MaterialEditor (616)
[2019.09.23-18.03.07:067][299]LogModuleManager: Shutting down and abandoning module ActorSequenceEditor (612)
[2019.09.23-18.03.07:067][299]LogModuleManager: Shutting down and abandoning module WmfMediaFactory (610)
[2019.09.23-18.03.07:067][299]LogModuleManager: Shutting down and abandoning module WmfMediaEditor (608)
[2019.09.23-18.03.07:067][299]LogModuleManager: Shutting down and abandoning module WebMMediaFactory (606)
[2019.09.23-18.03.07:067][299]LogModuleManager: Shutting down and abandoning module WebMMediaEditor (604)
[2019.09.23-18.03.07:067][299]LogModuleManager: Shutting down and abandoning module WebMMedia (602)
[2019.09.23-18.03.07:068][299]LogModuleManager: Shutting down and abandoning module MediaPlayerEditor (600)
[2019.09.23-18.03.07:068][299]LogModuleManager: Shutting down and abandoning module MediaCompositingEditor (598)
[2019.09.23-18.03.07:068][299]LogModuleManager: Shutting down and abandoning module SequenceRecorder (597)
[2019.09.23-18.03.07:068][299]LogModuleManager: Shutting down and abandoning module OpenExrWrapper (594)
[2019.09.23-18.03.07:068][299]LogModuleManager: Shutting down and abandoning module ImgMediaFactory (592)
[2019.09.23-18.03.07:068][299]LogModuleManager: Shutting down and abandoning module ImgMediaEditor (590)
[2019.09.23-18.03.07:068][299]LogModuleManager: Shutting down and abandoning module AvfMediaFactory (588)
[2019.09.23-18.03.07:068][299]LogModuleManager: Shutting down and abandoning module AvfMediaEditor (586)
[2019.09.23-18.03.07:068][299]LogModuleManager: Shutting down and abandoning module AndroidMediaFactory (584)
[2019.09.23-18.03.07:068][299]LogModuleManager: Shutting down and abandoning module AndroidMediaEditor (582)
[2019.09.23-18.03.07:068][299]LogModuleManager: Shutting down and abandoning module MagicLeapCameraPreviewFactory (580)
[2019.09.23-18.03.07:068][299]LogModuleManager: Shutting down and abandoning module MagicLeapMediaCodecFactory (578)
[2019.09.23-18.03.07:068][299]LogModuleManager: Shutting down and abandoning module MagicLeapMediaFactory (576)
[2019.09.23-18.03.07:068][299]LogModuleManager: Shutting down and abandoning module MagicLeapMediaEditor (574)
[2019.09.23-18.03.07:068][299]LogModuleManager: Shutting down and abandoning module CharacterAI (572)
[2019.09.23-18.03.07:068][299]LogModuleManager: Shutting down and abandoning module SmartSnapping (570)
[2019.09.23-18.03.07:068][299]LogModuleManager: Shutting down and abandoning module SessionServices (568)
[2019.09.23-18.03.07:068][299]LogModuleManager: Shutting down and abandoning module MeshPaint (566)
[2019.09.23-18.03.07:069][299]LogModuleManager: Shutting down and abandoning module ViewportSnapping (564)
[2019.09.23-18.03.07:069][299]LogModuleManager: Shutting down and abandoning module ViewportInteraction (562)
[2019.09.23-18.03.07:069][299]LogModuleManager: Shutting down and abandoning module ClothPainter (560)
[2019.09.23-18.03.07:069][299]LogModuleManager: Shutting down and abandoning module SkeletalMeshEditor (559)
[2019.09.23-18.03.07:069][299]LogModuleManager: Shutting down and abandoning module LogVisualizer (556)
[2019.09.23-18.03.07:069][299]LogModuleManager: Shutting down and abandoning module IntroTutorials (554)
[2019.09.23-18.03.07:069][299]LogModuleManager: Shutting down and abandoning module GameProjectGeneration (553)
[2019.09.23-18.03.07:069][299]LogModuleManager: Shutting down and abandoning module LuminPlatformEditor (550)
[2019.09.23-18.03.07:069][299]LogModuleManager: Shutting down and abandoning module IOSPlatformEditor (548)
[2019.09.23-18.03.07:069][299]LogModuleManager: Shutting down and abandoning module HTML5PlatformEditor (546)
[2019.09.23-18.03.07:069][299]LogModuleManager: Shutting down and abandoning module AndroidPlatformEditor (544)
[2019.09.23-18.03.07:069][299]LogModuleManager: Shutting down and abandoning module AndroidDeviceDetection (543)
[2019.09.23-18.03.07:878][299]LogModuleManager: Shutting down and abandoning module WindowsPlatformEditor (540)
[2019.09.23-18.03.07:878][299]LogModuleManager: Shutting down and abandoning module LuminRuntimeSettings (538)
[2019.09.23-18.03.07:878][299]LogModuleManager: Shutting down and abandoning module IOSRuntimeSettings (536)
[2019.09.23-18.03.07:879][299]LogModuleManager: Shutting down and abandoning module AndroidRuntimeSettings (534)
[2019.09.23-18.03.07:879][299]LogModuleManager: Shutting down and abandoning module TimeManagementEditor (532)
[2019.09.23-18.03.07:879][299]LogModuleManager: Shutting down and abandoning module InputBindingEditor (530)
[2019.09.23-18.03.07:879][299]LogModuleManager: Shutting down and abandoning module MergeActors (528)
[2019.09.23-18.03.07:879][299]LogModuleManager: Shutting down and abandoning module LocalizationDashboard (526)
[2019.09.23-18.03.07:879][299]LogModuleManager: Shutting down and abandoning module LocalizationService (525)
[2019.09.23-18.03.07:879][299]LogModuleManager: Shutting down and abandoning module HardwareTargeting (522)
[2019.09.23-18.03.07:879][299]LogModuleManager: Shutting down and abandoning module DeviceProfileEditor (520)
[2019.09.23-18.03.07:879][299]LogModuleManager: Shutting down and abandoning module UndoHistory (518)
[2019.09.23-18.03.07:879][299]LogModuleManager: Shutting down and abandoning module XmlParser (516)
[2019.09.23-18.03.07:879][299]LogModuleManager: Shutting down and abandoning module Blutility (514)
[2019.09.23-18.03.07:879][299]LogModuleManager: Shutting down and abandoning module ProjectSettingsViewer (512)
[2019.09.23-18.03.07:879][299]LogModuleManager: Shutting down and abandoning module ProjectTargetPlatformEditor (511)
[2019.09.23-18.03.07:879][299]LogModuleManager: Shutting down and abandoning module EditorSettingsViewer (508)
[2019.09.23-18.03.07:879][299]LogModuleManager: Shutting down and abandoning module SettingsEditor (506)
[2019.09.23-18.03.07:879][299]LogModuleManager: Shutting down and abandoning module ProjectLauncher (504)
[2019.09.23-18.03.07:879][299]LogModuleManager: Shutting down and abandoning module SessionFrontend (502)
[2019.09.23-18.03.07:879][299]LogModuleManager: Shutting down and abandoning module ProfilerClient (500)
[2019.09.23-18.03.07:879][299]LogModuleManager: Shutting down and abandoning module DeviceManager (498)
[2019.09.23-18.03.07:879][299]LogModuleManager: Shutting down and abandoning module TargetDeviceServices (497)
[2019.09.23-18.03.07:934][299]LogModuleManager: Shutting down and abandoning module AutomationController (494)
[2019.09.23-18.03.07:934][299]LogModuleManager: Shutting down and abandoning module AutomationWindow (492)
[2019.09.23-18.03.07:934][299]LogModuleManager: Shutting down and abandoning module Layers (490)
[2019.09.23-18.03.07:934][299]LogModuleManager: Shutting down and abandoning module ComponentVisualizers (488)
[2019.09.23-18.03.07:934][299]LogModuleManager: Shutting down and abandoning module DetailCustomizations (486)
[2019.09.23-18.03.07:934][299]LogModuleManager: Shutting down and abandoning module PackagesDialog (484)
[2019.09.23-18.03.07:934][299]LogModuleManager: Shutting down and abandoning module AnimationBlueprintEditor (482)
[2019.09.23-18.03.07:934][299]LogModuleManager: Shutting down and abandoning module Persona (480)
[2019.09.23-18.03.07:934][299]LogModuleManager: Shutting down and abandoning module AdvancedPreviewScene (479)
[2019.09.23-18.03.07:934][299]LogModuleManager: Shutting down and abandoning module AnimGraph (477)
[2019.09.23-18.03.07:934][299]LogModuleManager: Shutting down and abandoning module Kismet (474)
[2019.09.23-18.03.07:939][299]LogModuleManager: Shutting down and abandoning module GraphEditor (472)
[2019.09.23-18.03.07:939][299]LogModuleManager: Shutting down and abandoning module ClassViewer (470)
[2019.09.23-18.03.07:941][299]LogModuleManager: Shutting down and abandoning module Toolbox (468)
[2019.09.23-18.03.07:941][299]LogModuleManager: Shutting down and abandoning module ModuleUI (466)
[2019.09.23-18.03.07:941][299]LogModuleManager: Shutting down and abandoning module MovieSceneTools (464)
[2019.09.23-18.03.07:941][299]LogModuleManager: Shutting down and abandoning module OutputLog (462)
[2019.09.23-18.03.07:941][299]LogModuleManager: Shutting down and abandoning module GammaUI (460)
[2019.09.23-18.03.07:941][299]LogModuleManager: Shutting down and abandoning module Documentation (458)
[2019.09.23-18.03.07:941][299]LogModuleManager: Shutting down and abandoning module LiveCoding (456)
[2019.09.23-18.03.07:941][299]LogModuleManager: Shutting down and abandoning module LevelSequence (454)
[2019.09.23-18.03.07:941][299]LogModuleManager: Shutting down and abandoning module MovieSceneTracks (452)
[2019.09.23-18.03.07:941][299]LogModuleManager: Shutting down and abandoning module MovieScene (450)
[2019.09.23-18.03.07:941][299]LogModuleManager: Shutting down and abandoning module StreamingPauseRendering (448)
[2019.09.23-18.03.07:941][299]LogModuleManager: Shutting down and abandoning module LauncherPlatform (446)
[2019.09.23-18.03.07:941][299]LogModuleManager: Shutting down and abandoning module AnalyticsET (444)
[2019.09.23-18.03.07:941][299]LogModuleManager: Shutting down and abandoning module PortalServices (442)
[2019.09.23-18.03.07:941][299]LogModuleManager: Shutting down and abandoning module PortalRpc (440)
[2019.09.23-18.03.07:941][299]LogModuleManager: Shutting down and abandoning module MessagingRpc (438)
[2019.09.23-18.03.07:941][299]LogModuleManager: Shutting down and abandoning module AIModule (436)
[2019.09.23-18.03.07:941][299]LogModuleManager: Shutting down and abandoning module GameplayDebugger (435)
[2019.09.23-18.03.07:941][299]LogModuleManager: Shutting down and abandoning module AITestSuite (433)
[2019.09.23-18.03.07:941][299]LogModuleManager: Shutting down and abandoning module NavigationSystem (431)
[2019.09.23-18.03.07:941][299]LogModuleManager: Shutting down and abandoning module DesktopPlatform (428)
[2019.09.23-18.03.07:941][299]LogModuleManager: Shutting down and abandoning module ImageWriteQueue (426)
[2019.09.23-18.03.07:945][299]LogModuleManager: Shutting down and abandoning module ProfilerService (424)
[2019.09.23-18.03.08:170][299]LogModuleManager: Shutting down and abandoning module TaskGraph (422)
[2019.09.23-18.03.08:170][299]LogModuleManager: Shutting down and abandoning module SteamVRController (420)
[2019.09.23-18.03.08:170][299]LogModuleManager: Shutting down and abandoning module ProceduralMeshComponentEditor (418)
[2019.09.23-18.03.08:170][299]LogModuleManager: Shutting down and abandoning module ProceduralMeshComponent (416)
[2019.09.23-18.03.08:170][299]LogModuleManager: Shutting down and abandoning module OculusEditor (414)
[2019.09.23-18.03.08:170][299]LogModuleManager: Shutting down and abandoning module OculusInput (412)
[2019.09.23-18.03.08:170][299]LogModuleManager: Shutting down and abandoning module MobilePatchingUtils (410)
[2019.09.23-18.03.08:170][299]LogModuleManager: Shutting down and abandoning module EditableMesh (408)
[2019.09.23-18.03.08:170][299]LogModuleManager: Shutting down and abandoning module CustomMeshComponent (406)
[2019.09.23-18.03.08:170][299]LogModuleManager: Shutting down and abandoning module CableComponent (404)
[2019.09.23-18.03.08:170][299]LogModuleManager: Shutting down and abandoning module AudioCapture (402)
[2019.09.23-18.03.08:170][299]LogModuleManager: Shutting down and abandoning module ArchVisCharacter (400)
[2019.09.23-18.03.08:170][299]LogModuleManager: Shutting down and abandoning module AndroidPermission (398)
[2019.09.23-18.03.08:170][299]LogModuleManager: Shutting down and abandoning module NUTUnrealEngine4 (396)
[2019.09.23-18.03.08:170][299]LogModuleManager: Shutting down and abandoning module NetcodeUnitTest (394)
[2019.09.23-18.03.08:170][299]LogModuleManager: Shutting down and abandoning module MediaCompositing (392)
[2019.09.23-18.03.08:170][299]LogModuleManager: Shutting down and abandoning module LinearTimecode (390)
[2019.09.23-18.03.08:170][299]LogModuleManager: Shutting down and abandoning module ImgMedia (388)
[2019.09.23-18.03.08:170][299]LogModuleManager: Shutting down and abandoning module MagicLeapHelperVulkan (386)
[2019.09.23-18.03.08:170][299]LogModuleManager: Shutting down and abandoning module MagicLeapHelperOpenGL (384)
[2019.09.23-18.03.08:170][299]LogModuleManager: Shutting down and abandoning module MagicLeapAudio (382)
[2019.09.23-18.03.08:171][299]LogModuleManager: Shutting down and abandoning module HTML5Networking (380)
[2019.09.23-18.03.08:171][299]LogModuleManager: Shutting down and abandoning module GeometryCacheTracks (378)
[2019.09.23-18.03.08:171][299]LogModuleManager: Shutting down and abandoning module GeometryCacheSequencer (376)
[2019.09.23-18.03.08:171][299]LogModuleManager: Shutting down and abandoning module BackChannel (374)
[2019.09.23-18.03.08:171][299]LogModuleManager: Shutting down and abandoning module AppleVision (372)
[2019.09.23-18.03.08:171][299]LogModuleManager: Shutting down and abandoning module AppleImageUtilsBlueprintSupport (370)
[2019.09.23-18.03.08:171][299]LogModuleManager: Shutting down and abandoning module AppleImageUtils (368)
[2019.09.23-18.03.08:171][299]LogModuleManager: Shutting down and abandoning module AlembicImporter (366)
[2019.09.23-18.03.08:171][299]LogModuleManager: Shutting down and abandoning module AlembicLibrary (365)
[2019.09.23-18.03.08:171][299]LogModuleManager: Shutting down and abandoning module GeometryCache (364)
[2019.09.23-18.03.08:171][299]LogModuleManager: Shutting down and abandoning module GeometryCacheEd (363)
[2019.09.23-18.03.08:171][299]LogModuleManager: Shutting down and abandoning module VariantManagerContent (358)
[2019.09.23-18.03.08:171][299]LogModuleManager: Shutting down and abandoning module DatasmithContentEditor (356)
[2019.09.23-18.03.08:171][299]LogModuleManager: Shutting down and abandoning module SpeedTreeImporter (354)
[2019.09.23-18.03.08:171][299]LogModuleManager: Shutting down and abandoning module PluginBrowser (352)
[2019.09.23-18.03.08:171][299]LogModuleManager: Shutting down and abandoning module MobileLauncherProfileWizard (350)
[2019.09.23-18.03.08:171][299]LogModuleManager: Shutting down and abandoning module MaterialAnalyzer (348)
[2019.09.23-18.03.08:171][299]LogModuleManager: Shutting down and abandoning module CryptoKeysOpenSSL (346)
[2019.09.23-18.03.08:171][299]LogModuleManager: Shutting down and abandoning module CryptoKeys (344)
[2019.09.23-18.03.08:171][299]LogModuleManager: Shutting down and abandoning module VisualStudioSourceCodeAccess (342)
[2019.09.23-18.03.08:171][299]LogModuleManager: Shutting down and abandoning module VisualStudioCodeSourceCodeAccess (340)
[2019.09.23-18.03.08:171][299]LogModuleManager: Shutting down and abandoning module UObjectPlugin (338)
[2019.09.23-18.03.08:171][299]LogModuleManager: Shutting down and abandoning module SubversionSourceControl (336)
[2019.09.23-18.03.08:171][299]LogModuleManager: Shutting down and abandoning module PerforceSourceControl (334)
[2019.09.23-18.03.08:171][299]LogModuleManager: Shutting down and abandoning module GitSourceControl (332)
[2019.09.23-18.03.08:172][299]LogModuleManager: Shutting down and abandoning module SourceControl (331)
[2019.09.23-18.03.08:172][299]LogModuleManager: Shutting down and abandoning module ConcertSyncClientLibrary (328)
[2019.09.23-18.03.08:172][299]LogModuleManager: Shutting down and abandoning module ConcertUICore (326)
[2019.09.23-18.03.08:172][299]LogModuleManager: Shutting down and abandoning module ConcertSyncClient (324)
[2019.09.23-18.03.08:172][299]LogModuleManager: Shutting down and abandoning module ConcertFrontend (322)
[2019.09.23-18.03.08:172][299]LogModuleManager: Shutting down and abandoning module CLionSourceCodeAccess (320)
[2019.09.23-18.03.08:172][299]LogModuleManager: Shutting down and abandoning module AnimationSharingEd (318)
[2019.09.23-18.03.08:172][299]LogModuleManager: Shutting down and abandoning module ActorLayerUtilitiesEditor (316)
[2019.09.23-18.03.08:172][299]LogModuleManager: Shutting down and abandoning module ActorLayerUtilities (314)
[2019.09.23-18.03.08:172][299]LogModuleManager: Shutting down and abandoning module LightPropagationVolumeEditor (312)
[2019.09.23-18.03.08:172][299]LogModuleManager: Shutting down and abandoning module PaperTiledImporter (310)
[2019.09.23-18.03.08:172][299]LogModuleManager: Shutting down and abandoning module PaperSpriteSheetImporter (308)
[2019.09.23-18.03.08:172][299]LogModuleManager: Shutting down and abandoning module Paper2DEditor (306)
[2019.09.23-18.03.08:172][299]LogModuleManager: Shutting down and abandoning module SignificanceManager (304)
[2019.09.23-18.03.08:172][299]LogModuleManager: Shutting down and abandoning module RuntimePhysXCooking (302)
[2019.09.23-18.03.08:172][299]LogModuleManager: Shutting down and abandoning module PhysXVehiclesEditor (300)
[2019.09.23-18.03.08:172][299]LogModuleManager: Shutting down and abandoning module PhysXVehicles (298)
[2019.09.23-18.03.08:172][299]LogModuleManager: Shutting down and abandoning module LocationServicesBPLibrary (296)
[2019.09.23-18.03.08:172][299]LogModuleManager: Shutting down and abandoning module ActorSequence (294)
[2019.09.23-18.03.08:173][299]LogModuleManager: Shutting down and abandoning module UdpMessaging (292)
[2019.09.23-18.03.08:273][299]LogModuleManager: Shutting down and abandoning module TcpMessaging (290)
[2019.09.23-18.03.08:374][299]LogModuleManager: Shutting down and abandoning module MagicLeapIdentity (288)
[2019.09.23-18.03.08:374][299]LogModuleManager: Shutting down and abandoning module MagicLeapSecureStorage (286)
[2019.09.23-18.03.08:374][299]LogModuleManager: Shutting down and abandoning module MagicLeapHandTracking (284)
[2019.09.23-18.03.08:374][299]LogModuleManager: Shutting down and abandoning module MagicLeapEyeTracker (282)
[2019.09.23-18.03.08:374][299]LogModuleManager: Shutting down and abandoning module MagicLeapController (280)
[2019.09.23-18.03.08:374][299]LogSlate: Slate User Destroyed.  User Index 0, Is Virtual User: 0
[2019.09.23-18.03.08:374][299]LogModuleManager: Shutting down and abandoning module MagicLeapAR (278)
[2019.09.23-18.03.08:374][299]LogModuleManager: Shutting down and abandoning module AugmentedReality (277)
[2019.09.23-18.03.08:374][299]LogModuleManager: Shutting down and abandoning module PythonScriptPlugin (274)
[2019.09.23-18.03.08:374][299]LogModuleManager: Shutting down and abandoning module PythonScriptPluginPreload (272)
[2019.09.23-18.03.08:374][299]LogModuleManager: Shutting down and abandoning module GameplayTagsEditor (270)
[2019.09.23-18.03.08:374][299]LogModuleManager: Shutting down and abandoning module FacialAnimationEditor (268)
[2019.09.23-18.03.08:374][299]LogModuleManager: Shutting down and abandoning module FacialAnimation (266)
[2019.09.23-18.03.08:374][299]LogModuleManager: Shutting down and abandoning module DataValidation (264)
[2019.09.23-18.03.08:374][299]LogModuleManager: Shutting down and abandoning module AssetManagerEditor (262)
[2019.09.23-18.03.08:374][299]LogModuleManager: Shutting down and abandoning module LevelEditor (261)
[2019.09.23-18.03.08:375][299]LogModuleManager: Shutting down and abandoning module PixelInspectorModule (260)
[2019.09.23-18.03.08:375][299]LogModuleManager: Shutting down and abandoning module CommonMenuExtensions (258)
[2019.09.23-18.03.08:375][299]LogModuleManager: Shutting down and abandoning module MainFrame (256)
[2019.09.23-18.03.08:375][299]LogModuleManager: Shutting down and abandoning module HotReload (255)
[2019.09.23-18.03.08:376][299]LogModuleManager: Shutting down and abandoning module ContentBrowser (251)
[2019.09.23-18.03.08:377][299]LogModuleManager: Shutting down and abandoning module TreeMap (249)
[2019.09.23-18.03.08:377][299]LogModuleManager: Shutting down and abandoning module ConcertSyncCore (246)
[2019.09.23-18.03.08:377][299]LogModuleManager: Shutting down and abandoning module ConcertTransport (244)
[2019.09.23-18.03.08:377][299]LogModuleManager: Shutting down and abandoning module Concert (242)
[2019.09.23-18.03.08:377][299]LogModuleManager: Shutting down and abandoning module AnimationSharing (240)
[2019.09.23-18.03.08:377][299]LogModuleManager: Shutting down and abandoning module LightPropagationVolumeRuntime (238)
[2019.09.23-18.03.08:377][299]LogModuleManager: Shutting down and abandoning module AISupportModule (236)
[2019.09.23-18.03.08:377][299]LogModuleManager: Shutting down and abandoning module Paper2D (234)
[2019.09.23-18.03.08:377][299]LogModuleManager: Shutting down and abandoning module WindowsMoviePlayer (232)
[2019.09.23-18.03.08:377][299]LogModuleManager: Shutting down and abandoning module WebMMoviePlayer (230)
[2019.09.23-18.03.08:377][299]LogModuleManager: Shutting down and abandoning module PacketHandler (228)
[2019.09.23-18.03.08:377][299]LogModuleManager: Shutting down and abandoning module ClothingSystemEditor (226)
[2019.09.23-18.03.08:377][299]LogModuleManager: Shutting down and abandoning module ClothingSystemRuntime (224)
[2019.09.23-18.03.08:377][299]LogModuleManager: Shutting down and abandoning module MediaAssets (222)
[2019.09.23-18.03.08:377][299]LogModuleManager: Shutting down and abandoning module Overlay (220)
[2019.09.23-18.03.08:377][299]LogModuleManager: Shutting down and abandoning module OverlayEditor (219)
[2019.09.23-18.03.08:377][299]LogModuleManager: Shutting down and abandoning module VREditor (216)
[2019.09.23-18.03.08:377][299]LogModuleManager: Shutting down and abandoning module StringTableEditor (214)
[2019.09.23-18.03.08:378][299]LogModuleManager: Shutting down and abandoning module GameplayTasksEditor (212)
[2019.09.23-18.03.08:378][299]LogModuleManager: Shutting down and abandoning module BehaviorTreeEditor (210)
[2019.09.23-18.03.08:378][299]LogModuleManager: Shutting down and abandoning module FunctionalTesting (208)
[2019.09.23-18.03.08:378][299]LogModuleManager: Shutting down and abandoning module CollisionAnalyzer (206)
[2019.09.23-18.03.08:378][299]LogModuleManager: Shutting down and abandoning module WorkspaceMenuStructure (205)
[2019.09.23-18.03.08:378][299]LogModuleManager: Shutting down and abandoning module UMG (202)
[2019.09.23-18.03.08:378][299]LogModuleManager: Shutting down and abandoning module UMGEditor (201)
[2019.09.23-18.03.08:378][299]LogModuleManager: Shutting down and abandoning module Sequencer (200)
[2019.09.23-18.03.08:378][299]LogModuleManager: Shutting down and abandoning module MessageLog (197)
[2019.09.23-18.03.08:378][299]LogModuleManager: Shutting down and abandoning module SlateReflector (192)
[2019.09.23-18.03.08:378][299]LogModuleManager: Shutting down and abandoning module Slate (190)
[2019.09.23-18.03.08:378][299]LogModuleManager: Shutting down and abandoning module EditorStyle (188)
[2019.09.23-18.03.08:380][299]LogModuleManager: Shutting down and abandoning module UnrealEd (186)
[2019.09.23-18.03.08:380][299]LogModuleManager: Shutting down and abandoning module MRMesh (184)
[2019.09.23-18.03.08:380][299]LogModuleManager: Shutting down and abandoning module SourceCodeAccess (182)
[2019.09.23-18.03.08:380][299]LogModuleManager: Shutting down and abandoning module HeadMountedDisplay (180)
[2019.09.23-18.03.08:380][299]LogModuleManager: Shutting down and abandoning module XAudio2 (178)
[2019.09.23-18.03.08:380][299]LogModuleManager: Shutting down and abandoning module Networking (176)
[2019.09.23-18.03.08:380][299]LogModuleManager: Shutting down and abandoning module Core (174)
[2019.09.23-18.03.08:380][299]LogModuleManager: Shutting down and abandoning module KismetCompiler (172)
[2019.09.23-18.03.08:380][299]LogModuleManager: Shutting down and abandoning module MeshUtilities (170)
[2019.09.23-18.03.08:380][299]LogModuleManager: Shutting down and abandoning module MeshMergeUtilities (169)
[2019.09.23-18.03.08:380][299]LogModuleManager: Shutting down and abandoning module MeshReductionInterface (168)
[2019.09.23-18.03.08:380][299]LogModuleManager: Shutting down and abandoning module SkeletalMeshReduction (167)
[2019.09.23-18.03.08:380][299]LogModuleManager: Shutting down and abandoning module ProxyLODMeshReduction (165)
[2019.09.23-18.03.08:380][299]LogModuleManager: Shutting down and abandoning module QuadricMeshReduction (163)
[2019.09.23-18.03.08:380][299]LogModuleManager: Shutting down and abandoning module MaterialBaking (159)
[2019.09.23-18.03.08:380][299]LogModuleManager: Shutting down and abandoning module DerivedDataCache (154)
[2019.09.23-18.03.08:469][299]LogDerivedDataCache: Shutdown
[2019.09.23-18.03.08:469][299]LogModuleManager: Shutting down and abandoning module XGEController (152)
[2019.09.23-18.03.08:469][299]LogModuleManager: Shutting down and abandoning module TargetPlatform (150)
[2019.09.23-18.03.08:469][299]LogModuleManager: Shutting down and abandoning module VulkanShaderFormat (149)
[2019.09.23-18.03.08:469][299]LogModuleManager: Shutting down and abandoning module ShaderFormatVectorVM (147)
[2019.09.23-18.03.08:469][299]LogModuleManager: Shutting down and abandoning module ShaderFormatOpenGL (145)
[2019.09.23-18.03.08:469][299]LogModuleManager: Shutting down and abandoning module ShaderFormatD3D (143)
[2019.09.23-18.03.08:469][299]LogModuleManager: Shutting down and abandoning module MetalShaderFormat (141)
[2019.09.23-18.03.08:469][299]LogModuleManager: Shutting down and abandoning module TextureFormatUncompressed (139)
[2019.09.23-18.03.08:469][299]LogModuleManager: Shutting down and abandoning module TextureFormatPVR (137)
[2019.09.23-18.03.08:469][299]LogModuleManager: Shutting down and abandoning module TextureFormatDXT (135)
[2019.09.23-18.03.08:469][299]LogModuleManager: Shutting down and abandoning module TextureFormatIntelISPCTexComp (133)
[2019.09.23-18.03.08:469][299]LogModuleManager: Shutting down and abandoning module TextureFormatASTC (131)
[2019.09.23-18.03.08:469][299]LogModuleManager: Shutting down and abandoning module ImageWrapper (130)
[2019.09.23-18.03.08:469][299]LogModuleManager: Shutting down and abandoning module TextureFormatAndroid (127)
[2019.09.23-18.03.08:469][299]LogModuleManager: Shutting down and abandoning module AudioFormatOpus (125)
[2019.09.23-18.03.08:469][299]LogModuleManager: Shutting down and abandoning module AudioFormatOgg (123)
[2019.09.23-18.03.08:469][299]LogModuleManager: Shutting down and abandoning module AudioFormatADPCM (121)
[2019.09.23-18.03.08:469][299]LogModuleManager: Shutting down and abandoning module LuminTargetPlatform (119)
[2019.09.23-18.03.08:470][299]LogModuleManager: Shutting down and abandoning module LinuxTargetPlatform (117)
[2019.09.23-18.03.08:470][299]LogModuleManager: Shutting down and abandoning module LinuxServerTargetPlatform (115)
[2019.09.23-18.03.08:470][299]LogModuleManager: Shutting down and abandoning module LinuxNoEditorTargetPlatform (113)
[2019.09.23-18.03.08:470][299]LogModuleManager: Shutting down and abandoning module LinuxClientTargetPlatform (111)
[2019.09.23-18.03.08:470][299]LogModuleManager: Shutting down and abandoning module TVOSTargetPlatform (109)
[2019.09.23-18.03.08:471][299]LogModuleManager: Shutting down and abandoning module Messaging (107)
[2019.09.23-18.03.08:471][299]LogModuleManager: Shutting down and abandoning module IOSTargetPlatform (105)
[2019.09.23-18.03.08:472][299]LogModuleManager: Shutting down and abandoning module HTML5TargetPlatform (103)
[2019.09.23-18.03.08:472][299]LogModuleManager: Shutting down and abandoning module AndroidTargetPlatform (101)
[2019.09.23-18.03.08:483][299]LogModuleManager: Shutting down and abandoning module WindowsTargetPlatform (99)
[2019.09.23-18.03.08:483][299]LogModuleManager: Shutting down and abandoning module WindowsServerTargetPlatform (97)
[2019.09.23-18.03.08:483][299]LogModuleManager: Shutting down and abandoning module WindowsNoEditorTargetPlatform (95)
[2019.09.23-18.03.08:483][299]LogModuleManager: Shutting down and abandoning module WindowsClientTargetPlatform (93)
[2019.09.23-18.03.08:483][299]LogModuleManager: Shutting down and abandoning module MacTargetPlatform (91)
[2019.09.23-18.03.08:483][299]LogModuleManager: Shutting down and abandoning module MacServerTargetPlatform (89)
[2019.09.23-18.03.08:483][299]LogModuleManager: Shutting down and abandoning module MacNoEditorTargetPlatform (87)
[2019.09.23-18.03.08:483][299]LogModuleManager: Shutting down and abandoning module MacClientTargetPlatform (85)
[2019.09.23-18.03.08:483][299]LogModuleManager: Shutting down and abandoning module AllDesktopTargetPlatform (83)
[2019.09.23-18.03.08:483][299]LogModuleManager: Shutting down and abandoning module InputCore (80)
[2019.09.23-18.03.08:483][299]LogModuleManager: Shutting down and abandoning module Settings (78)
[2019.09.23-18.03.08:483][299]LogModuleManager: Shutting down and abandoning module DirectoryWatcher (76)
[2019.09.23-18.03.08:483][299]LogModuleManager: Shutting down and abandoning module PhysXCooking (74)
[2019.09.23-18.03.08:483][299]LogModuleManager: Shutting down and abandoning module SteamVR (72)
[2019.09.23-18.03.08:484][299]LogHMD: Freeing OpenVRDLLHandle.
[2019.09.23-18.03.08:484][299]LogModuleManager: Shutting down and abandoning module OculusHMD (70)
[2019.09.23-18.03.08:484][299]LogModuleManager: Shutting down and abandoning module ExampleDeviceProfileSelector (68)
[2019.09.23-18.03.08:484][299]LogModuleManager: Shutting down and abandoning module LauncherChunkInstaller (66)
[2019.09.23-18.03.08:484][299]LogModuleManager: Shutting down and abandoning module OnlineBlueprintSupport (64)
[2019.09.23-18.03.08:484][299]LogModuleManager: Shutting down and abandoning module OnlineSubsystem (60)
[2019.09.23-18.03.08:485][299]LogModuleManager: Shutting down and abandoning module XMPP (55)
[2019.09.23-18.03.08:485][299]LogModuleManager: Shutting down and abandoning module WebSockets (54)
[2019.09.23-18.03.08:514][299]LogModuleManager: Shutting down and abandoning module HTTP (51)
[2019.09.23-18.03.08:514][299]LogHttp: Display: Http module shutting down, but needs to wait on 1 outstanding Http requests:
[2019.09.23-18.03.08:514][299]LogHttp: Display: 	verb=[POST] url=[https://datarouter.ol.epicgames.com/datarouter/api/v1/public/data?SessionID=%7BE80E330A-42FD-68E4-62CB-889AE94B4F0C%7D&AppID=UEEditor.Rocket.Release&AppVersion=4.22.0-5660361%2B%2B%2BUE4%2BRelease-4.22&UserID=029eebb64e8ff508ff4d9798ed7bd7c1%7Cbc009d4cc4b14659877bff6daf05e8bf%7Cfb63b9ff-0888-4740-a239-7034cd56560f&AppEnvironment=datacollector-binary&UploadType=eteventstream] status=Processing
[2019.09.23-18.03.08:528][299]LogModuleManager: Shutting down and abandoning module SSL (50)
[2019.09.23-18.03.08:529][299]LogModuleManager: Shutting down and abandoning module WmfMedia (46)
[2019.09.23-18.03.08:531][299]LogModuleManager: Shutting down and abandoning module Media (45)
[2019.09.23-18.03.08:537][299]LogModuleManager: Shutting down and abandoning module MagicLeap (42)
[2019.09.23-18.03.08:537][299]LogModuleManager: Shutting down and abandoning module DatasmithContent (40)
[2019.09.23-18.03.08:538][299]LogModuleManager: Shutting down and abandoning module AnimationModifiers (38)
[2019.09.23-18.03.08:538][299]LogModuleManager: Shutting down and abandoning module PropertyEditor (37)
[2019.09.23-18.03.08:538][299]LogModuleManager: Shutting down and abandoning module AudioEditor (34)
[2019.09.23-18.03.08:538][299]LogModuleManager: Shutting down and abandoning module TextureCompressor (32)
[2019.09.23-18.03.08:538][299]LogModuleManager: Shutting down and abandoning module RenderCore (30)
[2019.09.23-18.03.08:538][299]LogModuleManager: Shutting down and abandoning module Landscape (28)
[2019.09.23-18.03.08:538][299]LogModuleManager: Shutting down and abandoning module SlateRHIRenderer (26)
[2019.09.23-18.03.08:538][299]LogModuleManager: Shutting down and abandoning module OpenGLDrv (24)
[2019.09.23-18.03.08:538][299]LogModuleManager: Shutting down and abandoning module D3D11RHI (22)
[2019.09.23-18.03.08:538][299]LogModuleManager: Shutting down and abandoning module AnimGraphRuntime (20)
[2019.09.23-18.03.08:539][299]LogModuleManager: Shutting down and abandoning module Renderer (18)
[2019.09.23-18.03.08:539][299]LogModuleManager: Shutting down and abandoning module Engine (16)
[2019.09.23-18.03.08:539][299]LogModuleManager: Shutting down and abandoning module CoreUObject (14)
[2019.09.23-18.03.08:539][299]LogModuleManager: Shutting down and abandoning module NetworkFile (12)
[2019.09.23-18.03.08:539][299]LogModuleManager: Shutting down and abandoning module CookedIterativeFile (10)
[2019.09.23-18.03.08:539][299]LogModuleManager: Shutting down and abandoning module StreamingFile (8)
[2019.09.23-18.03.08:539][299]LogModuleManager: Shutting down and abandoning module SandboxFile (6)
[2019.09.23-18.03.08:539][299]LogModuleManager: Shutting down and abandoning module PakFile (4)
[2019.09.23-18.03.08:539][299]LogModuleManager: Shutting down and abandoning module RSA (3)
[2019.09.23-18.03.08:549][299]LogExit: Exiting.
[2019.09.23-18.03.08:593][299]Log file closed, 09/23/19 14:03:08
