  Using 'git status' to determine working set for adaptive non-unity build (E:\AstroSourceGames\F.L.I.G.H.T).
  Creating makefile for FLIGHT (no existing makefile)
  Parsing headers for FLIGHT
    Running UnrealHeaderTool "E:\AstroSourceGames\F.L.I.G.H.T\FLIGHT\FLIGHT.uproject" "E:\AstroSourceGames\F.L.I.G.H.T\FLIGHT\Intermediate\Build\Win64\FLIGHT\DebugGame\FLIGHT.uhtmanifest" -LogCmds="loginit warning, logexit warning, logdatabase error" -Unattended -WarningsAsErrors -installed
  Reflection code generated for FLIGHT in 5.9824748 seconds
  Using Visual Studio 2017 14.16.27023 toolchain (C:\Program Files (x86)\Microsoft Visual Studio\2017\Community\VC\Tools\MSVC\14.16.27023) and Windows 10.0.15063.0 SDK (C:\Program Files (x86)\Windows Kits\10).
  Building 10 actions with 8 processes...
    [1/10] Default.rc2
    [2/10] SharedPCH.Engine.NonOptimized.cpp
    [3/10] MyBlueprintFunctionLibrary.gen.cpp
    [4/10] GamepadDetection.gen.cpp
    [5/10] MyBlueprintFunctionLibrary.cpp
    [6/10] FLIGHT.cpp
    [7/10] FLIGHT.init.gen.cpp
    [8/10] GamepadDetection.cpp
    [9/10] FLIGHT-Win64-DebugGame.exe
       Creating library E:\AstroSourceGames\F.L.I.G.H.T\FLIGHT\Binaries\Win64\FLIGHT-Win64-DebugGame.lib and object E:\AstroSourceGames\F.L.I.G.H.T\FLIGHT\Binaries\Win64\FLIGHT-Win64-DebugGame.exp
    [10/10] FLIGHT-Win64-DebugGame.target
  Total time in Parallel executor: 64.63 seconds
  Total execution time: 73.88 seconds
