"../../../Engine/Content/EditorBlueprintResources/StandardMacros.uasset" 0
"../../../../../AstroSourceGames/F.L.I.G.H.T/FLIGHT/Content/Blueprints/PilotingMode.uasset" 1
"../../../../../AstroSourceGames/F.L.I.G.H.T/FLIGHT/Content/Blueprints/PowerupAbundanceLevel.uasset" 2
"../../../../../AstroSourceGames/F.L.I.G.H.T/FLIGHT/Content/Blueprints/GameSettings_struct.uasset" 3
"../../../../../AstroSourceGames/F.L.I.G.H.T/FLIGHT/Content/Fonts/arizone-pixel.uasset" 4
"../../../../../AstroSourceGames/F.L.I.G.H.T/FLIGHT/Content/Fonts/arizone-unicase.uasset" 5
"../../../../../AstroSourceGames/F.L.I.G.H.T/FLIGHT/Content/Fonts/arizone_Font.uasset" 6
"../../../../../AstroSourceGames/F.L.I.G.H.T/FLIGHT/Content/Fonts/moonhouse.uasset" 7
"../../../../../AstroSourceGames/F.L.I.G.H.T/FLIGHT/Content/Fonts/moonhouse_Font.uasset" 8
"../../../../../AstroSourceGames/F.L.I.G.H.T/FLIGHT/Content/Fonts/stardate.uasset" 9
"../../../../../AstroSourceGames/F.L.I.G.H.T/FLIGHT/Content/Fonts/stardate_Font.uasset" 10
"../../../../../AstroSourceGames/F.L.I.G.H.T/FLIGHT/Content/Widgets/UIArt/small_border.uasset" 11
"../../../../../AstroSourceGames/F.L.I.G.H.T/FLIGHT/Content/Widgets/UIArt/small_border_Mat.uasset" 12
"../../../../../AstroSourceGames/F.L.I.G.H.T/FLIGHT/Content/Widgets/UIArt/borderBlue.uasset" 13
"../../../../../AstroSourceGames/F.L.I.G.H.T/FLIGHT/Content/Widgets/UIArt/borderGreen.uasset" 14
"../../../../../AstroSourceGames/F.L.I.G.H.T/FLIGHT/Content/Widgets/UIArt/borderRed.uasset" 15
"../../../../../AstroSourceGames/F.L.I.G.H.T/FLIGHT/Content/Widgets/UIArt/borderYellow.uasset" 16
"../../../../../AstroSourceGames/F.L.I.G.H.T/FLIGHT/Content/Blueprints/LevelPhase.uasset" 17
"../../../../../AstroSourceGames/F.L.I.G.H.T/FLIGHT/Content/Lander/Textures/ShipYellow.uasset" 18
"../../../../../AstroSourceGames/F.L.I.G.H.T/FLIGHT/Content/Lander/Sprites/legacy_2.uasset" 19
"../../../../../AstroSourceGames/F.L.I.G.H.T/FLIGHT/Content/PowerupPhase/Debris_Types.uasset" 20
"../../../../../AstroSourceGames/F.L.I.G.H.T/FLIGHT/Content/PowerupPhase/missile_object.uasset" 21
"../../../../../AstroSourceGames/F.L.I.G.H.T/FLIGHT/Content/Widgets/UIArt/Battery.uasset" 22
"../../../../../AstroSourceGames/F.L.I.G.H.T/FLIGHT/Content/Widgets/UIArt/FuelCan.uasset" 23
"../../../../../AstroSourceGames/F.L.I.G.H.T/FLIGHT/Content/Widgets/UIArt/lightningShock1.uasset" 24
"../../../../../AstroSourceGames/F.L.I.G.H.T/FLIGHT/Content/Widgets/UIArt/lightningShock2.uasset" 25
"../../../../../AstroSourceGames/F.L.I.G.H.T/FLIGHT/Content/Widgets/UIArt/lightningShock3.uasset" 26
"../../../../../AstroSourceGames/F.L.I.G.H.T/FLIGHT/Content/Widgets/PlayerHUd.uasset" 27
"../../../../../AstroSourceGames/F.L.I.G.H.T/FLIGHT/Content/Blueprints/Competitive_PlayerState.uasset" 28
"../../../../../AstroSourceGames/F.L.I.G.H.T/FLIGHT/Content/Blueprints/Functions.uasset" 29
"../../../../../AstroSourceGames/F.L.I.G.H.T/FLIGHT/Content/Terrain/LandingplatformEpsilon.uasset" 30
"../../../../../AstroSourceGames/F.L.I.G.H.T/FLIGHT/Content/Terrain/LandingPlatform.uasset" 31
"../../../../../AstroSourceGames/F.L.I.G.H.T/FLIGHT/Content/Terrain/LandingPadnoScene.uasset" 32
"../../../../../AstroSourceGames/F.L.I.G.H.T/FLIGHT/Content/In_Map_Objects/Tracking_Camera.uasset" 33
"../../../../../AstroSourceGames/F.L.I.G.H.T/FLIGHT/Content/PowerupPhase/cargo_crate.uasset" 34
"../../../../../AstroSourceGames/F.L.I.G.H.T/FLIGHT/Content/PowerupPhase/Cargo.uasset" 35
"../../Plugins/2D/Paper2D/Content/PlaceholderTextures/DummySpriteTexture.uasset" 36
"../../Plugins/2D/Paper2D/Content/DummySpriteTexture.uasset" 37
"../../Plugins/2D/Paper2D/Content/DefaultSpriteMaterial.uasset" 38
"../../Plugins/2D/Paper2D/Content/TranslucentUnlitSpriteMaterial.uasset" 39
"../../../../../AstroSourceGames/F.L.I.G.H.T/FLIGHT/Content/PowerupPhase/fuel_crate.uasset" 40
"../../../../../AstroSourceGames/F.L.I.G.H.T/FLIGHT/Content/PowerupPhase/fuel_crate_Sprite.uasset" 41
"../../../../../AstroSourceGames/F.L.I.G.H.T/FLIGHT/Content/PowerupPhase/missile_crate.uasset" 42
"../../../../../AstroSourceGames/F.L.I.G.H.T/FLIGHT/Content/PowerupPhase/missile_crate_Sprite.uasset" 43
"../../../../../AstroSourceGames/F.L.I.G.H.T/FLIGHT/Content/Retro_8Bit_Sounds/Collectables/Wavs/retro_collect_pickup_item_18.uasset" 44
"../../../../../AstroSourceGames/F.L.I.G.H.T/FLIGHT/Content/Retro_8Bit_Sounds/Collectables/Wavs/retro_collect_pickup_item_26.uasset" 45
"../../../../../AstroSourceGames/F.L.I.G.H.T/FLIGHT/Content/Retro_8Bit_Sounds/Collectables/Wavs/retro_eat_collect_03.uasset" 46
"../../../../../AstroSourceGames/F.L.I.G.H.T/FLIGHT/Content/PowerupPhase/Interactable_Debris.uasset" 47
"../../../Engine/Content/Functions/Engine_MaterialFunctions01/Gradient/LinearGradient.uasset" 48
"../../../Engine/Content/EditorResources/BadHighlight.uasset" 49
"../../../../../AstroSourceGames/F.L.I.G.H.T/FLIGHT/Content/Materials/LevelBound.uasset" 50
"../../../Engine/Content/Functions/Engine_MaterialFunctions02/Utility/BreakOutFloat3Components.uasset" 51
"../../../Engine/Content/Functions/Engine_MaterialFunctions02/Utility/BreakOutFloat4Components.uasset" 52
"../../../../../AstroSourceGames/F.L.I.G.H.T/FLIGHT/Content/Terrain/Background.uasset" 53
"../../../Engine/Content/Functions/Engine_MaterialFunctions02/Utility/BreakOutFloat2Components.uasset" 54
"../../../Engine/Content/Functions/Engine_MaterialFunctions02/Utility/MakeFloat2.uasset" 55
"../../../Engine/Content/Functions/Engine_MaterialFunctions02/Utility/MakeFloat3.uasset" 56
"../../../../../AstroSourceGames/F.L.I.G.H.T/FLIGHT/Content/Materials/TextureSamples/neonGrid.uasset" 57
"../../../../../AstroSourceGames/F.L.I.G.H.T/FLIGHT/Content/Materials/NeonDream.uasset" 58
"../../../../../AstroSourceGames/F.L.I.G.H.T/FLIGHT/Content/Materials/NeonDream_Wall_Inst.uasset" 59
"../../../Engine/Content/Functions/Engine_MaterialFunctions01/Opacity/CameraDepthFade.uasset" 60
"../../../Engine/Content/EngineMaterials/T_Default_Material_Grid_M.uasset" 61
"../../../Engine/Content/EngineMaterials/T_Default_Material_Grid_N.uasset" 62
"../../../Engine/Content/EngineMaterials/WorldGridMaterial.uasset" 63
"../../../Engine/Content/BasicShapes/Cube.uasset" 64
"../../../../../AstroSourceGames/F.L.I.G.H.T/FLIGHT/Content/Terrain/terrainbackground.uasset" 65
"../../../../../AstroSourceGames/F.L.I.G.H.T/FLIGHT/Content/Terrain/terrainLength.uasset" 66
"../../../../../AstroSourceGames/F.L.I.G.H.T/FLIGHT/Content/Terrain/Terrain.uasset" 67
"../../../Engine/Content/Functions/Engine_MaterialFunctions01/ImageAdjustment/DeriveHDRfromLDR.uasset" 68
"../../../../../AstroSourceGames/F.L.I.G.H.T/FLIGHT/Content/Explosions/Textures/ExplosionPreset_Side_2K.uasset" 69
"../../../../../AstroSourceGames/F.L.I.G.H.T/FLIGHT/Content/Explosions/Mats/Explosive4_M.uasset" 70
"../../../../../AstroSourceGames/F.L.I.G.H.T/FLIGHT/Content/Explosions/Particles/P_Explosive4.uasset" 71
"../../../../../AstroSourceGames/F.L.I.G.H.T/FLIGHT/Content/Lander/DamageType.uasset" 72
"../../../../../AstroSourceGames/F.L.I.G.H.T/FLIGHT/Content/Materials/particleGravity.uasset" 73
"../../../../../AstroSourceGames/F.L.I.G.H.T/FLIGHT/Content/Lander/particleGravity.uasset" 74
"../../../../../AstroSourceGames/F.L.I.G.H.T/FLIGHT/Content/Lander/MissileThrustParticles.uasset" 75
"../../../../../AstroSourceGames/F.L.I.G.H.T/FLIGHT/Content/PowerupPhase/Missile_sprite.uasset" 76
"../../../../../AstroSourceGames/F.L.I.G.H.T/FLIGHT/Content/Retro_8Bit_Sounds/Explosion/Wavs/retro_explosion_deep_12.uasset" 77
"../../../../../AstroSourceGames/F.L.I.G.H.T/FLIGHT/Content/PowerupPhase/Missile_Weapon.uasset" 78
"../../../../../AstroSourceGames/F.L.I.G.H.T/FLIGHT/Content/Materials/EmmisiveBasic.uasset" 79
"../../../../../AstroSourceGames/F.L.I.G.H.T/FLIGHT/Content/Terrain/EmmisiveBasic.uasset" 80
"../../../../../AstroSourceGames/F.L.I.G.H.T/FLIGHT/Content/Terrain/EmmisiveBasic_Inst.uasset" 81
"../../../../../AstroSourceGames/F.L.I.G.H.T/FLIGHT/Content/Terrain/TerrainMesh.uasset" 82
"../../../Engine/Content/BasicShapes/BasicShapeMaterial.uasset" 83
"../../../../../AstroSourceGames/F.L.I.G.H.T/FLIGHT/Content/Widgets/UIArt/targettingRing.uasset" 84
"../../../../../AstroSourceGames/F.L.I.G.H.T/FLIGHT/Content/Materials/missileTarget.uasset" 85
"../../../Engine/Content/BasicShapes/Plane.uasset" 86
"../../../../../AstroSourceGames/F.L.I.G.H.T/FLIGHT/Content/Explosions/Textures/smoothNormalSphere.uasset" 87
"../../../../../AstroSourceGames/F.L.I.G.H.T/FLIGHT/Content/Explosions/Textures/water_n.uasset" 88
"../../../../../AstroSourceGames/F.L.I.G.H.T/FLIGHT/Content/Explosions/Mats/Distortion2.uasset" 89
"../../../../../AstroSourceGames/F.L.I.G.H.T/FLIGHT/Content/Explosions/Textures/Mushroom1top_2K.uasset" 90
"../../../../../AstroSourceGames/F.L.I.G.H.T/FLIGHT/Content/Explosions/Mats/Explosive11_M.uasset" 91
"../../../../../AstroSourceGames/F.L.I.G.H.T/FLIGHT/Content/Explosions/Mats/RadialRamp_Mat.uasset" 92
"../../../Engine/Content/Functions/Engine_MaterialFunctions01/ImageAdjustment/CheapContrast.uasset" 93
"../../../Engine/Content/Functions/Engine_MaterialFunctions02/Math/MultiplyAdd.uasset" 94
"../../../../../AstroSourceGames/F.L.I.G.H.T/FLIGHT/Content/Explosions/Textures/SmokeTiled3.uasset" 95
"../../../../../AstroSourceGames/F.L.I.G.H.T/FLIGHT/Content/Explosions/Textures/SmokeTiled3_Normal.uasset" 96
"../../../../../AstroSourceGames/F.L.I.G.H.T/FLIGHT/Content/Explosions/Mats/RibbonSmoke1_M.uasset" 97
"../../../../../AstroSourceGames/F.L.I.G.H.T/FLIGHT/Content/Explosions/Textures/SquareSpark2.uasset" 98
"../../../../../AstroSourceGames/F.L.I.G.H.T/FLIGHT/Content/Explosions/Mats/ThickSpark_M.uasset" 99
"../../../../../AstroSourceGames/F.L.I.G.H.T/FLIGHT/Content/Explosions/Textures/Noise_cloudsmed.uasset" 100
"../../../../../AstroSourceGames/F.L.I.G.H.T/FLIGHT/Content/Explosions/Mats/Shocktorus.uasset" 101
"../../../../../AstroSourceGames/F.L.I.G.H.T/FLIGHT/Content/Explosions/Mesh/shockball3.uasset" 102
"../../../../../AstroSourceGames/F.L.I.G.H.T/FLIGHT/Content/Explosions/VF/Fireball1_VF16.uasset" 103
"../../../../../AstroSourceGames/F.L.I.G.H.T/FLIGHT/Content/Explosions/Particles/P_ImpactExplosion2.uasset" 104
"../../../../../AstroSourceGames/F.L.I.G.H.T/FLIGHT/Content/Lander/GravityWellParticlesS.uasset" 105
"../../../../../AstroSourceGames/F.L.I.G.H.T/FLIGHT/Content/Lander/GravityWellSound.uasset" 106
"../../../../../AstroSourceGames/F.L.I.G.H.T/FLIGHT/Content/Materials/ThrustMaterial.uasset" 107
"../../../../../AstroSourceGames/F.L.I.G.H.T/FLIGHT/Content/Lander/ThrustMaterial.uasset" 108
"../../../../../AstroSourceGames/F.L.I.G.H.T/FLIGHT/Content/Lander/ImpactParticle.uasset" 109
"../../../../../AstroSourceGames/F.L.I.G.H.T/FLIGHT/Content/Lander/LanderThrustParticles.uasset" 110
"../../../../../AstroSourceGames/F.L.I.G.H.T/FLIGHT/Content/Lander/RocketThrustSoundProfile2ElectricBoogaloo.uasset" 111
"../../../../../AstroSourceGames/F.L.I.G.H.T/FLIGHT/Content/Lander/RocketThrustSoundProfile2ElectricBoogaloo_Cue.uasset" 112
"../../../../../AstroSourceGames/F.L.I.G.H.T/FLIGHT/Content/Lander/Textures/thrustersprite_large_1.uasset" 113
"../../../../../AstroSourceGames/F.L.I.G.H.T/FLIGHT/Content/Lander/Sprites/FlipBooksandOlderSprites/thruster_large_1.uasset" 114
"../../../../../AstroSourceGames/F.L.I.G.H.T/FLIGHT/Content/Lander/Textures/thrustersprite_medium.uasset" 115
"../../../../../AstroSourceGames/F.L.I.G.H.T/FLIGHT/Content/Lander/Sprites/FlipBooksandOlderSprites/thruster_medium.uasset" 116
"../../../../../AstroSourceGames/F.L.I.G.H.T/FLIGHT/Content/Lander/Textures/thrustersprite_small.uasset" 117
"../../../../../AstroSourceGames/F.L.I.G.H.T/FLIGHT/Content/Lander/Sprites/FlipBooksandOlderSprites/thruster_small.uasset" 118
"../../../../../AstroSourceGames/F.L.I.G.H.T/FLIGHT/Content/Lander/Sprites/FlipBooksandOlderSprites/ThrusterPowerUp.uasset" 119
"../../../../../AstroSourceGames/F.L.I.G.H.T/FLIGHT/Content/Lander/Textures/thrustersprite_large_2.uasset" 120
"../../../../../AstroSourceGames/F.L.I.G.H.T/FLIGHT/Content/Lander/Sprites/FlipBooksandOlderSprites/thruster_large_2.uasset" 121
"../../../../../AstroSourceGames/F.L.I.G.H.T/FLIGHT/Content/Lander/Textures/thrustersprite_large_3.uasset" 122
"../../../../../AstroSourceGames/F.L.I.G.H.T/FLIGHT/Content/Lander/Sprites/FlipBooksandOlderSprites/thruster_large_3.uasset" 123
"../../../../../AstroSourceGames/F.L.I.G.H.T/FLIGHT/Content/Lander/Sprites/FlipBooksandOlderSprites/ThrusterSustained.uasset" 124
"../../../../../AstroSourceGames/F.L.I.G.H.T/FLIGHT/Content/Lander/Textures/ShipRed.uasset" 125
"../../../../../AstroSourceGames/F.L.I.G.H.T/FLIGHT/Content/Lander/Sprites/ShipRed.uasset" 126
"../../../Engine/Content/EngineSounds/Master.uasset" 127
"../../../Engine/Content/EngineSounds/Normal_Attack.uasset" 128
"../../../Engine/Content/EngineSounds/Duck_Normal_Attack_MixMod.uasset" 129
"../../../Engine/Content/EngineSounds/Special_Attack_PSM.uasset" 130
"../../../Engine/Content/EngineSounds/SFX.uasset" 131
"../../../../../AstroSourceGames/F.L.I.G.H.T/FLIGHT/Content/MasterSound.uasset" 132
"../../../../../AstroSourceGames/F.L.I.G.H.T/FLIGHT/Content/Retro_8Bit_Sounds/Explosion/Wavs/retro_explosion_bass_08.uasset" 133
"../../../../../AstroSourceGames/F.L.I.G.H.T/FLIGHT/Content/Retro_8Bit_Sounds/Impacts/Wavs/retro_impact_colorful_01.uasset" 134
"../../../../../AstroSourceGames/F.L.I.G.H.T/FLIGHT/Content/Retro_8Bit_Sounds/Impacts/Wavs/retro_impact_colorful_05.uasset" 135
"../../../../../AstroSourceGames/F.L.I.G.H.T/FLIGHT/Content/Retro_8Bit_Sounds/Impacts/Wavs/retro_impact_colorful_06.uasset" 136
"../../../../../AstroSourceGames/F.L.I.G.H.T/FLIGHT/Content/Terrain/Cube.uasset" 137
"../../../../../AstroSourceGames/F.L.I.G.H.T/FLIGHT/Content/Widgets/UIArt/2-TeamArrow.uasset" 138
"../../../../../AstroSourceGames/F.L.I.G.H.T/FLIGHT/Content/Widgets/UIArt/3-TeamArrow.uasset" 139
"../../../../../AstroSourceGames/F.L.I.G.H.T/FLIGHT/Content/Widgets/UIArt/5-TeamArrow.uasset" 140
"../../../../../AstroSourceGames/F.L.I.G.H.T/FLIGHT/Content/Widgets/UIArt/TeamArrow.uasset" 141
"../../../../../AstroSourceGames/F.L.I.G.H.T/FLIGHT/Content/Lander/Lander.uasset" 142
"../../../../../AstroSourceGames/F.L.I.G.H.T/FLIGHT/Content/Fonts/NebulousRegular-54aV.uasset" 143
"../../../../../AstroSourceGames/F.L.I.G.H.T/FLIGHT/Content/Fonts/Nebulous_Font.uasset" 144
"../../../../../AstroSourceGames/F.L.I.G.H.T/FLIGHT/Content/Widgets/UIArt/ButtonPrompts/XboxOne_A.uasset" 145
"../../../../../AstroSourceGames/F.L.I.G.H.T/FLIGHT/Content/Widgets/UIArt/IMG_4178-1.uasset" 146
"../../../../../AstroSourceGames/F.L.I.G.H.T/FLIGHT/Content/Widgets/ConfirmScreenResoltuion.uasset" 147
"../../../../../AstroSourceGames/F.L.I.G.H.T/FLIGHT/Content/Widgets/UIArt/Alert.uasset" 148
"../../../../../AstroSourceGames/F.L.I.G.H.T/FLIGHT/Content/Widgets/SharedHUD.uasset" 149
"../../../../../AstroSourceGames/F.L.I.G.H.T/FLIGHT/Content/Widgets/UIArt/lightshaft1.uasset" 150
"../../../../../AstroSourceGames/F.L.I.G.H.T/FLIGHT/Content/Widgets/UIArt/lightshaft2_medium.uasset" 151
"../../../../../AstroSourceGames/F.L.I.G.H.T/FLIGHT/Content/Widgets/UIArt/lightshaft3_short.uasset" 152
"../../../../../AstroSourceGames/F.L.I.G.H.T/FLIGHT/Content/Widgets/LightShaft.uasset" 153
"../../../../../AstroSourceGames/F.L.I.G.H.T/FLIGHT/Content/Widgets/Music/MegaGameMusicCollection/SpaceAdventureMusicPack/Wavs/Freedom.uasset" 154
"../../../../../AstroSourceGames/F.L.I.G.H.T/FLIGHT/Content/Widgets/EngineSettings.uasset" 155
"../../../../../AstroSourceGames/F.L.I.G.H.T/FLIGHT/Content/Widgets/W_basic_text.uasset" 156
"../../../../../AstroSourceGames/F.L.I.G.H.T/FLIGHT/Content/Widgets/W_highlight_text.uasset" 157
"../../../../../AstroSourceGames/F.L.I.G.H.T/FLIGHT/Content/Widgets/UIArt/BlackScreen.uasset" 158
"../../../../../AstroSourceGames/F.L.I.G.H.T/FLIGHT/Content/Retro_8Bit_Sounds/Menu_UI_Beeps/Wavs/retro_ui_menu_simple_click_03.uasset" 159
"../../../../../AstroSourceGames/F.L.I.G.H.T/FLIGHT/Content/Retro_8Bit_Sounds/Menu_UI_Beeps/Wavs/retro_ui_menu_simple_click_12.uasset" 160
"../../../../../AstroSourceGames/F.L.I.G.H.T/FLIGHT/Content/Widgets/UIArt/IMG_4180.uasset" 161
"../../../../../AstroSourceGames/F.L.I.G.H.T/FLIGHT/Content/Retro_8Bit_Sounds/Menu_UI_Beeps/Wavs/retro_ui_menu_blip_click_05.uasset" 162
"../../../../../AstroSourceGames/F.L.I.G.H.T/FLIGHT/Content/Retro_8Bit_Sounds/Menu_UI_Beeps/Wavs/retro_ui_menu_popup_15.uasset" 163
"../../../../../AstroSourceGames/F.L.I.G.H.T/FLIGHT/Content/Retro_8Bit_Sounds/Menu_UI_Beeps/Wavs/retro_ui_menu_simple_click_01.uasset" 164
"../../../../../AstroSourceGames/F.L.I.G.H.T/FLIGHT/Content/Widgets/UIArt/buttonoutline.uasset" 165
"../../../../../AstroSourceGames/F.L.I.G.H.T/FLIGHT/Content/Widgets/UIArt/FLIGHT_main_menu1.uasset" 166
"../../../../../AstroSourceGames/F.L.I.G.H.T/FLIGHT/Content/Widgets/UIArt/FLIGHT_main_menu10.uasset" 167
"../../../../../AstroSourceGames/F.L.I.G.H.T/FLIGHT/Content/Widgets/UIArt/FLIGHT_main_menu11.uasset" 168
"../../../../../AstroSourceGames/F.L.I.G.H.T/FLIGHT/Content/Widgets/UIArt/FLIGHT_main_menu12.uasset" 169
"../../../../../AstroSourceGames/F.L.I.G.H.T/FLIGHT/Content/Widgets/UIArt/FLIGHT_main_menu13.uasset" 170
"../../../../../AstroSourceGames/F.L.I.G.H.T/FLIGHT/Content/Widgets/UIArt/FLIGHT_main_menu14.uasset" 171
"../../../../../AstroSourceGames/F.L.I.G.H.T/FLIGHT/Content/Widgets/UIArt/FLIGHT_main_menu2.uasset" 172
"../../../../../AstroSourceGames/F.L.I.G.H.T/FLIGHT/Content/Widgets/UIArt/FLIGHT_main_menu5.uasset" 173
"../../../../../AstroSourceGames/F.L.I.G.H.T/FLIGHT/Content/Widgets/UIArt/FLIGHT_main_menu6.uasset" 174
"../../../../../AstroSourceGames/F.L.I.G.H.T/FLIGHT/Content/Widgets/UIArt/FLIGHT_main_menu7.uasset" 175
"../../../../../AstroSourceGames/F.L.I.G.H.T/FLIGHT/Content/Widgets/UIArt/FLIGHT_main_menu8.uasset" 176
"../../../../../AstroSourceGames/F.L.I.G.H.T/FLIGHT/Content/Widgets/UIArt/FLIGHT_main_menu9.uasset" 177
"../../../../../AstroSourceGames/F.L.I.G.H.T/FLIGHT/Content/Widgets/W_BasicButton.uasset" 178
"../../../../../AstroSourceGames/F.L.I.G.H.T/FLIGHT/Content/Widgets/Pause_Menu.uasset" 179
"../../../../../AstroSourceGames/F.L.I.G.H.T/FLIGHT/Content/Widgets/PilotModeInfo.uasset" 180
"../../../../../AstroSourceGames/F.L.I.G.H.T/FLIGHT/Content/Widgets/ToolTips.uasset" 181
"../../../../../AstroSourceGames/F.L.I.G.H.T/FLIGHT/Content/Widgets/UIArt/0difficulty.uasset" 182
"../../../../../AstroSourceGames/F.L.I.G.H.T/FLIGHT/Content/Widgets/UIArt/1difficulty.uasset" 183
"../../../../../AstroSourceGames/F.L.I.G.H.T/FLIGHT/Content/Widgets/UIArt/2difficulty.uasset" 184
"../../../../../AstroSourceGames/F.L.I.G.H.T/FLIGHT/Content/Widgets/UIArt/3difficulty.uasset" 185
"../../../../../AstroSourceGames/F.L.I.G.H.T/FLIGHT/Content/Widgets/UIArt/4difficulty.uasset" 186
"../../../../../AstroSourceGames/F.L.I.G.H.T/FLIGHT/Content/Widgets/UIArt/5difficulty.uasset" 187
"../../../../../AstroSourceGames/F.L.I.G.H.T/FLIGHT/Content/Widgets/UIArt/board.uasset" 188
"../../../../../AstroSourceGames/F.L.I.G.H.T/FLIGHT/Content/Widgets/UIArt/ButtonPrompts/Directional_Arrow_Horizontal.uasset" 189
"../../../../../AstroSourceGames/F.L.I.G.H.T/FLIGHT/Content/Widgets/UIArt/ButtonPrompts/Directional_Arrow_Vertical.uasset" 190
"../../../../../AstroSourceGames/F.L.I.G.H.T/FLIGHT/Content/Widgets/UIArt/ButtonPrompts/Keyboard_Black_A.uasset" 191
"../../../../../AstroSourceGames/F.L.I.G.H.T/FLIGHT/Content/Widgets/UIArt/ButtonPrompts/Keyboard_Black_Arrow_Down.uasset" 192
"../../../../../AstroSourceGames/F.L.I.G.H.T/FLIGHT/Content/Widgets/UIArt/ButtonPrompts/Keyboard_Black_Arrow_Up.uasset" 193
"../../../../../AstroSourceGames/F.L.I.G.H.T/FLIGHT/Content/Widgets/UIArt/ButtonPrompts/Keyboard_Black_C.uasset" 194
"../../../../../AstroSourceGames/F.L.I.G.H.T/FLIGHT/Content/Widgets/UIArt/ButtonPrompts/Keyboard_Black_D.uasset" 195
"../../../../../AstroSourceGames/F.L.I.G.H.T/FLIGHT/Content/Widgets/UIArt/ButtonPrompts/Keyboard_Black_E.uasset" 196
"../../../../../AstroSourceGames/F.L.I.G.H.T/FLIGHT/Content/Widgets/UIArt/ButtonPrompts/Keyboard_Black_Enter.uasset" 197
"../../../../../AstroSourceGames/F.L.I.G.H.T/FLIGHT/Content/Widgets/UIArt/ButtonPrompts/Keyboard_Black_F.uasset" 198
"../../../../../AstroSourceGames/F.L.I.G.H.T/FLIGHT/Content/Widgets/UIArt/ButtonPrompts/Keyboard_Black_Q.uasset" 199
"../../../../../AstroSourceGames/F.L.I.G.H.T/FLIGHT/Content/Widgets/UIArt/ButtonPrompts/Keyboard_Black_Shift.uasset" 200
"../../../../../AstroSourceGames/F.L.I.G.H.T/FLIGHT/Content/Widgets/UIArt/ButtonPrompts/Keyboard_Black_Space.uasset" 201
"../../../../../AstroSourceGames/F.L.I.G.H.T/FLIGHT/Content/Widgets/UIArt/ButtonPrompts/Keyboard_Black_W.uasset" 202
"../../../../../AstroSourceGames/F.L.I.G.H.T/FLIGHT/Content/Widgets/UIArt/ButtonPrompts/Keyboard_Black_X.uasset" 203
"../../../../../AstroSourceGames/F.L.I.G.H.T/FLIGHT/Content/Widgets/UIArt/ButtonPrompts/XboxOne_B.uasset" 204
"../../../../../AstroSourceGames/F.L.I.G.H.T/FLIGHT/Content/Widgets/UIArt/ButtonPrompts/XboxOne_LB.uasset" 205
"../../../../../AstroSourceGames/F.L.I.G.H.T/FLIGHT/Content/Widgets/UIArt/ButtonPrompts/XboxOne_Left_Stick.uasset" 206
"../../../../../AstroSourceGames/F.L.I.G.H.T/FLIGHT/Content/Widgets/UIArt/ButtonPrompts/XboxOne_LT.uasset" 207
"../../../../../AstroSourceGames/F.L.I.G.H.T/FLIGHT/Content/Widgets/UIArt/ButtonPrompts/XboxOne_RB.uasset" 208
"../../../../../AstroSourceGames/F.L.I.G.H.T/FLIGHT/Content/Widgets/UIArt/ButtonPrompts/XboxOne_RT.uasset" 209
"../../../../../AstroSourceGames/F.L.I.G.H.T/FLIGHT/Content/Widgets/UIArt/ButtonPrompts/XboxOne_X.uasset" 210
"../../../../../AstroSourceGames/F.L.I.G.H.T/FLIGHT/Content/Widgets/UIArt/ButtonPrompts/XboxOne_Y.uasset" 211
"../../../../../AstroSourceGames/F.L.I.G.H.T/FLIGHT/Content/Widgets/UIArt/clip.uasset" 212
"../../../../../AstroSourceGames/F.L.I.G.H.T/FLIGHT/Content/Widgets/UIArt/paper.uasset" 213
"../../../../../AstroSourceGames/F.L.I.G.H.T/FLIGHT/Content/Widgets/OptionsMenu2.uasset" 214
"../../../../../AstroSourceGames/F.L.I.G.H.T/FLIGHT/Content/Widgets/UIArt/IMG_4181.uasset" 215
"../../../../../AstroSourceGames/F.L.I.G.H.T/FLIGHT/Content/Widgets/StartScreen_3.uasset" 216
"../../../../../AstroSourceGames/F.L.I.G.H.T/FLIGHT/Content/Lander/Textures/ShipAqua.uasset" 217
"../../../../../AstroSourceGames/F.L.I.G.H.T/FLIGHT/Content/Widgets/UIArt/A_Button.uasset" 218
"../../../../../AstroSourceGames/F.L.I.G.H.T/FLIGHT/Content/Widgets/UIArt/arrow2.uasset" 219
"../../../../../AstroSourceGames/F.L.I.G.H.T/FLIGHT/Content/Widgets/UIArt/arrow4.uasset" 220
"../../../../../AstroSourceGames/F.L.I.G.H.T/FLIGHT/Content/Widgets/UIArt/left_arrow.uasset" 221
"../../../../../AstroSourceGames/F.L.I.G.H.T/FLIGHT/Content/Widgets/W_BasicArrowRight.uasset" 222
"../../../../../AstroSourceGames/F.L.I.G.H.T/FLIGHT/Content/Widgets/W_PlayerSelector.uasset" 223
"../../../../../AstroSourceGames/F.L.I.G.H.T/FLIGHT/Content/Lander/Textures/ShipBlue.uasset" 224
"../../../../../AstroSourceGames/F.L.I.G.H.T/FLIGHT/Content/Lander/Sprites/FlipBooksandOlderSprites/ShipBlue.uasset" 225
"../../../../../AstroSourceGames/F.L.I.G.H.T/FLIGHT/Content/Lander/Textures/ShipMagenta.uasset" 226
"../../../../../AstroSourceGames/F.L.I.G.H.T/FLIGHT/Content/Lander/Sprites/FlipBooksandOlderSprites/ShipMagenta.uasset" 227
"../../../../../AstroSourceGames/F.L.I.G.H.T/FLIGHT/Content/Lander/Textures/ShipPurple.uasset" 228
"../../../../../AstroSourceGames/F.L.I.G.H.T/FLIGHT/Content/Lander/Sprites/FlipBooksandOlderSprites/ShipPurple.uasset" 229
"../../../../../AstroSourceGames/F.L.I.G.H.T/FLIGHT/Content/Lander/Sprites/ShipAq.uasset" 230
"../../../../../AstroSourceGames/F.L.I.G.H.T/FLIGHT/Content/Lander/Textures/ShipGreen.uasset" 231
"../../../../../AstroSourceGames/F.L.I.G.H.T/FLIGHT/Content/Lander/Textures/3-Landermodule.uasset" 232
"../../../../../AstroSourceGames/F.L.I.G.H.T/FLIGHT/Content/Lander/3-Landermodule.uasset" 233
"../../../../../AstroSourceGames/F.L.I.G.H.T/FLIGHT/Content/Lander/Sprites/ShipGreen.uasset" 234
"../../../../../AstroSourceGames/F.L.I.G.H.T/FLIGHT/Content/Lander/Textures/2-Landermodule.uasset" 235
"../../../../../AstroSourceGames/F.L.I.G.H.T/FLIGHT/Content/Lander/2-Landermodule.uasset" 236
"../../../../../AstroSourceGames/F.L.I.G.H.T/FLIGHT/Content/Lander/Sprites/ShipYellow.uasset" 237
"../../../../../AstroSourceGames/F.L.I.G.H.T/FLIGHT/Content/Retro_8Bit_Sounds/Menu_UI_Beeps/Wavs/retro_simple_beep_12.uasset" 238
"../../../../../AstroSourceGames/F.L.I.G.H.T/FLIGHT/Content/Widgets/UIArt/B_button.uasset" 239
"../../../../../AstroSourceGames/F.L.I.G.H.T/FLIGHT/Content/Widgets/PlayerRegistryScreen.uasset" 240
"../../../../../AstroSourceGames/F.L.I.G.H.T/FLIGHT/Content/Widgets/EHostility.uasset" 241
"../../../../../AstroSourceGames/F.L.I.G.H.T/FLIGHT/Content/Widgets/ETerrainType.uasset" 242
"../../../../../AstroSourceGames/F.L.I.G.H.T/FLIGHT/Content/Widgets/EWeatherEffect.uasset" 243
"../../../../../AstroSourceGames/F.L.I.G.H.T/FLIGHT/Content/Widgets/PlanetData.uasset" 244
"../../../../../AstroSourceGames/F.L.I.G.H.T/FLIGHT/Content/Widgets/PlanetButton.uasset" 245
"../../../../../AstroSourceGames/F.L.I.G.H.T/FLIGHT/Content/Widgets/UIArt/capital_ship1.uasset" 246
"../../../../../AstroSourceGames/F.L.I.G.H.T/FLIGHT/Content/Widgets/UIArt/earth_minimal.uasset" 247
"../../../../../AstroSourceGames/F.L.I.G.H.T/FLIGHT/Content/Widgets/UIArt/LockedLevel.uasset" 248
"../../../../../AstroSourceGames/F.L.I.G.H.T/FLIGHT/Content/Widgets/UIArt/mars_minimal2.uasset" 249
"../../../../../AstroSourceGames/F.L.I.G.H.T/FLIGHT/Content/Widgets/UIArt/moon_minimal3.uasset" 250
"../../../../../AstroSourceGames/F.L.I.G.H.T/FLIGHT/Content/Widgets/MapSelectScreen.uasset" 251
"../../../../../AstroSourceGames/F.L.I.G.H.T/FLIGHT/Content/Widgets/W_end_screen_text.uasset" 252
"../../../../../AstroSourceGames/F.L.I.G.H.T/FLIGHT/Content/Widgets/Crashed.uasset" 253
"../../../../../AstroSourceGames/F.L.I.G.H.T/FLIGHT/Content/Widgets/UIArt/button_larger.uasset" 254
"../../../../../AstroSourceGames/F.L.I.G.H.T/FLIGHT/Content/Widgets/RoundEndScreen.uasset" 255
"../../../../../AstroSourceGames/F.L.I.G.H.T/FLIGHT/Content/Lander/Lander_PC.uasset" 256
"../../../../../AstroSourceGames/F.L.I.G.H.T/FLIGHT/Content/Blueprints/MenuGameMode.uasset" 257
"../../../../../AstroSourceGames/F.L.I.G.H.T/FLIGHT/Content/Blueprints/SettingsSaved.uasset" 258
"../../../../../AstroSourceGames/F.L.I.G.H.T/FLIGHT/Content/In_Map_Objects/Static_Camera.uasset" 259
"../../../Engine/Content/Functions/Engine_MaterialFunctions01/Texturing/DetailTexturing.uasset" 260
"../../../Engine/Content/Functions/Engine_MaterialFunctions02/Utility/AppendMany.uasset" 261
"../../../../../AstroSourceGames/F.L.I.G.H.T/FLIGHT/Content/In_Map_Objects/Environment_Set/Environment/Rocks/Textures/T_atlas_mid_rocks_BC.uasset" 262
"../../../../../AstroSourceGames/F.L.I.G.H.T/FLIGHT/Content/In_Map_Objects/Environment_Set/Environment/Rocks/Textures/T_atlas_mid_rocks_MT_R_AO.uasset" 263
"../../../../../AstroSourceGames/F.L.I.G.H.T/FLIGHT/Content/In_Map_Objects/Environment_Set/Environment/Rocks/Textures/T_atlas_mid_rocks_N.uasset" 264
"../../../../../AstroSourceGames/F.L.I.G.H.T/FLIGHT/Content/In_Map_Objects/Environment_Set/Environment/Rocks/Textures/T_uvfree_rock_07_BC_H.uasset" 265
"../../../../../AstroSourceGames/F.L.I.G.H.T/FLIGHT/Content/In_Map_Objects/Environment_Set/Environment/Rocks/Textures/T_uvfree_rock_07_N.uasset" 266
"../../../../../AstroSourceGames/F.L.I.G.H.T/FLIGHT/Content/In_Map_Objects/Environment_Set/Environment/Rocks/Materials/M_Rocks.uasset" 267
"../../../../../AstroSourceGames/F.L.I.G.H.T/FLIGHT/Content/In_Map_Objects/Environment_Set/Environment/Rocks/Textures/T_big_rock_03_BC.uasset" 268
"../../../../../AstroSourceGames/F.L.I.G.H.T/FLIGHT/Content/In_Map_Objects/Environment_Set/Environment/Rocks/Textures/T_big_rock_03_MT_R_AO.uasset" 269
"../../../../../AstroSourceGames/F.L.I.G.H.T/FLIGHT/Content/In_Map_Objects/Environment_Set/Environment/Rocks/Textures/T_big_rock_03_N.uasset" 270
"../../../../../AstroSourceGames/F.L.I.G.H.T/FLIGHT/Content/In_Map_Objects/Environment_Set/Environment/Rocks/Materials/MI_Rocks_Big_03.uasset" 271
"../../../../../AstroSourceGames/F.L.I.G.H.T/FLIGHT/Content/In_Map_Objects/Environment_Set/Environment/Rocks/Models/SM_Big_Rock_03.uasset" 272
"../../../../../AstroSourceGames/F.L.I.G.H.T/FLIGHT/Content/In_Map_Objects/Asteroid.uasset" 273
"../../../../../AstroSourceGames/F.L.I.G.H.T/FLIGHT/Content/Explosions/DemoRoom/Textures/T_UnrealEngineDecal.uasset" 274
"../../../../../AstroSourceGames/F.L.I.G.H.T/FLIGHT/Content/Explosions/DemoRoom/Materials/M_Glass.uasset" 275
"../../../../../AstroSourceGames/F.L.I.G.H.T/FLIGHT/Content/Materials/OverExposure.uasset" 276
"../../../../../AstroSourceGames/F.L.I.G.H.T/FLIGHT/Content/In_Map_Objects/CapitalShip/OverExposure.uasset" 277
"../../../Engine/Content/Functions/Engine_MaterialFunctions02/Texturing/CustomRotator.uasset" 278
"../../../Engine/Content/EngineMaterials/DefaultDiffuse.uasset" 279
"../../../Engine/Content/Functions/Engine_MaterialFunctions01/Texturing/WorldAlignedTexture.uasset" 280
"../../../../../AstroSourceGames/F.L.I.G.H.T/FLIGHT/Content/In_Map_Objects/AutomotiveMaterials/Textures/Wheel/T_WheelHub_R.uasset" 281
"../../../../../AstroSourceGames/F.L.I.G.H.T/FLIGHT/Content/In_Map_Objects/AutomotiveMaterials/Materials/Metal/M_Metal.uasset" 282
"../../../../../AstroSourceGames/F.L.I.G.H.T/FLIGHT/Content/In_Map_Objects/AutomotiveMaterials/Materials/Metal/MI_Metal_Chrome_Dirt_02_Medium.uasset" 283
"../../../Engine/Content/EngineMaterials/DefaultMaterial.uasset" 284
"../../../Engine/Content/EngineMeshes/Cube.uasset" 285
"../../../../../AstroSourceGames/F.L.I.G.H.T/FLIGHT/Content/In_Map_Objects/CockpitWindowMesh.uasset" 286
"../../../../../AstroSourceGames/F.L.I.G.H.T/FLIGHT/Content/In_Map_Objects/CapitalShip/CockpitView.uasset" 287
"../../../../../AstroSourceGames/F.L.I.G.H.T/FLIGHT/Content/In_Map_Objects/AutomotiveMaterials/Materials/Metal/MI_Metal_Anodized_Dirt_01_Bright.uasset" 288
"../../../../../AstroSourceGames/F.L.I.G.H.T/FLIGHT/Content/In_Map_Objects/AutomotiveMaterials/Materials/Metal/MI_Metal_Chrome_03_Dark.uasset" 289
"../../../../../AstroSourceGames/F.L.I.G.H.T/FLIGHT/Content/In_Map_Objects/AutomotiveMaterials/Materials/Metal/SolarPanelMat.uasset" 290
"../../../../../AstroSourceGames/F.L.I.G.H.T/FLIGHT/Content/Explosions/Textures/Explodebase1Top_2K.uasset" 291
"../../../../../AstroSourceGames/F.L.I.G.H.T/FLIGHT/Content/Explosions/Mats/Explosive2_M.uasset" 292
"../../../../../AstroSourceGames/F.L.I.G.H.T/FLIGHT/Content/Explosions/Particles/P_Explosive2.uasset" 293
"../../../../../AstroSourceGames/F.L.I.G.H.T/FLIGHT/Content/Explosions/Textures/ExplosionPreset_Bot_2K.uasset" 294
"../../../../../AstroSourceGames/F.L.I.G.H.T/FLIGHT/Content/Explosions/Mats/Explosive3_M.uasset" 295
"../../../../../AstroSourceGames/F.L.I.G.H.T/FLIGHT/Content/Explosions/Particles/P_Explosive3.uasset" 296
"../../../../../AstroSourceGames/F.L.I.G.H.T/FLIGHT/Content/Explosions/Textures/ExplosionPreset_Top_2K.uasset" 297
"../../../../../AstroSourceGames/F.L.I.G.H.T/FLIGHT/Content/Explosions/Mats/Explosive5_M.uasset" 298
"../../../../../AstroSourceGames/F.L.I.G.H.T/FLIGHT/Content/Explosions/Particles/P_Explosive5.uasset" 299
"../../../../../AstroSourceGames/F.L.I.G.H.T/FLIGHT/Content/Explosions/Textures/Fireballs1SideB_2K.uasset" 300
"../../../../../AstroSourceGames/F.L.I.G.H.T/FLIGHT/Content/Explosions/Mats/Explosive6_M.uasset" 301
"../../../../../AstroSourceGames/F.L.I.G.H.T/FLIGHT/Content/Explosions/Particles/P_Explosive6.uasset" 302
"../../../../../AstroSourceGames/F.L.I.G.H.T/FLIGHT/Content/Explosions/Mesh/disc2.uasset" 303
"../../../../../AstroSourceGames/F.L.I.G.H.T/FLIGHT/Content/Explosions/Particles/P_shockwave5.uasset" 304
"../../../../../AstroSourceGames/F.L.I.G.H.T/FLIGHT/Content/In_Map_Objects/CapitalShip/IrisThrustParticles.uasset" 305
"../../../../../AstroSourceGames/F.L.I.G.H.T/FLIGHT/Content/In_Map_Objects/CapitalShip/SpaceShipComponents/b0b0b0.uasset" 306
"../../../../../AstroSourceGames/F.L.I.G.H.T/FLIGHT/Content/In_Map_Objects/CapitalShip/SpaceShipComponents/spaceship_CargoContainer.uasset" 307
"../../../../../AstroSourceGames/F.L.I.G.H.T/FLIGHT/Content/In_Map_Objects/CapitalShip/SpaceShipComponents/spaceship_CargoMount.uasset" 308
"../../../../../AstroSourceGames/F.L.I.G.H.T/FLIGHT/Content/In_Map_Objects/CapitalShip/SpaceShipComponents/spaceship_Cyl0.uasset" 309
"../../../../../AstroSourceGames/F.L.I.G.H.T/FLIGHT/Content/In_Map_Objects/CapitalShip/SpaceShipComponents/spaceship_Cyl1Panel.uasset" 310
"../../../../../AstroSourceGames/F.L.I.G.H.T/FLIGHT/Content/In_Map_Objects/CapitalShip/SpaceShipComponents/spaceship_Cyl2.uasset" 311
"../../../../../AstroSourceGames/F.L.I.G.H.T/FLIGHT/Content/In_Map_Objects/CapitalShip/SpaceShipComponents/spaceship_Cyl3.uasset" 312
"../../../../../AstroSourceGames/F.L.I.G.H.T/FLIGHT/Content/In_Map_Objects/CapitalShip/SpaceShipComponents/spaceship_Cyl4.uasset" 313
"../../../../../AstroSourceGames/F.L.I.G.H.T/FLIGHT/Content/In_Map_Objects/AutomotiveMaterials/Materials/Metal/MI_Metal_Anodized_Dirt_02_Medium.uasset" 314
"../../../../../AstroSourceGames/F.L.I.G.H.T/FLIGHT/Content/In_Map_Objects/CapitalShip/SpaceShipComponents/spaceship_Cyl5.uasset" 315
"../../../../../AstroSourceGames/F.L.I.G.H.T/FLIGHT/Content/In_Map_Objects/CapitalShip/SpaceShipComponents/spaceship_Cyl_-10_.uasset" 316
"../../../../../AstroSourceGames/F.L.I.G.H.T/FLIGHT/Content/In_Map_Objects/CapitalShip/SpaceShipComponents/spaceship_Cyl_-11_Instrument1.uasset" 317
"../../../../../AstroSourceGames/F.L.I.G.H.T/FLIGHT/Content/In_Map_Objects/CapitalShip/SpaceShipComponents/spaceship_Cyl_-12_.uasset" 318
"../../../../../AstroSourceGames/F.L.I.G.H.T/FLIGHT/Content/In_Map_Objects/CapitalShip/SpaceShipComponents/spaceship_Cyl_-13__MainBooster.uasset" 319
"../../../../../AstroSourceGames/F.L.I.G.H.T/FLIGHT/Content/In_Map_Objects/CapitalShip/SpaceShipComponents/spaceship_Cyl_-2_.uasset" 320
"../../../../../AstroSourceGames/F.L.I.G.H.T/FLIGHT/Content/In_Map_Objects/CapitalShip/SpaceShipComponents/spaceship_Cyl_-3_Dock.uasset" 321
"../../../../../AstroSourceGames/F.L.I.G.H.T/FLIGHT/Content/In_Map_Objects/CapitalShip/SpaceShipComponents/spaceship_Cyl_-4_.uasset" 322
"../../../../../AstroSourceGames/F.L.I.G.H.T/FLIGHT/Content/In_Map_Objects/CapitalShip/SpaceShipComponents/spaceship_Cyl_-5_Panel.uasset" 323
"../../../../../AstroSourceGames/F.L.I.G.H.T/FLIGHT/Content/In_Map_Objects/CapitalShip/SpaceShipComponents/spaceship_Cyl_-6_.uasset" 324
"../../../../../AstroSourceGames/F.L.I.G.H.T/FLIGHT/Content/In_Map_Objects/CapitalShip/SpaceShipComponents/spaceship_Cyl_-7_.uasset" 325
"../../../../../AstroSourceGames/F.L.I.G.H.T/FLIGHT/Content/In_Map_Objects/CapitalShip/SpaceShipComponents/spaceship_Cyl_-8_.uasset" 326
"../../../../../AstroSourceGames/F.L.I.G.H.T/FLIGHT/Content/In_Map_Objects/CapitalShip/SpaceShipComponents/spaceship_Cyl_-9_Cargo.uasset" 327
"../../../../../AstroSourceGames/F.L.I.G.H.T/FLIGHT/Content/In_Map_Objects/CapitalShip/SpaceShipComponents/spaceship_DockAux.uasset" 328
"../../../../../AstroSourceGames/F.L.I.G.H.T/FLIGHT/Content/In_Map_Objects/CapitalShip/SpaceShipComponents/spaceship_DockConnector.uasset" 329
"../../../../../AstroSourceGames/F.L.I.G.H.T/FLIGHT/Content/In_Map_Objects/CapitalShip/SpaceShipComponents/spaceship_DockPort1.uasset" 330
"../../../../../AstroSourceGames/F.L.I.G.H.T/FLIGHT/Content/In_Map_Objects/CapitalShip/SpaceShipComponents/spaceship_DockPort2.uasset" 331
"../../../../../AstroSourceGames/F.L.I.G.H.T/FLIGHT/Content/In_Map_Objects/CapitalShip/SpaceShipComponents/spaceship_DockSpike.uasset" 332
"../../../../../AstroSourceGames/F.L.I.G.H.T/FLIGHT/Content/In_Map_Objects/CapitalShip/SpaceShipComponents/spaceship_GravityRing.uasset" 333
"../../../../../AstroSourceGames/F.L.I.G.H.T/FLIGHT/Content/In_Map_Objects/CapitalShip/SpaceShipComponents/Standard1.uasset" 334
"../../../../../AstroSourceGames/F.L.I.G.H.T/FLIGHT/Content/In_Map_Objects/CapitalShip/SpaceShipComponents/spaceship_InstPanel1.uasset" 335
"../../../../../AstroSourceGames/F.L.I.G.H.T/FLIGHT/Content/In_Map_Objects/CapitalShip/SpaceShipComponents/spaceship_InstPanel2.uasset" 336
"../../../../../AstroSourceGames/F.L.I.G.H.T/FLIGHT/Content/In_Map_Objects/CapitalShip/SpaceShipComponents/spaceship_InstPanelConnector1.uasset" 337
"../../../../../AstroSourceGames/F.L.I.G.H.T/FLIGHT/Content/In_Map_Objects/CapitalShip/SpaceShipComponents/spaceship_InstPanelConnector2.uasset" 338
"../../../../../AstroSourceGames/F.L.I.G.H.T/FLIGHT/Content/In_Map_Objects/CapitalShip/SpaceShipComponents/spaceship_PanelConnector1.uasset" 339
"../../../../../AstroSourceGames/F.L.I.G.H.T/FLIGHT/Content/In_Map_Objects/CapitalShip/SpaceShipComponents/spaceship_PanelConnector2.uasset" 340
"../../../../../AstroSourceGames/F.L.I.G.H.T/FLIGHT/Content/In_Map_Objects/CapitalShip/SpaceShipComponents/spaceship_PanelConnector3.uasset" 341
"../../../../../AstroSourceGames/F.L.I.G.H.T/FLIGHT/Content/In_Map_Objects/CapitalShip/SpaceShipComponents/spaceship_PanelSpike.uasset" 342
"../../../../../AstroSourceGames/F.L.I.G.H.T/FLIGHT/Content/In_Map_Objects/CapitalShip/SpaceShipComponents/spaceship_PanelSpike2.uasset" 343
"../../../../../AstroSourceGames/F.L.I.G.H.T/FLIGHT/Content/In_Map_Objects/CapitalShip/SpaceShipComponents/spaceship_PanelSpike3.uasset" 344
"../../../../../AstroSourceGames/F.L.I.G.H.T/FLIGHT/Content/In_Map_Objects/CapitalShip/SpaceShipComponents/spaceship_RotatorArm1.uasset" 345
"../../../../../AstroSourceGames/F.L.I.G.H.T/FLIGHT/Content/In_Map_Objects/CapitalShip/SpaceShipComponents/spaceship_RotatorArm2.uasset" 346
"../../../../../AstroSourceGames/F.L.I.G.H.T/FLIGHT/Content/In_Map_Objects/CapitalShip/SpaceShipComponents/spaceship_RotatorCentral_-1_.uasset" 347
"../../../../../AstroSourceGames/F.L.I.G.H.T/FLIGHT/Content/In_Map_Objects/CapitalShip/SpaceShipComponents/Standard.uasset" 348
"../../../../../AstroSourceGames/F.L.I.G.H.T/FLIGHT/Content/In_Map_Objects/CapitalShip/SpaceShipComponents/spaceship_SolarPanel.uasset" 349
"../../../../../AstroSourceGames/F.L.I.G.H.T/FLIGHT/Content/In_Map_Objects/CapitalShip/SpaceShipComponents/spaceship_SolarPanel2.uasset" 350
"../../../../../AstroSourceGames/F.L.I.G.H.T/FLIGHT/Content/In_Map_Objects/CapitalShip/SpaceShipComponents/spaceship_SolarPanel3.uasset" 351
"../../../../../AstroSourceGames/F.L.I.G.H.T/FLIGHT/Content/In_Map_Objects/CapitalShip/The_Iris_MK1.uasset" 352
"../../../../../AstroSourceGames/F.L.I.G.H.T/FLIGHT/Content/Maps/CloseCallShake.uasset" 353
"../../../../../AstroSourceGames/F.L.I.G.H.T/FLIGHT/Content/Maps/MoonLevelSequence.uasset" 354
"../../../../../AstroSourceGames/F.L.I.G.H.T/FLIGHT/Content/Lander/Textures/the_anansi.uasset" 355
"../../../../../AstroSourceGames/F.L.I.G.H.T/FLIGHT/Content/Lander/Sprites/anansi_1.uasset" 356
"../../../../../AstroSourceGames/F.L.I.G.H.T/FLIGHT/Content/Lander/Textures/2-the_anansi.uasset" 357
"../../../../../AstroSourceGames/F.L.I.G.H.T/FLIGHT/Content/Lander/Sprites/anansi_2.uasset" 358
"../../../../../AstroSourceGames/F.L.I.G.H.T/FLIGHT/Content/Lander/Textures/3-the_anansi.uasset" 359
"../../../../../AstroSourceGames/F.L.I.G.H.T/FLIGHT/Content/Lander/Sprites/anansi_3.uasset" 360
"../../../../../AstroSourceGames/F.L.I.G.H.T/FLIGHT/Content/Lander/Textures/4-the_anansi.uasset" 361
"../../../../../AstroSourceGames/F.L.I.G.H.T/FLIGHT/Content/Lander/Sprites/anansi_4.uasset" 362
"../../../../../AstroSourceGames/F.L.I.G.H.T/FLIGHT/Content/Lander/Textures/the_danu.uasset" 363
"../../../../../AstroSourceGames/F.L.I.G.H.T/FLIGHT/Content/Lander/Sprites/danu-1.uasset" 364
"../../../../../AstroSourceGames/F.L.I.G.H.T/FLIGHT/Content/Lander/Textures/2-the_danu.uasset" 365
"../../../../../AstroSourceGames/F.L.I.G.H.T/FLIGHT/Content/Lander/Sprites/danu-2.uasset" 366
"../../../../../AstroSourceGames/F.L.I.G.H.T/FLIGHT/Content/Lander/Textures/3-the_danu.uasset" 367
"../../../../../AstroSourceGames/F.L.I.G.H.T/FLIGHT/Content/Lander/Sprites/danu-3.uasset" 368
"../../../../../AstroSourceGames/F.L.I.G.H.T/FLIGHT/Content/Lander/Textures/4-the_danu.uasset" 369
"../../../../../AstroSourceGames/F.L.I.G.H.T/FLIGHT/Content/Lander/Sprites/danu-4.uasset" 370
"../../../../../AstroSourceGames/F.L.I.G.H.T/FLIGHT/Content/Lander/Textures/the_horus.uasset" 371
"../../../../../AstroSourceGames/F.L.I.G.H.T/FLIGHT/Content/Lander/Sprites/horus_1.uasset" 372
"../../../../../AstroSourceGames/F.L.I.G.H.T/FLIGHT/Content/Lander/Textures/2-the_horus.uasset" 373
"../../../../../AstroSourceGames/F.L.I.G.H.T/FLIGHT/Content/Lander/Sprites/horus_2.uasset" 374
"../../../../../AstroSourceGames/F.L.I.G.H.T/FLIGHT/Content/Lander/Textures/3-the_horus.uasset" 375
"../../../../../AstroSourceGames/F.L.I.G.H.T/FLIGHT/Content/Lander/Sprites/horus_3.uasset" 376
"../../../../../AstroSourceGames/F.L.I.G.H.T/FLIGHT/Content/Lander/Textures/4-the_horus.uasset" 377
"../../../../../AstroSourceGames/F.L.I.G.H.T/FLIGHT/Content/Lander/Sprites/horus_4.uasset" 378
"../../../../../AstroSourceGames/F.L.I.G.H.T/FLIGHT/Content/Lander/Sprites/legacy_3.uasset" 379
"../../../../../AstroSourceGames/F.L.I.G.H.T/FLIGHT/Content/Lander/Sprites/legacy_4.uasset" 380
"../../../../../AstroSourceGames/F.L.I.G.H.T/FLIGHT/Content/Lander/Textures/the_triton.uasset" 381
"../../../../../AstroSourceGames/F.L.I.G.H.T/FLIGHT/Content/Lander/Sprites/triton_1.uasset" 382
"../../../../../AstroSourceGames/F.L.I.G.H.T/FLIGHT/Content/Lander/Textures/2-the_triton.uasset" 383
"../../../../../AstroSourceGames/F.L.I.G.H.T/FLIGHT/Content/Lander/Sprites/triton_2.uasset" 384
"../../../../../AstroSourceGames/F.L.I.G.H.T/FLIGHT/Content/Lander/Textures/3-the_triton.uasset" 385
"../../../../../AstroSourceGames/F.L.I.G.H.T/FLIGHT/Content/Lander/Sprites/triton_3.uasset" 386
"../../../../../AstroSourceGames/F.L.I.G.H.T/FLIGHT/Content/Lander/Textures/4-the_triton.uasset" 387
"../../../../../AstroSourceGames/F.L.I.G.H.T/FLIGHT/Content/Lander/Sprites/triton_4.uasset" 388
"../../../../../AstroSourceGames/F.L.I.G.H.T/FLIGHT/Content/Blueprints/FLIGHT_GI.uasset" 389
"../../../../../AstroSourceGames/F.L.I.G.H.T/FLIGHT/Content/In_Map_Objects/Fallingparticle.uasset" 390
"../../../Engine/Content/Functions/Engine_MaterialFunctions01/Density/ExponentialDensity.uasset" 391
"../../../Engine/Content/Functions/Engine_MaterialFunctions01/Gradient/RadialGradientExponential.uasset" 392
"../../../../../AstroSourceGames/F.L.I.G.H.T/FLIGHT/Content/Materials/Beam.uasset" 393
"../../../../../AstroSourceGames/F.L.I.G.H.T/FLIGHT/Content/In_Map_Objects/Beam.uasset" 394
"../../../../../AstroSourceGames/F.L.I.G.H.T/FLIGHT/Content/In_Map_Objects/Lightning.uasset" 395
"../../../../../AstroSourceGames/F.L.I.G.H.T/FLIGHT/Content/In_Map_Objects/WeatherEvents.uasset" 396
"../../../../../AstroSourceGames/F.L.I.G.H.T/FLIGHT/Content/In_Map_Objects/Wind.uasset" 397
"../../../../../AstroSourceGames/F.L.I.G.H.T/FLIGHT/Content/In_Map_Objects/WeatherSystem.uasset" 398
"../../../../../AstroSourceGames/F.L.I.G.H.T/FLIGHT/Content/PowerupPhase/PowerUpSpawner.uasset" 399
"../../../../../AstroSourceGames/F.L.I.G.H.T/FLIGHT/Content/MegaGameMusicCollection/EpicTrack_TheLastStand/Cues/Epic_Cue.uasset" 400
"../../../../../AstroSourceGames/F.L.I.G.H.T/FLIGHT/Content/Blueprints/Default_GM.uasset" 401
"../../../../../AstroSourceGames/F.L.I.G.H.T/FLIGHT/Content/Default_GM.uasset" 402
"../../../../../AstroSourceGames/F.L.I.G.H.T/FLIGHT/Content/MegaGameMusicCollection/EpicTrack_TheLastStand/Wavs/Epic.uasset" 403
"../../../../../AstroSourceGames/F.L.I.G.H.T/FLIGHT/Content/Widgets/UIArt/arrow.uasset" 404
"../../../../../AstroSourceGames/F.L.I.G.H.T/FLIGHT/Content/Widgets/arrow.uasset" 405
"../../../../../AstroSourceGames/F.L.I.G.H.T/FLIGHT/Content/Widgets/arrow2.uasset" 406
"../../../../../AstroSourceGames/F.L.I.G.H.T/FLIGHT/Content/Widgets/UIArt/arrow3.uasset" 407
"../../../../../AstroSourceGames/F.L.I.G.H.T/FLIGHT/Content/Widgets/arrow3.uasset" 408
"../../../../../AstroSourceGames/F.L.I.G.H.T/FLIGHT/Content/Widgets/arrow4.uasset" 409
"../../../../../AstroSourceGames/F.L.I.G.H.T/FLIGHT/Content/Widgets/BlackScreen.uasset" 410
"../../../../../AstroSourceGames/F.L.I.G.H.T/FLIGHT/Content/Widgets/buttonoutline.uasset" 411
"../../../../../AstroSourceGames/F.L.I.G.H.T/FLIGHT/Content/Widgets/UIArt/buttonoutline2.uasset" 412
"../../../../../AstroSourceGames/F.L.I.G.H.T/FLIGHT/Content/Widgets/buttonoutline2.uasset" 413
"../../../../../AstroSourceGames/F.L.I.G.H.T/FLIGHT/Content/Widgets/UIArt/buttonoutline_chroma.uasset" 414
"../../../../../AstroSourceGames/F.L.I.G.H.T/FLIGHT/Content/Widgets/buttonoutline_chroma.uasset" 415
"../../../Engine/Content/Functions/Engine_MaterialFunctions01/ImageAdjustment/Luminosity_And_Color.uasset" 416
"../../../../../AstroSourceGames/F.L.I.G.H.T/FLIGHT/Content/Widgets/UIArt/ButtonOutline_Mat.uasset" 417
"../../../../../AstroSourceGames/F.L.I.G.H.T/FLIGHT/Content/Widgets/ButtonOutline_Mat.uasset" 418
"../../../../../AstroSourceGames/F.L.I.G.H.T/FLIGHT/Content/Widgets/GameSetupScreen_New.uasset" 419
"../../../../../AstroSourceGames/F.L.I.G.H.T/FLIGHT/Content/Widgets/lightshaft1.uasset" 420
"../../../../../AstroSourceGames/F.L.I.G.H.T/FLIGHT/Content/Widgets/lightshaft2_medium.uasset" 421
"../../../../../AstroSourceGames/F.L.I.G.H.T/FLIGHT/Content/Widgets/lightshaft3_short.uasset" 422
"../../../../../AstroSourceGames/F.L.I.G.H.T/FLIGHT/Content/Widgets/moon_minimal3.uasset" 423
"../../../../../AstroSourceGames/F.L.I.G.H.T/FLIGHT/Content/Widgets/UIArt/controllerdesign.uasset" 424
"../../../../../AstroSourceGames/F.L.I.G.H.T/FLIGHT/Content/Widgets/UIArt/controllerdesign_top.uasset" 425
"../../../../../AstroSourceGames/F.L.I.G.H.T/FLIGHT/Content/Widgets/OptionsMenu.uasset" 426
"../../../../../AstroSourceGames/F.L.I.G.H.T/FLIGHT/Content/Widgets/Options_PauseMenu.uasset" 427
"../../../../../AstroSourceGames/F.L.I.G.H.T/FLIGHT/Content/Lander/Sprites/thruster_large_3.uasset" 428
"../../../../../AstroSourceGames/F.L.I.G.H.T/FLIGHT/Content/Retro_8Bit_Sounds/Music/Wavs/music_bytes_the_retro_adventure.uasset" 429
"../../../../../AstroSourceGames/F.L.I.G.H.T/FLIGHT/Content/Widgets/UIArt/exhaust1.uasset" 430
"../../../../../AstroSourceGames/F.L.I.G.H.T/FLIGHT/Content/Widgets/UIArt/exhaust2.uasset" 431
"../../../../../AstroSourceGames/F.L.I.G.H.T/FLIGHT/Content/Widgets/UIArt/exhaust3.uasset" 432
"../../../../../AstroSourceGames/F.L.I.G.H.T/FLIGHT/Content/Widgets/UIArt/UE4_Logo_UI.uasset" 433
"../../../../../AstroSourceGames/F.L.I.G.H.T/FLIGHT/Content/Widgets/StartScreen_2.uasset" 434
"../../../../../AstroSourceGames/F.L.I.G.H.T/FLIGHT/Content/Widgets/StartScreen_New.uasset" 435
"../../../../../AstroSourceGames/F.L.I.G.H.T/FLIGHT/Content/Widgets/UIArt/arrow_Mat.uasset" 436
"../../../../../AstroSourceGames/F.L.I.G.H.T/FLIGHT/Content/Widgets/arrow_Mat.uasset" 437
"../../../../../AstroSourceGames/F.L.I.G.H.T/FLIGHT/Content/Widgets/W_BasicArrowLeft.uasset" 438
"../../../../../AstroSourceGames/F.L.I.G.H.T/FLIGHT/Content/Widgets/Cameras/MenuCamera.uasset" 439
"../../../../../AstroSourceGames/F.L.I.G.H.T/FLIGHT/Content/Widgets/Music/MegaGameMusicCollection/SpaceAdventureMusicPack/Wavs/Stars_Ttalk.uasset" 440
"../../../../../AstroSourceGames/F.L.I.G.H.T/FLIGHT/Content/Widgets/UIArt/clipboard.uasset" 441
"../../../../../AstroSourceGames/F.L.I.G.H.T/FLIGHT/Content/Widgets/UIArt/FuelGauge.uasset" 442
"../../../../../AstroSourceGames/F.L.I.G.H.T/FLIGHT/Content/Widgets/UIArt/Fuel_Alert.uasset" 443
"../../../../../AstroSourceGames/F.L.I.G.H.T/FLIGHT/Content/Widgets/UIArt/IMG_4179.uasset" 444
"../../../../../AstroSourceGames/F.L.I.G.H.T/FLIGHT/Content/Widgets/UIArt/ThrustBar.uasset" 445
"../../../../../AstroSourceGames/F.L.I.G.H.T/FLIGHT/Content/Widgets/UIArt/XboxOne_A.uasset" 446
"../../../../../AstroSourceGames/F.L.I.G.H.T/FLIGHT/Content/Widgets/UIArt/XboxOne_B.uasset" 447
"../../../../../AstroSourceGames/F.L.I.G.H.T/FLIGHT/Content/Widgets/UIArt/ButtonPrompts/XboxOne_Dpad.uasset" 448
"../../../../../AstroSourceGames/F.L.I.G.H.T/FLIGHT/Content/Widgets/UIArt/XboxOne_Dpad.uasset" 449
"../../../../../AstroSourceGames/F.L.I.G.H.T/FLIGHT/Content/Widgets/UIArt/ButtonPrompts/XboxOne_Dpad_Down.uasset" 450
"../../../../../AstroSourceGames/F.L.I.G.H.T/FLIGHT/Content/Widgets/UIArt/XboxOne_Dpad_Down.uasset" 451
"../../../../../AstroSourceGames/F.L.I.G.H.T/FLIGHT/Content/Widgets/UIArt/ButtonPrompts/XboxOne_Dpad_Left.uasset" 452
"../../../../../AstroSourceGames/F.L.I.G.H.T/FLIGHT/Content/Widgets/UIArt/XboxOne_Dpad_Left.uasset" 453
"../../../../../AstroSourceGames/F.L.I.G.H.T/FLIGHT/Content/Widgets/UIArt/ButtonPrompts/XboxOne_Dpad_Right.uasset" 454
"../../../../../AstroSourceGames/F.L.I.G.H.T/FLIGHT/Content/Widgets/UIArt/XboxOne_Dpad_Right.uasset" 455
"../../../../../AstroSourceGames/F.L.I.G.H.T/FLIGHT/Content/Widgets/UIArt/ButtonPrompts/XboxOne_Dpad_Up.uasset" 456
"../../../../../AstroSourceGames/F.L.I.G.H.T/FLIGHT/Content/Widgets/UIArt/XboxOne_Dpad_Up.uasset" 457
"../../../../../AstroSourceGames/F.L.I.G.H.T/FLIGHT/Content/Widgets/UIArt/XboxOne_LB.uasset" 458
"../../../../../AstroSourceGames/F.L.I.G.H.T/FLIGHT/Content/Widgets/UIArt/XboxOne_Left_Stick.uasset" 459
"../../../../../AstroSourceGames/F.L.I.G.H.T/FLIGHT/Content/Widgets/UIArt/XboxOne_LT.uasset" 460
"../../../../../AstroSourceGames/F.L.I.G.H.T/FLIGHT/Content/Widgets/UIArt/ButtonPrompts/XboxOne_Menu.uasset" 461
"../../../../../AstroSourceGames/F.L.I.G.H.T/FLIGHT/Content/Widgets/UIArt/XboxOne_Menu.uasset" 462
"../../../../../AstroSourceGames/F.L.I.G.H.T/FLIGHT/Content/Widgets/UIArt/XboxOne_RB.uasset" 463
"../../../../../AstroSourceGames/F.L.I.G.H.T/FLIGHT/Content/Widgets/UIArt/ButtonPrompts/XboxOne_Right_Stick.uasset" 464
"../../../../../AstroSourceGames/F.L.I.G.H.T/FLIGHT/Content/Widgets/UIArt/XboxOne_Right_Stick.uasset" 465
"../../../../../AstroSourceGames/F.L.I.G.H.T/FLIGHT/Content/Widgets/UIArt/XboxOne_RT.uasset" 466
"../../../../../AstroSourceGames/F.L.I.G.H.T/FLIGHT/Content/Widgets/UIArt/ButtonPrompts/XboxOne_Windows.uasset" 467
"../../../../../AstroSourceGames/F.L.I.G.H.T/FLIGHT/Content/Widgets/UIArt/XboxOne_Windows.uasset" 468
"../../../../../AstroSourceGames/F.L.I.G.H.T/FLIGHT/Content/Widgets/UIArt/XboxOne_X.uasset" 469
"../../../../../AstroSourceGames/F.L.I.G.H.T/FLIGHT/Content/Widgets/UIArt/XboxOne_Y.uasset" 470
"../../../../../AstroSourceGames/F.L.I.G.H.T/FLIGHT/Content/Widgets/UIArt/X_Button.uasset" 471
"../../../../../AstroSourceGames/F.L.I.G.H.T/FLIGHT/Content/Widgets/UIArt/Y_Button.uasset" 472
"../../../../../AstroSourceGames/F.L.I.G.H.T/FLIGHT/Content/Widgets/UIArt/ButtonPrompts/Keyboard_Black_Backspace.uasset" 473
"../../../../../AstroSourceGames/F.L.I.G.H.T/FLIGHT/Content/Widgets/UIArt/ButtonPrompts/Keyboard_Black_S.uasset" 474
"../../../../../AstroSourceGames/F.L.I.G.H.T/FLIGHT/Content/Widgets/UIArt/ButtonPrompts/Keyboard_Black_Z.uasset" 475
"../../../Engine/Content/Animation/DefaultAnimCurveCompressionSettings.uasset" 476
"../../../Engine/Content/ArtTools/RenderToTexture/Meshes/S_1_Unit_Plane.uasset" 477
"../../../Engine/Content/BasicShapes/Cone.uasset" 478
"../../../Engine/Content/BasicShapes/Cylinder.uasset" 479
"../../../Engine/Content/EditorLandscapeResources/DataLayer.uasset" 480
"../../../Engine/Content/EditorMaterials/GizmoMaterial.uasset" 481
"../../../Engine/Content/EditorMaterials/MAT_Groups_Toggle.uasset" 482
"../../../Engine/Content/EditorMaterials/MAT_Groups_Visibility.uasset" 483
"../../../Engine/Content/EditorMaterials/PreviewShadowIndicator.uasset" 484
"../../../Engine/Content/EditorMaterials/PreviewShadowIndicatorMaterial.uasset" 485
"../../../Engine/Content/EditorMaterials/MatineeGroups/MAT_ColorTrack.uasset" 486
"../../../Engine/Content/EditorMaterials/MatineeGroups/MAT_Groups_Anim.uasset" 487
"../../../Engine/Content/EditorMaterials/MatineeGroups/MAT_Groups_AudioMaster.uasset" 488
"../../../Engine/Content/EditorMaterials/MatineeGroups/MAT_Groups_Director.uasset" 489
"../../../Engine/Content/EditorMaterials/MatineeGroups/MAT_Groups_Event.uasset" 490
"../../../Engine/Content/EditorMaterials/MatineeGroups/MAT_Groups_Fade.uasset" 491
"../../../Engine/Content/EditorMaterials/MatineeGroups/MAT_Groups_Float.uasset" 492
"../../../Engine/Content/EditorMaterials/MatineeGroups/MAT_Groups_Move.uasset" 493
"../../../Engine/Content/EditorMaterials/MatineeGroups/MAT_Groups_Slomo.uasset" 494
"../../../Engine/Content/EditorMaterials/MatineeGroups/MAT_Groups_Sound.uasset" 495
"../../../Engine/Content/EditorMaterials/MatineeGroups/MAT_Groups_Vector.uasset" 496
"../../../Engine/Content/EditorMaterials/ParticleSystems/PSysThumbnail_NoImage.uasset" 497
"../../../Engine/Content/EditorMaterials/ParticleSystems/PSysThumbnail_OOD.uasset" 498
"../../../Engine/Content/EditorMaterials/Camera/CineMat.uasset" 499
"../../../Engine/Content/EditorMaterials/Camera/MI_CineMat_Rig.uasset" 500
"../../../Engine/Content/EditorMeshes/Camera/SM_CraneRig_Arm.uasset" 501
"../../../Engine/Content/EditorMeshes/Camera/SM_CraneRig_Base.uasset" 502
"../../../Engine/Content/EditorMeshes/Camera/SM_CraneRig_Body.uasset" 503
"../../../Engine/Content/EditorMeshes/Camera/SM_CraneRig_Mount.uasset" 504
"../../../Engine/Content/EditorMeshes/Camera/SM_RailRig_Mount.uasset" 505
"../../../Engine/Content/EditorMeshes/Camera/SM_RailRig_Track.uasset" 506
"../../../Engine/Content/EditorResources/BSPVertex.uasset" 507
"../../../Engine/Content/EditorResources/EmptyActor.uasset" 508
"../../../Engine/Content/EditorResources/S_Actor.uasset" 509
"../../../Engine/Content/EditorResources/S_Note.uasset" 510
"../../../Engine/Content/EditorResources/S_Trigger.uasset" 511
"../../../Engine/Content/EditorResources/LightIcons/S_LightError.uasset" 512
"../../../Engine/Content/EditorResources/SequenceRecorder/Countdown.uasset" 513
"../../../Engine/Content/EditorResources/SequenceRecorder/RecordingIndicator.uasset" 514
"../../../Engine/Content/EditorSounds/Notifications/CompileFailed.uasset" 515
"../../../Engine/Content/EditorSounds/Notifications/CompileFailed_Cue.uasset" 516
"../../../Engine/Content/EditorSounds/Notifications/CompileSuccess.uasset" 517
"../../../Engine/Content/EditorSounds/Notifications/CompileStart_Cue.uasset" 518
"../../../Engine/Content/EditorSounds/Notifications/CompileSuccess_Cue.uasset" 519
"../../../Engine/Content/EngineDamageTypes/DmgTypeBP_Environmental.uasset" 520
"../../../Engine/Content/EngineDebugMaterials/HeatmapGradient.uasset" 521
"../../../Engine/Content/EngineDebugMaterials/BoneWeightMaterial.uasset" 522
"../../../Engine/Content/EngineDebugMaterials/ClothMaterial.uasset" 523
"../../../Engine/Content/EngineDebugMaterials/ClothMaterial_WF.uasset" 524
"../../../Engine/Content/EngineDebugMaterials/DebugEditorMaterial.uasset" 525
"../../../Engine/Content/EngineDebugMaterials/DebugMeshMaterial.uasset" 526
"../../../Engine/Content/EngineDebugMaterials/GeomMaterial.uasset" 527
"../../../Engine/Content/EngineDebugMaterials/M_SimpleTranslucent.uasset" 528
"../../../Engine/Content/EngineFonts/Faces/RobotoBold.uasset" 529
"../../../Engine/Content/EngineFonts/Faces/RobotoBoldItalic.uasset" 530
"../../../Engine/Content/EngineFonts/Faces/RobotoItalic.uasset" 531
"../../../Engine/Content/EngineFonts/Faces/RobotoLight.uasset" 532
"../../../Engine/Content/EngineFonts/Faces/RobotoRegular.uasset" 533
"../../../Engine/Content/EngineFonts/Roboto.uasset" 534
"../../../Engine/Content/EngineFonts/Faces/RobotoTiny.uasset" 535
"../../../Engine/Content/EngineFonts/RobotoTiny.uasset" 536
"../../../Engine/Content/EngineMaterials/BaseFlattenDiffuseMap.uasset" 537
"../../../Engine/Content/EngineMaterials/BaseFlattenEmissiveMap.uasset" 538
"../../../Engine/Content/EngineMaterials/BaseFlattenGrayscaleMap.uasset" 539
"../../../Engine/Content/EngineMaterials/BaseFlattenNormalMap.uasset" 540
"../../../Engine/Content/EngineMaterials/BaseFlattenMaterial.uasset" 541
"../../../Engine/Content/EngineMaterials/DefaultBloomKernel.uasset" 542
"../../../Engine/Content/EngineMaterials/DefaultBokeh.uasset" 543
"../../../Engine/Content/EngineMaterials/DefaultDeferredDecalMaterial.uasset" 544
"../../../Engine/Content/EngineMaterials/DefaultLightFunctionMaterial.uasset" 545
"../../../Engine/Content/EngineMaterials/DefaultPostProcessMaterial.uasset" 546
"../../../Engine/Content/EngineFonts/RobotoDistanceField.uasset" 547
"../../../Engine/Content/EngineMaterials/DefaultTextMaterialOpaque.uasset" 548
"../../../Engine/Content/EngineMaterials/DefaultWhiteGrid.uasset" 549
"../../../Engine/Content/EngineMaterials/EditorBrushMaterial.uasset" 550
"../../../Engine/Content/EngineMaterials/Good64x64TilingNoiseHighFreq.uasset" 551
"../../../Engine/Content/EngineMaterials/MiniFont.uasset" 552
"../../../Engine/Content/EngineMaterials/InvalidLightmapSettings.uasset" 553
"../../../Engine/Content/EngineMaterials/M_InvalidLightmapSettings.uasset" 554
"../../../Engine/Content/Functions/Engine_MaterialFunctions02/WorldPositionOffset/CameraOffset.uasset" 555
"../../../Engine/Content/EngineMaterials/PhAT_JointLimitMaterial.uasset" 556
"../../../Engine/Content/EngineMaterials/PreintegratedSkinBRDF.uasset" 557
"../../../Engine/Content/EngineMaterials/RemoveSurfaceMaterial.uasset" 558
"../../../Engine/Content/EngineMaterials/WeightMapPlaceholderTexture.uasset" 559
"../../../Engine/Content/EngineResources/WhiteSquareTexture.uasset" 560
"../../../Engine/Content/EngineMaterials/Widget3DPassThrough.uasset" 561
"../../../Engine/Content/EngineMaterials/Widget3DPassThrough_Masked.uasset" 562
"../../../Engine/Content/EngineMaterials/Widget3DPassThrough_Opaque.uasset" 563
"../../../Engine/Content/EngineMaterials/Widget3DPassThrough_Masked_OneSided.uasset" 564
"../../../Engine/Content/EngineMaterials/Widget3DPassThrough_Opaque_OneSided.uasset" 565
"../../../Engine/Content/EngineMaterials/Widget3DPassThrough_Translucent.uasset" 566
"../../../Engine/Content/EngineMaterials/Widget3DPassThrough_Translucent_OneSided.uasset" 567
"../../../Engine/Content/EngineMeshes/Cylinder.uasset" 568
"../../../Engine/Content/EngineMeshes/Sphere.uasset" 569
"../../../Engine/Content/EngineResources/Black.uasset" 570
"../../../Engine/Content/EngineResources/DefaultTexture.uasset" 571
"../../../Engine/Content/EngineResources/DefaultTextureCube.uasset" 572
"../../../Engine/Content/EngineResources/DefaultVolumeTexture2D.uasset" 573
"../../../Engine/Content/EngineResources/DefaultVolumeTexture.uasset" 574
"../../../Engine/Content/EngineResources/GradientTexture0.uasset" 575
"../../../Engine/Content/Functions/Engine_MaterialFunctions01/Shading/ConvertFromDiffSpec.uasset" 576
"../../../Engine/Content/Functions/Engine_MaterialFunctions01/Shading/PowerToRoughness.uasset" 577
"../../../Engine/Content/Maps/Templates/Thumbnails/Default.uasset" 578
"../../../Engine/Content/Maps/Templates/Thumbnails/VR-Basic.uasset" 579
"../../../Engine/Content/MobileResources/T_MobileControls_texture.uasset" 580
"../../../Engine/Content/MobileResources/T_MobileMenu2.uasset" 581
"../../../Engine/Content/MobileResources/HUD/AnalogHat.uasset" 582
"../../../Engine/Content/MobileResources/HUD/VirtualJoystick_Background.uasset" 583
"../../../Engine/Content/MobileResources/HUD/VirtualJoystick_Thumb.uasset" 584
"../../../Engine/Content/MobileResources/HUD/DefaultVirtualJoysticks.uasset" 585
"../../../Engine/Content/MobileResources/HUD/LeftVirtualJoystickOnly.uasset" 586
"../../../Engine/Content/MobileResources/HUD/MobileHUDButton1_off.uasset" 587
"../../../Engine/Content/MobileResources/HUD/MobileHUDButton1_on.uasset" 588
"../../../Engine/Content/MobileResources/HUD/MobileHUDButton2_off.uasset" 589
"../../../Engine/Content/MobileResources/HUD/MobileHUDButton2_on.uasset" 590
"../../../Engine/Content/MobileResources/HUD/MobileHUDButton3.uasset" 591
"../../../Engine/Content/MobileResources/HUD/MobileHUDButtonFire.uasset" 592
"../../../Engine/Content/MobileResources/HUD/MobileHUDDirectionPad.uasset" 593
"../../../Engine/Content/MobileResources/HUD/MobileHUDDirectionPad2.uasset" 594
"../../../Engine/Content/MobileResources/HUD/MobileHUDDirectionPad3.uasset" 595
"../../../Engine/Content/MobileResources/HUD/MobileHUDDirectionStick.uasset" 596
"../../../Engine/Content/MobileResources/HUD/T_Castle_ThumbstickInner.uasset" 597
"../../../Engine/Content/MobileResources/HUD/T_Castle_ThumbstickOutter.uasset" 598
"../../../Engine/Content/Tutorial/ContentIntroCurve.uasset" 599
"../../../Engine/Content/Tutorial/Basics/LevelEditorAttract.uasset" 600
"../../../Engine/Content/Tutorial/Basics/TutorialAssets/icon_tab_Levels_40x.uasset" 601
"../../../Engine/Content/Tutorial/Basics/LevelEditorOverview.uasset" 602
"../../../Engine/Content/Tutorial/BlueprintTutorials/TutorialAssets/Blueprint_64x.uasset" 603
"../../../Engine/Content/Tutorial/BlueprintTutorials/BlueprintEditorTutorial.uasset" 604
"../../../Engine/Content/VREditor/LaserPointer/VR_LaserPower_01.uasset" 605
"../../../Engine/Content/VREditor/TransformGizmo/TransformGizmoMaterial.uasset" 606
"../../../Engine/Content/VREditor/TransformGizmo/TranslucentTransformGizmoMaterial.uasset" 607
"../../../Engine/Content/VREditor/TransformGizmo/BoundingBoxCorner.uasset" 608
"../../../Engine/Content/VREditor/TransformGizmo/BoundingBoxEdge.uasset" 609
"../../../Engine/Content/VREditor/TransformGizmo/PlaneTranslationHandle.uasset" 610
"../../../Engine/Content/VREditor/TransformGizmo/Main.uasset" 611
"../../../Engine/Content/VREditor/TransformGizmo/Xray.uasset" 612
"../../../Engine/Content/VREditor/TransformGizmo/SM_Sequencer_Key.uasset" 613
"../../../Engine/Content/VREditor/TransformGizmo/SM_Sequencer_Node.uasset" 614
"../../Plugins/2D/Paper2D/Content/DummySprite.uasset" 615
"../../Plugins/2D/Paper2D/Content/DefaultPaperTerrainMaterial.uasset" 616
"../../Plugins/2D/Paper2D/Content/MaskedUnlitSpriteMaterial.uasset" 617
"../../Plugins/2D/Paper2D/Content/OpaqueUnlitSpriteMaterial.uasset" 618
"../../Plugins/Runtime/Oculus/OculusVR/Content/OculusMR_RenderTarget.uasset" 619
"../../Plugins/Runtime/Oculus/OculusVR/Content/Materials/OculusMR_ChromaKey.uasset" 620
"../../Plugins/Runtime/Oculus/OculusVR/Content/Materials/OculusMR_ChromaKey_Lit.uasset" 621
"../../Plugins/Runtime/Oculus/OculusVR/Content/Materials/OculusMR_OpaqueColoredMaterial.uasset" 622
"../../Plugins/Runtime/Oculus/OculusVR/Content/Materials/OculusMR_WhiteMaterial.uasset" 623
"../../Plugins/Runtime/Oculus/OculusVR/Content/Materials/PokeAHoleMaterial.uasset" 624
"../../Plugins/Runtime/Oculus/OculusVR/Content/Textures/GearVRController_AO.uasset" 625
"../../Plugins/Runtime/Oculus/OculusVR/Content/Textures/GearVRController_Color.uasset" 626
"../../Plugins/Runtime/Oculus/OculusVR/Content/Textures/GearVRController_Normal.uasset" 627
"../../Plugins/Runtime/Oculus/OculusVR/Content/Materials/GearVRControllerMaterial.uasset" 628
"../../Plugins/Runtime/Oculus/OculusVR/Content/Meshes/GearVrController.uasset" 629
"../../Plugins/Runtime/Oculus/OculusVR/Content/Textures/touchController_albedo.uasset" 630
"../../Plugins/Runtime/Oculus/OculusVR/Content/Textures/touchController_controlmap.uasset" 631
"../../Plugins/Runtime/Oculus/OculusVR/Content/Materials/touchController_mat.uasset" 632
"../../Plugins/Runtime/Oculus/OculusVR/Content/Meshes/LeftTouchController.uasset" 633
"../../Plugins/Runtime/Oculus/OculusVR/Content/Meshes/RiftHMD.uasset" 634
"../../Plugins/Runtime/Oculus/OculusVR/Content/Meshes/RightTouchController.uasset" 635
"../../../../../AstroSourceGames/F.L.I.G.H.T/FLIGHT/Content/Materials/Earth/cities_8k.uasset" 636
"../../../../../AstroSourceGames/F.L.I.G.H.T/FLIGHT/Content/Materials/Earth/elev_bump_8k.uasset" 637
"../../../../../AstroSourceGames/F.L.I.G.H.T/FLIGHT/Content/Materials/Earth/fair_clouds_8k.uasset" 638
"../../../../../AstroSourceGames/F.L.I.G.H.T/FLIGHT/Content/Materials/Earth/night_8k.uasset" 639
"../../../../../AstroSourceGames/F.L.I.G.H.T/FLIGHT/Content/Materials/Earth/no_clouds_8k.uasset" 640
"../../../../../AstroSourceGames/F.L.I.G.H.T/FLIGHT/Content/Materials/Earth/water_8k.uasset" 641
"../../../../../AstroSourceGames/F.L.I.G.H.T/FLIGHT/Content/Materials/Earth/EarthV1.uasset" 642
"../../../Engine/Content/BasicShapes/Sphere.uasset" 643
"../../../../../AstroSourceGames/F.L.I.G.H.T/FLIGHT/Content/Materials/Earth/Earth.uasset" 644
"../../../../../AstroSourceGames/F.L.I.G.H.T/FLIGHT/Content/Maps/MainMenuLevelSequence.uasset" 645
"../../../../../AstroSourceGames/F.L.I.G.H.T/FLIGHT/Content/Maps/christmas2015fullmoon.uasset" 646
"../../../../../AstroSourceGames/F.L.I.G.H.T/FLIGHT/Content/Maps/christmas2015fullmoon_Mat.uasset" 647
"../../../../../AstroSourceGames/F.L.I.G.H.T/FLIGHT/Content/Materials/BlinkyBoy.uasset" 648
"../../../../../AstroSourceGames/F.L.I.G.H.T/FLIGHT/Content/Blueprints/LogoMaterials/NewMediaPlayer.uasset" 649
"../../../../../AstroSourceGames/F.L.I.G.H.T/FLIGHT/Content/Images/SS.uasset" 650
"../../../../../AstroSourceGames/F.L.I.G.H.T/FLIGHT/Content/Widgets/GameSetupScreen.uasset" 651
"../../../../../AstroSourceGames/F.L.I.G.H.T/FLIGHT/Content/Widgets/StartScreen.uasset" 652
"../../../../../AstroSourceGames/F.L.I.G.H.T/FLIGHT/Content/Maps/Menu.umap" 653
"../../../../../AstroSourceGames/F.L.I.G.H.T/FLIGHT/Content/Materials/MoonTextures/AmbientOcclusionMap.uasset" 654
"../../../../../AstroSourceGames/F.L.I.G.H.T/FLIGHT/Content/Materials/MoonTextures/moon_seamless.uasset" 655
"../../../../../AstroSourceGames/F.L.I.G.H.T/FLIGHT/Content/Materials/MoonTextures/NormalMap.uasset" 656
"../../../../../AstroSourceGames/F.L.I.G.H.T/FLIGHT/Content/Materials/MoonTextures/SpecularMap.uasset" 657
"../../../../../AstroSourceGames/F.L.I.G.H.T/FLIGHT/Content/Materials/MoonTextures/BackgroundMK2.uasset" 658
"../../../../../AstroSourceGames/F.L.I.G.H.T/FLIGHT/Content/Terrain/pixelmoon.uasset" 659
"../../../../../AstroSourceGames/F.L.I.G.H.T/FLIGHT/Content/Terrain/pixelmoon2.uasset" 660
"../../../../../AstroSourceGames/F.L.I.G.H.T/FLIGHT/Content/Terrain/BackDropMoon.uasset" 661
"../../../Engine/Content/EngineMaterials/DefaultPhysicalMaterial.uasset" 662
"../../../../../AstroSourceGames/F.L.I.G.H.T/FLIGHT/Content/Maps/Moon.umap" 663
"../../../Engine/Content/Maps/Entry_BuiltData.uasset" 664
"../../../Engine/Content/Maps/Entry.umap" 665
